#
# A fatal error has been detected by the Java Runtime Environment:
#
#  SIGSEGV (0xb) at pc=0x76287460, pid=1002, tid=1613468768
#
# JRE version: Java(TM) SE Runtime Environment (8.0_65-b17) (build 1.8.0_65-b17)
# Java VM: Java HotSpot(TM) Client VM (25.65-b01 mixed mode linux-arm )
# Problematic frame:
# C  0x76287460
#
# Failed to write core dump. Core dumps have been disabled. To enable core dumping, try "ulimit -c unlimited" before starting Java again
#
# If you would like to submit a bug report, please visit:
#   http://bugreport.java.com/bugreport/crash.jsp
#

---------------  T H R E A D  ---------------

Current thread is native thread

siginfo: si_signo: 11 (SIGSEGV), si_code: 2 (SEGV_ACCERR), si_addr: 0x76287460

Registers:
  r0  = 0x63842368
  r1  = 0x00000000
  r2  = 0x00000001
  r3  = 0x76287460
  r4  = 0x41000001
  r5  = 0x76f715bc
  r6  = 0x61ec0544
  r7  = 0x00000008
  r8  = 0x638423c8
  r9  = 0x61ec061c
  r10 = 0x63842368
  fp  = 0x602b8f9c
  r12 = 0x61ebe34c
  sp  = 0x602b8b28
  lr  = 0x61b38cac
  pc  = 0x76287460
  cpsr = 0x60000010

Top of Stack: (sp=0x602b8b28)
0x602b8b28:   00000008 00000000 6384255c 80000013
0x602b8b38:   6476fad8 638423c8 00000015 00000013
0x602b8b48:   602b8bcc 61ebc0ec 00000000 61b56f0c
0x602b8b58:   602b8bcc 00000000 00000000 00000000
0x602b8b68:   00000000 638423c8 602b8d18 00000000
0x602b8b78:   00000000 602b8d98 00000000 00000000
0x602b8b88:   00000000 00000000 00000000 638424f0
0x602b8b98:   00000014 00000000 00000000 00000000 

Instructions: (pc=0x76287460)
0x76287440:   00000000 00000000 00000000 00000000
0x76287450:   00000000 00000000 00000000 00000000
0x76287460:   612f6269 0000003d 6384f170 76286670
0x76287470:   00000003 00000001 00000000 00000000 

Register to memory mapping:

  r0  = 0x63842368

[error occurred during error reporting (printing register info), id 0xb]

Stack: [0x5faba000,0x602ba000],  sp=0x602b8b28,  free space=8186k
Native frames: (J=compiled Java code, j=interpreted, Vv=VM code, C=native code)
C  0x76287460

[error occurred during error reporting (printing native stack), id 0xb]


---------------  P R O C E S S  ---------------

VM state:at safepoint (shutting down)

VM Mutex/Monitor currently owned by a thread:  ([mutex/lock_event])
[0x76204a80] Threads_lock - owner thread: 0x7625d400

Heap:
 def new generation   total 4864K, used 1763K [0x65800000, 0x65d40000, 0x6a540000)
  eden space 4352K,  40% used [0x65800000, 0x659b8cd8, 0x65c40000)
  from space 512K,   0% used [0x65c40000, 0x65c40000, 0x65cc0000)
  to   space 512K,   0% used [0x65cc0000, 0x65cc0000, 0x65d40000)
 tenured generation   total 11008K, used 0K [0x6a540000, 0x6b000000, 0x74000000)
   the space 11008K,   0% used [0x6a540000, 0x6a540000, 0x6a540200, 0x6b000000)
 Metaspace       used 2244K, capacity 2464K, committed 2584K, reserved 4400K

Card table byte_map: [0x7403b000,0x740b0000] byte_map_base: 0x73d0f000

Polling page: 0x76fde000

CodeCache: size=32768Kb used=738Kb max_used=738Kb free=32029Kb
 bounds [0x74130000, 0x741f0000, 0x76130000]
 total_blobs=352 nmethods=37 adapters=248
 compilation: enabled

Compilation events (10 events):
Event: 0.476 Thread 0x7627f400   31   !         java.util.zip.Inflater::inflate (113 bytes)
Event: 0.477 Thread 0x7627f400 nmethod 31 0x741dab48 code [0x741dac70, 0x741db0c8]
Event: 0.479 Thread 0x7627f400   33             java.io.FilterInputStream::read (9 bytes)
Event: 0.479 Thread 0x7627f400 nmethod 33 0x741db588 code [0x741db670, 0x741db714]
Event: 0.479 Thread 0x7627f400   35             java.io.FileOutputStream::write (12 bytes)
Event: 0.480 Thread 0x7627f400 nmethod 35 0x741db788 code [0x741db870, 0x741db914]
Event: 0.480 Thread 0x7627f400   36             java.io.FilterInputStream::read (11 bytes)
Event: 0.480 Thread 0x7627f400 nmethod 36 0x741db988 code [0x741dba70, 0x741dbb14]
Event: 1.038 Thread 0x7627f400   37             java.util.Arrays::copyOfRange (63 bytes)
Event: 1.040 Thread 0x7627f400 nmethod 37 0x741e0488 code [0x741e05c0, 0x741e0930]

GC Heap History (0 events):
No events

Deoptimization events (0 events):
No events

Internal exceptions (7 events):
Event: 0.077 Thread 0x76207000 Exception <a 'java/lang/NoSuchMethodError': Method sun.misc.Unsafe.defineClass(Ljava/lang/String;[BII)Ljava/lang/Class; name or signature does not match> (0x65810498) thrown at [/HUDSON/workspace/8-2-build-glinux-arm-vfp-hflt/jdk8u65/4987/hotspot/src/shar
Event: 0.077 Thread 0x76207000 Exception <a 'java/lang/NoSuchMethodError': Method sun.misc.Unsafe.prefetchRead(Ljava/lang/Object;J)V name or signature does not match> (0x65810768) thrown at [/HUDSON/workspace/8-2-build-glinux-arm-vfp-hflt/jdk8u65/4987/hotspot/src/share/vm/prims/jni.cpp
Event: 0.320 Thread 0x76207000 Exception <a 'java/security/PrivilegedActionException'> (0x658bf9d8) thrown at [/HUDSON/workspace/8-2-build-glinux-arm-vfp-hflt/jdk8u65/4987/hotspot/src/share/vm/prims/jvm.cpp, line 1386]
Event: 0.320 Thread 0x76207000 Exception <a 'java/security/PrivilegedActionException'> (0x658bfbd8) thrown at [/HUDSON/workspace/8-2-build-glinux-arm-vfp-hflt/jdk8u65/4987/hotspot/src/share/vm/prims/jvm.cpp, line 1386]
Event: 0.321 Thread 0x76207000 Exception <a 'java/security/PrivilegedActionException'> (0x658c2328) thrown at [/HUDSON/workspace/8-2-build-glinux-arm-vfp-hflt/jdk8u65/4987/hotspot/src/share/vm/prims/jvm.cpp, line 1386]
Event: 0.321 Thread 0x76207000 Exception <a 'java/security/PrivilegedActionException'> (0x658c2528) thrown at [/HUDSON/workspace/8-2-build-glinux-arm-vfp-hflt/jdk8u65/4987/hotspot/src/share/vm/prims/jvm.cpp, line 1386]
Event: 1.049 Thread 0x76207000 Exception <a 'org/opencv/core/CvException': cv::Exception: /home/thad/repos/opencv/modules/imgproc/src/color.cpp:8141: error: (-215) (scn == 3 || scn == 4) && (depth == CV_8U || depth == CV_32F) in function cvtColor
> (0x659941d8) thrown at [/HUDSON/works

Events (10 events):
Event: 1.050 loading class java/lang/Throwable$WrappedPrintStream done
Event: 1.050 loading class java/util/IdentityHashMap
Event: 1.051 loading class java/util/IdentityHashMap done
Event: 1.051 loading class java/util/IdentityHashMap$KeySet
Event: 1.051 loading class java/util/IdentityHashMap$KeySet done
Event: 1.053 Thread 0x76207000 Thread exited: 0x76207000
Event: 1.053 Thread 0x76207000 Thread added: 0x76207000
Event: 1.054 loading class java/util/ArrayList$Itr
Event: 1.054 loading class java/util/ArrayList$Itr done
Event: 1.055 Thread 0x76207000 Thread exited: 0x76207000


Dynamic libraries:
00008000-00009000 r-xp 00000000 b3:07 1311207    /usr/lib/jvm/jdk-8-oracle-arm32-vfp-hflt/jre/bin/java
00010000-00011000 rw-p 00000000 b3:07 1311207    /usr/lib/jvm/jdk-8-oracle-arm32-vfp-hflt/jre/bin/java
01f9a000-01fbb000 rw-p 00000000 00:00 0          [heap]
5e60a000-5e60b000 ---p 00000000 00:00 0 
5e60b000-5ee0a000 rwxp 00000000 00:00 0 
5ee0a000-5ee0b000 ---p 00000000 00:00 0 
5ee0b000-5f60a000 rwxp 00000000 00:00 0 
5faba000-5fabb000 ---p 00000000 00:00 0 
5fabb000-602ba000 rwxp 00000000 00:00 0 
602ba000-602bb000 ---p 00000000 00:00 0 
602bb000-60aba000 rwxp 00000000 00:00 0 
60aba000-60abb000 ---p 00000000 00:00 0 
60abb000-612ba000 rwxp 00000000 00:00 0 
612ba000-612bb000 ---p 00000000 00:00 0 
612bb000-61aba000 rwxp 00000000 00:00 0 
61aba000-61ea9000 r-xp 00000000 b3:07 1448919    /tmp/libCameraServerJNI7825972038970129088.so (deleted)
61ea9000-61eb9000 ---p 003ef000 b3:07 1448919    /tmp/libCameraServerJNI7825972038970129088.so (deleted)
61eb9000-61ec1000 rw-p 003ef000 b3:07 1448919    /tmp/libCameraServerJNI7825972038970129088.so (deleted)
61ec1000-61f57000 rw-p 00000000 00:00 0 
61f57000-61f58000 ---p 00000000 00:00 0 
61f58000-62757000 rwxp 00000000 00:00 0 
62757000-62758000 ---p 00000000 00:00 0 
62758000-62f57000 rwxp 00000000 00:00 0 
62f57000-62f58000 ---p 00000000 00:00 0 
62f58000-63757000 rwxp 00000000 00:00 0 
63757000-637ef000 r-xp 00000000 b3:07 1448916    /tmp/libNetworkTablesJNI658218818532940664.so (deleted)
637ef000-637fe000 ---p 00098000 b3:07 1448916    /tmp/libNetworkTablesJNI658218818532940664.so (deleted)
637fe000-63800000 rw-p 00097000 b3:07 1448916    /tmp/libNetworkTablesJNI658218818532940664.so (deleted)
63800000-6387a000 rw-p 00000000 00:00 0 
6387a000-63900000 ---p 00000000 00:00 0 
63942000-6443a000 r-xp 00000000 b3:07 1712983    /usr/local/src/tmp/Downloads/Java/output/libopencv_java310.so
6443a000-6444a000 ---p 00af8000 b3:07 1712983    /usr/local/src/tmp/Downloads/Java/output/libopencv_java310.so
6444a000-64460000 r--p 00af8000 b3:07 1712983    /usr/local/src/tmp/Downloads/Java/output/libopencv_java310.so
64460000-64466000 rw-p 00b0e000 b3:07 1712983    /usr/local/src/tmp/Downloads/Java/output/libopencv_java310.so
64466000-64500000 rw-p 00000000 00:00 0 
64500000-64521000 rw-p 00000000 00:00 0 
64521000-64600000 ---p 00000000 00:00 0 
64624000-646e5000 r-xp 00000000 b3:07 1311638    /usr/lib/arm-linux-gnueabihf/libstdc++.so.6.0.20
646e5000-646f4000 ---p 000c1000 b3:07 1311638    /usr/lib/arm-linux-gnueabihf/libstdc++.so.6.0.20
646f4000-646f8000 r--p 000c0000 b3:07 1311638    /usr/lib/arm-linux-gnueabihf/libstdc++.so.6.0.20
646f8000-646fa000 rw-p 000c4000 b3:07 1311638    /usr/lib/arm-linux-gnueabihf/libstdc++.so.6.0.20
646fa000-64700000 rw-p 00000000 00:00 0 
64700000-64772000 rw-p 00000000 00:00 0 
64772000-64800000 ---p 00000000 00:00 0 
64800000-64801000 ---p 00000000 00:00 0 
64801000-64880000 rwxp 00000000 00:00 0 
64880000-64883000 ---p 00000000 00:00 0 
64883000-64900000 rwxp 00000000 00:00 0 
64900000-64921000 rw-p 00000000 00:00 0 
64921000-64a00000 ---p 00000000 00:00 0 
64a77000-64c00000 r--p 00000000 b3:07 1317856    /usr/lib/locale/locale-archive
64c00000-64c21000 rw-p 00000000 00:00 0 
64c21000-64d00000 ---p 00000000 00:00 0 
64d00000-64d21000 rw-p 00000000 00:00 0 
64d21000-64e00000 ---p 00000000 00:00 0 
64e10000-64e13000 ---p 00000000 00:00 0 
64e13000-64e60000 rwxp 00000000 00:00 0 
64e60000-64e63000 ---p 00000000 00:00 0 
64e63000-64eb0000 rwxp 00000000 00:00 0 
64eb0000-64eb3000 ---p 00000000 00:00 0 
64eb3000-64f00000 rwxp 00000000 00:00 0 
64f00000-64f21000 rw-p 00000000 00:00 0 
64f21000-65000000 ---p 00000000 00:00 0 
65014000-65017000 ---p 00000000 00:00 0 
65017000-65064000 rwxp 00000000 00:00 0 
65064000-65065000 ---p 00000000 00:00 0 
65065000-650e4000 rwxp 00000000 00:00 0 
650e4000-65133000 rw-p 00000000 00:00 0 
65133000-6530b000 r--s 03d20000 b3:07 1311086    /usr/lib/jvm/jdk-8-oracle-arm32-vfp-hflt/jre/lib/rt.jar
6530b000-655ec000 rw-p 00000000 00:00 0 
655ec000-657b2000 ---p 00000000 00:00 0 
657b2000-657b8000 rw-p 00000000 00:00 0 
657b8000-65800000 ---p 00000000 00:00 0 
65800000-65d40000 rw-p 00000000 00:00 0 
65d40000-6a540000 ---p 00000000 00:00 0 
6a540000-6b000000 rw-p 00000000 00:00 0 
6b000000-74000000 ---p 00000000 00:00 0 
7403b000-7403e000 rw-p 00000000 00:00 0 
7403e000-74061000 ---p 00000000 00:00 0 
74061000-74067000 rw-p 00000000 00:00 0 
74067000-740af000 ---p 00000000 00:00 0 
740af000-740b3000 rw-p 00000000 00:00 0 
740b3000-74130000 ---p 00000000 00:00 0 
74130000-741f0000 rwxp 00000000 00:00 0 
741f0000-76130000 ---p 00000000 00:00 0 
76130000-76147000 r-xp 00000000 b3:07 1311148    /usr/lib/jvm/jdk-8-oracle-arm32-vfp-hflt/jre/lib/arm/libzip.so
76147000-7614e000 ---p 00017000 b3:07 1311148    /usr/lib/jvm/jdk-8-oracle-arm32-vfp-hflt/jre/lib/arm/libzip.so
7614e000-7614f000 rw-p 00016000 b3:07 1311148    /usr/lib/jvm/jdk-8-oracle-arm32-vfp-hflt/jre/lib/arm/libzip.so
7614f000-7615a000 r-xp 00000000 b3:07 131001     /lib/arm-linux-gnueabihf/libnss_files-2.19.so
7615a000-76169000 ---p 0000b000 b3:07 131001     /lib/arm-linux-gnueabihf/libnss_files-2.19.so
76169000-7616a000 r--p 0000a000 b3:07 131001     /lib/arm-linux-gnueabihf/libnss_files-2.19.so
7616a000-7616b000 rw-p 0000b000 b3:07 131001     /lib/arm-linux-gnueabihf/libnss_files-2.19.so
7616b000-76174000 r-xp 00000000 b3:07 131084     /lib/arm-linux-gnueabihf/libnss_nis-2.19.so
76174000-76183000 ---p 00009000 b3:07 131084     /lib/arm-linux-gnueabihf/libnss_nis-2.19.so
76183000-76184000 r--p 00008000 b3:07 131084     /lib/arm-linux-gnueabihf/libnss_nis-2.19.so
76184000-76185000 rw-p 00009000 b3:07 131084     /lib/arm-linux-gnueabihf/libnss_nis-2.19.so
76185000-76196000 r-xp 00000000 b3:07 130932     /lib/arm-linux-gnueabihf/libnsl-2.19.so
76196000-761a5000 ---p 00011000 b3:07 130932     /lib/arm-linux-gnueabihf/libnsl-2.19.so
761a5000-761a6000 r--p 00010000 b3:07 130932     /lib/arm-linux-gnueabihf/libnsl-2.19.so
761a6000-761a7000 rw-p 00011000 b3:07 130932     /lib/arm-linux-gnueabihf/libnsl-2.19.so
761a7000-761a9000 rw-p 00000000 00:00 0 
761a9000-761b0000 r-xp 00000000 b3:07 130972     /lib/arm-linux-gnueabihf/libnss_compat-2.19.so
761b0000-761bf000 ---p 00007000 b3:07 130972     /lib/arm-linux-gnueabihf/libnss_compat-2.19.so
761bf000-761c0000 r--p 00006000 b3:07 130972     /lib/arm-linux-gnueabihf/libnss_compat-2.19.so
761c0000-761c1000 rw-p 00007000 b3:07 130972     /lib/arm-linux-gnueabihf/libnss_compat-2.19.so
761d4000-761f7000 r-xp 00000000 b3:07 1311152    /usr/lib/jvm/jdk-8-oracle-arm32-vfp-hflt/jre/lib/arm/libjava.so
761f7000-761ff000 ---p 00023000 b3:07 1311152    /usr/lib/jvm/jdk-8-oracle-arm32-vfp-hflt/jre/lib/arm/libjava.so
761ff000-76200000 rw-p 00023000 b3:07 1311152    /usr/lib/jvm/jdk-8-oracle-arm32-vfp-hflt/jre/lib/arm/libjava.so
76200000-762fd000 rw-p 00000000 00:00 0 
762fd000-76300000 ---p 00000000 00:00 0 
76302000-76307000 r--s 00096000 b3:07 1311090    /usr/lib/jvm/jdk-8-oracle-arm32-vfp-hflt/jre/lib/jsse.jar
76307000-7630b000 r--s 001fe000 b3:07 1712982    /usr/local/src/tmp/Downloads/Java/output/CameraVision-all.jar
7630b000-76311000 r-xp 00000000 b3:07 130988     /lib/arm-linux-gnueabihf/librt-2.19.so
76311000-76320000 ---p 00006000 b3:07 130988     /lib/arm-linux-gnueabihf/librt-2.19.so
76320000-76321000 r--p 00005000 b3:07 130988     /lib/arm-linux-gnueabihf/librt-2.19.so
76321000-76322000 rw-p 00006000 b3:07 130988     /lib/arm-linux-gnueabihf/librt-2.19.so
76322000-76325000 ---p 00000000 00:00 0 
76325000-76372000 rwxp 00000000 00:00 0 
76372000-763db000 r-xp 00000000 b3:07 130960     /lib/arm-linux-gnueabihf/libm-2.19.so
763db000-763eb000 ---p 00069000 b3:07 130960     /lib/arm-linux-gnueabihf/libm-2.19.so
763eb000-763ec000 r--p 00069000 b3:07 130960     /lib/arm-linux-gnueabihf/libm-2.19.so
763ec000-763ed000 rw-p 0006a000 b3:07 130960     /lib/arm-linux-gnueabihf/libm-2.19.so
763ed000-76970000 r-xp 00000000 b3:07 1311177    /usr/lib/jvm/jdk-8-oracle-arm32-vfp-hflt/jre/lib/arm/client/libjvm.so
76970000-76978000 ---p 00583000 b3:07 1311177    /usr/lib/jvm/jdk-8-oracle-arm32-vfp-hflt/jre/lib/arm/client/libjvm.so
76978000-769a4000 rw-p 00583000 b3:07 1311177    /usr/lib/jvm/jdk-8-oracle-arm32-vfp-hflt/jre/lib/arm/client/libjvm.so
769a4000-76dc7000 rw-p 00000000 00:00 0 
76dc7000-76de4000 r-xp 00000000 b3:07 130945     /lib/arm-linux-gnueabihf/libgcc_s.so.1
76de4000-76df3000 ---p 0001d000 b3:07 130945     /lib/arm-linux-gnueabihf/libgcc_s.so.1
76df3000-76df4000 rw-p 0001c000 b3:07 130945     /lib/arm-linux-gnueabihf/libgcc_s.so.1
76df4000-76f1f000 r-xp 00000000 b3:07 131006     /lib/arm-linux-gnueabihf/libc-2.19.so
76f1f000-76f2f000 ---p 0012b000 b3:07 131006     /lib/arm-linux-gnueabihf/libc-2.19.so
76f2f000-76f31000 r--p 0012b000 b3:07 131006     /lib/arm-linux-gnueabihf/libc-2.19.so
76f31000-76f32000 rw-p 0012d000 b3:07 131006     /lib/arm-linux-gnueabihf/libc-2.19.so
76f32000-76f35000 rw-p 00000000 00:00 0 
76f35000-76f37000 r-xp 00000000 b3:07 131081     /lib/arm-linux-gnueabihf/libdl-2.19.so
76f37000-76f46000 ---p 00002000 b3:07 131081     /lib/arm-linux-gnueabihf/libdl-2.19.so
76f46000-76f47000 r--p 00001000 b3:07 131081     /lib/arm-linux-gnueabihf/libdl-2.19.so
76f47000-76f48000 rw-p 00002000 b3:07 131081     /lib/arm-linux-gnueabihf/libdl-2.19.so
76f48000-76f5c000 r-xp 00000000 b3:07 1311175    /usr/lib/jvm/jdk-8-oracle-arm32-vfp-hflt/jre/lib/arm/jli/libjli.so
76f5c000-76f64000 ---p 00014000 b3:07 1311175    /usr/lib/jvm/jdk-8-oracle-arm32-vfp-hflt/jre/lib/arm/jli/libjli.so
76f64000-76f65000 rw-p 00014000 b3:07 1311175    /usr/lib/jvm/jdk-8-oracle-arm32-vfp-hflt/jre/lib/arm/jli/libjli.so
76f65000-76f79000 r-xp 00000000 b3:07 131019     /lib/arm-linux-gnueabihf/libpthread-2.19.so
76f79000-76f89000 ---p 00014000 b3:07 131019     /lib/arm-linux-gnueabihf/libpthread-2.19.so
76f89000-76f8a000 r--p 00014000 b3:07 131019     /lib/arm-linux-gnueabihf/libpthread-2.19.so
76f8a000-76f8b000 rw-p 00015000 b3:07 131019     /lib/arm-linux-gnueabihf/libpthread-2.19.so
76f8b000-76f8d000 rw-p 00000000 00:00 0 
76f8e000-76f97000 r-xp 00000000 b3:07 1311172    /usr/lib/jvm/jdk-8-oracle-arm32-vfp-hflt/jre/lib/arm/libverify.so
76f97000-76f9f000 ---p 00009000 b3:07 1311172    /usr/lib/jvm/jdk-8-oracle-arm32-vfp-hflt/jre/lib/arm/libverify.so
76f9f000-76fa0000 rw-p 00009000 b3:07 1311172    /usr/lib/jvm/jdk-8-oracle-arm32-vfp-hflt/jre/lib/arm/libverify.so
76fa0000-76fa5000 r-xp 00000000 b3:07 1312124    /usr/lib/arm-linux-gnueabihf/libarmmem.so
76fa5000-76fb4000 ---p 00005000 b3:07 1312124    /usr/lib/arm-linux-gnueabihf/libarmmem.so
76fb4000-76fb5000 rw-p 00004000 b3:07 1312124    /usr/lib/arm-linux-gnueabihf/libarmmem.so
76fb5000-76fd5000 r-xp 00000000 b3:07 130911     /lib/arm-linux-gnueabihf/ld-2.19.so
76fd5000-76fd6000 r--p 00000000 b3:07 399632     /usr/share/locale/en_GB/LC_MESSAGES/libc.mo
76fd6000-76fde000 rw-s 00000000 b3:07 1448910    /tmp/hsperfdata_root/1002 (deleted)
76fde000-76fdf000 ---p 00000000 00:00 0 
76fdf000-76fe2000 rw-p 00000000 00:00 0 
76fe2000-76fe4000 rw-p 00000000 00:00 0 
76fe4000-76fe5000 r--p 0001f000 b3:07 130911     /lib/arm-linux-gnueabihf/ld-2.19.so
76fe5000-76fe6000 rw-p 00020000 b3:07 130911     /lib/arm-linux-gnueabihf/ld-2.19.so
7e94a000-7e96b000 rwxp 00000000 00:00 0          [stack]
7ed66000-7ed67000 r-xp 00000000 00:00 0          [sigpage]
7ed67000-7ed68000 r--p 00000000 00:00 0          [vvar]
7ed68000-7ed69000 r-xp 00000000 00:00 0          [vdso]
ffff0000-ffff1000 r-xp 00000000 00:00 0          [vectors]

VM Arguments:
jvm_args: -Djava.library.path=. 
java_command: CameraVision-all.jar
java_class_path (initial): CameraVision-all.jar
Launcher Type: SUN_STANDARD

Environment Variables:
PATH=/usr/local/sbin:/usr/local/bin:/usr/sbin:/usr/bin:/sbin:/bin
USERNAME=root
SHELL=/bin/bash
DISPLAY=:0.0

Signal Handlers:
SIGSEGV: [libjvm.so+0x506638], sa_mask[0]=11111111011111111101111111111110, sa_flags=SA_RESTART|SA_SIGINFO
SIGBUS: [libjvm.so+0x506638], sa_mask[0]=11111111011111111101111111111110, sa_flags=SA_RESTART|SA_SIGINFO
SIGFPE: [libjvm.so+0x3fd4ec], sa_mask[0]=11111111011111111101111111111110, sa_flags=SA_RESTART|SA_SIGINFO
SIGPIPE: [libjvm.so+0x3fd4ec], sa_mask[0]=11111111011111111101111111111110, sa_flags=SA_RESTART|SA_SIGINFO
SIGXFSZ: [libjvm.so+0x3fd4ec], sa_mask[0]=11111111011111111101111111111110, sa_flags=SA_RESTART|SA_SIGINFO
SIGILL: [libjvm.so+0x3fd4ec], sa_mask[0]=11111111011111111101111111111110, sa_flags=SA_RESTART|SA_SIGINFO
SIGUSR1: SIG_DFL, sa_mask[0]=00000000000000000000000000000000, sa_flags=none
SIGUSR2: [libjvm.so+0x3fd650], sa_mask[0]=00000000000000000000000000000000, sa_flags=SA_RESTART|SA_SIGINFO
SIGHUP: [libjvm.so+0x3fda84], sa_mask[0]=11111111011111111101111111111110, sa_flags=SA_RESTART|SA_SIGINFO
SIGINT: [libjvm.so+0x3fda84], sa_mask[0]=11111111011111111101111111111110, sa_flags=SA_RESTART|SA_SIGINFO
SIGTERM: [libjvm.so+0x3fda84], sa_mask[0]=11111111011111111101111111111110, sa_flags=SA_RESTART|SA_SIGINFO
SIGQUIT: [libjvm.so+0x3fda84], sa_mask[0]=11111111011111111101111111111110, sa_flags=SA_RESTART|SA_SIGINFO


---------------  S Y S T E M  ---------------

OS:PRETTY_NAME="Raspbian GNU/Linux 8 (jessie)"
NAME="Raspbian GNU/Linux"
VERSION_ID="8"
VERSION="8 (jessie)"
ID=raspbian
ID_LIKE=debian
HOME_URL="http://www.raspbian.org/"
SUPPORT_URL="http://www.raspbian.org/RaspbianForums"
BUG_REPORT_URL="http://www.raspbian.org/RaspbianBugs"

uname:Linux 4.4.34-v7+ #930 SMP Wed Nov 23 15:20:41 GMT 2016 armv7l
libc:glibc 2.19 NPTL 2.19 
rlimit: STACK 8192k, CORE 0k, NPROC 7336, NOFILE 65536, AS infinity
load average:0.26 0.08 0.02

/proc/meminfo:
MemTotal:         947732 kB
MemFree:          690672 kB
MemAvailable:     802504 kB
Buffers:           14216 kB
Cached:           146632 kB
SwapCached:            0 kB
Active:           149440 kB
Inactive:          74440 kB
Active(anon):      63512 kB
Inactive(anon):    11456 kB
Active(file):      85928 kB
Inactive(file):    62984 kB
Unevictable:           0 kB
Mlocked:               0 kB
SwapTotal:        102396 kB
SwapFree:         102396 kB
Dirty:               512 kB
Writeback:             0 kB
AnonPages:         63048 kB
Mapped:            74412 kB
Shmem:             11940 kB
Slab:              16752 kB
SReclaimable:       7760 kB
SUnreclaim:         8992 kB
KernelStack:        1752 kB
PageTables:         2444 kB
NFS_Unstable:          0 kB
Bounce:                0 kB
WritebackTmp:          0 kB
CommitLimit:      576260 kB
Committed_AS:     803492 kB
VmallocTotal:    1114112 kB
VmallocUsed:           0 kB
VmallocChunk:          0 kB
CmaTotal:           8192 kB
CmaFree:            3640 kB


CPU:total 4 (ARMv7), vfp

/proc/cpuinfo:
processor	: 0
model name	: ARMv7 Processor rev 4 (v7l)
BogoMIPS	: 76.80
Features	: half thumb fastmult vfp edsp neon vfpv3 tls vfpv4 idiva idivt vfpd32 lpae evtstrm crc32 
CPU implementer	: 0x41
CPU architecture: 7
CPU variant	: 0x0
CPU part	: 0xd03
CPU revision	: 4

processor	: 1
model name	: ARMv7 Processor rev 4 (v7l)
BogoMIPS	: 76.80
Features	: half thumb fastmult vfp edsp neon vfpv3 tls vfpv4 idiva idivt vfpd32 lpae evtstrm crc32 
CPU implementer	: 0x41
CPU architecture: 7
CPU variant	: 0x0
CPU part	: 0xd03
CPU revision	: 4

processor	: 2
model name	: ARMv7 Processor rev 4 (v7l)
BogoMIPS	: 76.80
Features	: half thumb fastmult vfp edsp neon vfpv3 tls vfpv4 idiva idivt vfpd32 lpae evtstrm crc32 
CPU implementer	: 0x41
CPU architecture: 7
CPU variant	: 0x0
CPU part	: 0xd03
CPU revision	: 4

processor	: 3
model name	: ARMv7 Processor rev 4 (v7l)
BogoMIPS	: 76.80
Features	: half thumb fastmult vfp edsp neon vfpv3 tls vfpv4 idiva idivt vfpd32 lpae evtstrm crc32 
CPU implementer	: 0x41
CPU architecture: 7
CPU variant	: 0x0
CPU part	: 0xd03
CPU revision	: 4

Hardware	: BCM2709
Revision	: a02082
Serial		: 00000000a10a37a6


Memory: 4k page, physical 947732k(690672k free), swap 102396k(102396k free)

vm_info: Java HotSpot(TM) Client VM (25.65-b01) for linux-arm-vfp-hflt JRE (1.8.0_65-b17), built on Oct  6 2015 16:19:04 by "java_re" with gcc 4.7.2 20120910 (prerelease)

time: Fri Feb 17 22:09:04 2017
elapsed time: 1 seconds (0d 0h 0m 1s)

