#
# A fatal error has been detected by the Java Runtime Environment:
#
#  SIGSEGV (0xb) at pc=0x761885d0, pid=1663, tid=1613472864
#
# JRE version: Java(TM) SE Runtime Environment (8.0_65-b17) (build 1.8.0_65-b17)
# Java VM: Java HotSpot(TM) Client VM (25.65-b01 mixed mode linux-arm )
# Problematic frame:
# C  0x761885d0
#
# Failed to write core dump. Core dumps have been disabled. To enable core dumping, try "ulimit -c unlimited" before starting Java again
#
# If you would like to submit a bug report, please visit:
#   http://bugreport.java.com/bugreport/crash.jsp
#

---------------  T H R E A D  ---------------

Current thread is native thread

siginfo: si_signo: 11 (SIGSEGV), si_code: 2 (SEGV_ACCERR), si_addr: 0x761885d0

Registers:
  r0  = 0x63829908
  r1  = 0x00000000
  r2  = 0x00000001
  r3  = 0x761885d0
  r4  = 0x41000001
  r5  = 0x76f1b5bc
  r6  = 0x61ec059c
  r7  = 0x00000008
  r8  = 0x63829968
  r9  = 0x61ec0608
  r10 = 0x63829908
  fp  = 0x602b9f9c
  r12 = 0x61ebe338
  sp  = 0x602b9b28
  lr  = 0x61b75b44
  pc  = 0x761885d0
  cpsr = 0x60000010

Top of Stack: (sp=0x602b9b28)
0x602b9b28:   00000008 61ec05fc 63829afc 80000011
0x602b9b38:   64787ac0 63829968 00000014 00000012
0x602b9b48:   602b9bcc 61ebc0ec 61ec05fc 61b4f8cc
0x602b9b58:   602b9bcc 00000000 00000000 00000000
0x602b9b68:   00000000 63829968 602b9d18 602b9c0c
0x602b9b78:   00000000 602b9d98 61e6295c 61e62970
0x602b9b88:   61e62980 61e62984 61e62980 63829a90
0x602b9b98:   00000013 00000000 00000000 61ebf090 

Instructions: (pc=0x761885d0)
0x761885b0:   00000000 00000000 00000000 00000000
0x761885c0:   00000000 00000000 00000000 00000000
0x761885d0:   612f6269 0000003d 00000000 73616c63
0x761885e0:   616f6c73 2e726564 65726170 6544746e 

Register to memory mapping:

  r0  = 0x63829908

[error occurred during error reporting (printing register info), id 0xb]

Stack: [0x5fabb000,0x602bb000],  sp=0x602b9b28,  free space=8186k
Native frames: (J=compiled Java code, j=interpreted, Vv=VM code, C=native code)
C  0x761885d0

[error occurred during error reporting (printing native stack), id 0xb]


---------------  P R O C E S S  ---------------

VM state:at safepoint (shutting down)

VM Mutex/Monitor currently owned by a thread:  ([mutex/lock_event])
[0x76104a80] Threads_lock - owner thread: 0x7615d400

Heap:
 def new generation   total 4864K, used 1846K [0x65800000, 0x65d40000, 0x6a540000)
  eden space 4352K,  42% used [0x65800000, 0x659cda18, 0x65c40000)
  from space 512K,   0% used [0x65c40000, 0x65c40000, 0x65cc0000)
  to   space 512K,   0% used [0x65cc0000, 0x65cc0000, 0x65d40000)
 tenured generation   total 11008K, used 0K [0x6a540000, 0x6b000000, 0x74000000)
   the space 11008K,   0% used [0x6a540000, 0x6a540000, 0x6a540200, 0x6b000000)
 Metaspace       used 2231K, capacity 2464K, committed 2584K, reserved 4400K

Card table byte_map: [0x6578b000,0x65800000] byte_map_base: 0x6545f000

Polling page: 0x76f88000

CodeCache: size=32768Kb used=738Kb max_used=738Kb free=32029Kb
 bounds [0x740e1000, 0x741a1000, 0x760e1000]
 total_blobs=352 nmethods=37 adapters=248
 compilation: enabled

Compilation events (10 events):
Event: 0.481 Thread 0x76180400   31   !         java.util.zip.Inflater::inflate (113 bytes)
Event: 0.482 Thread 0x76180400 nmethod 31 0x7418bb48 code [0x7418bc70, 0x7418c0c8]
Event: 0.484 Thread 0x76180400   33             java.io.FilterInputStream::read (9 bytes)
Event: 0.484 Thread 0x76180400 nmethod 33 0x7418c588 code [0x7418c670, 0x7418c714]
Event: 0.484 Thread 0x76180400   35             java.io.FileOutputStream::write (12 bytes)
Event: 0.485 Thread 0x76180400 nmethod 35 0x7418c788 code [0x7418c870, 0x7418c914]
Event: 0.485 Thread 0x76180400   36             java.io.FilterInputStream::read (11 bytes)
Event: 0.485 Thread 0x76180400 nmethod 36 0x7418c988 code [0x7418ca70, 0x7418cb14]
Event: 1.085 Thread 0x76180400   37             java.util.Arrays::copyOfRange (63 bytes)
Event: 1.087 Thread 0x76180400 nmethod 37 0x74191488 code [0x741915c0, 0x74191930]

GC Heap History (0 events):
No events

Deoptimization events (0 events):
No events

Internal exceptions (6 events):
Event: 0.080 Thread 0x76107000 Exception <a 'java/lang/NoSuchMethodError': Method sun.misc.Unsafe.defineClass(Ljava/lang/String;[BII)Ljava/lang/Class; name or signature does not match> (0x658105b0) thrown at [/HUDSON/workspace/8-2-build-glinux-arm-vfp-hflt/jdk8u65/4987/hotspot/src/shar
Event: 0.080 Thread 0x76107000 Exception <a 'java/lang/NoSuchMethodError': Method sun.misc.Unsafe.prefetchRead(Ljava/lang/Object;J)V name or signature does not match> (0x65810880) thrown at [/HUDSON/workspace/8-2-build-glinux-arm-vfp-hflt/jdk8u65/4987/hotspot/src/share/vm/prims/jni.cpp
Event: 0.327 Thread 0x76107000 Exception <a 'java/security/PrivilegedActionException'> (0x658c3fd8) thrown at [/HUDSON/workspace/8-2-build-glinux-arm-vfp-hflt/jdk8u65/4987/hotspot/src/share/vm/prims/jvm.cpp, line 1386]
Event: 0.328 Thread 0x76107000 Exception <a 'java/security/PrivilegedActionException'> (0x658c41d8) thrown at [/HUDSON/workspace/8-2-build-glinux-arm-vfp-hflt/jdk8u65/4987/hotspot/src/share/vm/prims/jvm.cpp, line 1386]
Event: 0.329 Thread 0x76107000 Exception <a 'java/security/PrivilegedActionException'> (0x658c6928) thrown at [/HUDSON/workspace/8-2-build-glinux-arm-vfp-hflt/jdk8u65/4987/hotspot/src/share/vm/prims/jvm.cpp, line 1386]
Event: 0.329 Thread 0x76107000 Exception <a 'java/security/PrivilegedActionException'> (0x658c6b28) thrown at [/HUDSON/workspace/8-2-build-glinux-arm-vfp-hflt/jdk8u65/4987/hotspot/src/share/vm/prims/jvm.cpp, line 1386]

Events (10 events):
Event: 1.089 loading class org/opencv/core/MatOfInt4 done
Event: 4.197 Executing VM operation: EnableBiasedLocking
Event: 4.197 Executing VM operation: EnableBiasedLocking done
Event: 56.375 loading class sun/misc/Signal$1
Event: 56.375 loading class sun/misc/Signal$1 done
Event: 56.376 Thread 0x64c02400 Thread added: 0x64c02400
Event: 56.376 loading class java/util/ArrayList$Itr
Event: 56.377 loading class java/util/ArrayList$Itr done
Event: 56.380 Thread 0x7617ec00 Thread exited: 0x7617ec00
Event: 56.380 Executing VM operation: Exit


Dynamic libraries:
00008000-00009000 r-xp 00000000 b3:07 1311207    /usr/lib/jvm/jdk-8-oracle-arm32-vfp-hflt/jre/bin/java
00010000-00011000 rw-p 00000000 b3:07 1311207    /usr/lib/jvm/jdk-8-oracle-arm32-vfp-hflt/jre/bin/java
00ff9000-0101a000 rw-p 00000000 00:00 0          [heap]
5a06f000-5a072000 ---p 00000000 00:00 0 
5a072000-5a0bf000 rwxp 00000000 00:00 0 
5a365000-5a366000 ---p 00000000 00:00 0 
5a366000-5ab65000 rwxp 00000000 00:00 0 
5ab65000-5ab66000 ---p 00000000 00:00 0 
5ab66000-5b365000 rwxp 00000000 00:00 0 
5b365000-5b366000 ---p 00000000 00:00 0 
5b366000-5bb65000 rwxp 00000000 00:00 0 
5bb65000-5bb66000 ---p 00000000 00:00 0 
5bb66000-5c365000 rwxp 00000000 00:00 0 
5c365000-5c366000 ---p 00000000 00:00 0 
5c366000-5cb65000 rwxp 00000000 00:00 0 
5cb65000-5cb66000 ---p 00000000 00:00 0 
5cb66000-5d365000 rwxp 00000000 00:00 0 
5d365000-5d366000 ---p 00000000 00:00 0 
5d366000-5db65000 rwxp 00000000 00:00 0 
5db65000-5db66000 ---p 00000000 00:00 0 
5db66000-5e365000 rwxp 00000000 00:00 0 
5e365000-5e529000 rw-p 00000000 00:00 0 
5e60b000-5e60c000 ---p 00000000 00:00 0 
5e60c000-5ee0b000 rwxp 00000000 00:00 0 
5ee0b000-5ee0c000 ---p 00000000 00:00 0 
5ee0c000-5f60b000 rwxp 00000000 00:00 0 
5fabb000-5fabc000 ---p 00000000 00:00 0 
5fabc000-602bb000 rwxp 00000000 00:00 0 
602bb000-602bc000 ---p 00000000 00:00 0 
602bc000-60abb000 rwxp 00000000 00:00 0 
60abb000-60abc000 ---p 00000000 00:00 0 
60abc000-612bb000 rwxp 00000000 00:00 0 
612bb000-612bc000 ---p 00000000 00:00 0 
612bc000-61abb000 rwxp 00000000 00:00 0 
61abb000-61ea9000 r-xp 00000000 b3:07 1449321    /tmp/libCameraServerJNI4936514536495442484.so (deleted)
61ea9000-61eb9000 ---p 003ee000 b3:07 1449321    /tmp/libCameraServerJNI4936514536495442484.so (deleted)
61eb9000-61ec1000 rw-p 003ee000 b3:07 1449321    /tmp/libCameraServerJNI4936514536495442484.so (deleted)
61ec1000-61f57000 rw-p 00000000 00:00 0 
61f57000-61f58000 ---p 00000000 00:00 0 
61f58000-62757000 rwxp 00000000 00:00 0 
62757000-62758000 ---p 00000000 00:00 0 
62758000-62f57000 rwxp 00000000 00:00 0 
62f57000-62f58000 ---p 00000000 00:00 0 
62f58000-63757000 rwxp 00000000 00:00 0 
63757000-637ee000 r-xp 00000000 b3:07 1449308    /tmp/libNetworkTablesJNI2098158276373446774.so (deleted)
637ee000-637fe000 ---p 00097000 b3:07 1449308    /tmp/libNetworkTablesJNI2098158276373446774.so (deleted)
637fe000-63800000 rw-p 00097000 b3:07 1449308    /tmp/libNetworkTablesJNI2098158276373446774.so (deleted)
63800000-63861000 rw-p 00000000 00:00 0 
63861000-63900000 ---p 00000000 00:00 0 
63942000-6443a000 r-xp 00000000 b3:07 1712983    /usr/local/src/tmp/Downloads/Java/output/libopencv_java310.so
6443a000-6444a000 ---p 00af8000 b3:07 1712983    /usr/local/src/tmp/Downloads/Java/output/libopencv_java310.so
6444a000-64460000 r--p 00af8000 b3:07 1712983    /usr/local/src/tmp/Downloads/Java/output/libopencv_java310.so
64460000-64466000 rw-p 00b0e000 b3:07 1712983    /usr/local/src/tmp/Downloads/Java/output/libopencv_java310.so
64466000-64500000 rw-p 00000000 00:00 0 
64500000-64575000 rw-p 00000000 00:00 0 
64575000-64600000 ---p 00000000 00:00 0 
64624000-646e5000 r-xp 00000000 b3:07 1311638    /usr/lib/arm-linux-gnueabihf/libstdc++.so.6.0.20
646e5000-646f4000 ---p 000c1000 b3:07 1311638    /usr/lib/arm-linux-gnueabihf/libstdc++.so.6.0.20
646f4000-646f8000 r--p 000c0000 b3:07 1311638    /usr/lib/arm-linux-gnueabihf/libstdc++.so.6.0.20
646f8000-646fa000 rw-p 000c4000 b3:07 1311638    /usr/lib/arm-linux-gnueabihf/libstdc++.so.6.0.20
646fa000-64700000 rw-p 00000000 00:00 0 
64700000-6478a000 rw-p 00000000 00:00 0 
6478a000-64800000 ---p 00000000 00:00 0 
64802000-64814000 r-xp 00000000 b3:07 131045     /lib/arm-linux-gnueabihf/libresolv-2.19.so
64814000-64823000 ---p 00012000 b3:07 131045     /lib/arm-linux-gnueabihf/libresolv-2.19.so
64823000-64824000 r--p 00011000 b3:07 131045     /lib/arm-linux-gnueabihf/libresolv-2.19.so
64824000-64825000 rw-p 00012000 b3:07 131045     /lib/arm-linux-gnueabihf/libresolv-2.19.so
64825000-64827000 rw-p 00000000 00:00 0 
648a7000-648aa000 ---p 00000000 00:00 0 
648aa000-648f7000 rwxp 00000000 00:00 0 
648f7000-648fa000 ---p 00000000 00:00 0 
648fa000-64977000 rwxp 00000000 00:00 0 
64977000-64b00000 r--p 00000000 b3:07 1317856    /usr/lib/locale/locale-archive
64b00000-64b21000 rw-p 00000000 00:00 0 
64b21000-64c00000 ---p 00000000 00:00 0 
64c00000-64c21000 rw-p 00000000 00:00 0 
64c21000-64d00000 ---p 00000000 00:00 0 
64d00000-64d21000 rw-p 00000000 00:00 0 
64d21000-64e00000 ---p 00000000 00:00 0 
64e60000-64e63000 ---p 00000000 00:00 0 
64e63000-64eb0000 rwxp 00000000 00:00 0 
64eb0000-64eb3000 ---p 00000000 00:00 0 
64eb3000-64f00000 rwxp 00000000 00:00 0 
64f00000-64f21000 rw-p 00000000 00:00 0 
64f21000-65000000 ---p 00000000 00:00 0 
6501d000-65021000 r-xp 00000000 b3:07 130954     /lib/arm-linux-gnueabihf/libnss_dns-2.19.so
65021000-65030000 ---p 00004000 b3:07 130954     /lib/arm-linux-gnueabihf/libnss_dns-2.19.so
65030000-65031000 r--p 00003000 b3:07 130954     /lib/arm-linux-gnueabihf/libnss_dns-2.19.so
65031000-65032000 rw-p 00004000 b3:07 130954     /lib/arm-linux-gnueabihf/libnss_dns-2.19.so
65032000-65034000 r-xp 00000000 b3:07 130963     /lib/arm-linux-gnueabihf/libnss_mdns4_minimal.so.2
65034000-6503b000 ---p 00002000 b3:07 130963     /lib/arm-linux-gnueabihf/libnss_mdns4_minimal.so.2
6503b000-6503c000 r--p 00001000 b3:07 130963     /lib/arm-linux-gnueabihf/libnss_mdns4_minimal.so.2
6503c000-6503d000 rw-p 00002000 b3:07 130963     /lib/arm-linux-gnueabihf/libnss_mdns4_minimal.so.2
6503d000-6503e000 ---p 00000000 00:00 0 
6503e000-650bd000 rwxp 00000000 00:00 0 
650bd000-6510c000 rw-p 00000000 00:00 0 
6510c000-652e4000 r--s 03d20000 b3:07 1311086    /usr/lib/jvm/jdk-8-oracle-arm32-vfp-hflt/jre/lib/rt.jar
652e4000-655c5000 rw-p 00000000 00:00 0 
655c5000-6578b000 ---p 00000000 00:00 0 
6578b000-6578e000 rw-p 00000000 00:00 0 
6578e000-657b1000 ---p 00000000 00:00 0 
657b1000-657b7000 rw-p 00000000 00:00 0 
657b7000-657ff000 ---p 00000000 00:00 0 
657ff000-65d40000 rw-p 00000000 00:00 0 
65d40000-6a540000 ---p 00000000 00:00 0 
6a540000-6b000000 rw-p 00000000 00:00 0 
6b000000-74000000 ---p 00000000 00:00 0 
74013000-74019000 rw-p 00000000 00:00 0 
74019000-74061000 ---p 00000000 00:00 0 
74061000-74064000 rw-p 00000000 00:00 0 
74064000-740e1000 ---p 00000000 00:00 0 
740e1000-741a1000 rwxp 00000000 00:00 0 
741a1000-760e1000 ---p 00000000 00:00 0 
760e1000-760f8000 r-xp 00000000 b3:07 1311148    /usr/lib/jvm/jdk-8-oracle-arm32-vfp-hflt/jre/lib/arm/libzip.so
760f8000-760ff000 ---p 00017000 b3:07 1311148    /usr/lib/jvm/jdk-8-oracle-arm32-vfp-hflt/jre/lib/arm/libzip.so
760ff000-76100000 rw-p 00016000 b3:07 1311148    /usr/lib/jvm/jdk-8-oracle-arm32-vfp-hflt/jre/lib/arm/libzip.so
76100000-761ff000 rw-p 00000000 00:00 0 
761ff000-76200000 ---p 00000000 00:00 0 
76204000-7620f000 r-xp 00000000 b3:07 131001     /lib/arm-linux-gnueabihf/libnss_files-2.19.so
7620f000-7621e000 ---p 0000b000 b3:07 131001     /lib/arm-linux-gnueabihf/libnss_files-2.19.so
7621e000-7621f000 r--p 0000a000 b3:07 131001     /lib/arm-linux-gnueabihf/libnss_files-2.19.so
7621f000-76220000 rw-p 0000b000 b3:07 131001     /lib/arm-linux-gnueabihf/libnss_files-2.19.so
76220000-76229000 r-xp 00000000 b3:07 131084     /lib/arm-linux-gnueabihf/libnss_nis-2.19.so
76229000-76238000 ---p 00009000 b3:07 131084     /lib/arm-linux-gnueabihf/libnss_nis-2.19.so
76238000-76239000 r--p 00008000 b3:07 131084     /lib/arm-linux-gnueabihf/libnss_nis-2.19.so
76239000-7623a000 rw-p 00009000 b3:07 131084     /lib/arm-linux-gnueabihf/libnss_nis-2.19.so
7623a000-7624b000 r-xp 00000000 b3:07 130932     /lib/arm-linux-gnueabihf/libnsl-2.19.so
7624b000-7625a000 ---p 00011000 b3:07 130932     /lib/arm-linux-gnueabihf/libnsl-2.19.so
7625a000-7625b000 r--p 00010000 b3:07 130932     /lib/arm-linux-gnueabihf/libnsl-2.19.so
7625b000-7625c000 rw-p 00011000 b3:07 130932     /lib/arm-linux-gnueabihf/libnsl-2.19.so
7625c000-7625e000 rw-p 00000000 00:00 0 
7625e000-76265000 r-xp 00000000 b3:07 130972     /lib/arm-linux-gnueabihf/libnss_compat-2.19.so
76265000-76274000 ---p 00007000 b3:07 130972     /lib/arm-linux-gnueabihf/libnss_compat-2.19.so
76274000-76275000 r--p 00006000 b3:07 130972     /lib/arm-linux-gnueabihf/libnss_compat-2.19.so
76275000-76276000 rw-p 00007000 b3:07 130972     /lib/arm-linux-gnueabihf/libnss_compat-2.19.so
76280000-76285000 r--s 00096000 b3:07 1311090    /usr/lib/jvm/jdk-8-oracle-arm32-vfp-hflt/jre/lib/jsse.jar
76285000-76289000 r--s 001fd000 b3:07 1712982    /usr/local/src/tmp/Downloads/Java/output/CameraVision-all.jar
76289000-762ac000 r-xp 00000000 b3:07 1311152    /usr/lib/jvm/jdk-8-oracle-arm32-vfp-hflt/jre/lib/arm/libjava.so
762ac000-762b4000 ---p 00023000 b3:07 1311152    /usr/lib/jvm/jdk-8-oracle-arm32-vfp-hflt/jre/lib/arm/libjava.so
762b4000-762b5000 rw-p 00023000 b3:07 1311152    /usr/lib/jvm/jdk-8-oracle-arm32-vfp-hflt/jre/lib/arm/libjava.so
762b5000-762bb000 r-xp 00000000 b3:07 130988     /lib/arm-linux-gnueabihf/librt-2.19.so
762bb000-762ca000 ---p 00006000 b3:07 130988     /lib/arm-linux-gnueabihf/librt-2.19.so
762ca000-762cb000 r--p 00005000 b3:07 130988     /lib/arm-linux-gnueabihf/librt-2.19.so
762cb000-762cc000 rw-p 00006000 b3:07 130988     /lib/arm-linux-gnueabihf/librt-2.19.so
762cc000-762cf000 ---p 00000000 00:00 0 
762cf000-7631c000 rwxp 00000000 00:00 0 
7631c000-76385000 r-xp 00000000 b3:07 130960     /lib/arm-linux-gnueabihf/libm-2.19.so
76385000-76395000 ---p 00069000 b3:07 130960     /lib/arm-linux-gnueabihf/libm-2.19.so
76395000-76396000 r--p 00069000 b3:07 130960     /lib/arm-linux-gnueabihf/libm-2.19.so
76396000-76397000 rw-p 0006a000 b3:07 130960     /lib/arm-linux-gnueabihf/libm-2.19.so
76397000-7691a000 r-xp 00000000 b3:07 1311177    /usr/lib/jvm/jdk-8-oracle-arm32-vfp-hflt/jre/lib/arm/client/libjvm.so
7691a000-76922000 ---p 00583000 b3:07 1311177    /usr/lib/jvm/jdk-8-oracle-arm32-vfp-hflt/jre/lib/arm/client/libjvm.so
76922000-7694e000 rw-p 00583000 b3:07 1311177    /usr/lib/jvm/jdk-8-oracle-arm32-vfp-hflt/jre/lib/arm/client/libjvm.so
7694e000-76d71000 rw-p 00000000 00:00 0 
76d71000-76d8e000 r-xp 00000000 b3:07 130945     /lib/arm-linux-gnueabihf/libgcc_s.so.1
76d8e000-76d9d000 ---p 0001d000 b3:07 130945     /lib/arm-linux-gnueabihf/libgcc_s.so.1
76d9d000-76d9e000 rw-p 0001c000 b3:07 130945     /lib/arm-linux-gnueabihf/libgcc_s.so.1
76d9e000-76ec9000 r-xp 00000000 b3:07 131006     /lib/arm-linux-gnueabihf/libc-2.19.so
76ec9000-76ed9000 ---p 0012b000 b3:07 131006     /lib/arm-linux-gnueabihf/libc-2.19.so
76ed9000-76edb000 r--p 0012b000 b3:07 131006     /lib/arm-linux-gnueabihf/libc-2.19.so
76edb000-76edc000 rw-p 0012d000 b3:07 131006     /lib/arm-linux-gnueabihf/libc-2.19.so
76edc000-76edf000 rw-p 00000000 00:00 0 
76edf000-76ee1000 r-xp 00000000 b3:07 131081     /lib/arm-linux-gnueabihf/libdl-2.19.so
76ee1000-76ef0000 ---p 00002000 b3:07 131081     /lib/arm-linux-gnueabihf/libdl-2.19.so
76ef0000-76ef1000 r--p 00001000 b3:07 131081     /lib/arm-linux-gnueabihf/libdl-2.19.so
76ef1000-76ef2000 rw-p 00002000 b3:07 131081     /lib/arm-linux-gnueabihf/libdl-2.19.so
76ef2000-76f06000 r-xp 00000000 b3:07 1311175    /usr/lib/jvm/jdk-8-oracle-arm32-vfp-hflt/jre/lib/arm/jli/libjli.so
76f06000-76f0e000 ---p 00014000 b3:07 1311175    /usr/lib/jvm/jdk-8-oracle-arm32-vfp-hflt/jre/lib/arm/jli/libjli.so
76f0e000-76f0f000 rw-p 00014000 b3:07 1311175    /usr/lib/jvm/jdk-8-oracle-arm32-vfp-hflt/jre/lib/arm/jli/libjli.so
76f0f000-76f23000 r-xp 00000000 b3:07 131019     /lib/arm-linux-gnueabihf/libpthread-2.19.so
76f23000-76f33000 ---p 00014000 b3:07 131019     /lib/arm-linux-gnueabihf/libpthread-2.19.so
76f33000-76f34000 r--p 00014000 b3:07 131019     /lib/arm-linux-gnueabihf/libpthread-2.19.so
76f34000-76f35000 rw-p 00015000 b3:07 131019     /lib/arm-linux-gnueabihf/libpthread-2.19.so
76f35000-76f38000 rw-p 00000000 00:00 0 
76f38000-76f41000 r-xp 00000000 b3:07 1311172    /usr/lib/jvm/jdk-8-oracle-arm32-vfp-hflt/jre/lib/arm/libverify.so
76f41000-76f49000 ---p 00009000 b3:07 1311172    /usr/lib/jvm/jdk-8-oracle-arm32-vfp-hflt/jre/lib/arm/libverify.so
76f49000-76f4a000 rw-p 00009000 b3:07 1311172    /usr/lib/jvm/jdk-8-oracle-arm32-vfp-hflt/jre/lib/arm/libverify.so
76f4a000-76f4f000 r-xp 00000000 b3:07 1312124    /usr/lib/arm-linux-gnueabihf/libarmmem.so
76f4f000-76f5e000 ---p 00005000 b3:07 1312124    /usr/lib/arm-linux-gnueabihf/libarmmem.so
76f5e000-76f5f000 rw-p 00004000 b3:07 1312124    /usr/lib/arm-linux-gnueabihf/libarmmem.so
76f5f000-76f7f000 r-xp 00000000 b3:07 130911     /lib/arm-linux-gnueabihf/ld-2.19.so
76f7f000-76f80000 r--p 00000000 b3:07 399632     /usr/share/locale/en_GB/LC_MESSAGES/libc.mo
76f80000-76f88000 rw-s 00000000 b3:07 1444969    /tmp/hsperfdata_root/1663 (deleted)
76f88000-76f89000 ---p 00000000 00:00 0 
76f89000-76f8c000 rw-p 00000000 00:00 0 
76f8c000-76f8e000 rw-p 00000000 00:00 0 
76f8e000-76f8f000 r--p 0001f000 b3:07 130911     /lib/arm-linux-gnueabihf/ld-2.19.so
76f8f000-76f90000 rw-p 00020000 b3:07 130911     /lib/arm-linux-gnueabihf/ld-2.19.so
7e7e0000-7e801000 rwxp 00000000 00:00 0          [stack]
7eb08000-7eb09000 r-xp 00000000 00:00 0          [sigpage]
7eb09000-7eb0a000 r--p 00000000 00:00 0          [vvar]
7eb0a000-7eb0b000 r-xp 00000000 00:00 0          [vdso]
ffff0000-ffff1000 r-xp 00000000 00:00 0          [vectors]

VM Arguments:
jvm_args: -Djava.library.path=. 
java_command: CameraVision-all.jar
java_class_path (initial): CameraVision-all.jar
Launcher Type: SUN_STANDARD

Environment Variables:
PATH=/usr/local/sbin:/usr/local/bin:/usr/sbin:/usr/bin:/sbin:/bin
USERNAME=root
SHELL=/bin/bash
DISPLAY=:0.0

Signal Handlers:
SIGSEGV: [libjvm.so+0x506638], sa_mask[0]=11111111011111111101111111111110, sa_flags=SA_RESTART|SA_SIGINFO
SIGBUS: [libjvm.so+0x506638], sa_mask[0]=11111111011111111101111111111110, sa_flags=SA_RESTART|SA_SIGINFO
SIGFPE: [libjvm.so+0x3fd4ec], sa_mask[0]=11111111011111111101111111111110, sa_flags=SA_RESTART|SA_SIGINFO
SIGPIPE: [libjvm.so+0x3fd4ec], sa_mask[0]=11111111011111111101111111111110, sa_flags=SA_RESTART|SA_SIGINFO
SIGXFSZ: [libjvm.so+0x3fd4ec], sa_mask[0]=11111111011111111101111111111110, sa_flags=SA_RESTART|SA_SIGINFO
SIGILL: [libjvm.so+0x3fd4ec], sa_mask[0]=11111111011111111101111111111110, sa_flags=SA_RESTART|SA_SIGINFO
SIGUSR1: SIG_DFL, sa_mask[0]=00000000000000000000000000000000, sa_flags=none
SIGUSR2: [libjvm.so+0x3fd650], sa_mask[0]=00000000000000000000000000000000, sa_flags=SA_RESTART|SA_SIGINFO
SIGHUP: [libjvm.so+0x3fda84], sa_mask[0]=11111111011111111101111111111110, sa_flags=SA_RESTART|SA_SIGINFO
SIGINT: [libjvm.so+0x3fda84], sa_mask[0]=11111111011111111101111111111110, sa_flags=SA_RESTART|SA_SIGINFO
SIGTERM: [libjvm.so+0x3fda84], sa_mask[0]=11111111011111111101111111111110, sa_flags=SA_RESTART|SA_SIGINFO
SIGQUIT: [libjvm.so+0x3fda84], sa_mask[0]=11111111011111111101111111111110, sa_flags=SA_RESTART|SA_SIGINFO


---------------  S Y S T E M  ---------------

OS:PRETTY_NAME="Raspbian GNU/Linux 8 (jessie)"
NAME="Raspbian GNU/Linux"
VERSION_ID="8"
VERSION="8 (jessie)"
ID=raspbian
ID_LIKE=debian
HOME_URL="http://www.raspbian.org/"
SUPPORT_URL="http://www.raspbian.org/RaspbianForums"
BUG_REPORT_URL="http://www.raspbian.org/RaspbianBugs"

uname:Linux 4.4.34-v7+ #930 SMP Wed Nov 23 15:20:41 GMT 2016 armv7l
libc:glibc 2.19 NPTL 2.19 
rlimit: STACK 8192k, CORE 0k, NPROC 7336, NOFILE 65536, AS infinity
load average:1.17 1.32 0.88

/proc/meminfo:
MemTotal:         947732 kB
MemFree:          416192 kB
MemAvailable:     693844 kB
Buffers:           19232 kB
Cached:           306516 kB
SwapCached:            0 kB
Active:           389016 kB
Inactive:         104672 kB
Active(anon):     168388 kB
Inactive(anon):    11800 kB
Active(file):     220628 kB
Inactive(file):    92872 kB
Unevictable:           0 kB
Mlocked:               0 kB
SwapTotal:        102396 kB
SwapFree:         102396 kB
Dirty:               352 kB
Writeback:             0 kB
AnonPages:        167948 kB
Mapped:            83880 kB
Shmem:             12244 kB
Slab:              19956 kB
SReclaimable:      10220 kB
SUnreclaim:         9736 kB
KernelStack:        1904 kB
PageTables:         2976 kB
NFS_Unstable:          0 kB
Bounce:                0 kB
WritebackTmp:          0 kB
CommitLimit:      576260 kB
Committed_AS:     999532 kB
VmallocTotal:    1114112 kB
VmallocUsed:           0 kB
VmallocChunk:          0 kB
CmaTotal:           8192 kB
CmaFree:            3636 kB


CPU:total 4 (ARMv7), vfp

/proc/cpuinfo:
processor	: 0
model name	: ARMv7 Processor rev 4 (v7l)
BogoMIPS	: 76.80
Features	: half thumb fastmult vfp edsp neon vfpv3 tls vfpv4 idiva idivt vfpd32 lpae evtstrm crc32 
CPU implementer	: 0x41
CPU architecture: 7
CPU variant	: 0x0
CPU part	: 0xd03
CPU revision	: 4

processor	: 1
model name	: ARMv7 Processor rev 4 (v7l)
BogoMIPS	: 76.80
Features	: half thumb fastmult vfp edsp neon vfpv3 tls vfpv4 idiva idivt vfpd32 lpae evtstrm crc32 
CPU implementer	: 0x41
CPU architecture: 7
CPU variant	: 0x0
CPU part	: 0xd03
CPU revision	: 4

processor	: 2
model name	: ARMv7 Processor rev 4 (v7l)
BogoMIPS	: 76.80
Features	: half thumb fastmult vfp edsp neon vfpv3 tls vfpv4 idiva idivt vfpd32 lpae evtstrm crc32 
CPU implementer	: 0x41
CPU architecture: 7
CPU variant	: 0x0
CPU part	: 0xd03
CPU revision	: 4

processor	: 3
model name	: ARMv7 Processor rev 4 (v7l)
BogoMIPS	: 76.80
Features	: half thumb fastmult vfp edsp neon vfpv3 tls vfpv4 idiva idivt vfpd32 lpae evtstrm crc32 
CPU implementer	: 0x41
CPU architecture: 7
CPU variant	: 0x0
CPU part	: 0xd03
CPU revision	: 4

Hardware	: BCM2709
Revision	: a02082
Serial		: 00000000a10a37a6


Memory: 4k page, physical 947732k(416192k free), swap 102396k(102396k free)

vm_info: Java HotSpot(TM) Client VM (25.65-b01) for linux-arm-vfp-hflt JRE (1.8.0_65-b17), built on Oct  6 2015 16:19:04 by "java_re" with gcc 4.7.2 20120910 (prerelease)

time: Sat Feb  4 10:35:07 2017
elapsed time: 56 seconds (0d 0h 0m 56s)

