#
# A fatal error has been detected by the Java Runtime Environment:
#
#  SIGSEGV (0xb) at pc=0x762a58b8, pid=828, tid=1613468768
#
# JRE version: Java(TM) SE Runtime Environment (8.0_65-b17) (build 1.8.0_65-b17)
# Java VM: Java HotSpot(TM) Client VM (25.65-b01 mixed mode linux-arm )
# Problematic frame:
# C  0x762a58b8
#
# Failed to write core dump. Core dumps have been disabled. To enable core dumping, try "ulimit -c unlimited" before starting Java again
#
# If you would like to submit a bug report, please visit:
#   http://bugreport.java.com/bugreport/crash.jsp
#

---------------  T H R E A D  ---------------

Current thread is native thread

siginfo: si_signo: 11 (SIGSEGV), si_code: 2 (SEGV_ACCERR), si_addr: 0x762a58b8

Registers:
  r0  = 0x6380dd80
  r1  = 0x00000000
  r2  = 0x00000001
  r3  = 0x762a58b8
  r4  = 0x41000001
  r5  = 0x76f865bc
  r6  = 0x61ec0544
  r7  = 0x00000008
  r8  = 0x6380dde0
  r9  = 0x61ec061c
  r10 = 0x6380dd80
  fp  = 0x6380dde0
  r12 = 0x61ebe34c
  sp  = 0x602b8b28
  lr  = 0x61b38cac
  pc  = 0x762a58b8
  cpsr = 0x60000010

Top of Stack: (sp=0x602b8b28)
0x602b8b28:   00000008 00000001 6380df74 80000015
0x602b8b38:   64a00468 6380dde0 00000015 00000013
0x602b8b48:   602b8bcc 61ebc0ec 00000001 61b56f0c
0x602b8b58:   602b8bcc 0000019c 00000000 0034d7b5
0x602b8b68:   00000000 6380dde0 602b8d18 00000000
0x602b8b78:   00000000 602b8d98 00000000 00000000
0x602b8b88:   00000000 00000000 00000000 6380df08
0x602b8b98:   00000014 00000000 00000000 00000000 

Instructions: (pc=0x762a58b8)
0x762a5898:   00000000 00000000 00000000 00000000
0x762a58a8:   762a5820 00000000 00000000 00000000
0x762a58b8:   00000020 0000003d 00000000 62696c2f
0x762a58c8:   7774654e 546b726f 656c6261 494e4a73 

Register to memory mapping:

  r0  = 0x6380dd80

[error occurred during error reporting (printing register info), id 0xb]

Stack: [0x5faba000,0x602ba000],  sp=0x602b8b28,  free space=8186k
Native frames: (J=compiled Java code, j=interpreted, Vv=VM code, C=native code)
C  0x762a58b8

[error occurred during error reporting (printing native stack), id 0xb]


---------------  P R O C E S S  ---------------

VM state:at safepoint (shutting down)

VM Mutex/Monitor currently owned by a thread:  ([mutex/lock_event])
[0x76204a80] Threads_lock - owner thread: 0x7625d400

Heap:
 def new generation   total 4864K, used 1850K [0x65800000, 0x65d40000, 0x6a540000)
  eden space 4352K,  42% used [0x65800000, 0x659ce980, 0x65c40000)
  from space 512K,   0% used [0x65c40000, 0x65c40000, 0x65cc0000)
  to   space 512K,   0% used [0x65cc0000, 0x65cc0000, 0x65d40000)
 tenured generation   total 11008K, used 0K [0x6a540000, 0x6b000000, 0x74000000)
   the space 11008K,   0% used [0x6a540000, 0x6a540000, 0x6a540200, 0x6b000000)
 Metaspace       used 2233K, capacity 2464K, committed 2584K, reserved 4400K

Card table byte_map: [0x7406d000,0x740e2000] byte_map_base: 0x73d41000

Polling page: 0x76ff3000

CodeCache: size=32768Kb used=741Kb max_used=741Kb free=32026Kb
 bounds [0x74162000, 0x74222000, 0x76162000]
 total_blobs=359 nmethods=44 adapters=248
 compilation: enabled

Compilation events (10 events):
Event: 3.499 Thread 0x76280400   37             java.util.Arrays::copyOfRange (63 bytes)
Event: 3.501 Thread 0x76280400 nmethod 37 0x74212488 code [0x742125c0, 0x74212930]
Event: 153.046 Thread 0x76280400   38             edu.wpi.cscore.CvSink::grabFrame (9 bytes)
Event: 153.046 Thread 0x76280400 nmethod 38 0x7421aa88 code [0x7421ab70, 0x7421ac24]
Event: 153.047 Thread 0x76280400   39             edu.wpi.cscore.CvSink::grabFrame (13 bytes)
Event: 153.047 Thread 0x76280400 nmethod 39 0x7421acc8 code [0x7421adb0, 0x7421ae54]
Event: 153.361 Thread 0x76280400   41             edu.wpi.cscore.CvSource::putFrame (12 bytes)
Event: 153.362 Thread 0x76280400 nmethod 41 0x7421b108 code [0x7421b1f0, 0x7421b294]
Event: 303.389 Thread 0x76280400   43             org.opencv.imgproc.Imgproc::cvtColor (13 bytes)
Event: 303.389 Thread 0x76280400 nmethod 43 0x7421b548 code [0x7421b630, 0x7421b6e4]

GC Heap History (0 events):
No events

Deoptimization events (0 events):
No events

Internal exceptions (6 events):
Event: 0.738 Thread 0x76207000 Exception <a 'java/lang/NoSuchMethodError': Method sun.misc.Unsafe.defineClass(Ljava/lang/String;[BII)Ljava/lang/Class; name or signature does not match> (0x65810488) thrown at [/HUDSON/workspace/8-2-build-glinux-arm-vfp-hflt/jdk8u65/4987/hotspot/src/shar
Event: 0.738 Thread 0x76207000 Exception <a 'java/lang/NoSuchMethodError': Method sun.misc.Unsafe.prefetchRead(Ljava/lang/Object;J)V name or signature does not match> (0x65810758) thrown at [/HUDSON/workspace/8-2-build-glinux-arm-vfp-hflt/jdk8u65/4987/hotspot/src/share/vm/prims/jni.cpp
Event: 2.244 Thread 0x76207000 Exception <a 'java/security/PrivilegedActionException'> (0x658c3fe0) thrown at [/HUDSON/workspace/8-2-build-glinux-arm-vfp-hflt/jdk8u65/4987/hotspot/src/share/vm/prims/jvm.cpp, line 1386]
Event: 2.244 Thread 0x76207000 Exception <a 'java/security/PrivilegedActionException'> (0x658c41e0) thrown at [/HUDSON/workspace/8-2-build-glinux-arm-vfp-hflt/jdk8u65/4987/hotspot/src/share/vm/prims/jvm.cpp, line 1386]
Event: 2.246 Thread 0x76207000 Exception <a 'java/security/PrivilegedActionException'> (0x658c6930) thrown at [/HUDSON/workspace/8-2-build-glinux-arm-vfp-hflt/jdk8u65/4987/hotspot/src/share/vm/prims/jvm.cpp, line 1386]
Event: 2.246 Thread 0x76207000 Exception <a 'java/security/PrivilegedActionException'> (0x658c6b30) thrown at [/HUDSON/workspace/8-2-build-glinux-arm-vfp-hflt/jdk8u65/4987/hotspot/src/share/vm/prims/jvm.cpp, line 1386]

Events (10 events):
Event: 5.231 Executing VM operation: EnableBiasedLocking done
Event: 1475.878 loading class sun/misc/Signal$1
Event: 1475.879 loading class sun/misc/Signal$1 done
Event: 1475.885 Thread 0x64ae1c00 Thread added: 0x64ae1c00
Event: 1475.886 loading class java/util/ArrayList$Itr
Event: 1475.886 loading class java/util/ArrayList$Itr done
Event: 1475.886 Thread 0x64ae2c00 Thread added: 0x64ae2c00
Event: 1475.892 Executing VM operation: Exit
Event: 1475.897 Thread 0x64ae4000 Thread added: 0x64ae4000
Event: 1475.897 Thread 0x7627ec00 Thread exited: 0x7627ec00


Dynamic libraries:
00008000-00009000 r-xp 00000000 b3:07 1311207    /usr/lib/jvm/jdk-8-oracle-arm32-vfp-hflt/jre/bin/java
00010000-00011000 rw-p 00000000 b3:07 1311207    /usr/lib/jvm/jdk-8-oracle-arm32-vfp-hflt/jre/bin/java
01e01000-01e22000 rw-p 00000000 00:00 0          [heap]
589b0000-589b3000 ---p 00000000 00:00 0 
589b3000-58a00000 rwxp 00000000 00:00 0 
58a00000-58a01000 ---p 00000000 00:00 0 
58a01000-59200000 rwxp 00000000 00:00 0 
59200000-59201000 ---p 00000000 00:00 0 
59201000-59a00000 rwxp 00000000 00:00 0 
59a00000-59a99000 rw-p 00000000 00:00 0 
59a99000-59b00000 ---p 00000000 00:00 0 
59b1e000-59c00000 rw-p 00000000 00:00 0 
59c00000-59cfe000 rw-p 00000000 00:00 0 
59cfe000-59d00000 ---p 00000000 00:00 0 
59d36000-59efa000 rw-p 00000000 00:00 0 
59fdc000-5a1a0000 rw-p 00000000 00:00 0 
5a1a0000-5a1a1000 ---p 00000000 00:00 0 
5a1a1000-5a9a0000 rwxp 00000000 00:00 0 
5a9a0000-5a9a1000 ---p 00000000 00:00 0 
5a9a1000-5b1a0000 rwxp 00000000 00:00 0 
5b1a0000-5b1a1000 ---p 00000000 00:00 0 
5b1a1000-5b9a0000 rwxp 00000000 00:00 0 
5b9a0000-5b9a1000 ---p 00000000 00:00 0 
5b9a1000-5c1a0000 rwxp 00000000 00:00 0 
5c1a0000-5c1a1000 ---p 00000000 00:00 0 
5c1a1000-5c9a0000 rwxp 00000000 00:00 0 
5c9a0000-5c9a1000 ---p 00000000 00:00 0 
5c9a1000-5d1a0000 rwxp 00000000 00:00 0 
5d1a0000-5d1a1000 ---p 00000000 00:00 0 
5d1a1000-5d9a0000 rwxp 00000000 00:00 0 
5d9a0000-5d9a1000 ---p 00000000 00:00 0 
5d9a1000-5e1a0000 rwxp 00000000 00:00 0 
5e1a0000-5e528000 rw-p 00000000 00:00 0 
5e60a000-5e60b000 ---p 00000000 00:00 0 
5e60b000-5ee0a000 rwxp 00000000 00:00 0 
5ee0a000-5ee0b000 ---p 00000000 00:00 0 
5ee0b000-5f60a000 rwxp 00000000 00:00 0 
5faba000-5fabb000 ---p 00000000 00:00 0 
5fabb000-602ba000 rwxp 00000000 00:00 0 
602ba000-602bb000 ---p 00000000 00:00 0 
602bb000-60aba000 rwxp 00000000 00:00 0 
60aba000-60abb000 ---p 00000000 00:00 0 
60abb000-612ba000 rwxp 00000000 00:00 0 
612ba000-612bb000 ---p 00000000 00:00 0 
612bb000-61aba000 rwxp 00000000 00:00 0 
61aba000-61ea9000 r-xp 00000000 b3:07 1448915    /tmp/libCameraServerJNI2323200201904156599.so (deleted)
61ea9000-61eb9000 ---p 003ef000 b3:07 1448915    /tmp/libCameraServerJNI2323200201904156599.so (deleted)
61eb9000-61ec1000 rw-p 003ef000 b3:07 1448915    /tmp/libCameraServerJNI2323200201904156599.so (deleted)
61ec1000-61f57000 rw-p 00000000 00:00 0 
61f57000-61f58000 ---p 00000000 00:00 0 
61f58000-62757000 rwxp 00000000 00:00 0 
62757000-62758000 ---p 00000000 00:00 0 
62758000-62f57000 rwxp 00000000 00:00 0 
62f57000-62f58000 ---p 00000000 00:00 0 
62f58000-63757000 rwxp 00000000 00:00 0 
63757000-637ef000 r-xp 00000000 b3:07 1448886    /tmp/libNetworkTablesJNI3908464405664511274.so (deleted)
637ef000-637fe000 ---p 00098000 b3:07 1448886    /tmp/libNetworkTablesJNI3908464405664511274.so (deleted)
637fe000-63800000 rw-p 00097000 b3:07 1448886    /tmp/libNetworkTablesJNI3908464405664511274.so (deleted)
63800000-63846000 rw-p 00000000 00:00 0 
63846000-63900000 ---p 00000000 00:00 0 
63916000-63919000 ---p 00000000 00:00 0 
63919000-63966000 rwxp 00000000 00:00 0 
63966000-63a27000 r-xp 00000000 b3:07 1311638    /usr/lib/arm-linux-gnueabihf/libstdc++.so.6.0.20
63a27000-63a36000 ---p 000c1000 b3:07 1311638    /usr/lib/arm-linux-gnueabihf/libstdc++.so.6.0.20
63a36000-63a3a000 r--p 000c0000 b3:07 1311638    /usr/lib/arm-linux-gnueabihf/libstdc++.so.6.0.20
63a3a000-63a3c000 rw-p 000c4000 b3:07 1311638    /usr/lib/arm-linux-gnueabihf/libstdc++.so.6.0.20
63a3c000-63a42000 rw-p 00000000 00:00 0 
63a42000-6453a000 r-xp 00000000 b3:07 1712983    /usr/local/src/tmp/Downloads/Java/output/libopencv_java310.so
6453a000-6454a000 ---p 00af8000 b3:07 1712983    /usr/local/src/tmp/Downloads/Java/output/libopencv_java310.so
6454a000-64560000 r--p 00af8000 b3:07 1712983    /usr/local/src/tmp/Downloads/Java/output/libopencv_java310.so
64560000-64566000 rw-p 00b0e000 b3:07 1712983    /usr/local/src/tmp/Downloads/Java/output/libopencv_java310.so
64566000-64600000 rw-p 00000000 00:00 0 
64600000-64621000 rw-p 00000000 00:00 0 
64621000-64700000 ---p 00000000 00:00 0 
64730000-64733000 ---p 00000000 00:00 0 
64733000-64780000 rwxp 00000000 00:00 0 
64780000-64781000 ---p 00000000 00:00 0 
64781000-64800000 rwxp 00000000 00:00 0 
64800000-648f6000 rw-p 00000000 00:00 0 
648f6000-64900000 ---p 00000000 00:00 0 
6490b000-6491d000 r-xp 00000000 b3:07 131045     /lib/arm-linux-gnueabihf/libresolv-2.19.so
6491d000-6492c000 ---p 00012000 b3:07 131045     /lib/arm-linux-gnueabihf/libresolv-2.19.so
6492c000-6492d000 r--p 00011000 b3:07 131045     /lib/arm-linux-gnueabihf/libresolv-2.19.so
6492d000-6492e000 rw-p 00012000 b3:07 131045     /lib/arm-linux-gnueabihf/libresolv-2.19.so
6492e000-64930000 rw-p 00000000 00:00 0 
64930000-64933000 ---p 00000000 00:00 0 
64933000-64980000 rwxp 00000000 00:00 0 
64980000-64983000 ---p 00000000 00:00 0 
64983000-64a00000 rwxp 00000000 00:00 0 
64a00000-64ae6000 rw-p 00000000 00:00 0 
64ae6000-64b00000 ---p 00000000 00:00 0 
64b12000-64b16000 r-xp 00000000 b3:07 130954     /lib/arm-linux-gnueabihf/libnss_dns-2.19.so
64b16000-64b25000 ---p 00004000 b3:07 130954     /lib/arm-linux-gnueabihf/libnss_dns-2.19.so
64b25000-64b26000 r--p 00003000 b3:07 130954     /lib/arm-linux-gnueabihf/libnss_dns-2.19.so
64b26000-64b27000 rw-p 00004000 b3:07 130954     /lib/arm-linux-gnueabihf/libnss_dns-2.19.so
64b27000-64b2a000 ---p 00000000 00:00 0 
64b2a000-64b77000 rwxp 00000000 00:00 0 
64b77000-64d00000 r--p 00000000 b3:07 1317856    /usr/lib/locale/locale-archive
64d00000-64d21000 rw-p 00000000 00:00 0 
64d21000-64e00000 ---p 00000000 00:00 0 
64e00000-64e21000 rw-p 00000000 00:00 0 
64e21000-64f00000 ---p 00000000 00:00 0 
64f00000-64f21000 rw-p 00000000 00:00 0 
64f21000-65000000 ---p 00000000 00:00 0 
65007000-65009000 r-xp 00000000 b3:07 130963     /lib/arm-linux-gnueabihf/libnss_mdns4_minimal.so.2
65009000-65010000 ---p 00002000 b3:07 130963     /lib/arm-linux-gnueabihf/libnss_mdns4_minimal.so.2
65010000-65011000 r--p 00001000 b3:07 130963     /lib/arm-linux-gnueabihf/libnss_mdns4_minimal.so.2
65011000-65012000 rw-p 00002000 b3:07 130963     /lib/arm-linux-gnueabihf/libnss_mdns4_minimal.so.2
65012000-65015000 ---p 00000000 00:00 0 
65015000-65062000 rwxp 00000000 00:00 0 
65062000-65065000 ---p 00000000 00:00 0 
65065000-650b2000 rwxp 00000000 00:00 0 
650b2000-650b3000 ---p 00000000 00:00 0 
650b3000-65132000 rwxp 00000000 00:00 0 
65132000-65181000 rw-p 00000000 00:00 0 
65181000-65359000 r--s 03d20000 b3:07 1311086    /usr/lib/jvm/jdk-8-oracle-arm32-vfp-hflt/jre/lib/rt.jar
65359000-6563a000 rw-p 00000000 00:00 0 
6563a000-65800000 ---p 00000000 00:00 0 
65800000-65d40000 rw-p 00000000 00:00 0 
65d40000-6a540000 ---p 00000000 00:00 0 
6a540000-6b000000 rw-p 00000000 00:00 0 
6b000000-74000000 ---p 00000000 00:00 0 
74016000-7401b000 r--s 00096000 b3:07 1311090    /usr/lib/jvm/jdk-8-oracle-arm32-vfp-hflt/jre/lib/jsse.jar
7401b000-7401f000 r--s 001fe000 b3:07 1712982    /usr/local/src/tmp/Downloads/Java/output/CameraVision-all.jar
7401f000-74025000 rw-p 00000000 00:00 0 
74025000-7406d000 ---p 00000000 00:00 0 
7406d000-74070000 rw-p 00000000 00:00 0 
74070000-74093000 ---p 00000000 00:00 0 
74093000-74099000 rw-p 00000000 00:00 0 
74099000-740e1000 ---p 00000000 00:00 0 
740e1000-740e5000 rw-p 00000000 00:00 0 
740e5000-74162000 ---p 00000000 00:00 0 
74162000-74222000 rwxp 00000000 00:00 0 
74222000-76162000 ---p 00000000 00:00 0 
76162000-7616d000 r-xp 00000000 b3:07 131001     /lib/arm-linux-gnueabihf/libnss_files-2.19.so
7616d000-7617c000 ---p 0000b000 b3:07 131001     /lib/arm-linux-gnueabihf/libnss_files-2.19.so
7617c000-7617d000 r--p 0000a000 b3:07 131001     /lib/arm-linux-gnueabihf/libnss_files-2.19.so
7617d000-7617e000 rw-p 0000b000 b3:07 131001     /lib/arm-linux-gnueabihf/libnss_files-2.19.so
7617e000-76187000 r-xp 00000000 b3:07 131084     /lib/arm-linux-gnueabihf/libnss_nis-2.19.so
76187000-76196000 ---p 00009000 b3:07 131084     /lib/arm-linux-gnueabihf/libnss_nis-2.19.so
76196000-76197000 r--p 00008000 b3:07 131084     /lib/arm-linux-gnueabihf/libnss_nis-2.19.so
76197000-76198000 rw-p 00009000 b3:07 131084     /lib/arm-linux-gnueabihf/libnss_nis-2.19.so
76198000-761a9000 r-xp 00000000 b3:07 130932     /lib/arm-linux-gnueabihf/libnsl-2.19.so
761a9000-761b8000 ---p 00011000 b3:07 130932     /lib/arm-linux-gnueabihf/libnsl-2.19.so
761b8000-761b9000 r--p 00010000 b3:07 130932     /lib/arm-linux-gnueabihf/libnsl-2.19.so
761b9000-761ba000 rw-p 00011000 b3:07 130932     /lib/arm-linux-gnueabihf/libnsl-2.19.so
761ba000-761bc000 rw-p 00000000 00:00 0 
761bc000-761c3000 r-xp 00000000 b3:07 130972     /lib/arm-linux-gnueabihf/libnss_compat-2.19.so
761c3000-761d2000 ---p 00007000 b3:07 130972     /lib/arm-linux-gnueabihf/libnss_compat-2.19.so
761d2000-761d3000 r--p 00006000 b3:07 130972     /lib/arm-linux-gnueabihf/libnss_compat-2.19.so
761d3000-761d4000 rw-p 00007000 b3:07 130972     /lib/arm-linux-gnueabihf/libnss_compat-2.19.so
761d4000-761f7000 r-xp 00000000 b3:07 1311152    /usr/lib/jvm/jdk-8-oracle-arm32-vfp-hflt/jre/lib/arm/libjava.so
761f7000-761ff000 ---p 00023000 b3:07 1311152    /usr/lib/jvm/jdk-8-oracle-arm32-vfp-hflt/jre/lib/arm/libjava.so
761ff000-76200000 rw-p 00023000 b3:07 1311152    /usr/lib/jvm/jdk-8-oracle-arm32-vfp-hflt/jre/lib/arm/libjava.so
76200000-762fb000 rw-p 00000000 00:00 0 
762fb000-76300000 ---p 00000000 00:00 0 
76301000-76318000 r-xp 00000000 b3:07 1311148    /usr/lib/jvm/jdk-8-oracle-arm32-vfp-hflt/jre/lib/arm/libzip.so
76318000-7631f000 ---p 00017000 b3:07 1311148    /usr/lib/jvm/jdk-8-oracle-arm32-vfp-hflt/jre/lib/arm/libzip.so
7631f000-76320000 rw-p 00016000 b3:07 1311148    /usr/lib/jvm/jdk-8-oracle-arm32-vfp-hflt/jre/lib/arm/libzip.so
76320000-76326000 r-xp 00000000 b3:07 130988     /lib/arm-linux-gnueabihf/librt-2.19.so
76326000-76335000 ---p 00006000 b3:07 130988     /lib/arm-linux-gnueabihf/librt-2.19.so
76335000-76336000 r--p 00005000 b3:07 130988     /lib/arm-linux-gnueabihf/librt-2.19.so
76336000-76337000 rw-p 00006000 b3:07 130988     /lib/arm-linux-gnueabihf/librt-2.19.so
76337000-7633a000 ---p 00000000 00:00 0 
7633a000-76387000 rwxp 00000000 00:00 0 
76387000-763f0000 r-xp 00000000 b3:07 130960     /lib/arm-linux-gnueabihf/libm-2.19.so
763f0000-76400000 ---p 00069000 b3:07 130960     /lib/arm-linux-gnueabihf/libm-2.19.so
76400000-76401000 r--p 00069000 b3:07 130960     /lib/arm-linux-gnueabihf/libm-2.19.so
76401000-76402000 rw-p 0006a000 b3:07 130960     /lib/arm-linux-gnueabihf/libm-2.19.so
76402000-76985000 r-xp 00000000 b3:07 1311177    /usr/lib/jvm/jdk-8-oracle-arm32-vfp-hflt/jre/lib/arm/client/libjvm.so
76985000-7698d000 ---p 00583000 b3:07 1311177    /usr/lib/jvm/jdk-8-oracle-arm32-vfp-hflt/jre/lib/arm/client/libjvm.so
7698d000-769b9000 rw-p 00583000 b3:07 1311177    /usr/lib/jvm/jdk-8-oracle-arm32-vfp-hflt/jre/lib/arm/client/libjvm.so
769b9000-76ddc000 rw-p 00000000 00:00 0 
76ddc000-76df9000 r-xp 00000000 b3:07 130945     /lib/arm-linux-gnueabihf/libgcc_s.so.1
76df9000-76e08000 ---p 0001d000 b3:07 130945     /lib/arm-linux-gnueabihf/libgcc_s.so.1
76e08000-76e09000 rw-p 0001c000 b3:07 130945     /lib/arm-linux-gnueabihf/libgcc_s.so.1
76e09000-76f34000 r-xp 00000000 b3:07 131006     /lib/arm-linux-gnueabihf/libc-2.19.so
76f34000-76f44000 ---p 0012b000 b3:07 131006     /lib/arm-linux-gnueabihf/libc-2.19.so
76f44000-76f46000 r--p 0012b000 b3:07 131006     /lib/arm-linux-gnueabihf/libc-2.19.so
76f46000-76f47000 rw-p 0012d000 b3:07 131006     /lib/arm-linux-gnueabihf/libc-2.19.so
76f47000-76f4a000 rw-p 00000000 00:00 0 
76f4a000-76f4c000 r-xp 00000000 b3:07 131081     /lib/arm-linux-gnueabihf/libdl-2.19.so
76f4c000-76f5b000 ---p 00002000 b3:07 131081     /lib/arm-linux-gnueabihf/libdl-2.19.so
76f5b000-76f5c000 r--p 00001000 b3:07 131081     /lib/arm-linux-gnueabihf/libdl-2.19.so
76f5c000-76f5d000 rw-p 00002000 b3:07 131081     /lib/arm-linux-gnueabihf/libdl-2.19.so
76f5d000-76f71000 r-xp 00000000 b3:07 1311175    /usr/lib/jvm/jdk-8-oracle-arm32-vfp-hflt/jre/lib/arm/jli/libjli.so
76f71000-76f79000 ---p 00014000 b3:07 1311175    /usr/lib/jvm/jdk-8-oracle-arm32-vfp-hflt/jre/lib/arm/jli/libjli.so
76f79000-76f7a000 rw-p 00014000 b3:07 1311175    /usr/lib/jvm/jdk-8-oracle-arm32-vfp-hflt/jre/lib/arm/jli/libjli.so
76f7a000-76f8e000 r-xp 00000000 b3:07 131019     /lib/arm-linux-gnueabihf/libpthread-2.19.so
76f8e000-76f9e000 ---p 00014000 b3:07 131019     /lib/arm-linux-gnueabihf/libpthread-2.19.so
76f9e000-76f9f000 r--p 00014000 b3:07 131019     /lib/arm-linux-gnueabihf/libpthread-2.19.so
76f9f000-76fa0000 rw-p 00015000 b3:07 131019     /lib/arm-linux-gnueabihf/libpthread-2.19.so
76fa0000-76fa2000 rw-p 00000000 00:00 0 
76fa3000-76fac000 r-xp 00000000 b3:07 1311172    /usr/lib/jvm/jdk-8-oracle-arm32-vfp-hflt/jre/lib/arm/libverify.so
76fac000-76fb4000 ---p 00009000 b3:07 1311172    /usr/lib/jvm/jdk-8-oracle-arm32-vfp-hflt/jre/lib/arm/libverify.so
76fb4000-76fb5000 rw-p 00009000 b3:07 1311172    /usr/lib/jvm/jdk-8-oracle-arm32-vfp-hflt/jre/lib/arm/libverify.so
76fb5000-76fba000 r-xp 00000000 b3:07 1312124    /usr/lib/arm-linux-gnueabihf/libarmmem.so
76fba000-76fc9000 ---p 00005000 b3:07 1312124    /usr/lib/arm-linux-gnueabihf/libarmmem.so
76fc9000-76fca000 rw-p 00004000 b3:07 1312124    /usr/lib/arm-linux-gnueabihf/libarmmem.so
76fca000-76fea000 r-xp 00000000 b3:07 130911     /lib/arm-linux-gnueabihf/ld-2.19.so
76fea000-76feb000 r--p 00000000 b3:07 399632     /usr/share/locale/en_GB/LC_MESSAGES/libc.mo
76feb000-76ff3000 rw-s 00000000 b3:07 1448873    /tmp/hsperfdata_root/828 (deleted)
76ff3000-76ff4000 ---p 00000000 00:00 0 
76ff4000-76ff7000 rw-p 00000000 00:00 0 
76ff7000-76ff9000 rw-p 00000000 00:00 0 
76ff9000-76ffa000 r--p 0001f000 b3:07 130911     /lib/arm-linux-gnueabihf/ld-2.19.so
76ffa000-76ffb000 rw-p 00020000 b3:07 130911     /lib/arm-linux-gnueabihf/ld-2.19.so
7ef2b000-7ef4c000 rwxp 00000000 00:00 0          [stack]
7ef92000-7ef93000 r-xp 00000000 00:00 0          [sigpage]
7ef93000-7ef94000 r--p 00000000 00:00 0          [vvar]
7ef94000-7ef95000 r-xp 00000000 00:00 0          [vdso]
ffff0000-ffff1000 r-xp 00000000 00:00 0          [vectors]

VM Arguments:
jvm_args: -Djava.library.path=. 
java_command: CameraVision-all.jar
java_class_path (initial): CameraVision-all.jar
Launcher Type: SUN_STANDARD

Environment Variables:
PATH=/usr/local/sbin:/usr/local/bin:/usr/sbin:/usr/bin:/sbin:/bin
USERNAME=root
SHELL=/bin/bash

Signal Handlers:
SIGSEGV: [libjvm.so+0x506638], sa_mask[0]=11111111011111111101111111111110, sa_flags=SA_RESTART|SA_SIGINFO
SIGBUS: [libjvm.so+0x506638], sa_mask[0]=11111111011111111101111111111110, sa_flags=SA_RESTART|SA_SIGINFO
SIGFPE: [libjvm.so+0x3fd4ec], sa_mask[0]=11111111011111111101111111111110, sa_flags=SA_RESTART|SA_SIGINFO
SIGPIPE: [libjvm.so+0x3fd4ec], sa_mask[0]=11111111011111111101111111111110, sa_flags=SA_RESTART|SA_SIGINFO
SIGXFSZ: [libjvm.so+0x3fd4ec], sa_mask[0]=11111111011111111101111111111110, sa_flags=SA_RESTART|SA_SIGINFO
SIGILL: [libjvm.so+0x3fd4ec], sa_mask[0]=11111111011111111101111111111110, sa_flags=SA_RESTART|SA_SIGINFO
SIGUSR1: SIG_DFL, sa_mask[0]=00000000000000000000000000000000, sa_flags=none
SIGUSR2: [libjvm.so+0x3fd650], sa_mask[0]=00000000000000000000000000000000, sa_flags=SA_RESTART|SA_SIGINFO
SIGHUP: [libjvm.so+0x3fda84], sa_mask[0]=11111111011111111101111111111110, sa_flags=SA_RESTART|SA_SIGINFO
SIGINT: [libjvm.so+0x3fda84], sa_mask[0]=11111111011111111101111111111110, sa_flags=SA_RESTART|SA_SIGINFO
SIGTERM: [libjvm.so+0x3fda84], sa_mask[0]=11111111011111111101111111111110, sa_flags=SA_RESTART|SA_SIGINFO
SIGQUIT: [libjvm.so+0x3fda84], sa_mask[0]=11111111011111111101111111111110, sa_flags=SA_RESTART|SA_SIGINFO


---------------  S Y S T E M  ---------------

OS:PRETTY_NAME="Raspbian GNU/Linux 8 (jessie)"
NAME="Raspbian GNU/Linux"
VERSION_ID="8"
VERSION="8 (jessie)"
ID=raspbian
ID_LIKE=debian
HOME_URL="http://www.raspbian.org/"
SUPPORT_URL="http://www.raspbian.org/RaspbianForums"
BUG_REPORT_URL="http://www.raspbian.org/RaspbianBugs"

uname:Linux 4.4.34-v7+ #930 SMP Wed Nov 23 15:20:41 GMT 2016 armv7l
libc:glibc 2.19 NPTL 2.19 
rlimit: STACK 8192k, CORE 0k, NPROC 7336, NOFILE 65536, AS infinity
load average:0.61 0.79 0.69

/proc/meminfo:
MemTotal:         947732 kB
MemFree:          715780 kB
MemAvailable:     830820 kB
Buffers:           16132 kB
Cached:           142356 kB
SwapCached:            0 kB
Active:           140724 kB
Inactive:          58980 kB
Active(anon):      41664 kB
Inactive(anon):     6072 kB
Active(file):      99060 kB
Inactive(file):    52908 kB
Unevictable:           0 kB
Mlocked:               0 kB
SwapTotal:        102396 kB
SwapFree:         102396 kB
Dirty:                60 kB
Writeback:             0 kB
AnonPages:         41156 kB
Mapped:            45804 kB
Shmem:              6524 kB
Slab:              17252 kB
SReclaimable:       8064 kB
SUnreclaim:         9188 kB
KernelStack:        1784 kB
PageTables:         1128 kB
NFS_Unstable:          0 kB
Bounce:                0 kB
WritebackTmp:          0 kB
CommitLimit:      576260 kB
Committed_AS:     350528 kB
VmallocTotal:    1114112 kB
VmallocUsed:           0 kB
VmallocChunk:          0 kB
CmaTotal:           8192 kB
CmaFree:            3660 kB


CPU:total 4 (ARMv7), vfp

/proc/cpuinfo:
processor	: 0
model name	: ARMv7 Processor rev 4 (v7l)
BogoMIPS	: 76.80
Features	: half thumb fastmult vfp edsp neon vfpv3 tls vfpv4 idiva idivt vfpd32 lpae evtstrm crc32 
CPU implementer	: 0x41
CPU architecture: 7
CPU variant	: 0x0
CPU part	: 0xd03
CPU revision	: 4

processor	: 1
model name	: ARMv7 Processor rev 4 (v7l)
BogoMIPS	: 76.80
Features	: half thumb fastmult vfp edsp neon vfpv3 tls vfpv4 idiva idivt vfpd32 lpae evtstrm crc32 
CPU implementer	: 0x41
CPU architecture: 7
CPU variant	: 0x0
CPU part	: 0xd03
CPU revision	: 4

processor	: 2
model name	: ARMv7 Processor rev 4 (v7l)
BogoMIPS	: 76.80
Features	: half thumb fastmult vfp edsp neon vfpv3 tls vfpv4 idiva idivt vfpd32 lpae evtstrm crc32 
CPU implementer	: 0x41
CPU architecture: 7
CPU variant	: 0x0
CPU part	: 0xd03
CPU revision	: 4

processor	: 3
model name	: ARMv7 Processor rev 4 (v7l)
BogoMIPS	: 76.80
Features	: half thumb fastmult vfp edsp neon vfpv3 tls vfpv4 idiva idivt vfpd32 lpae evtstrm crc32 
CPU implementer	: 0x41
CPU architecture: 7
CPU variant	: 0x0
CPU part	: 0xd03
CPU revision	: 4

Hardware	: BCM2709
Revision	: a02082
Serial		: 00000000a10a37a6


Memory: 4k page, physical 947732k(715780k free), swap 102396k(102396k free)

vm_info: Java HotSpot(TM) Client VM (25.65-b01) for linux-arm-vfp-hflt JRE (1.8.0_65-b17), built on Oct  6 2015 16:19:04 by "java_re" with gcc 4.7.2 20120910 (prerelease)

time: Sat Feb 18 03:10:51 2017
elapsed time: 1475 seconds (0d 0h 24m 35s)

