#
# A fatal error has been detected by the Java Runtime Environment:
#
#  SIGSEGV (0xb) at pc=0x761885e8, pid=971, tid=1612420192
#
# JRE version: Java(TM) SE Runtime Environment (8.0_65-b17) (build 1.8.0_65-b17)
# Java VM: Java HotSpot(TM) Client VM (25.65-b01 mixed mode linux-arm )
# Problematic frame:
# C  0x761885e8
#
# Failed to write core dump. Core dumps have been disabled. To enable core dumping, try "ulimit -c unlimited" before starting Java again
#
# If you would like to submit a bug report, please visit:
#   http://bugreport.java.com/bugreport/crash.jsp
#

---------------  T H R E A D  ---------------

Current thread is native thread

siginfo: si_signo: 11 (SIGSEGV), si_code: 2 (SEGV_ACCERR), si_addr: 0x761885e8

Registers:
  r0  = 0x63731ae0
  r1  = 0x00000000
  r2  = 0x00000001
  r3  = 0x761885e8
  r4  = 0x41000001
  r5  = 0x76ec75bc
  r6  = 0x61dc0544
  r7  = 0x00000008
  r8  = 0x63731b40
  r9  = 0x61dc061c
  r10 = 0x63731ae0
  fp  = 0x601b8f9c
  r12 = 0x61dbe34c
  sp  = 0x601b8b28
  lr  = 0x61a38cac
  pc  = 0x761885e8
  cpsr = 0x60000010

Top of Stack: (sp=0x601b8b28)
0x601b8b28:   00000008 00000000 63731cd4 80000013
0x601b8b38:   6477fac8 63731b40 00000015 00000012
0x601b8b48:   601b8bcc 61dbc0ec 00000000 61a56f0c
0x601b8b58:   601b8bcc 00000000 00000000 00000000
0x601b8b68:   00000000 63731b40 601b8d18 00000000
0x601b8b78:   00000000 601b8d98 00000000 00000000
0x601b8b88:   00000000 00000000 00000000 63731c68
0x601b8b98:   00000014 00000000 00000000 00000000 

Instructions: (pc=0x761885e8)
0x761885c8:   00000000 00000000 00000000 00000000
0x761885d8:   00000000 00000000 00000000 00000000
0x761885e8:   612f6269 0000003d 6373eb20 73616c63
0x761885f8:   616f6c73 2e726564 65726170 6544746e 

Register to memory mapping:

  r0  = 0x63731ae0

[error occurred during error reporting (printing register info), id 0xb]

Stack: [0x5f9ba000,0x601ba000],  sp=0x601b8b28,  free space=8186k
Native frames: (J=compiled Java code, j=interpreted, Vv=VM code, C=native code)
C  0x761885e8

[error occurred during error reporting (printing native stack), id 0xb]


---------------  P R O C E S S  ---------------

VM state:at safepoint (shutting down)

VM Mutex/Monitor currently owned by a thread:  ([mutex/lock_event])
[0x76104a80] Threads_lock - owner thread: 0x7615d400

Heap:
 def new generation   total 4864K, used 1762K [0x65800000, 0x65d40000, 0x6a540000)
  eden space 4352K,  40% used [0x65800000, 0x659b89b8, 0x65c40000)
  from space 512K,   0% used [0x65c40000, 0x65c40000, 0x65cc0000)
  to   space 512K,   0% used [0x65cc0000, 0x65cc0000, 0x65d40000)
 tenured generation   total 11008K, used 0K [0x6a540000, 0x6b000000, 0x74000000)
   the space 11008K,   0% used [0x6a540000, 0x6a540000, 0x6a540200, 0x6b000000)
 Metaspace       used 2248K, capacity 2464K, committed 2584K, reserved 4400K

Card table byte_map: [0x6578b000,0x65800000] byte_map_base: 0x6545f000

Polling page: 0x76f34000

CodeCache: size=32768Kb used=738Kb max_used=738Kb free=32029Kb
 bounds [0x74087000, 0x74147000, 0x76087000]
 total_blobs=352 nmethods=37 adapters=248
 compilation: enabled

Compilation events (10 events):
Event: 0.482 Thread 0x76180400   31   !         java.util.zip.Inflater::inflate (113 bytes)
Event: 0.484 Thread 0x76180400 nmethod 31 0x74131b48 code [0x74131c70, 0x741320c8]
Event: 0.485 Thread 0x76180400   33             java.io.FilterInputStream::read (9 bytes)
Event: 0.485 Thread 0x76180400 nmethod 33 0x74132588 code [0x74132670, 0x74132714]
Event: 0.485 Thread 0x76180400   35             java.io.FileOutputStream::write (12 bytes)
Event: 0.486 Thread 0x76180400 nmethod 35 0x74132788 code [0x74132870, 0x74132914]
Event: 0.486 Thread 0x76180400   36             java.io.FilterInputStream::read (11 bytes)
Event: 0.486 Thread 0x76180400 nmethod 36 0x74132988 code [0x74132a70, 0x74132b14]
Event: 1.052 Thread 0x76180400   37             java.util.Arrays::copyOfRange (63 bytes)
Event: 1.054 Thread 0x76180400 nmethod 37 0x74137488 code [0x741375c0, 0x74137930]

GC Heap History (0 events):
No events

Deoptimization events (0 events):
No events

Internal exceptions (7 events):
Event: 0.079 Thread 0x76107000 Exception <a 'java/lang/NoSuchMethodError': Method sun.misc.Unsafe.defineClass(Ljava/lang/String;[BII)Ljava/lang/Class; name or signature does not match> (0x658105b0) thrown at [/HUDSON/workspace/8-2-build-glinux-arm-vfp-hflt/jdk8u65/4987/hotspot/src/shar
Event: 0.079 Thread 0x76107000 Exception <a 'java/lang/NoSuchMethodError': Method sun.misc.Unsafe.prefetchRead(Ljava/lang/Object;J)V name or signature does not match> (0x65810880) thrown at [/HUDSON/workspace/8-2-build-glinux-arm-vfp-hflt/jdk8u65/4987/hotspot/src/share/vm/prims/jni.cpp
Event: 0.319 Thread 0x76107000 Exception <a 'java/security/PrivilegedActionException'> (0x658c40a0) thrown at [/HUDSON/workspace/8-2-build-glinux-arm-vfp-hflt/jdk8u65/4987/hotspot/src/share/vm/prims/jvm.cpp, line 1386]
Event: 0.319 Thread 0x76107000 Exception <a 'java/security/PrivilegedActionException'> (0x658c42a0) thrown at [/HUDSON/workspace/8-2-build-glinux-arm-vfp-hflt/jdk8u65/4987/hotspot/src/share/vm/prims/jvm.cpp, line 1386]
Event: 0.321 Thread 0x76107000 Exception <a 'java/security/PrivilegedActionException'> (0x658c69f0) thrown at [/HUDSON/workspace/8-2-build-glinux-arm-vfp-hflt/jdk8u65/4987/hotspot/src/share/vm/prims/jvm.cpp, line 1386]
Event: 0.321 Thread 0x76107000 Exception <a 'java/security/PrivilegedActionException'> (0x658c6bf0) thrown at [/HUDSON/workspace/8-2-build-glinux-arm-vfp-hflt/jdk8u65/4987/hotspot/src/share/vm/prims/jvm.cpp, line 1386]
Event: 1.065 Thread 0x76107000 Exception <a 'org/opencv/core/CvException': cv::Exception: /home/thad/repos/opencv/modules/imgproc/src/color.cpp:8141: error: (-215) (scn == 3 || scn == 4) && (depth == CV_8U || depth == CV_32F) in function cvtColor
> (0x65998638) thrown at [/HUDSON/works

Events (10 events):
Event: 1.066 loading class java/util/IdentityHashMap
Event: 1.066 loading class java/util/IdentityHashMap done
Event: 1.067 loading class java/util/IdentityHashMap$KeySet
Event: 1.067 loading class java/util/IdentityHashMap$KeySet done
Event: 1.069 Thread 0x76107000 Thread exited: 0x76107000
Event: 1.069 Thread 0x76107000 Thread added: 0x76107000
Event: 1.069 loading class java/util/ArrayList$Itr
Event: 1.070 loading class java/util/ArrayList$Itr done
Event: 1.070 Thread 0x76107000 Thread exited: 0x76107000
Event: 1.070 Thread 0x7617ec00 Thread exited: 0x7617ec00


Dynamic libraries:
00008000-00009000 r-xp 00000000 b3:07 1311207    /usr/lib/jvm/jdk-8-oracle-arm32-vfp-hflt/jre/bin/java
00010000-00011000 rw-p 00000000 b3:07 1311207    /usr/lib/jvm/jdk-8-oracle-arm32-vfp-hflt/jre/bin/java
01142000-01163000 rw-p 00000000 00:00 0          [heap]
5e50a000-5e50b000 ---p 00000000 00:00 0 
5e50b000-5ed0a000 rwxp 00000000 00:00 0 
5ed0a000-5ed0b000 ---p 00000000 00:00 0 
5ed0b000-5f50a000 rwxp 00000000 00:00 0 
5f9ba000-5f9bb000 ---p 00000000 00:00 0 
5f9bb000-601ba000 rwxp 00000000 00:00 0 
601ba000-601bb000 ---p 00000000 00:00 0 
601bb000-609ba000 rwxp 00000000 00:00 0 
609ba000-609bb000 ---p 00000000 00:00 0 
609bb000-611ba000 rwxp 00000000 00:00 0 
611ba000-611bb000 ---p 00000000 00:00 0 
611bb000-619ba000 rwxp 00000000 00:00 0 
619ba000-61da9000 r-xp 00000000 b3:07 1448919    /tmp/libCameraServerJNI5534744770279335664.so (deleted)
61da9000-61db9000 ---p 003ef000 b3:07 1448919    /tmp/libCameraServerJNI5534744770279335664.so (deleted)
61db9000-61dc1000 rw-p 003ef000 b3:07 1448919    /tmp/libCameraServerJNI5534744770279335664.so (deleted)
61dc1000-61e57000 rw-p 00000000 00:00 0 
61e57000-61e58000 ---p 00000000 00:00 0 
61e58000-62657000 rwxp 00000000 00:00 0 
62657000-62658000 ---p 00000000 00:00 0 
62658000-62e57000 rwxp 00000000 00:00 0 
62e57000-62e58000 ---p 00000000 00:00 0 
62e58000-63657000 rwxp 00000000 00:00 0 
63657000-636ef000 r-xp 00000000 b3:07 1448916    /tmp/libNetworkTablesJNI5499289636272998484.so (deleted)
636ef000-636fe000 ---p 00098000 b3:07 1448916    /tmp/libNetworkTablesJNI5499289636272998484.so (deleted)
636fe000-63700000 rw-p 00097000 b3:07 1448916    /tmp/libNetworkTablesJNI5499289636272998484.so (deleted)
63700000-6376a000 rw-p 00000000 00:00 0 
6376a000-63800000 ---p 00000000 00:00 0 
63866000-63927000 r-xp 00000000 b3:07 1311638    /usr/lib/arm-linux-gnueabihf/libstdc++.so.6.0.20
63927000-63936000 ---p 000c1000 b3:07 1311638    /usr/lib/arm-linux-gnueabihf/libstdc++.so.6.0.20
63936000-6393a000 r--p 000c0000 b3:07 1311638    /usr/lib/arm-linux-gnueabihf/libstdc++.so.6.0.20
6393a000-6393c000 rw-p 000c4000 b3:07 1311638    /usr/lib/arm-linux-gnueabihf/libstdc++.so.6.0.20
6393c000-63942000 rw-p 00000000 00:00 0 
63942000-6443a000 r-xp 00000000 b3:07 1712983    /usr/local/src/tmp/Downloads/Java/output/libopencv_java310.so
6443a000-6444a000 ---p 00af8000 b3:07 1712983    /usr/local/src/tmp/Downloads/Java/output/libopencv_java310.so
6444a000-64460000 r--p 00af8000 b3:07 1712983    /usr/local/src/tmp/Downloads/Java/output/libopencv_java310.so
64460000-64466000 rw-p 00b0e000 b3:07 1712983    /usr/local/src/tmp/Downloads/Java/output/libopencv_java310.so
64466000-64500000 rw-p 00000000 00:00 0 
64500000-64521000 rw-p 00000000 00:00 0 
64521000-64600000 ---p 00000000 00:00 0 
64680000-64681000 ---p 00000000 00:00 0 
64681000-64700000 rwxp 00000000 00:00 0 
64700000-64782000 rw-p 00000000 00:00 0 
64782000-64800000 ---p 00000000 00:00 0 
64830000-64833000 ---p 00000000 00:00 0 
64833000-64880000 rwxp 00000000 00:00 0 
64880000-64883000 ---p 00000000 00:00 0 
64883000-64900000 rwxp 00000000 00:00 0 
64900000-64921000 rw-p 00000000 00:00 0 
64921000-64a00000 ---p 00000000 00:00 0 
64a27000-64a2a000 ---p 00000000 00:00 0 
64a2a000-64a77000 rwxp 00000000 00:00 0 
64a77000-64c00000 r--p 00000000 b3:07 1317856    /usr/lib/locale/locale-archive
64c00000-64c21000 rw-p 00000000 00:00 0 
64c21000-64d00000 ---p 00000000 00:00 0 
64d00000-64d21000 rw-p 00000000 00:00 0 
64d21000-64e00000 ---p 00000000 00:00 0 
64e00000-64e21000 rw-p 00000000 00:00 0 
64e21000-64f00000 ---p 00000000 00:00 0 
64f4f000-64f52000 ---p 00000000 00:00 0 
64f52000-64f9f000 rwxp 00000000 00:00 0 
64f9f000-64fa2000 ---p 00000000 00:00 0 
64fa2000-64fef000 rwxp 00000000 00:00 0 
64fef000-64ff0000 ---p 00000000 00:00 0 
64ff0000-6506f000 rwxp 00000000 00:00 0 
6506f000-650be000 rw-p 00000000 00:00 0 
650be000-65296000 r--s 03d20000 b3:07 1311086    /usr/lib/jvm/jdk-8-oracle-arm32-vfp-hflt/jre/lib/rt.jar
65296000-65577000 rw-p 00000000 00:00 0 
65577000-6573d000 ---p 00000000 00:00 0 
6573d000-65743000 rw-p 00000000 00:00 0 
65743000-6578b000 ---p 00000000 00:00 0 
6578b000-6578e000 rw-p 00000000 00:00 0 
6578e000-657b1000 ---p 00000000 00:00 0 
657b1000-657b7000 rw-p 00000000 00:00 0 
657b7000-657ff000 ---p 00000000 00:00 0 
657ff000-65d40000 rw-p 00000000 00:00 0 
65d40000-6a540000 ---p 00000000 00:00 0 
6a540000-6b000000 rw-p 00000000 00:00 0 
6b000000-74000000 ---p 00000000 00:00 0 
74007000-7400a000 rw-p 00000000 00:00 0 
7400a000-74087000 ---p 00000000 00:00 0 
74087000-74147000 rwxp 00000000 00:00 0 
74147000-76087000 ---p 00000000 00:00 0 
76087000-7609e000 r-xp 00000000 b3:07 1311148    /usr/lib/jvm/jdk-8-oracle-arm32-vfp-hflt/jre/lib/arm/libzip.so
7609e000-760a5000 ---p 00017000 b3:07 1311148    /usr/lib/jvm/jdk-8-oracle-arm32-vfp-hflt/jre/lib/arm/libzip.so
760a5000-760a6000 rw-p 00016000 b3:07 1311148    /usr/lib/jvm/jdk-8-oracle-arm32-vfp-hflt/jre/lib/arm/libzip.so
760a6000-760b1000 r-xp 00000000 b3:07 131001     /lib/arm-linux-gnueabihf/libnss_files-2.19.so
760b1000-760c0000 ---p 0000b000 b3:07 131001     /lib/arm-linux-gnueabihf/libnss_files-2.19.so
760c0000-760c1000 r--p 0000a000 b3:07 131001     /lib/arm-linux-gnueabihf/libnss_files-2.19.so
760c1000-760c2000 rw-p 0000b000 b3:07 131001     /lib/arm-linux-gnueabihf/libnss_files-2.19.so
760c2000-760cb000 r-xp 00000000 b3:07 131084     /lib/arm-linux-gnueabihf/libnss_nis-2.19.so
760cb000-760da000 ---p 00009000 b3:07 131084     /lib/arm-linux-gnueabihf/libnss_nis-2.19.so
760da000-760db000 r--p 00008000 b3:07 131084     /lib/arm-linux-gnueabihf/libnss_nis-2.19.so
760db000-760dc000 rw-p 00009000 b3:07 131084     /lib/arm-linux-gnueabihf/libnss_nis-2.19.so
760dc000-760ed000 r-xp 00000000 b3:07 130932     /lib/arm-linux-gnueabihf/libnsl-2.19.so
760ed000-760fc000 ---p 00011000 b3:07 130932     /lib/arm-linux-gnueabihf/libnsl-2.19.so
760fc000-760fd000 r--p 00010000 b3:07 130932     /lib/arm-linux-gnueabihf/libnsl-2.19.so
760fd000-760fe000 rw-p 00011000 b3:07 130932     /lib/arm-linux-gnueabihf/libnsl-2.19.so
760fe000-76100000 rw-p 00000000 00:00 0 
76100000-761ff000 rw-p 00000000 00:00 0 
761ff000-76200000 ---p 00000000 00:00 0 
7620a000-76211000 r-xp 00000000 b3:07 130972     /lib/arm-linux-gnueabihf/libnss_compat-2.19.so
76211000-76220000 ---p 00007000 b3:07 130972     /lib/arm-linux-gnueabihf/libnss_compat-2.19.so
76220000-76221000 r--p 00006000 b3:07 130972     /lib/arm-linux-gnueabihf/libnss_compat-2.19.so
76221000-76222000 rw-p 00007000 b3:07 130972     /lib/arm-linux-gnueabihf/libnss_compat-2.19.so
7622c000-76231000 r--s 00096000 b3:07 1311090    /usr/lib/jvm/jdk-8-oracle-arm32-vfp-hflt/jre/lib/jsse.jar
76231000-76235000 r--s 001fe000 b3:07 1712982    /usr/local/src/tmp/Downloads/Java/output/CameraVision-all.jar
76235000-76258000 r-xp 00000000 b3:07 1311152    /usr/lib/jvm/jdk-8-oracle-arm32-vfp-hflt/jre/lib/arm/libjava.so
76258000-76260000 ---p 00023000 b3:07 1311152    /usr/lib/jvm/jdk-8-oracle-arm32-vfp-hflt/jre/lib/arm/libjava.so
76260000-76261000 rw-p 00023000 b3:07 1311152    /usr/lib/jvm/jdk-8-oracle-arm32-vfp-hflt/jre/lib/arm/libjava.so
76261000-76267000 r-xp 00000000 b3:07 130988     /lib/arm-linux-gnueabihf/librt-2.19.so
76267000-76276000 ---p 00006000 b3:07 130988     /lib/arm-linux-gnueabihf/librt-2.19.so
76276000-76277000 r--p 00005000 b3:07 130988     /lib/arm-linux-gnueabihf/librt-2.19.so
76277000-76278000 rw-p 00006000 b3:07 130988     /lib/arm-linux-gnueabihf/librt-2.19.so
76278000-7627b000 ---p 00000000 00:00 0 
7627b000-762c8000 rwxp 00000000 00:00 0 
762c8000-76331000 r-xp 00000000 b3:07 130960     /lib/arm-linux-gnueabihf/libm-2.19.so
76331000-76341000 ---p 00069000 b3:07 130960     /lib/arm-linux-gnueabihf/libm-2.19.so
76341000-76342000 r--p 00069000 b3:07 130960     /lib/arm-linux-gnueabihf/libm-2.19.so
76342000-76343000 rw-p 0006a000 b3:07 130960     /lib/arm-linux-gnueabihf/libm-2.19.so
76343000-768c6000 r-xp 00000000 b3:07 1311177    /usr/lib/jvm/jdk-8-oracle-arm32-vfp-hflt/jre/lib/arm/client/libjvm.so
768c6000-768ce000 ---p 00583000 b3:07 1311177    /usr/lib/jvm/jdk-8-oracle-arm32-vfp-hflt/jre/lib/arm/client/libjvm.so
768ce000-768fa000 rw-p 00583000 b3:07 1311177    /usr/lib/jvm/jdk-8-oracle-arm32-vfp-hflt/jre/lib/arm/client/libjvm.so
768fa000-76d1d000 rw-p 00000000 00:00 0 
76d1d000-76d3a000 r-xp 00000000 b3:07 130945     /lib/arm-linux-gnueabihf/libgcc_s.so.1
76d3a000-76d49000 ---p 0001d000 b3:07 130945     /lib/arm-linux-gnueabihf/libgcc_s.so.1
76d49000-76d4a000 rw-p 0001c000 b3:07 130945     /lib/arm-linux-gnueabihf/libgcc_s.so.1
76d4a000-76e75000 r-xp 00000000 b3:07 131006     /lib/arm-linux-gnueabihf/libc-2.19.so
76e75000-76e85000 ---p 0012b000 b3:07 131006     /lib/arm-linux-gnueabihf/libc-2.19.so
76e85000-76e87000 r--p 0012b000 b3:07 131006     /lib/arm-linux-gnueabihf/libc-2.19.so
76e87000-76e88000 rw-p 0012d000 b3:07 131006     /lib/arm-linux-gnueabihf/libc-2.19.so
76e88000-76e8b000 rw-p 00000000 00:00 0 
76e8b000-76e8d000 r-xp 00000000 b3:07 131081     /lib/arm-linux-gnueabihf/libdl-2.19.so
76e8d000-76e9c000 ---p 00002000 b3:07 131081     /lib/arm-linux-gnueabihf/libdl-2.19.so
76e9c000-76e9d000 r--p 00001000 b3:07 131081     /lib/arm-linux-gnueabihf/libdl-2.19.so
76e9d000-76e9e000 rw-p 00002000 b3:07 131081     /lib/arm-linux-gnueabihf/libdl-2.19.so
76e9e000-76eb2000 r-xp 00000000 b3:07 1311175    /usr/lib/jvm/jdk-8-oracle-arm32-vfp-hflt/jre/lib/arm/jli/libjli.so
76eb2000-76eba000 ---p 00014000 b3:07 1311175    /usr/lib/jvm/jdk-8-oracle-arm32-vfp-hflt/jre/lib/arm/jli/libjli.so
76eba000-76ebb000 rw-p 00014000 b3:07 1311175    /usr/lib/jvm/jdk-8-oracle-arm32-vfp-hflt/jre/lib/arm/jli/libjli.so
76ebb000-76ecf000 r-xp 00000000 b3:07 131019     /lib/arm-linux-gnueabihf/libpthread-2.19.so
76ecf000-76edf000 ---p 00014000 b3:07 131019     /lib/arm-linux-gnueabihf/libpthread-2.19.so
76edf000-76ee0000 r--p 00014000 b3:07 131019     /lib/arm-linux-gnueabihf/libpthread-2.19.so
76ee0000-76ee1000 rw-p 00015000 b3:07 131019     /lib/arm-linux-gnueabihf/libpthread-2.19.so
76ee1000-76ee3000 rw-p 00000000 00:00 0 
76ee4000-76eed000 r-xp 00000000 b3:07 1311172    /usr/lib/jvm/jdk-8-oracle-arm32-vfp-hflt/jre/lib/arm/libverify.so
76eed000-76ef5000 ---p 00009000 b3:07 1311172    /usr/lib/jvm/jdk-8-oracle-arm32-vfp-hflt/jre/lib/arm/libverify.so
76ef5000-76ef6000 rw-p 00009000 b3:07 1311172    /usr/lib/jvm/jdk-8-oracle-arm32-vfp-hflt/jre/lib/arm/libverify.so
76ef6000-76efb000 r-xp 00000000 b3:07 1312124    /usr/lib/arm-linux-gnueabihf/libarmmem.so
76efb000-76f0a000 ---p 00005000 b3:07 1312124    /usr/lib/arm-linux-gnueabihf/libarmmem.so
76f0a000-76f0b000 rw-p 00004000 b3:07 1312124    /usr/lib/arm-linux-gnueabihf/libarmmem.so
76f0b000-76f2b000 r-xp 00000000 b3:07 130911     /lib/arm-linux-gnueabihf/ld-2.19.so
76f2b000-76f2c000 r--p 00000000 b3:07 399632     /usr/share/locale/en_GB/LC_MESSAGES/libc.mo
76f2c000-76f34000 rw-s 00000000 b3:07 1448913    /tmp/hsperfdata_root/971 (deleted)
76f34000-76f35000 ---p 00000000 00:00 0 
76f35000-76f38000 rw-p 00000000 00:00 0 
76f38000-76f3a000 rw-p 00000000 00:00 0 
76f3a000-76f3b000 r--p 0001f000 b3:07 130911     /lib/arm-linux-gnueabihf/ld-2.19.so
76f3b000-76f3c000 rw-p 00020000 b3:07 130911     /lib/arm-linux-gnueabihf/ld-2.19.so
7ef5b000-7ef7c000 rwxp 00000000 00:00 0          [stack]
7ef7d000-7ef7e000 r-xp 00000000 00:00 0          [sigpage]
7ef7e000-7ef7f000 r--p 00000000 00:00 0          [vvar]
7ef7f000-7ef80000 r-xp 00000000 00:00 0          [vdso]
ffff0000-ffff1000 r-xp 00000000 00:00 0          [vectors]

VM Arguments:
jvm_args: -Djava.library.path=. 
java_command: CameraVision-all.jar
java_class_path (initial): CameraVision-all.jar
Launcher Type: SUN_STANDARD

Environment Variables:
PATH=/usr/local/sbin:/usr/local/bin:/usr/sbin:/usr/bin:/sbin:/bin
USERNAME=root
SHELL=/bin/bash
DISPLAY=:0.0

Signal Handlers:
SIGSEGV: [libjvm.so+0x506638], sa_mask[0]=11111111011111111101111111111110, sa_flags=SA_RESTART|SA_SIGINFO
SIGBUS: [libjvm.so+0x506638], sa_mask[0]=11111111011111111101111111111110, sa_flags=SA_RESTART|SA_SIGINFO
SIGFPE: [libjvm.so+0x3fd4ec], sa_mask[0]=11111111011111111101111111111110, sa_flags=SA_RESTART|SA_SIGINFO
SIGPIPE: [libjvm.so+0x3fd4ec], sa_mask[0]=11111111011111111101111111111110, sa_flags=SA_RESTART|SA_SIGINFO
SIGXFSZ: [libjvm.so+0x3fd4ec], sa_mask[0]=11111111011111111101111111111110, sa_flags=SA_RESTART|SA_SIGINFO
SIGILL: [libjvm.so+0x3fd4ec], sa_mask[0]=11111111011111111101111111111110, sa_flags=SA_RESTART|SA_SIGINFO
SIGUSR1: SIG_DFL, sa_mask[0]=00000000000000000000000000000000, sa_flags=none
SIGUSR2: [libjvm.so+0x3fd650], sa_mask[0]=00000000000000000000000000000000, sa_flags=SA_RESTART|SA_SIGINFO
SIGHUP: [libjvm.so+0x3fda84], sa_mask[0]=11111111011111111101111111111110, sa_flags=SA_RESTART|SA_SIGINFO
SIGINT: [libjvm.so+0x3fda84], sa_mask[0]=11111111011111111101111111111110, sa_flags=SA_RESTART|SA_SIGINFO
SIGTERM: [libjvm.so+0x3fda84], sa_mask[0]=11111111011111111101111111111110, sa_flags=SA_RESTART|SA_SIGINFO
SIGQUIT: [libjvm.so+0x3fda84], sa_mask[0]=11111111011111111101111111111110, sa_flags=SA_RESTART|SA_SIGINFO


---------------  S Y S T E M  ---------------

OS:PRETTY_NAME="Raspbian GNU/Linux 8 (jessie)"
NAME="Raspbian GNU/Linux"
VERSION_ID="8"
VERSION="8 (jessie)"
ID=raspbian
ID_LIKE=debian
HOME_URL="http://www.raspbian.org/"
SUPPORT_URL="http://www.raspbian.org/RaspbianForums"
BUG_REPORT_URL="http://www.raspbian.org/RaspbianBugs"

uname:Linux 4.4.34-v7+ #930 SMP Wed Nov 23 15:20:41 GMT 2016 armv7l
libc:glibc 2.19 NPTL 2.19 
rlimit: STACK 8192k, CORE 0k, NPROC 7336, NOFILE 65536, AS infinity
load average:0.17 0.05 0.01

/proc/meminfo:
MemTotal:         947732 kB
MemFree:          686844 kB
MemAvailable:     799756 kB
Buffers:           14812 kB
Cached:           147324 kB
SwapCached:            0 kB
Active:           137436 kB
Inactive:          90132 kB
Active(anon):      65880 kB
Inactive(anon):    11760 kB
Active(file):      71556 kB
Inactive(file):    78372 kB
Unevictable:           0 kB
Mlocked:               0 kB
SwapTotal:        102396 kB
SwapFree:         102396 kB
Dirty:               296 kB
Writeback:             0 kB
AnonPages:         65372 kB
Mapped:            75312 kB
Shmem:             12244 kB
Slab:              16820 kB
SReclaimable:       7884 kB
SUnreclaim:         8936 kB
KernelStack:        1680 kB
PageTables:         2432 kB
NFS_Unstable:          0 kB
Bounce:                0 kB
WritebackTmp:          0 kB
CommitLimit:      576260 kB
Committed_AS:     806924 kB
VmallocTotal:    1114112 kB
VmallocUsed:           0 kB
VmallocChunk:          0 kB
CmaTotal:           8192 kB
CmaFree:            3640 kB


CPU:total 4 (ARMv7), vfp

/proc/cpuinfo:
processor	: 0
model name	: ARMv7 Processor rev 4 (v7l)
BogoMIPS	: 76.80
Features	: half thumb fastmult vfp edsp neon vfpv3 tls vfpv4 idiva idivt vfpd32 lpae evtstrm crc32 
CPU implementer	: 0x41
CPU architecture: 7
CPU variant	: 0x0
CPU part	: 0xd03
CPU revision	: 4

processor	: 1
model name	: ARMv7 Processor rev 4 (v7l)
BogoMIPS	: 76.80
Features	: half thumb fastmult vfp edsp neon vfpv3 tls vfpv4 idiva idivt vfpd32 lpae evtstrm crc32 
CPU implementer	: 0x41
CPU architecture: 7
CPU variant	: 0x0
CPU part	: 0xd03
CPU revision	: 4

processor	: 2
model name	: ARMv7 Processor rev 4 (v7l)
BogoMIPS	: 76.80
Features	: half thumb fastmult vfp edsp neon vfpv3 tls vfpv4 idiva idivt vfpd32 lpae evtstrm crc32 
CPU implementer	: 0x41
CPU architecture: 7
CPU variant	: 0x0
CPU part	: 0xd03
CPU revision	: 4

processor	: 3
model name	: ARMv7 Processor rev 4 (v7l)
BogoMIPS	: 76.80
Features	: half thumb fastmult vfp edsp neon vfpv3 tls vfpv4 idiva idivt vfpd32 lpae evtstrm crc32 
CPU implementer	: 0x41
CPU architecture: 7
CPU variant	: 0x0
CPU part	: 0xd03
CPU revision	: 4

Hardware	: BCM2709
Revision	: a02082
Serial		: 00000000a10a37a6


Memory: 4k page, physical 947732k(686844k free), swap 102396k(102396k free)

vm_info: Java HotSpot(TM) Client VM (25.65-b01) for linux-arm-vfp-hflt JRE (1.8.0_65-b17), built on Oct  6 2015 16:19:04 by "java_re" with gcc 4.7.2 20120910 (prerelease)

time: Fri Feb 17 20:46:00 2017
elapsed time: 1 seconds (0d 0h 0m 1s)

