#
# A fatal error has been detected by the Java Runtime Environment:
#
#  SIGBUS (0x7) at pc=0x63ac4740, pid=1190, tid=1983231072
#
# JRE version: Java(TM) SE Runtime Environment (8.0_65-b17) (build 1.8.0_65-b17)
# Java VM: Java HotSpot(TM) Client VM (25.65-b01 mixed mode linux-arm )
# Problematic frame:
# 
[error occurred during error reporting (printing problematic frame), id 0x7]

# Failed to write core dump. Core dumps have been disabled. To enable core dumping, try "ulimit -c unlimited" before starting Java again
#
# If you would like to submit a bug report, please visit:
#   http://bugreport.java.com/bugreport/crash.jsp
# The crash happened outside the Java Virtual Machine in native code.
# See problematic frame for where to report the bug.
#

---------------  T H R E A D  ---------------

Current thread (0x76207000):  JavaThread "main" [_thread_in_native, id=1191, stack(0x7630c000,0x7635c000)]

siginfo: si_signo: 7 (SIGBUS), si_code: 2 (BUS_ADRERR), si_addr: 0x63ac4740

Registers:
  r0  = 0x7620713c
  r1  = 0x7635aad8
  r2  = 0x7625e6e0
  r3  = 0x00000000
  r4  = 0x741574d0
  r5  = 0x63ac4740
  r6  = 0x00000000
  r7  = 0x00000000
  r8  = 0x7635aaec
  r9  = 0x655c2d58
  r10 = 0x76207000
  fp  = 0x7635aad0
  r12 = 0x00000004
  sp  = 0x7635aa38
  lr  = 0x741253fc
  pc  = 0x63ac4740
  cpsr = 0x20000010

Top of Stack: (sp=0x7635aa38)
0x7635aa38:   63839d08 00000000 00000028 61b254f4
0x7635aa48:   00000000 741253fc 7625e6e0 00000000
0x7635aa58:   6559f000 00000000 00000000 76207000
0x7635aa68:   76207000 7635aa84 762059ac 76207000
0x7635aa78:   7635aa98 7635aa90 7635aab4 7667396c
0x7635aa88:   00207000 76207000 6559f038 76207000
0x7635aa98:   6559f038 76207000 6559f038 00000000
0x7635aaa8:   00000004 00000003 7635aab0 00000000 

Instructions: (pc=0x63ac4740)
0x63ac4720:   
[error occurred during error reporting (printing registers, top of stack, instructions near pc), id 0x7]

Register to memory mapping:

  r0  = 0x7620713c
0x7620713c is an unknown value

  r1  = 0x7635aad8
0x7635aad8 is pointing into the stack for thread: 0x76207000

  r2  = 0x7625e6e0
0x7625e6e0 is an unknown value

  r3  = 0x00000000
0x00000000 is an unknown value

  r4  = 0x741574d0
0x741574d0 is at code_begin+2192 in 
[CodeBlob (0x74156c08)]
Framesize: 0
BufferBlob (0x74156c08) used for native signature handlers

  r5  = 0x63ac4740

[error occurred during error reporting (printing register info), id 0x7]

Stack: [0x7630c000,0x7635c000],  sp=0x7635aa38,  free space=314k
Native frames: (J=compiled Java code, j=interpreted, Vv=VM code, C=native code)

[error occurred during error reporting (printing native stack), id 0x7]

Java frames: (J=compiled Java code, j=interpreted, Vv=VM code)
j  org.opencv.imgproc.Imgproc.cvtColor_1(JJI)V+0
j  org.opencv.imgproc.Imgproc.cvtColor(Lorg/opencv/core/Mat;Lorg/opencv/core/Mat;I)V+9
j  Main.main([Ljava/lang/String;)V+159
v  ~StubRoutines::call_stub

---------------  P R O C E S S  ---------------

Java Threads: ( => current thread )
  0x76282800 JavaThread "Service Thread" daemon [_thread_blocked, id=1197, stack(0x64e10000,0x64e60000)]
  0x7627f400 JavaThread "C1 CompilerThread0" daemon [_thread_blocked, id=1196, stack(0x64880000,0x64900000)]
  0x7627dc00 JavaThread "Signal Dispatcher" daemon [_thread_blocked, id=1195, stack(0x64e60000,0x64eb0000)]
  0x76262000 JavaThread "Finalizer" daemon [_thread_blocked, id=1194, stack(0x64eb0000,0x64f00000)]
  0x76260800 JavaThread "Reference Handler" daemon [_thread_blocked, id=1193, stack(0x65014000,0x65064000)]
=>0x76207000 JavaThread "main" [_thread_in_native, id=1191, stack(0x7630c000,0x7635c000)]

Other Threads:
  0x7625d400 VMThread [stack: 0x65064000,0x650e4000] [id=1192]
  0x76284800 WatcherThread [stack: 0x64800000,0x64880000] [id=1198]

VM state:not at safepoint (normal execution)

VM Mutex/Monitor currently owned by a thread: None

Heap:
 def new generation   total 4864K, used 1672K [0x65800000, 0x65d40000, 0x6a540000)
  eden space 4352K,  38% used [0x65800000, 0x659a2278, 0x65c40000)
  from space 512K,   0% used [0x65c40000, 0x65c40000, 0x65cc0000)
  to   space 512K,   0% used [0x65cc0000, 0x65cc0000, 0x65d40000)
 tenured generation   total 11008K, used 0K [0x6a540000, 0x6b000000, 0x74000000)
   the space 11008K,   0% used [0x6a540000, 0x6a540000, 0x6a540200, 0x6b000000)
 Metaspace       used 2227K, capacity 2464K, committed 2584K, reserved 4400K

Card table byte_map: [0x74024000,0x74099000] byte_map_base: 0x73cf8000

Polling page: 0x76fc8000

CodeCache: size=32768Kb used=738Kb max_used=738Kb free=32029Kb
 bounds [0x74119000, 0x741d9000, 0x76119000]
 total_blobs=353 nmethods=38 adapters=248
 compilation: enabled

Compilation events (10 events):
Event: 0.509 Thread 0x7627f400   33             java.util.zip.InflaterInputStream::ensureOpen (18 bytes)
Event: 0.510 Thread 0x7627f400 nmethod 33 0x741c4588 code [0x741c4680, 0x741c4794]
Event: 0.510 Thread 0x7627f400   34             java.io.FilterInputStream::read (9 bytes)
Event: 0.510 Thread 0x7627f400 nmethod 34 0x741c4808 code [0x741c48f0, 0x741c4994]
Event: 0.510 Thread 0x7627f400   36             java.io.FileOutputStream::write (12 bytes)
Event: 0.511 Thread 0x7627f400 nmethod 36 0x741c4a08 code [0x741c4af0, 0x741c4b94]
Event: 0.511 Thread 0x7627f400   37             java.io.FilterInputStream::read (11 bytes)
Event: 0.511 Thread 0x7627f400 nmethod 37 0x741c4c08 code [0x741c4cf0, 0x741c4d94]
Event: 1.171 Thread 0x7627f400   38             java.util.Arrays::copyOfRange (63 bytes)
Event: 1.172 Thread 0x7627f400 nmethod 38 0x741c9708 code [0x741c9840, 0x741c9bb0]

GC Heap History (0 events):
No events

Deoptimization events (0 events):
No events

Internal exceptions (6 events):
Event: 0.078 Thread 0x76207000 Exception <a 'java/lang/NoSuchMethodError': Method sun.misc.Unsafe.defineClass(Ljava/lang/String;[BII)Ljava/lang/Class; name or signature does not match> (0x65810510) thrown at [/HUDSON/workspace/8-2-build-glinux-arm-vfp-hflt/jdk8u65/4987/hotspot/src/shar
Event: 0.079 Thread 0x76207000 Exception <a 'java/lang/NoSuchMethodError': Method sun.misc.Unsafe.prefetchRead(Ljava/lang/Object;J)V name or signature does not match> (0x658107e0) thrown at [/HUDSON/workspace/8-2-build-glinux-arm-vfp-hflt/jdk8u65/4987/hotspot/src/share/vm/prims/jni.cpp
Event: 0.345 Thread 0x76207000 Exception <a 'java/security/PrivilegedActionException'> (0x658c39f0) thrown at [/HUDSON/workspace/8-2-build-glinux-arm-vfp-hflt/jdk8u65/4987/hotspot/src/share/vm/prims/jvm.cpp, line 1386]
Event: 0.345 Thread 0x76207000 Exception <a 'java/security/PrivilegedActionException'> (0x658c3bf0) thrown at [/HUDSON/workspace/8-2-build-glinux-arm-vfp-hflt/jdk8u65/4987/hotspot/src/share/vm/prims/jvm.cpp, line 1386]
Event: 0.346 Thread 0x76207000 Exception <a 'java/security/PrivilegedActionException'> (0x658c6340) thrown at [/HUDSON/workspace/8-2-build-glinux-arm-vfp-hflt/jdk8u65/4987/hotspot/src/share/vm/prims/jvm.cpp, line 1386]
Event: 0.346 Thread 0x76207000 Exception <a 'java/security/PrivilegedActionException'> (0x658c6540) thrown at [/HUDSON/workspace/8-2-build-glinux-arm-vfp-hflt/jdk8u65/4987/hotspot/src/share/vm/prims/jvm.cpp, line 1386]

Events (10 events):
Event: 1.167 loading class org/opencv/core/MatOfPoint2f
Event: 1.167 loading class org/opencv/core/MatOfPoint2f done
Event: 1.170 loading class org/opencv/core/MatOfPoint
Event: 1.170 loading class org/opencv/core/MatOfPoint done
Event: 1.173 loading class org/opencv/core/MatOfFloat
Event: 1.173 loading class org/opencv/core/MatOfFloat done
Event: 1.175 loading class org/opencv/core/MatOfInt4
Event: 1.175 loading class org/opencv/core/MatOfInt4 done
Event: 4.214 Executing VM operation: EnableBiasedLocking
Event: 4.215 Executing VM operation: EnableBiasedLocking done


Dynamic libraries:
00008000-00009000 r-xp 00000000 b3:07 1311207    /usr/lib/jvm/jdk-8-oracle-arm32-vfp-hflt/jre/bin/java
00010000-00011000 rw-p 00000000 b3:07 1311207    /usr/lib/jvm/jdk-8-oracle-arm32-vfp-hflt/jre/bin/java
0126d000-0128e000 rw-p 00000000 00:00 0          [heap]
5ab17000-5abf9000 rw-p 00000000 00:00 0 
5abf9000-5abfa000 ---p 00000000 00:00 0 
5abfa000-5b3f9000 rwxp 00000000 00:00 0 
5b3f9000-5b3fa000 ---p 00000000 00:00 0 
5b3fa000-5bbf9000 rwxp 00000000 00:00 0 
5bbf9000-5bdbd000 rw-p 00000000 00:00 0 
5bdbd000-5bdbe000 ---p 00000000 00:00 0 
5bdbe000-5c5bd000 rwxp 00000000 00:00 0 
5c5bd000-5c5be000 ---p 00000000 00:00 0 
5c5be000-5cdbd000 rwxp 00000000 00:00 0 
5cdbd000-5cdbe000 ---p 00000000 00:00 0 
5cdbe000-5d5bd000 rwxp 00000000 00:00 0 
5d5bd000-5d5be000 ---p 00000000 00:00 0 
5d5be000-5ddbd000 rwxp 00000000 00:00 0 
5ddbd000-5ddbe000 ---p 00000000 00:00 0 
5ddbe000-5e5bd000 rwxp 00000000 00:00 0 
5e5bd000-5e5be000 ---p 00000000 00:00 0 
5e5be000-5edbd000 rwxp 00000000 00:00 0 
5edbd000-5edbe000 ---p 00000000 00:00 0 
5edbe000-5f5bd000 rwxp 00000000 00:00 0 
5f5bd000-5f5be000 ---p 00000000 00:00 0 
5f5be000-5fdbd000 rwxp 00000000 00:00 0 
5fdbd000-60063000 rw-p 00000000 00:00 0 
60063000-60064000 ---p 00000000 00:00 0 
60064000-60863000 rwxp 00000000 00:00 0 
60863000-608f9000 rw-s 001c2000 00:06 1556       /dev/video0
608f9000-6098f000 rw-s 0012c000 00:06 1556       /dev/video0
6098f000-60a25000 rw-s 00096000 00:06 1556       /dev/video0
60a25000-60abb000 rw-s 00000000 00:06 1556       /dev/video0
60abb000-60abc000 ---p 00000000 00:00 0 
60abc000-612bb000 rwxp 00000000 00:00 0 
612bb000-612bc000 ---p 00000000 00:00 0 
612bc000-61abb000 rwxp 00000000 00:00 0 
61abb000-61ea9000 r-xp 00000000 b3:07 1444982    /tmp/libCameraServerJNI4727186491436077424.so
61ea9000-61eb9000 ---p 003ee000 b3:07 1444982    /tmp/libCameraServerJNI4727186491436077424.so
61eb9000-61ec1000 rw-p 003ee000 b3:07 1444982    /tmp/libCameraServerJNI4727186491436077424.so
61ec1000-61f57000 rw-p 00000000 00:00 0 
61f57000-61f58000 ---p 00000000 00:00 0 
61f58000-62757000 rwxp 00000000 00:00 0 
62757000-62758000 ---p 00000000 00:00 0 
62758000-62f57000 rwxp 00000000 00:00 0 
62f57000-62f58000 ---p 00000000 00:00 0 
62f58000-63757000 rwxp 00000000 00:00 0 
63757000-637ee000 r-xp 00000000 b3:07 1444980    /tmp/libNetworkTablesJNI6198568530157373598.so
637ee000-637fe000 ---p 00097000 b3:07 1444980    /tmp/libNetworkTablesJNI6198568530157373598.so
637fe000-63800000 rw-p 00097000 b3:07 1444980    /tmp/libNetworkTablesJNI6198568530157373598.so
63800000-63871000 rw-p 00000000 00:00 0 
63871000-63900000 ---p 00000000 00:00 0 
63942000-6443a000 r-xp 00000000 b3:07 1712983    /usr/local/src/tmp/Downloads/Java/output/libopencv_java310.so
6443a000-6444a000 ---p 00af8000 b3:07 1712983    /usr/local/src/tmp/Downloads/Java/output/libopencv_java310.so
6444a000-64460000 r--p 00af8000 b3:07 1712983    /usr/local/src/tmp/Downloads/Java/output/libopencv_java310.so
64460000-64466000 rw-p 00b0e000 b3:07 1712983    /usr/local/src/tmp/Downloads/Java/output/libopencv_java310.so
64466000-64500000 rw-p 00000000 00:00 0 
64500000-645dd000 rw-p 00000000 00:00 0 
645dd000-64600000 ---p 00000000 00:00 0 
64624000-646e5000 r-xp 00000000 b3:07 1311638    /usr/lib/arm-linux-gnueabihf/libstdc++.so.6.0.20
646e5000-646f4000 ---p 000c1000 b3:07 1311638    /usr/lib/arm-linux-gnueabihf/libstdc++.so.6.0.20
646f4000-646f8000 r--p 000c0000 b3:07 1311638    /usr/lib/arm-linux-gnueabihf/libstdc++.so.6.0.20
646f8000-646fa000 rw-p 000c4000 b3:07 1311638    /usr/lib/arm-linux-gnueabihf/libstdc++.so.6.0.20
646fa000-64700000 rw-p 00000000 00:00 0 
64700000-6477a000 rw-p 00000000 00:00 0 
6477a000-64800000 ---p 00000000 00:00 0 
64800000-64801000 ---p 00000000 00:00 0 
64801000-64880000 rwxp 00000000 00:00 0 
64880000-64883000 ---p 00000000 00:00 0 
64883000-64900000 rwxp 00000000 00:00 0 
64900000-64921000 rw-p 00000000 00:00 0 
64921000-64a00000 ---p 00000000 00:00 0 
64a77000-64c00000 r--p 00000000 b3:07 1317856    /usr/lib/locale/locale-archive
64c00000-64c21000 rw-p 00000000 00:00 0 
64c21000-64d00000 ---p 00000000 00:00 0 
64d00000-64d21000 rw-p 00000000 00:00 0 
64d21000-64e00000 ---p 00000000 00:00 0 
64e10000-64e13000 ---p 00000000 00:00 0 
64e13000-64e60000 rwxp 00000000 00:00 0 
64e60000-64e63000 ---p 00000000 00:00 0 
64e63000-64eb0000 rwxp 00000000 00:00 0 
64eb0000-64eb3000 ---p 00000000 00:00 0 
64eb3000-64f00000 rwxp 00000000 00:00 0 
64f00000-64f21000 rw-p 00000000 00:00 0 
64f21000-65000000 ---p 00000000 00:00 0 
65014000-65017000 ---p 00000000 00:00 0 
65017000-65064000 rwxp 00000000 00:00 0 
65064000-65065000 ---p 00000000 00:00 0 
65065000-650e4000 rwxp 00000000 00:00 0 
650e4000-65133000 rw-p 00000000 00:00 0 
65133000-6530b000 r--s 03d20000 b3:07 1311086    /usr/lib/jvm/jdk-8-oracle-arm32-vfp-hflt/jre/lib/rt.jar
6530b000-655ec000 rw-p 00000000 00:00 0 
655ec000-657b2000 ---p 00000000 00:00 0 
657b2000-657b8000 rw-p 00000000 00:00 0 
657b8000-65800000 ---p 00000000 00:00 0 
65800000-65d40000 rw-p 00000000 00:00 0 
65d40000-6a540000 ---p 00000000 00:00 0 
6a540000-6b000000 rw-p 00000000 00:00 0 
6b000000-74000000 ---p 00000000 00:00 0 
74019000-7401b000 r-xp 00000000 b3:07 130963     /lib/arm-linux-gnueabihf/libnss_mdns4_minimal.so.2
7401b000-74022000 ---p 00002000 b3:07 130963     /lib/arm-linux-gnueabihf/libnss_mdns4_minimal.so.2
74022000-74023000 r--p 00001000 b3:07 130963     /lib/arm-linux-gnueabihf/libnss_mdns4_minimal.so.2
74023000-74024000 rw-p 00002000 b3:07 130963     /lib/arm-linux-gnueabihf/libnss_mdns4_minimal.so.2
74024000-74027000 rw-p 00000000 00:00 0 
74027000-7404a000 ---p 00000000 00:00 0 
7404a000-74050000 rw-p 00000000 00:00 0 
74050000-74098000 ---p 00000000 00:00 0 
74098000-7409c000 rw-p 00000000 00:00 0 
7409c000-74119000 ---p 00000000 00:00 0 
74119000-741d9000 rwxp 00000000 00:00 0 
741d9000-76119000 ---p 00000000 00:00 0 
76119000-76130000 r-xp 00000000 b3:07 1311148    /usr/lib/jvm/jdk-8-oracle-arm32-vfp-hflt/jre/lib/arm/libzip.so
76130000-76137000 ---p 00017000 b3:07 1311148    /usr/lib/jvm/jdk-8-oracle-arm32-vfp-hflt/jre/lib/arm/libzip.so
76137000-76138000 rw-p 00016000 b3:07 1311148    /usr/lib/jvm/jdk-8-oracle-arm32-vfp-hflt/jre/lib/arm/libzip.so
76138000-76143000 r-xp 00000000 b3:07 131001     /lib/arm-linux-gnueabihf/libnss_files-2.19.so
76143000-76152000 ---p 0000b000 b3:07 131001     /lib/arm-linux-gnueabihf/libnss_files-2.19.so
76152000-76153000 r--p 0000a000 b3:07 131001     /lib/arm-linux-gnueabihf/libnss_files-2.19.so
76153000-76154000 rw-p 0000b000 b3:07 131001     /lib/arm-linux-gnueabihf/libnss_files-2.19.so
76154000-7615d000 r-xp 00000000 b3:07 131084     /lib/arm-linux-gnueabihf/libnss_nis-2.19.so
7615d000-7616c000 ---p 00009000 b3:07 131084     /lib/arm-linux-gnueabihf/libnss_nis-2.19.so
7616c000-7616d000 r--p 00008000 b3:07 131084     /lib/arm-linux-gnueabihf/libnss_nis-2.19.so
7616d000-7616e000 rw-p 00009000 b3:07 131084     /lib/arm-linux-gnueabihf/libnss_nis-2.19.so
7616e000-7617f000 r-xp 00000000 b3:07 130932     /lib/arm-linux-gnueabihf/libnsl-2.19.so
7617f000-7618e000 ---p 00011000 b3:07 130932     /lib/arm-linux-gnueabihf/libnsl-2.19.so
7618e000-7618f000 r--p 00010000 b3:07 130932     /lib/arm-linux-gnueabihf/libnsl-2.19.so
7618f000-76190000 rw-p 00011000 b3:07 130932     /lib/arm-linux-gnueabihf/libnsl-2.19.so
76190000-76192000 rw-p 00000000 00:00 0 
76192000-76199000 r-xp 00000000 b3:07 130972     /lib/arm-linux-gnueabihf/libnss_compat-2.19.so
76199000-761a8000 ---p 00007000 b3:07 130972     /lib/arm-linux-gnueabihf/libnss_compat-2.19.so
761a8000-761a9000 r--p 00006000 b3:07 130972     /lib/arm-linux-gnueabihf/libnss_compat-2.19.so
761a9000-761aa000 rw-p 00007000 b3:07 130972     /lib/arm-linux-gnueabihf/libnss_compat-2.19.so
761bd000-761e0000 r-xp 00000000 b3:07 1311152    /usr/lib/jvm/jdk-8-oracle-arm32-vfp-hflt/jre/lib/arm/libjava.so
761e0000-761e8000 ---p 00023000 b3:07 1311152    /usr/lib/jvm/jdk-8-oracle-arm32-vfp-hflt/jre/lib/arm/libjava.so
761e8000-761e9000 rw-p 00023000 b3:07 1311152    /usr/lib/jvm/jdk-8-oracle-arm32-vfp-hflt/jre/lib/arm/libjava.so
761e9000-761ef000 r-xp 00000000 b3:07 130988     /lib/arm-linux-gnueabihf/librt-2.19.so
761ef000-761fe000 ---p 00006000 b3:07 130988     /lib/arm-linux-gnueabihf/librt-2.19.so
761fe000-761ff000 r--p 00005000 b3:07 130988     /lib/arm-linux-gnueabihf/librt-2.19.so
761ff000-76200000 rw-p 00006000 b3:07 130988     /lib/arm-linux-gnueabihf/librt-2.19.so
76200000-762fe000 rw-p 00000000 00:00 0 
762fe000-76300000 ---p 00000000 00:00 0 
76303000-76308000 r--s 00096000 b3:07 1311090    /usr/lib/jvm/jdk-8-oracle-arm32-vfp-hflt/jre/lib/jsse.jar
76308000-7630c000 r--s 001fd000 b3:07 1712982    /usr/local/src/tmp/Downloads/Java/output/CameraVision-all.jar
7630c000-7630f000 ---p 00000000 00:00 0 
7630f000-7635c000 rwxp 00000000 00:00 0 
7635c000-763c5000 r-xp 00000000 b3:07 130960     /lib/arm-linux-gnueabihf/libm-2.19.so
763c5000-763d5000 ---p 00069000 b3:07 130960     /lib/arm-linux-gnueabihf/libm-2.19.so
763d5000-763d6000 r--p 00069000 b3:07 130960     /lib/arm-linux-gnueabihf/libm-2.19.so
763d6000-763d7000 rw-p 0006a000 b3:07 130960     /lib/arm-linux-gnueabihf/libm-2.19.so
763d7000-7695a000 r-xp 00000000 b3:07 1311177    /usr/lib/jvm/jdk-8-oracle-arm32-vfp-hflt/jre/lib/arm/client/libjvm.so
7695a000-76962000 ---p 00583000 b3:07 1311177    /usr/lib/jvm/jdk-8-oracle-arm32-vfp-hflt/jre/lib/arm/client/libjvm.so
76962000-7698e000 rw-p 00583000 b3:07 1311177    /usr/lib/jvm/jdk-8-oracle-arm32-vfp-hflt/jre/lib/arm/client/libjvm.so
7698e000-76db1000 rw-p 00000000 00:00 0 
76db1000-76dce000 r-xp 00000000 b3:07 130945     /lib/arm-linux-gnueabihf/libgcc_s.so.1
76dce000-76ddd000 ---p 0001d000 b3:07 130945     /lib/arm-linux-gnueabihf/libgcc_s.so.1
76ddd000-76dde000 rw-p 0001c000 b3:07 130945     /lib/arm-linux-gnueabihf/libgcc_s.so.1
76dde000-76f09000 r-xp 00000000 b3:07 131006     /lib/arm-linux-gnueabihf/libc-2.19.so
76f09000-76f19000 ---p 0012b000 b3:07 131006     /lib/arm-linux-gnueabihf/libc-2.19.so
76f19000-76f1b000 r--p 0012b000 b3:07 131006     /lib/arm-linux-gnueabihf/libc-2.19.so
76f1b000-76f1c000 rw-p 0012d000 b3:07 131006     /lib/arm-linux-gnueabihf/libc-2.19.so
76f1c000-76f1f000 rw-p 00000000 00:00 0 
76f1f000-76f21000 r-xp 00000000 b3:07 131081     /lib/arm-linux-gnueabihf/libdl-2.19.so
76f21000-76f30000 ---p 00002000 b3:07 131081     /lib/arm-linux-gnueabihf/libdl-2.19.so
76f30000-76f31000 r--p 00001000 b3:07 131081     /lib/arm-linux-gnueabihf/libdl-2.19.so
76f31000-76f32000 rw-p 00002000 b3:07 131081     /lib/arm-linux-gnueabihf/libdl-2.19.so
76f32000-76f46000 r-xp 00000000 b3:07 1311175    /usr/lib/jvm/jdk-8-oracle-arm32-vfp-hflt/jre/lib/arm/jli/libjli.so
76f46000-76f4e000 ---p 00014000 b3:07 1311175    /usr/lib/jvm/jdk-8-oracle-arm32-vfp-hflt/jre/lib/arm/jli/libjli.so
76f4e000-76f4f000 rw-p 00014000 b3:07 1311175    /usr/lib/jvm/jdk-8-oracle-arm32-vfp-hflt/jre/lib/arm/jli/libjli.so
76f4f000-76f63000 r-xp 00000000 b3:07 131019     /lib/arm-linux-gnueabihf/libpthread-2.19.so
76f63000-76f73000 ---p 00014000 b3:07 131019     /lib/arm-linux-gnueabihf/libpthread-2.19.so
76f73000-76f74000 r--p 00014000 b3:07 131019     /lib/arm-linux-gnueabihf/libpthread-2.19.so
76f74000-76f75000 rw-p 00015000 b3:07 131019     /lib/arm-linux-gnueabihf/libpthread-2.19.so
76f75000-76f77000 rw-p 00000000 00:00 0 
76f78000-76f81000 r-xp 00000000 b3:07 1311172    /usr/lib/jvm/jdk-8-oracle-arm32-vfp-hflt/jre/lib/arm/libverify.so
76f81000-76f89000 ---p 00009000 b3:07 1311172    /usr/lib/jvm/jdk-8-oracle-arm32-vfp-hflt/jre/lib/arm/libverify.so
76f89000-76f8a000 rw-p 00009000 b3:07 1311172    /usr/lib/jvm/jdk-8-oracle-arm32-vfp-hflt/jre/lib/arm/libverify.so
76f8a000-76f8f000 r-xp 00000000 b3:07 1312124    /usr/lib/arm-linux-gnueabihf/libarmmem.so
76f8f000-76f9e000 ---p 00005000 b3:07 1312124    /usr/lib/arm-linux-gnueabihf/libarmmem.so
76f9e000-76f9f000 rw-p 00004000 b3:07 1312124    /usr/lib/arm-linux-gnueabihf/libarmmem.so
76f9f000-76fbf000 r-xp 00000000 b3:07 130911     /lib/arm-linux-gnueabihf/ld-2.19.so
76fbf000-76fc0000 r--p 00000000 b3:07 399632     /usr/share/locale/en_GB/LC_MESSAGES/libc.mo
76fc0000-76fc8000 rw-s 00000000 b3:07 1444956    /tmp/hsperfdata_root/1190
76fc8000-76fc9000 r--p 00000000 00:00 0 
76fc9000-76fcc000 rw-p 00000000 00:00 0 
76fcc000-76fce000 rw-p 00000000 00:00 0 
76fce000-76fcf000 r--p 0001f000 b3:07 130911     /lib/arm-linux-gnueabihf/ld-2.19.so
76fcf000-76fd0000 rw-p 00020000 b3:07 130911     /lib/arm-linux-gnueabihf/ld-2.19.so
7e9cc000-7e9ed000 rwxp 00000000 00:00 0          [stack]
7ed2f000-7ed30000 r-xp 00000000 00:00 0          [sigpage]
7ed30000-7ed31000 r--p 00000000 00:00 0          [vvar]
7ed31000-7ed32000 r-xp 00000000 00:00 0          [vdso]
ffff0000-ffff1000 r-xp 00000000 00:00 0          [vectors]

VM Arguments:
jvm_args: -Djava.library.path=. 
java_command: CameraVision-all.jar
java_class_path (initial): CameraVision-all.jar
Launcher Type: SUN_STANDARD

Environment Variables:
PATH=/usr/local/sbin:/usr/local/bin:/usr/sbin:/usr/bin:/sbin:/bin
USERNAME=root
SHELL=/bin/bash
DISPLAY=:0.0

Signal Handlers:
SIGSEGV: [libjvm.so+0x506638], sa_mask[0]=11111111011111111101111111111110, sa_flags=SA_RESTART|SA_SIGINFO
SIGBUS: [libjvm.so+0x506638], sa_mask[0]=11111111011111111101111111111110, sa_flags=SA_RESTART|SA_SIGINFO
SIGFPE: [libjvm.so+0x3fd4ec], sa_mask[0]=11111111011111111101111111111110, sa_flags=SA_RESTART|SA_SIGINFO
SIGPIPE: [libjvm.so+0x3fd4ec], sa_mask[0]=11111111011111111101111111111110, sa_flags=SA_RESTART|SA_SIGINFO
SIGXFSZ: [libjvm.so+0x3fd4ec], sa_mask[0]=11111111011111111101111111111110, sa_flags=SA_RESTART|SA_SIGINFO
SIGILL: [libjvm.so+0x3fd4ec], sa_mask[0]=11111111011111111101111111111110, sa_flags=SA_RESTART|SA_SIGINFO
SIGUSR1: SIG_DFL, sa_mask[0]=00000000000000000000000000000000, sa_flags=none
SIGUSR2: [libjvm.so+0x3fd650], sa_mask[0]=00000000000000000000000000000000, sa_flags=SA_RESTART|SA_SIGINFO
SIGHUP: [libjvm.so+0x3fda84], sa_mask[0]=11111111011111111101111111111110, sa_flags=SA_RESTART|SA_SIGINFO
SIGINT: [libjvm.so+0x3fda84], sa_mask[0]=11111111011111111101111111111110, sa_flags=SA_RESTART|SA_SIGINFO
SIGTERM: [libjvm.so+0x3fda84], sa_mask[0]=11111111011111111101111111111110, sa_flags=SA_RESTART|SA_SIGINFO
SIGQUIT: [libjvm.so+0x3fda84], sa_mask[0]=11111111011111111101111111111110, sa_flags=SA_RESTART|SA_SIGINFO


---------------  S Y S T E M  ---------------

OS:PRETTY_NAME="Raspbian GNU/Linux 8 (jessie)"
NAME="Raspbian GNU/Linux"
VERSION_ID="8"
VERSION="8 (jessie)"
ID=raspbian
ID_LIKE=debian
HOME_URL="http://www.raspbian.org/"
SUPPORT_URL="http://www.raspbian.org/RaspbianForums"
BUG_REPORT_URL="http://www.raspbian.org/RaspbianBugs"

uname:Linux 4.4.34-v7+ #930 SMP Wed Nov 23 15:20:41 GMT 2016 armv7l
libc:glibc 2.19 NPTL 2.19 
rlimit: STACK 8192k, CORE 0k, NPROC 7336, NOFILE 65536, AS infinity
load average:1.53 1.18 0.82

/proc/meminfo:
MemTotal:         947732 kB
MemFree:          447816 kB
MemAvailable:     654020 kB
Buffers:           17248 kB
Cached:           237388 kB
SwapCached:            0 kB
Active:           359864 kB
Inactive:         100136 kB
Active(anon):     205820 kB
Inactive(anon):    11868 kB
Active(file):     154044 kB
Inactive(file):    88268 kB
Unevictable:           0 kB
Mlocked:               0 kB
SwapTotal:        102396 kB
SwapFree:         102396 kB
Dirty:              1756 kB
Writeback:          2072 kB
AnonPages:        205404 kB
Mapped:            79748 kB
Shmem:             12304 kB
Slab:              19512 kB
SReclaimable:       9704 kB
SUnreclaim:         9808 kB
KernelStack:        2048 kB
PageTables:         3120 kB
NFS_Unstable:          0 kB
Bounce:                0 kB
WritebackTmp:          0 kB
CommitLimit:      576260 kB
Committed_AS:    1037012 kB
VmallocTotal:    1114112 kB
VmallocUsed:           0 kB
VmallocChunk:          0 kB
CmaTotal:           8192 kB
CmaFree:            3236 kB


CPU:total 4 (ARMv7), vfp

/proc/cpuinfo:
processor	: 0
model name	: ARMv7 Processor rev 4 (v7l)
BogoMIPS	: 76.80
Features	: half thumb fastmult vfp edsp neon vfpv3 tls vfpv4 idiva idivt vfpd32 lpae evtstrm crc32 
CPU implementer	: 0x41
CPU architecture: 7
CPU variant	: 0x0
CPU part	: 0xd03
CPU revision	: 4

processor	: 1
model name	: ARMv7 Processor rev 4 (v7l)
BogoMIPS	: 76.80
Features	: half thumb fastmult vfp edsp neon vfpv3 tls vfpv4 idiva idivt vfpd32 lpae evtstrm crc32 
CPU implementer	: 0x41
CPU architecture: 7
CPU variant	: 0x0
CPU part	: 0xd03
CPU revision	: 4

processor	: 2
model name	: ARMv7 Processor rev 4 (v7l)
BogoMIPS	: 76.80
Features	: half thumb fastmult vfp edsp neon vfpv3 tls vfpv4 idiva idivt vfpd32 lpae evtstrm crc32 
CPU implementer	: 0x41
CPU architecture: 7
CPU variant	: 0x0
CPU part	: 0xd03
CPU revision	: 4

processor	: 3
model name	: ARMv7 Processor rev 4 (v7l)
BogoMIPS	: 76.80
Features	: half thumb fastmult vfp edsp neon vfpv3 tls vfpv4 idiva idivt vfpd32 lpae evtstrm crc32 
CPU implementer	: 0x41
CPU architecture: 7
CPU variant	: 0x0
CPU part	: 0xd03
CPU revision	: 4

Hardware	: BCM2709
Revision	: a02082
Serial		: 00000000a10a37a6


Memory: 4k page, physical 947732k(447692k free), swap 102396k(102396k free)

vm_info: Java HotSpot(TM) Client VM (25.65-b01) for linux-arm-vfp-hflt JRE (1.8.0_65-b17), built on Oct  6 2015 16:19:04 by "java_re" with gcc 4.7.2 20120910 (prerelease)

time: Mon Jan 23 23:48:21 2017
elapsed time: 103 seconds (0d 0h 1m 43s)

