#
# A fatal error has been detected by the Java Runtime Environment:
#
#  SIGBUS (0x7) at pc=0x63a771e0, pid=1732, tid=1983100000
#
# JRE version: Java(TM) SE Runtime Environment (8.0_65-b17) (build 1.8.0_65-b17)
# Java VM: Java HotSpot(TM) Client VM (25.65-b01 mixed mode linux-arm )
# Problematic frame:
# 
[error occurred during error reporting (printing problematic frame), id 0x7]

# Failed to write core dump. Core dumps have been disabled. To enable core dumping, try "ulimit -c unlimited" before starting Java again
#
# If you would like to submit a bug report, please visit:
#   http://bugreport.java.com/bugreport/crash.jsp
# The crash happened outside the Java Virtual Machine in native code.
# See problematic frame for where to report the bug.
#

---------------  T H R E A D  ---------------

Current thread (0x76107000):  JavaThread "main" [_thread_in_native, id=1733, stack(0x762ec000,0x7633c000)]

siginfo: si_signo: 7 (SIGBUS), si_code: 2 (BUS_ADRERR), si_addr: 0x6445b88c

Registers:
  r0  = 0x7633aa8c
  r1  = 0x7615e6e0
  r2  = 0x7615e6e0
  r3  = 0x7633aa8c
  r4  = 0x00000028
  r5  = 0x00000000
  r6  = 0x63810da0
  r7  = 0x00000000
  r8  = 0x7633ab74
  r9  = 0x655bce08
  r10 = 0x76107000
  fp  = 0x7633aae8
  r12 = 0x6445b1e0
  sp  = 0x7633aa78
  lr  = 0x63ac4774
  pc  = 0x63a771e0
  cpsr = 0x60000010

Top of Stack: (sp=0x7633aa78)
0x7633aa78:   7615e6e0 00000000 7633aad4 7610713c
0x7633aa88:   7633aabc 61ec05c4 7633aaf0 61b2f750
0x7633aa98:   7633ab1c 00000000 7610713c 6558c621
0x7633aaa8:   7633ab74 655b5198 63810da0 7615e6e0
0x7633aab8:   76107000 00000028 00000000 741b92d4
0x7633aac8:   63810da0 00000000 00000028 65963be0
0x7633aad8:   65929568 6558c63d 7633ab74 6559f038
0x7633aae8:   7633ab44 741b906c 00000028 741b8e20 

Instructions: (pc=0x63a771e0)
0x63a771c0:   e28fc609 e28ccae4 e5bcf6bc e28fc609
0x63a771d0:   e28ccae4 e5bcf6b4 e28fc609 e28ccae4
0x63a771e0:   e5bcf6ac e28fc609 e28ccae4 e5bcf6a4
0x63a771f0:   e28fc609 e28ccae4 e5bcf69c e28fc609 

Register to memory mapping:

  r0  = 0x7633aa8c
0x7633aa8c is pointing into the stack for thread: 0x76107000

  r1  = 0x7615e6e0
0x7615e6e0 is an unknown value

  r2  = 0x7615e6e0
0x7615e6e0 is an unknown value

  r3  = 0x7633aa8c
0x7633aa8c is pointing into the stack for thread: 0x76107000

  r4  = 0x00000028
0x00000028 is an unknown value

  r5  = 0x00000000
0x00000000 is an unknown value

  r6  = 0x63810da0
0x63810da0 is an unknown value

  r7  = 0x00000000
0x00000000 is an unknown value

  r8  = 0x7633ab74
0x7633ab74 is pointing into the stack for thread: 0x76107000

  r9  = 0x655bce08
{method} {0x655bce08} 'cvtColor' '(Lorg/opencv/core/Mat;Lorg/opencv/core/Mat;I)V' in 'org/opencv/imgproc/Imgproc'

  r10 = 0x76107000
0x76107000 is a thread

  fp  = 0x7633aae8
0x7633aae8 is pointing into the stack for thread: 0x76107000

  r12 = 0x6445b1e0

[error occurred during error reporting (printing register info), id 0x7]

Stack: [0x762ec000,0x7633c000],  sp=0x7633aa78,  free space=314k
Native frames: (J=compiled Java code, j=interpreted, Vv=VM code, C=native code)

[error occurred during error reporting (printing native stack), id 0x7]

Java frames: (J=compiled Java code, j=interpreted, Vv=VM code)
J 42  org.opencv.imgproc.Imgproc.cvtColor_1(JJI)V (0 bytes) @ 0x741b92b8 [0x741b9260+0x58]
J 41 C1 org.opencv.imgproc.Imgproc.cvtColor(Lorg/opencv/core/Mat;Lorg/opencv/core/Mat;I)V (13 bytes) @ 0x741b906c [0x741b9030+0x3c]
j  Main.main([Ljava/lang/String;)V+158
v  ~StubRoutines::call_stub

---------------  P R O C E S S  ---------------

Java Threads: ( => current thread )
  0x76183800 JavaThread "Service Thread" daemon [_thread_blocked, id=1739, stack(0x64e10000,0x64e60000)]
  0x76180400 JavaThread "C1 CompilerThread0" daemon [_thread_blocked, id=1738, stack(0x64880000,0x64900000)]
  0x7617ec00 JavaThread "Signal Dispatcher" daemon [_thread_blocked, id=1737, stack(0x64e60000,0x64eb0000)]
  0x76162000 JavaThread "Finalizer" daemon [_thread_blocked, id=1736, stack(0x64eb0000,0x64f00000)]
  0x76160800 JavaThread "Reference Handler" daemon [_thread_blocked, id=1735, stack(0x65014000,0x65064000)]
=>0x76107000 JavaThread "main" [_thread_in_native, id=1733, stack(0x762ec000,0x7633c000)]

Other Threads:
  0x7615d400 VMThread [stack: 0x65064000,0x650e4000] [id=1734]
  0x76185800 WatcherThread [stack: 0x64800000,0x64880000] [id=1740]

VM state:not at safepoint (normal execution)

VM Mutex/Monitor currently owned by a thread: None

Heap:
 def new generation   total 4864K, used 1672K [0x65800000, 0x65d40000, 0x6a540000)
  eden space 4352K,  38% used [0x65800000, 0x659a2260, 0x65c40000)
  from space 512K,   0% used [0x65c40000, 0x65c40000, 0x65cc0000)
  to   space 512K,   0% used [0x65cc0000, 0x65cc0000, 0x65d40000)
 tenured generation   total 11008K, used 0K [0x6a540000, 0x6b000000, 0x74000000)
   the space 11008K,   0% used [0x6a540000, 0x6a540000, 0x6a540200, 0x6b000000)
 Metaspace       used 2227K, capacity 2464K, committed 2584K, reserved 4400K

Card table byte_map: [0x7400b000,0x74080000] byte_map_base: 0x73cdf000

Polling page: 0x76fa8000

CodeCache: size=32768Kb used=741Kb max_used=741Kb free=32026Kb
 bounds [0x74100000, 0x741c0000, 0x76100000]
 total_blobs=359 nmethods=44 adapters=248
 compilation: enabled

Compilation events (10 events):
Event: 0.548 Thread 0x76180400   37             java.io.FilterInputStream::read (11 bytes)
Event: 0.548 Thread 0x76180400 nmethod 37 0x741abc08 code [0x741abcf0, 0x741abd94]
Event: 1.137 Thread 0x76180400   38             java.util.Arrays::copyOfRange (63 bytes)
Event: 1.138 Thread 0x76180400 nmethod 38 0x741b0708 code [0x741b0840, 0x741b0bb0]
Event: 151.620 Thread 0x76180400   39             edu.wpi.cscore.CvSink::grabFrame (12 bytes)
Event: 151.620 Thread 0x76180400 nmethod 39 0x741b8d08 code [0x741b8df0, 0x741b8e94]
Event: 151.734 Thread 0x76180400   41             org.opencv.imgproc.Imgproc::cvtColor (13 bytes)
Event: 151.734 Thread 0x76180400 nmethod 41 0x741b8f48 code [0x741b9030, 0x741b90e4]
Event: 151.758 Thread 0x76180400   43             edu.wpi.cscore.CvSource::putFrame (12 bytes)
Event: 151.758 Thread 0x76180400 nmethod 43 0x741b9588 code [0x741b9670, 0x741b9714]

GC Heap History (0 events):
No events

Deoptimization events (0 events):
No events

Internal exceptions (6 events):
Event: 0.111 Thread 0x76107000 Exception <a 'java/lang/NoSuchMethodError': Method sun.misc.Unsafe.defineClass(Ljava/lang/String;[BII)Ljava/lang/Class; name or signature does not match> (0x658105b0) thrown at [/HUDSON/workspace/8-2-build-glinux-arm-vfp-hflt/jdk8u65/4987/hotspot/src/shar
Event: 0.111 Thread 0x76107000 Exception <a 'java/lang/NoSuchMethodError': Method sun.misc.Unsafe.prefetchRead(Ljava/lang/Object;J)V name or signature does not match> (0x65810880) thrown at [/HUDSON/workspace/8-2-build-glinux-arm-vfp-hflt/jdk8u65/4987/hotspot/src/share/vm/prims/jni.cpp
Event: 0.365 Thread 0x76107000 Exception <a 'java/security/PrivilegedActionException'> (0x658c39d8) thrown at [/HUDSON/workspace/8-2-build-glinux-arm-vfp-hflt/jdk8u65/4987/hotspot/src/share/vm/prims/jvm.cpp, line 1386]
Event: 0.365 Thread 0x76107000 Exception <a 'java/security/PrivilegedActionException'> (0x658c3bd8) thrown at [/HUDSON/workspace/8-2-build-glinux-arm-vfp-hflt/jdk8u65/4987/hotspot/src/share/vm/prims/jvm.cpp, line 1386]
Event: 0.370 Thread 0x76107000 Exception <a 'java/security/PrivilegedActionException'> (0x658c6328) thrown at [/HUDSON/workspace/8-2-build-glinux-arm-vfp-hflt/jdk8u65/4987/hotspot/src/share/vm/prims/jvm.cpp, line 1386]
Event: 0.370 Thread 0x76107000 Exception <a 'java/security/PrivilegedActionException'> (0x658c6528) thrown at [/HUDSON/workspace/8-2-build-glinux-arm-vfp-hflt/jdk8u65/4987/hotspot/src/share/vm/prims/jvm.cpp, line 1386]

Events (10 events):
Event: 1.135 loading class org/opencv/core/MatOfPoint2f
Event: 1.135 loading class org/opencv/core/MatOfPoint2f done
Event: 1.136 loading class org/opencv/core/MatOfPoint
Event: 1.136 loading class org/opencv/core/MatOfPoint done
Event: 1.139 loading class org/opencv/core/MatOfFloat
Event: 1.139 loading class org/opencv/core/MatOfFloat done
Event: 1.140 loading class org/opencv/core/MatOfInt4
Event: 1.140 loading class org/opencv/core/MatOfInt4 done
Event: 4.228 Executing VM operation: EnableBiasedLocking
Event: 4.229 Executing VM operation: EnableBiasedLocking done


Dynamic libraries:
00008000-00009000 r-xp 00000000 b3:07 1311207    /usr/lib/jvm/jdk-8-oracle-arm32-vfp-hflt/jre/bin/java
00010000-00011000 rw-p 00000000 b3:07 1311207    /usr/lib/jvm/jdk-8-oracle-arm32-vfp-hflt/jre/bin/java
00482000-004a3000 rw-p 00000000 00:00 0          [heap]
5a11e000-5a200000 rw-p 00000000 00:00 0 
5a200000-5a201000 ---p 00000000 00:00 0 
5a201000-5aa00000 rwxp 00000000 00:00 0 
5aa00000-5aacd000 rw-p 00000000 00:00 0 
5aacd000-5ab00000 ---p 00000000 00:00 0 
5ab17000-5ab18000 ---p 00000000 00:00 0 
5ab18000-5b317000 rwxp 00000000 00:00 0 
5b317000-5b318000 ---p 00000000 00:00 0 
5b318000-5bb17000 rwxp 00000000 00:00 0 
5bb17000-5bdbd000 rw-p 00000000 00:00 0 
5bdbd000-5bdbe000 ---p 00000000 00:00 0 
5bdbe000-5c5bd000 rwxp 00000000 00:00 0 
5c5bd000-5c5be000 ---p 00000000 00:00 0 
5c5be000-5cdbd000 rwxp 00000000 00:00 0 
5cdbd000-5cdbe000 ---p 00000000 00:00 0 
5cdbe000-5d5bd000 rwxp 00000000 00:00 0 
5d5bd000-5d5be000 ---p 00000000 00:00 0 
5d5be000-5ddbd000 rwxp 00000000 00:00 0 
5ddbd000-5ddbe000 ---p 00000000 00:00 0 
5ddbe000-5e5bd000 rwxp 00000000 00:00 0 
5e5bd000-5e5be000 ---p 00000000 00:00 0 
5e5be000-5edbd000 rwxp 00000000 00:00 0 
5edbd000-5edbe000 ---p 00000000 00:00 0 
5edbe000-5f5bd000 rwxp 00000000 00:00 0 
5f5bd000-5f5be000 ---p 00000000 00:00 0 
5f5be000-5fdbd000 rwxp 00000000 00:00 0 
5fdbd000-60063000 rw-p 00000000 00:00 0 
60063000-60064000 ---p 00000000 00:00 0 
60064000-60863000 rwxp 00000000 00:00 0 
60863000-608f9000 rw-s 001c2000 00:06 2039       /dev/video0
608f9000-6098f000 rw-s 0012c000 00:06 2039       /dev/video0
6098f000-60a25000 rw-s 00096000 00:06 2039       /dev/video0
60a25000-60abb000 rw-s 00000000 00:06 2039       /dev/video0
60abb000-60abc000 ---p 00000000 00:00 0 
60abc000-612bb000 rwxp 00000000 00:00 0 
612bb000-612bc000 ---p 00000000 00:00 0 
612bc000-61abb000 rwxp 00000000 00:00 0 
61abb000-61ea9000 r-xp 00000000 b3:07 1444984    /tmp/libCameraServerJNI3651269976588385138.so
61ea9000-61eb9000 ---p 003ee000 b3:07 1444984    /tmp/libCameraServerJNI3651269976588385138.so
61eb9000-61ec1000 rw-p 003ee000 b3:07 1444984    /tmp/libCameraServerJNI3651269976588385138.so
61ec1000-61f57000 rw-p 00000000 00:00 0 
61f57000-61f58000 ---p 00000000 00:00 0 
61f58000-62757000 rwxp 00000000 00:00 0 
62757000-62758000 ---p 00000000 00:00 0 
62758000-62f57000 rwxp 00000000 00:00 0 
62f57000-62f58000 ---p 00000000 00:00 0 
62f58000-63757000 rwxp 00000000 00:00 0 
63757000-637ee000 r-xp 00000000 b3:07 1444980    /tmp/libNetworkTablesJNI7668378435602447008.so
637ee000-637fe000 ---p 00097000 b3:07 1444980    /tmp/libNetworkTablesJNI7668378435602447008.so
637fe000-63800000 rw-p 00097000 b3:07 1444980    /tmp/libNetworkTablesJNI7668378435602447008.so
63800000-63848000 rw-p 00000000 00:00 0 
63848000-63900000 ---p 00000000 00:00 0 
63942000-6443a000 r-xp 00000000 b3:07 1712983    /usr/local/src/tmp/Downloads/Java/output/libopencv_java310.so
6443a000-6444a000 ---p 00af8000 b3:07 1712983    /usr/local/src/tmp/Downloads/Java/output/libopencv_java310.so
6444a000-64460000 r--p 00af8000 b3:07 1712983    /usr/local/src/tmp/Downloads/Java/output/libopencv_java310.so
64460000-64466000 rw-p 00b0e000 b3:07 1712983    /usr/local/src/tmp/Downloads/Java/output/libopencv_java310.so
64466000-64500000 rw-p 00000000 00:00 0 
64500000-64521000 rw-p 00000000 00:00 0 
64521000-64600000 ---p 00000000 00:00 0 
64624000-646e5000 r-xp 00000000 b3:07 1311638    /usr/lib/arm-linux-gnueabihf/libstdc++.so.6.0.20
646e5000-646f4000 ---p 000c1000 b3:07 1311638    /usr/lib/arm-linux-gnueabihf/libstdc++.so.6.0.20
646f4000-646f8000 r--p 000c0000 b3:07 1311638    /usr/lib/arm-linux-gnueabihf/libstdc++.so.6.0.20
646f8000-646fa000 rw-p 000c4000 b3:07 1311638    /usr/lib/arm-linux-gnueabihf/libstdc++.so.6.0.20
646fa000-64700000 rw-p 00000000 00:00 0 
64700000-647fd000 rw-p 00000000 00:00 0 
647fd000-64800000 ---p 00000000 00:00 0 
64800000-64801000 ---p 00000000 00:00 0 
64801000-64880000 rwxp 00000000 00:00 0 
64880000-64883000 ---p 00000000 00:00 0 
64883000-64900000 rwxp 00000000 00:00 0 
64900000-64921000 rw-p 00000000 00:00 0 
64921000-64a00000 ---p 00000000 00:00 0 
64a77000-64c00000 r--p 00000000 b3:07 1317856    /usr/lib/locale/locale-archive
64c00000-64c21000 rw-p 00000000 00:00 0 
64c21000-64d00000 ---p 00000000 00:00 0 
64d00000-64d21000 rw-p 00000000 00:00 0 
64d21000-64e00000 ---p 00000000 00:00 0 
64e10000-64e13000 ---p 00000000 00:00 0 
64e13000-64e60000 rwxp 00000000 00:00 0 
64e60000-64e63000 ---p 00000000 00:00 0 
64e63000-64eb0000 rwxp 00000000 00:00 0 
64eb0000-64eb3000 ---p 00000000 00:00 0 
64eb3000-64f00000 rwxp 00000000 00:00 0 
64f00000-64f21000 rw-p 00000000 00:00 0 
64f21000-65000000 ---p 00000000 00:00 0 
65014000-65017000 ---p 00000000 00:00 0 
65017000-65064000 rwxp 00000000 00:00 0 
65064000-65065000 ---p 00000000 00:00 0 
65065000-650e4000 rwxp 00000000 00:00 0 
650e4000-65133000 rw-p 00000000 00:00 0 
65133000-6530b000 r--s 03d20000 b3:07 1311086    /usr/lib/jvm/jdk-8-oracle-arm32-vfp-hflt/jre/lib/rt.jar
6530b000-655ec000 rw-p 00000000 00:00 0 
655ec000-657b2000 ---p 00000000 00:00 0 
657b2000-657b8000 rw-p 00000000 00:00 0 
657b8000-65800000 ---p 00000000 00:00 0 
65800000-65d40000 rw-p 00000000 00:00 0 
65d40000-6a540000 ---p 00000000 00:00 0 
6a540000-6b000000 rw-p 00000000 00:00 0 
6b000000-74000000 ---p 00000000 00:00 0 
74000000-74002000 r-xp 00000000 b3:07 130963     /lib/arm-linux-gnueabihf/libnss_mdns4_minimal.so.2
74002000-74009000 ---p 00002000 b3:07 130963     /lib/arm-linux-gnueabihf/libnss_mdns4_minimal.so.2
74009000-7400a000 r--p 00001000 b3:07 130963     /lib/arm-linux-gnueabihf/libnss_mdns4_minimal.so.2
7400a000-7400b000 rw-p 00002000 b3:07 130963     /lib/arm-linux-gnueabihf/libnss_mdns4_minimal.so.2
7400b000-7400e000 rw-p 00000000 00:00 0 
7400e000-74031000 ---p 00000000 00:00 0 
74031000-74037000 rw-p 00000000 00:00 0 
74037000-7407f000 ---p 00000000 00:00 0 
7407f000-74083000 rw-p 00000000 00:00 0 
74083000-74100000 ---p 00000000 00:00 0 
74100000-741c0000 rwxp 00000000 00:00 0 
741c0000-76100000 ---p 00000000 00:00 0 
76100000-76200000 rw-p 00000000 00:00 0 
76205000-7621c000 r-xp 00000000 b3:07 1311148    /usr/lib/jvm/jdk-8-oracle-arm32-vfp-hflt/jre/lib/arm/libzip.so
7621c000-76223000 ---p 00017000 b3:07 1311148    /usr/lib/jvm/jdk-8-oracle-arm32-vfp-hflt/jre/lib/arm/libzip.so
76223000-76224000 rw-p 00016000 b3:07 1311148    /usr/lib/jvm/jdk-8-oracle-arm32-vfp-hflt/jre/lib/arm/libzip.so
76224000-7622f000 r-xp 00000000 b3:07 131001     /lib/arm-linux-gnueabihf/libnss_files-2.19.so
7622f000-7623e000 ---p 0000b000 b3:07 131001     /lib/arm-linux-gnueabihf/libnss_files-2.19.so
7623e000-7623f000 r--p 0000a000 b3:07 131001     /lib/arm-linux-gnueabihf/libnss_files-2.19.so
7623f000-76240000 rw-p 0000b000 b3:07 131001     /lib/arm-linux-gnueabihf/libnss_files-2.19.so
76240000-76249000 r-xp 00000000 b3:07 131084     /lib/arm-linux-gnueabihf/libnss_nis-2.19.so
76249000-76258000 ---p 00009000 b3:07 131084     /lib/arm-linux-gnueabihf/libnss_nis-2.19.so
76258000-76259000 r--p 00008000 b3:07 131084     /lib/arm-linux-gnueabihf/libnss_nis-2.19.so
76259000-7625a000 rw-p 00009000 b3:07 131084     /lib/arm-linux-gnueabihf/libnss_nis-2.19.so
7625a000-7626b000 r-xp 00000000 b3:07 130932     /lib/arm-linux-gnueabihf/libnsl-2.19.so
7626b000-7627a000 ---p 00011000 b3:07 130932     /lib/arm-linux-gnueabihf/libnsl-2.19.so
7627a000-7627b000 r--p 00010000 b3:07 130932     /lib/arm-linux-gnueabihf/libnsl-2.19.so
7627b000-7627c000 rw-p 00011000 b3:07 130932     /lib/arm-linux-gnueabihf/libnsl-2.19.so
7627c000-7627e000 rw-p 00000000 00:00 0 
7627e000-76285000 r-xp 00000000 b3:07 130972     /lib/arm-linux-gnueabihf/libnss_compat-2.19.so
76285000-76294000 ---p 00007000 b3:07 130972     /lib/arm-linux-gnueabihf/libnss_compat-2.19.so
76294000-76295000 r--p 00006000 b3:07 130972     /lib/arm-linux-gnueabihf/libnss_compat-2.19.so
76295000-76296000 rw-p 00007000 b3:07 130972     /lib/arm-linux-gnueabihf/libnss_compat-2.19.so
762a0000-762a5000 r--s 00096000 b3:07 1311090    /usr/lib/jvm/jdk-8-oracle-arm32-vfp-hflt/jre/lib/jsse.jar
762a5000-762a9000 r--s 001fd000 b3:07 1712982    /usr/local/src/tmp/Downloads/Java/output/CameraVision-all.jar
762a9000-762cc000 r-xp 00000000 b3:07 1311152    /usr/lib/jvm/jdk-8-oracle-arm32-vfp-hflt/jre/lib/arm/libjava.so
762cc000-762d4000 ---p 00023000 b3:07 1311152    /usr/lib/jvm/jdk-8-oracle-arm32-vfp-hflt/jre/lib/arm/libjava.so
762d4000-762d5000 rw-p 00023000 b3:07 1311152    /usr/lib/jvm/jdk-8-oracle-arm32-vfp-hflt/jre/lib/arm/libjava.so
762d5000-762db000 r-xp 00000000 b3:07 130988     /lib/arm-linux-gnueabihf/librt-2.19.so
762db000-762ea000 ---p 00006000 b3:07 130988     /lib/arm-linux-gnueabihf/librt-2.19.so
762ea000-762eb000 r--p 00005000 b3:07 130988     /lib/arm-linux-gnueabihf/librt-2.19.so
762eb000-762ec000 rw-p 00006000 b3:07 130988     /lib/arm-linux-gnueabihf/librt-2.19.so
762ec000-762ef000 ---p 00000000 00:00 0 
762ef000-7633c000 rwxp 00000000 00:00 0 
7633c000-763a5000 r-xp 00000000 b3:07 130960     /lib/arm-linux-gnueabihf/libm-2.19.so
763a5000-763b5000 ---p 00069000 b3:07 130960     /lib/arm-linux-gnueabihf/libm-2.19.so
763b5000-763b6000 r--p 00069000 b3:07 130960     /lib/arm-linux-gnueabihf/libm-2.19.so
763b6000-763b7000 rw-p 0006a000 b3:07 130960     /lib/arm-linux-gnueabihf/libm-2.19.so
763b7000-7693a000 r-xp 00000000 b3:07 1311177    /usr/lib/jvm/jdk-8-oracle-arm32-vfp-hflt/jre/lib/arm/client/libjvm.so
7693a000-76942000 ---p 00583000 b3:07 1311177    /usr/lib/jvm/jdk-8-oracle-arm32-vfp-hflt/jre/lib/arm/client/libjvm.so
76942000-7696e000 rw-p 00583000 b3:07 1311177    /usr/lib/jvm/jdk-8-oracle-arm32-vfp-hflt/jre/lib/arm/client/libjvm.so
7696e000-76d91000 rw-p 00000000 00:00 0 
76d91000-76dae000 r-xp 00000000 b3:07 130945     /lib/arm-linux-gnueabihf/libgcc_s.so.1
76dae000-76dbd000 ---p 0001d000 b3:07 130945     /lib/arm-linux-gnueabihf/libgcc_s.so.1
76dbd000-76dbe000 rw-p 0001c000 b3:07 130945     /lib/arm-linux-gnueabihf/libgcc_s.so.1
76dbe000-76ee9000 r-xp 00000000 b3:07 131006     /lib/arm-linux-gnueabihf/libc-2.19.so
76ee9000-76ef9000 ---p 0012b000 b3:07 131006     /lib/arm-linux-gnueabihf/libc-2.19.so
76ef9000-76efb000 r--p 0012b000 b3:07 131006     /lib/arm-linux-gnueabihf/libc-2.19.so
76efb000-76efc000 rw-p 0012d000 b3:07 131006     /lib/arm-linux-gnueabihf/libc-2.19.so
76efc000-76eff000 rw-p 00000000 00:00 0 
76eff000-76f01000 r-xp 00000000 b3:07 131081     /lib/arm-linux-gnueabihf/libdl-2.19.so
76f01000-76f10000 ---p 00002000 b3:07 131081     /lib/arm-linux-gnueabihf/libdl-2.19.so
76f10000-76f11000 r--p 00001000 b3:07 131081     /lib/arm-linux-gnueabihf/libdl-2.19.so
76f11000-76f12000 rw-p 00002000 b3:07 131081     /lib/arm-linux-gnueabihf/libdl-2.19.so
76f12000-76f26000 r-xp 00000000 b3:07 1311175    /usr/lib/jvm/jdk-8-oracle-arm32-vfp-hflt/jre/lib/arm/jli/libjli.so
76f26000-76f2e000 ---p 00014000 b3:07 1311175    /usr/lib/jvm/jdk-8-oracle-arm32-vfp-hflt/jre/lib/arm/jli/libjli.so
76f2e000-76f2f000 rw-p 00014000 b3:07 1311175    /usr/lib/jvm/jdk-8-oracle-arm32-vfp-hflt/jre/lib/arm/jli/libjli.so
76f2f000-76f43000 r-xp 00000000 b3:07 131019     /lib/arm-linux-gnueabihf/libpthread-2.19.so
76f43000-76f53000 ---p 00014000 b3:07 131019     /lib/arm-linux-gnueabihf/libpthread-2.19.so
76f53000-76f54000 r--p 00014000 b3:07 131019     /lib/arm-linux-gnueabihf/libpthread-2.19.so
76f54000-76f55000 rw-p 00015000 b3:07 131019     /lib/arm-linux-gnueabihf/libpthread-2.19.so
76f55000-76f57000 rw-p 00000000 00:00 0 
76f58000-76f61000 r-xp 00000000 b3:07 1311172    /usr/lib/jvm/jdk-8-oracle-arm32-vfp-hflt/jre/lib/arm/libverify.so
76f61000-76f69000 ---p 00009000 b3:07 1311172    /usr/lib/jvm/jdk-8-oracle-arm32-vfp-hflt/jre/lib/arm/libverify.so
76f69000-76f6a000 rw-p 00009000 b3:07 1311172    /usr/lib/jvm/jdk-8-oracle-arm32-vfp-hflt/jre/lib/arm/libverify.so
76f6a000-76f6f000 r-xp 00000000 b3:07 1312124    /usr/lib/arm-linux-gnueabihf/libarmmem.so
76f6f000-76f7e000 ---p 00005000 b3:07 1312124    /usr/lib/arm-linux-gnueabihf/libarmmem.so
76f7e000-76f7f000 rw-p 00004000 b3:07 1312124    /usr/lib/arm-linux-gnueabihf/libarmmem.so
76f7f000-76f9f000 r-xp 00000000 b3:07 130911     /lib/arm-linux-gnueabihf/ld-2.19.so
76f9f000-76fa0000 r--p 00000000 b3:07 399632     /usr/share/locale/en_GB/LC_MESSAGES/libc.mo
76fa0000-76fa8000 rw-s 00000000 b3:07 1444957    /tmp/hsperfdata_root/1732
76fa8000-76fa9000 r--p 00000000 00:00 0 
76fa9000-76fac000 rw-p 00000000 00:00 0 
76fac000-76fae000 rw-p 00000000 00:00 0 
76fae000-76faf000 r--p 0001f000 b3:07 130911     /lib/arm-linux-gnueabihf/ld-2.19.so
76faf000-76fb0000 rw-p 00020000 b3:07 130911     /lib/arm-linux-gnueabihf/ld-2.19.so
7ea81000-7eaa2000 rwxp 00000000 00:00 0          [stack]
7ed94000-7ed95000 r-xp 00000000 00:00 0          [sigpage]
7ed95000-7ed96000 r--p 00000000 00:00 0          [vvar]
7ed96000-7ed97000 r-xp 00000000 00:00 0          [vdso]
ffff0000-ffff1000 r-xp 00000000 00:00 0          [vectors]

VM Arguments:
jvm_args: -Djava.library.path=. 
java_command: CameraVision-all.jar
java_class_path (initial): CameraVision-all.jar
Launcher Type: SUN_STANDARD

Environment Variables:
PATH=/usr/local/sbin:/usr/local/bin:/usr/sbin:/usr/bin:/sbin:/bin
USERNAME=root
SHELL=/bin/bash
DISPLAY=:0.0

Signal Handlers:
SIGSEGV: [libjvm.so+0x506638], sa_mask[0]=11111111011111111101111111111110, sa_flags=SA_RESTART|SA_SIGINFO
SIGBUS: [libjvm.so+0x506638], sa_mask[0]=11111111011111111101111111111110, sa_flags=SA_RESTART|SA_SIGINFO
SIGFPE: [libjvm.so+0x3fd4ec], sa_mask[0]=11111111011111111101111111111110, sa_flags=SA_RESTART|SA_SIGINFO
SIGPIPE: [libjvm.so+0x3fd4ec], sa_mask[0]=11111111011111111101111111111110, sa_flags=SA_RESTART|SA_SIGINFO
SIGXFSZ: [libjvm.so+0x3fd4ec], sa_mask[0]=11111111011111111101111111111110, sa_flags=SA_RESTART|SA_SIGINFO
SIGILL: [libjvm.so+0x3fd4ec], sa_mask[0]=11111111011111111101111111111110, sa_flags=SA_RESTART|SA_SIGINFO
SIGUSR1: SIG_DFL, sa_mask[0]=00000000000000000000000000000000, sa_flags=none
SIGUSR2: [libjvm.so+0x3fd650], sa_mask[0]=00000000000000000000000000000000, sa_flags=SA_RESTART|SA_SIGINFO
SIGHUP: [libjvm.so+0x3fda84], sa_mask[0]=11111111011111111101111111111110, sa_flags=SA_RESTART|SA_SIGINFO
SIGINT: [libjvm.so+0x3fda84], sa_mask[0]=11111111011111111101111111111110, sa_flags=SA_RESTART|SA_SIGINFO
SIGTERM: [libjvm.so+0x3fda84], sa_mask[0]=11111111011111111101111111111110, sa_flags=SA_RESTART|SA_SIGINFO
SIGQUIT: [libjvm.so+0x3fda84], sa_mask[0]=11111111011111111101111111111110, sa_flags=SA_RESTART|SA_SIGINFO


---------------  S Y S T E M  ---------------

OS:PRETTY_NAME="Raspbian GNU/Linux 8 (jessie)"
NAME="Raspbian GNU/Linux"
VERSION_ID="8"
VERSION="8 (jessie)"
ID=raspbian
ID_LIKE=debian
HOME_URL="http://www.raspbian.org/"
SUPPORT_URL="http://www.raspbian.org/RaspbianForums"
BUG_REPORT_URL="http://www.raspbian.org/RaspbianBugs"

uname:Linux 4.4.34-v7+ #930 SMP Wed Nov 23 15:20:41 GMT 2016 armv7l
libc:glibc 2.19 NPTL 2.19 
rlimit: STACK 8192k, CORE 0k, NPROC 7336, NOFILE 65536, AS infinity
load average:2.19 1.89 1.70

/proc/meminfo:
MemTotal:         947732 kB
MemFree:          405956 kB
MemAvailable:     632172 kB
Buffers:           18888 kB
Cached:           257800 kB
SwapCached:            0 kB
Active:           395620 kB
Inactive:         106068 kB
Active(anon):     225452 kB
Inactive(anon):    14068 kB
Active(file):     170168 kB
Inactive(file):    92000 kB
Unevictable:           0 kB
Mlocked:               0 kB
SwapTotal:        102396 kB
SwapFree:         102396 kB
Dirty:              7016 kB
Writeback:          1036 kB
AnonPages:        225044 kB
Mapped:            83156 kB
Shmem:             14492 kB
Slab:              19944 kB
SReclaimable:      10016 kB
SUnreclaim:         9928 kB
KernelStack:        2032 kB
PageTables:         3168 kB
NFS_Unstable:          0 kB
Bounce:                0 kB
WritebackTmp:          0 kB
CommitLimit:      576260 kB
Committed_AS:    1060856 kB
VmallocTotal:    1114112 kB
VmallocUsed:           0 kB
VmallocChunk:          0 kB
CmaTotal:           8192 kB
CmaFree:            3236 kB


CPU:total 4 (ARMv7), vfp

/proc/cpuinfo:
processor	: 0
model name	: ARMv7 Processor rev 4 (v7l)
BogoMIPS	: 76.80
Features	: half thumb fastmult vfp edsp neon vfpv3 tls vfpv4 idiva idivt vfpd32 lpae evtstrm crc32 
CPU implementer	: 0x41
CPU architecture: 7
CPU variant	: 0x0
CPU part	: 0xd03
CPU revision	: 4

processor	: 1
model name	: ARMv7 Processor rev 4 (v7l)
BogoMIPS	: 76.80
Features	: half thumb fastmult vfp edsp neon vfpv3 tls vfpv4 idiva idivt vfpd32 lpae evtstrm crc32 
CPU implementer	: 0x41
CPU architecture: 7
CPU variant	: 0x0
CPU part	: 0xd03
CPU revision	: 4

processor	: 2
model name	: ARMv7 Processor rev 4 (v7l)
BogoMIPS	: 76.80
Features	: half thumb fastmult vfp edsp neon vfpv3 tls vfpv4 idiva idivt vfpd32 lpae evtstrm crc32 
CPU implementer	: 0x41
CPU architecture: 7
CPU variant	: 0x0
CPU part	: 0xd03
CPU revision	: 4

processor	: 3
model name	: ARMv7 Processor rev 4 (v7l)
BogoMIPS	: 76.80
Features	: half thumb fastmult vfp edsp neon vfpv3 tls vfpv4 idiva idivt vfpd32 lpae evtstrm crc32 
CPU implementer	: 0x41
CPU architecture: 7
CPU variant	: 0x0
CPU part	: 0xd03
CPU revision	: 4

Hardware	: BCM2709
Revision	: a02082
Serial		: 00000000a10a37a6


Memory: 4k page, physical 947732k(405832k free), swap 102396k(102396k free)

vm_info: Java HotSpot(TM) Client VM (25.65-b01) for linux-arm-vfp-hflt JRE (1.8.0_65-b17), built on Oct  6 2015 16:19:04 by "java_re" with gcc 4.7.2 20120910 (prerelease)

time: Sat Feb  4 04:48:46 2017
elapsed time: 179 seconds (0d 0h 2m 59s)

