#
# A fatal error has been detected by the Java Runtime Environment:
#
#  SIGSEGV (0xb) at pc=0x762084a0, pid=1219, tid=1613468768
#
# JRE version: Java(TM) SE Runtime Environment (8.0_65-b17) (build 1.8.0_65-b17)
# Java VM: Java HotSpot(TM) Client VM (25.65-b01 mixed mode linux-arm )
# Problematic frame:
# C  0x762084a0
#
# Failed to write core dump. Core dumps have been disabled. To enable core dumping, try "ulimit -c unlimited" before starting Java again
#
# If you would like to submit a bug report, please visit:
#   http://bugreport.java.com/bugreport/crash.jsp
#

---------------  T H R E A D  ---------------

Current thread is native thread

siginfo: si_signo: 11 (SIGSEGV), si_code: 2 (SEGV_ACCERR), si_addr: 0x762084a0

Registers:
  r0  = 0x6383ab50
  r1  = 0x00000000
  r2  = 0x00000001
  r3  = 0x762084a0
  r4  = 0x41000001
  r5  = 0x76f8a5bc
  r6  = 0x61ec0544
  r7  = 0x00000008
  r8  = 0x6383abb0
  r9  = 0x61ec061c
  r10 = 0x6383ab50
  fp  = 0x602b8f9c
  r12 = 0x61ebe34c
  sp  = 0x602b8b28
  lr  = 0x61b38cac
  pc  = 0x762084a0
  cpsr = 0x60000010

Top of Stack: (sp=0x602b8b28)
0x602b8b28:   00000008 00000000 6383ad44 80000015
0x602b8b38:   64a00468 6383abb0 00000016 00000014
0x602b8b48:   602b8bcc 61ebc0ec 00000000 61b56f0c
0x602b8b58:   602b8bcc 00000000 00000000 00000000
0x602b8b68:   00000000 6383abb0 602b8d18 00000000
0x602b8b78:   00000000 602b8d98 00000000 00000000
0x602b8b88:   00000000 00000000 00000000 6383acd8
0x602b8b98:   00000015 00000000 00000000 00000000 

Instructions: (pc=0x762084a0)
0x76208480:   76ff0948 76ff0988 7620e228 7620e288
0x76208490:   00000080 00000014 76998d80 7620e3f8
0x762084a0:   7620e580 00000649 76208cb0 76205bf8
0x762084b0:   00000000 00000000 00000018 00000034 

Register to memory mapping:

  r0  = 0x6383ab50

[error occurred during error reporting (printing register info), id 0xb]

Stack: [0x5faba000,0x602ba000],  sp=0x602b8b28,  free space=8186k
Native frames: (J=compiled Java code, j=interpreted, Vv=VM code, C=native code)
C  0x762084a0

[error occurred during error reporting (printing native stack), id 0xb]


---------------  P R O C E S S  ---------------

VM state:at safepoint (shutting down)

VM Mutex/Monitor currently owned by a thread:  ([mutex/lock_event])
[0x76204a80] Threads_lock - owner thread: 0x7625d400

Heap:
 def new generation   total 4864K, used 1844K [0x65800000, 0x65d40000, 0x6a540000)
  eden space 4352K,  42% used [0x65800000, 0x659cd398, 0x65c40000)
  from space 512K,   0% used [0x65c40000, 0x65c40000, 0x65cc0000)
  to   space 512K,   0% used [0x65cc0000, 0x65cc0000, 0x65d40000)
 tenured generation   total 11008K, used 0K [0x6a540000, 0x6b000000, 0x74000000)
   the space 11008K,   0% used [0x6a540000, 0x6a540000, 0x6a540200, 0x6b000000)
 Metaspace       used 2229K, capacity 2464K, committed 2584K, reserved 4400K

Card table byte_map: [0x7406d000,0x740e2000] byte_map_base: 0x73d41000

Polling page: 0x76ff7000

CodeCache: size=32768Kb used=740Kb max_used=740Kb free=32027Kb
 bounds [0x74162000, 0x74222000, 0x76162000]
 total_blobs=357 nmethods=42 adapters=248
 compilation: enabled

Compilation events (10 events):
Event: 0.846 Thread 0x7627f400   36             java.io.FilterInputStream::read (11 bytes)
Event: 0.846 Thread 0x7627f400 nmethod 36 0x7420d988 code [0x7420da70, 0x7420db14]
Event: 1.676 Thread 0x7627f400   37             java.util.Arrays::copyOfRange (63 bytes)
Event: 1.678 Thread 0x7627f400 nmethod 37 0x74212488 code [0x742125c0, 0x74212930]
Event: 101.871 Thread 0x7627f400   38             edu.wpi.cscore.CvSink::grabFrame (9 bytes)
Event: 101.872 Thread 0x7627f400 nmethod 38 0x7421aa88 code [0x7421ab70, 0x7421ac24]
Event: 101.872 Thread 0x7627f400   39             edu.wpi.cscore.CvSink::grabFrame (13 bytes)
Event: 101.873 Thread 0x7627f400 nmethod 39 0x7421acc8 code [0x7421adb0, 0x7421ae54]
Event: 101.985 Thread 0x7627f400   41             org.opencv.imgproc.Imgproc::cvtColor (13 bytes)
Event: 101.986 Thread 0x7627f400 nmethod 41 0x7421b108 code [0x7421b1f0, 0x7421b2a4]

GC Heap History (0 events):
No events

Deoptimization events (0 events):
No events

Internal exceptions (6 events):
Event: 0.146 Thread 0x76207000 Exception <a 'java/lang/NoSuchMethodError': Method sun.misc.Unsafe.defineClass(Ljava/lang/String;[BII)Ljava/lang/Class; name or signature does not match> (0x65810498) thrown at [/HUDSON/workspace/8-2-build-glinux-arm-vfp-hflt/jdk8u65/4987/hotspot/src/shar
Event: 0.147 Thread 0x76207000 Exception <a 'java/lang/NoSuchMethodError': Method sun.misc.Unsafe.prefetchRead(Ljava/lang/Object;J)V name or signature does not match> (0x65810768) thrown at [/HUDSON/workspace/8-2-build-glinux-arm-vfp-hflt/jdk8u65/4987/hotspot/src/share/vm/prims/jni.cpp
Event: 0.541 Thread 0x76207000 Exception <a 'java/security/PrivilegedActionException'> (0x658c0cb0) thrown at [/HUDSON/workspace/8-2-build-glinux-arm-vfp-hflt/jdk8u65/4987/hotspot/src/share/vm/prims/jvm.cpp, line 1386]
Event: 0.541 Thread 0x76207000 Exception <a 'java/security/PrivilegedActionException'> (0x658c0eb0) thrown at [/HUDSON/workspace/8-2-build-glinux-arm-vfp-hflt/jdk8u65/4987/hotspot/src/share/vm/prims/jvm.cpp, line 1386]
Event: 0.544 Thread 0x76207000 Exception <a 'java/security/PrivilegedActionException'> (0x658c3600) thrown at [/HUDSON/workspace/8-2-build-glinux-arm-vfp-hflt/jdk8u65/4987/hotspot/src/share/vm/prims/jvm.cpp, line 1386]
Event: 0.544 Thread 0x76207000 Exception <a 'java/security/PrivilegedActionException'> (0x658c3800) thrown at [/HUDSON/workspace/8-2-build-glinux-arm-vfp-hflt/jdk8u65/4987/hotspot/src/share/vm/prims/jvm.cpp, line 1386]

Events (10 events):
Event: 1.678 loading class org/opencv/core/MatOfInt4
Event: 1.678 loading class org/opencv/core/MatOfInt4 done
Event: 4.295 Executing VM operation: EnableBiasedLocking
Event: 4.295 Executing VM operation: EnableBiasedLocking done
Event: 129.392 loading class sun/misc/Signal$1
Event: 129.392 loading class sun/misc/Signal$1 done
Event: 129.393 Thread 0x64a02400 Thread added: 0x64a02400
Event: 129.394 loading class java/util/ArrayList$Itr
Event: 129.395 loading class java/util/ArrayList$Itr done
Event: 129.396 Executing VM operation: Exit


Dynamic libraries:
00008000-00009000 r-xp 00000000 b3:07 1311207    /usr/lib/jvm/jdk-8-oracle-arm32-vfp-hflt/jre/bin/java
00010000-00011000 rw-p 00000000 b3:07 1311207    /usr/lib/jvm/jdk-8-oracle-arm32-vfp-hflt/jre/bin/java
01bc7000-01be8000 rw-p 00000000 00:00 0          [heap]
5ea1f000-5ea22000 ---p 00000000 00:00 0 
5ea22000-5ea6f000 rwxp 00000000 00:00 0 
5ea6f000-5ea81000 r-xp 00000000 b3:07 131045     /lib/arm-linux-gnueabihf/libresolv-2.19.so
5ea81000-5ea90000 ---p 00012000 b3:07 131045     /lib/arm-linux-gnueabihf/libresolv-2.19.so
5ea90000-5ea91000 r--p 00011000 b3:07 131045     /lib/arm-linux-gnueabihf/libresolv-2.19.so
5ea91000-5ea92000 rw-p 00012000 b3:07 131045     /lib/arm-linux-gnueabihf/libresolv-2.19.so
5ea92000-5ea94000 rw-p 00000000 00:00 0 
5ea94000-5ea95000 ---p 00000000 00:00 0 
5ea95000-5f294000 rwxp 00000000 00:00 0 
5f294000-5f295000 ---p 00000000 00:00 0 
5f295000-5fa94000 rwxp 00000000 00:00 0 
5faba000-5fabb000 ---p 00000000 00:00 0 
5fabb000-602ba000 rwxp 00000000 00:00 0 
602ba000-602bb000 ---p 00000000 00:00 0 
602bb000-60aba000 rwxp 00000000 00:00 0 
60aba000-60abb000 ---p 00000000 00:00 0 
60abb000-612ba000 rwxp 00000000 00:00 0 
612ba000-612bb000 ---p 00000000 00:00 0 
612bb000-61aba000 rwxp 00000000 00:00 0 
61aba000-61ea9000 r-xp 00000000 b3:07 1449635    /tmp/libCameraServerJNI3298221208803913744.so (deleted)
61ea9000-61eb9000 ---p 003ef000 b3:07 1449635    /tmp/libCameraServerJNI3298221208803913744.so (deleted)
61eb9000-61ec1000 rw-p 003ef000 b3:07 1449635    /tmp/libCameraServerJNI3298221208803913744.so (deleted)
61ec1000-61f57000 rw-p 00000000 00:00 0 
61f57000-61f58000 ---p 00000000 00:00 0 
61f58000-62757000 rwxp 00000000 00:00 0 
62757000-62758000 ---p 00000000 00:00 0 
62758000-62f57000 rwxp 00000000 00:00 0 
62f57000-62f58000 ---p 00000000 00:00 0 
62f58000-63757000 rwxp 00000000 00:00 0 
63757000-637ef000 r-xp 00000000 b3:07 1449633    /tmp/libNetworkTablesJNI4545414654864724822.so (deleted)
637ef000-637fe000 ---p 00098000 b3:07 1449633    /tmp/libNetworkTablesJNI4545414654864724822.so (deleted)
637fe000-63800000 rw-p 00097000 b3:07 1449633    /tmp/libNetworkTablesJNI4545414654864724822.so (deleted)
63800000-638d0000 rw-p 00000000 00:00 0 
638d0000-63900000 ---p 00000000 00:00 0 
63905000-63909000 r-xp 00000000 b3:07 130954     /lib/arm-linux-gnueabihf/libnss_dns-2.19.so
63909000-63918000 ---p 00004000 b3:07 130954     /lib/arm-linux-gnueabihf/libnss_dns-2.19.so
63918000-63919000 r--p 00003000 b3:07 130954     /lib/arm-linux-gnueabihf/libnss_dns-2.19.so
63919000-6391a000 rw-p 00004000 b3:07 130954     /lib/arm-linux-gnueabihf/libnss_dns-2.19.so
63966000-63a27000 r-xp 00000000 b3:07 1311638    /usr/lib/arm-linux-gnueabihf/libstdc++.so.6.0.20
63a27000-63a36000 ---p 000c1000 b3:07 1311638    /usr/lib/arm-linux-gnueabihf/libstdc++.so.6.0.20
63a36000-63a3a000 r--p 000c0000 b3:07 1311638    /usr/lib/arm-linux-gnueabihf/libstdc++.so.6.0.20
63a3a000-63a3c000 rw-p 000c4000 b3:07 1311638    /usr/lib/arm-linux-gnueabihf/libstdc++.so.6.0.20
63a3c000-63a42000 rw-p 00000000 00:00 0 
63a42000-6453a000 r-xp 00000000 b3:07 1712983    /usr/local/src/tmp/Downloads/Java/output/libopencv_java310.so
6453a000-6454a000 ---p 00af8000 b3:07 1712983    /usr/local/src/tmp/Downloads/Java/output/libopencv_java310.so
6454a000-64560000 r--p 00af8000 b3:07 1712983    /usr/local/src/tmp/Downloads/Java/output/libopencv_java310.so
64560000-64566000 rw-p 00b0e000 b3:07 1712983    /usr/local/src/tmp/Downloads/Java/output/libopencv_java310.so
64566000-64600000 rw-p 00000000 00:00 0 
64600000-64621000 rw-p 00000000 00:00 0 
64621000-64700000 ---p 00000000 00:00 0 
64800000-64893000 rw-p 00000000 00:00 0 
64893000-64900000 ---p 00000000 00:00 0 
64930000-64933000 ---p 00000000 00:00 0 
64933000-64980000 rwxp 00000000 00:00 0 
64980000-64983000 ---p 00000000 00:00 0 
64983000-64a00000 rwxp 00000000 00:00 0 
64a00000-64a21000 rw-p 00000000 00:00 0 
64a21000-64b00000 ---p 00000000 00:00 0 
64b27000-64b2a000 ---p 00000000 00:00 0 
64b2a000-64b77000 rwxp 00000000 00:00 0 
64b77000-64d00000 r--p 00000000 b3:07 1317856    /usr/lib/locale/locale-archive
64d00000-64d21000 rw-p 00000000 00:00 0 
64d21000-64e00000 ---p 00000000 00:00 0 
64e00000-64e21000 rw-p 00000000 00:00 0 
64e21000-64f00000 ---p 00000000 00:00 0 
64f00000-64f21000 rw-p 00000000 00:00 0 
64f21000-65000000 ---p 00000000 00:00 0 
65007000-65009000 r-xp 00000000 b3:07 130963     /lib/arm-linux-gnueabihf/libnss_mdns4_minimal.so.2
65009000-65010000 ---p 00002000 b3:07 130963     /lib/arm-linux-gnueabihf/libnss_mdns4_minimal.so.2
65010000-65011000 r--p 00001000 b3:07 130963     /lib/arm-linux-gnueabihf/libnss_mdns4_minimal.so.2
65011000-65012000 rw-p 00002000 b3:07 130963     /lib/arm-linux-gnueabihf/libnss_mdns4_minimal.so.2
65012000-65015000 ---p 00000000 00:00 0 
65015000-65062000 rwxp 00000000 00:00 0 
65062000-65065000 ---p 00000000 00:00 0 
65065000-650b2000 rwxp 00000000 00:00 0 
650b2000-650b3000 ---p 00000000 00:00 0 
650b3000-65132000 rwxp 00000000 00:00 0 
65132000-65181000 rw-p 00000000 00:00 0 
65181000-65359000 r--s 03d20000 b3:07 1311086    /usr/lib/jvm/jdk-8-oracle-arm32-vfp-hflt/jre/lib/rt.jar
65359000-6563a000 rw-p 00000000 00:00 0 
6563a000-65800000 ---p 00000000 00:00 0 
65800000-65d40000 rw-p 00000000 00:00 0 
65d40000-6a540000 ---p 00000000 00:00 0 
6a540000-6b000000 rw-p 00000000 00:00 0 
6b000000-74000000 ---p 00000000 00:00 0 
7401a000-7401f000 r--s 00096000 b3:07 1311090    /usr/lib/jvm/jdk-8-oracle-arm32-vfp-hflt/jre/lib/jsse.jar
7401f000-74025000 rw-p 00000000 00:00 0 
74025000-7406d000 ---p 00000000 00:00 0 
7406d000-74070000 rw-p 00000000 00:00 0 
74070000-74093000 ---p 00000000 00:00 0 
74093000-74099000 rw-p 00000000 00:00 0 
74099000-740e1000 ---p 00000000 00:00 0 
740e1000-740e5000 rw-p 00000000 00:00 0 
740e5000-74162000 ---p 00000000 00:00 0 
74162000-74222000 rwxp 00000000 00:00 0 
74222000-76162000 ---p 00000000 00:00 0 
76162000-7616d000 r-xp 00000000 b3:07 131001     /lib/arm-linux-gnueabihf/libnss_files-2.19.so
7616d000-7617c000 ---p 0000b000 b3:07 131001     /lib/arm-linux-gnueabihf/libnss_files-2.19.so
7617c000-7617d000 r--p 0000a000 b3:07 131001     /lib/arm-linux-gnueabihf/libnss_files-2.19.so
7617d000-7617e000 rw-p 0000b000 b3:07 131001     /lib/arm-linux-gnueabihf/libnss_files-2.19.so
7617e000-76187000 r-xp 00000000 b3:07 131084     /lib/arm-linux-gnueabihf/libnss_nis-2.19.so
76187000-76196000 ---p 00009000 b3:07 131084     /lib/arm-linux-gnueabihf/libnss_nis-2.19.so
76196000-76197000 r--p 00008000 b3:07 131084     /lib/arm-linux-gnueabihf/libnss_nis-2.19.so
76197000-76198000 rw-p 00009000 b3:07 131084     /lib/arm-linux-gnueabihf/libnss_nis-2.19.so
76198000-761a9000 r-xp 00000000 b3:07 130932     /lib/arm-linux-gnueabihf/libnsl-2.19.so
761a9000-761b8000 ---p 00011000 b3:07 130932     /lib/arm-linux-gnueabihf/libnsl-2.19.so
761b8000-761b9000 r--p 00010000 b3:07 130932     /lib/arm-linux-gnueabihf/libnsl-2.19.so
761b9000-761ba000 rw-p 00011000 b3:07 130932     /lib/arm-linux-gnueabihf/libnsl-2.19.so
761ba000-761bc000 rw-p 00000000 00:00 0 
761bc000-761c3000 r-xp 00000000 b3:07 130972     /lib/arm-linux-gnueabihf/libnss_compat-2.19.so
761c3000-761d2000 ---p 00007000 b3:07 130972     /lib/arm-linux-gnueabihf/libnss_compat-2.19.so
761d2000-761d3000 r--p 00006000 b3:07 130972     /lib/arm-linux-gnueabihf/libnss_compat-2.19.so
761d3000-761d4000 rw-p 00007000 b3:07 130972     /lib/arm-linux-gnueabihf/libnss_compat-2.19.so
761d4000-761f7000 r-xp 00000000 b3:07 1311152    /usr/lib/jvm/jdk-8-oracle-arm32-vfp-hflt/jre/lib/arm/libjava.so
761f7000-761ff000 ---p 00023000 b3:07 1311152    /usr/lib/jvm/jdk-8-oracle-arm32-vfp-hflt/jre/lib/arm/libjava.so
761ff000-76200000 rw-p 00023000 b3:07 1311152    /usr/lib/jvm/jdk-8-oracle-arm32-vfp-hflt/jre/lib/arm/libjava.so
76200000-762fd000 rw-p 00000000 00:00 0 
762fd000-76300000 ---p 00000000 00:00 0 
76301000-76305000 r--s 001fe000 b3:07 1712982    /usr/local/src/tmp/Downloads/Java/output/CameraVision-all.jar
76305000-7631c000 r-xp 00000000 b3:07 1311148    /usr/lib/jvm/jdk-8-oracle-arm32-vfp-hflt/jre/lib/arm/libzip.so
7631c000-76323000 ---p 00017000 b3:07 1311148    /usr/lib/jvm/jdk-8-oracle-arm32-vfp-hflt/jre/lib/arm/libzip.so
76323000-76324000 rw-p 00016000 b3:07 1311148    /usr/lib/jvm/jdk-8-oracle-arm32-vfp-hflt/jre/lib/arm/libzip.so
76324000-7632a000 r-xp 00000000 b3:07 130988     /lib/arm-linux-gnueabihf/librt-2.19.so
7632a000-76339000 ---p 00006000 b3:07 130988     /lib/arm-linux-gnueabihf/librt-2.19.so
76339000-7633a000 r--p 00005000 b3:07 130988     /lib/arm-linux-gnueabihf/librt-2.19.so
7633a000-7633b000 rw-p 00006000 b3:07 130988     /lib/arm-linux-gnueabihf/librt-2.19.so
7633b000-7633e000 ---p 00000000 00:00 0 
7633e000-7638b000 rwxp 00000000 00:00 0 
7638b000-763f4000 r-xp 00000000 b3:07 130960     /lib/arm-linux-gnueabihf/libm-2.19.so
763f4000-76404000 ---p 00069000 b3:07 130960     /lib/arm-linux-gnueabihf/libm-2.19.so
76404000-76405000 r--p 00069000 b3:07 130960     /lib/arm-linux-gnueabihf/libm-2.19.so
76405000-76406000 rw-p 0006a000 b3:07 130960     /lib/arm-linux-gnueabihf/libm-2.19.so
76406000-76989000 r-xp 00000000 b3:07 1311177    /usr/lib/jvm/jdk-8-oracle-arm32-vfp-hflt/jre/lib/arm/client/libjvm.so
76989000-76991000 ---p 00583000 b3:07 1311177    /usr/lib/jvm/jdk-8-oracle-arm32-vfp-hflt/jre/lib/arm/client/libjvm.so
76991000-769bd000 rw-p 00583000 b3:07 1311177    /usr/lib/jvm/jdk-8-oracle-arm32-vfp-hflt/jre/lib/arm/client/libjvm.so
769bd000-76de0000 rw-p 00000000 00:00 0 
76de0000-76dfd000 r-xp 00000000 b3:07 130945     /lib/arm-linux-gnueabihf/libgcc_s.so.1
76dfd000-76e0c000 ---p 0001d000 b3:07 130945     /lib/arm-linux-gnueabihf/libgcc_s.so.1
76e0c000-76e0d000 rw-p 0001c000 b3:07 130945     /lib/arm-linux-gnueabihf/libgcc_s.so.1
76e0d000-76f38000 r-xp 00000000 b3:07 131006     /lib/arm-linux-gnueabihf/libc-2.19.so
76f38000-76f48000 ---p 0012b000 b3:07 131006     /lib/arm-linux-gnueabihf/libc-2.19.so
76f48000-76f4a000 r--p 0012b000 b3:07 131006     /lib/arm-linux-gnueabihf/libc-2.19.so
76f4a000-76f4b000 rw-p 0012d000 b3:07 131006     /lib/arm-linux-gnueabihf/libc-2.19.so
76f4b000-76f4e000 rw-p 00000000 00:00 0 
76f4e000-76f50000 r-xp 00000000 b3:07 131081     /lib/arm-linux-gnueabihf/libdl-2.19.so
76f50000-76f5f000 ---p 00002000 b3:07 131081     /lib/arm-linux-gnueabihf/libdl-2.19.so
76f5f000-76f60000 r--p 00001000 b3:07 131081     /lib/arm-linux-gnueabihf/libdl-2.19.so
76f60000-76f61000 rw-p 00002000 b3:07 131081     /lib/arm-linux-gnueabihf/libdl-2.19.so
76f61000-76f75000 r-xp 00000000 b3:07 1311175    /usr/lib/jvm/jdk-8-oracle-arm32-vfp-hflt/jre/lib/arm/jli/libjli.so
76f75000-76f7d000 ---p 00014000 b3:07 1311175    /usr/lib/jvm/jdk-8-oracle-arm32-vfp-hflt/jre/lib/arm/jli/libjli.so
76f7d000-76f7e000 rw-p 00014000 b3:07 1311175    /usr/lib/jvm/jdk-8-oracle-arm32-vfp-hflt/jre/lib/arm/jli/libjli.so
76f7e000-76f92000 r-xp 00000000 b3:07 131019     /lib/arm-linux-gnueabihf/libpthread-2.19.so
76f92000-76fa2000 ---p 00014000 b3:07 131019     /lib/arm-linux-gnueabihf/libpthread-2.19.so
76fa2000-76fa3000 r--p 00014000 b3:07 131019     /lib/arm-linux-gnueabihf/libpthread-2.19.so
76fa3000-76fa4000 rw-p 00015000 b3:07 131019     /lib/arm-linux-gnueabihf/libpthread-2.19.so
76fa4000-76fa7000 rw-p 00000000 00:00 0 
76fa7000-76fb0000 r-xp 00000000 b3:07 1311172    /usr/lib/jvm/jdk-8-oracle-arm32-vfp-hflt/jre/lib/arm/libverify.so
76fb0000-76fb8000 ---p 00009000 b3:07 1311172    /usr/lib/jvm/jdk-8-oracle-arm32-vfp-hflt/jre/lib/arm/libverify.so
76fb8000-76fb9000 rw-p 00009000 b3:07 1311172    /usr/lib/jvm/jdk-8-oracle-arm32-vfp-hflt/jre/lib/arm/libverify.so
76fb9000-76fbe000 r-xp 00000000 b3:07 1312124    /usr/lib/arm-linux-gnueabihf/libarmmem.so
76fbe000-76fcd000 ---p 00005000 b3:07 1312124    /usr/lib/arm-linux-gnueabihf/libarmmem.so
76fcd000-76fce000 rw-p 00004000 b3:07 1312124    /usr/lib/arm-linux-gnueabihf/libarmmem.so
76fce000-76fee000 r-xp 00000000 b3:07 130911     /lib/arm-linux-gnueabihf/ld-2.19.so
76fee000-76fef000 r--p 00000000 b3:07 399632     /usr/share/locale/en_GB/LC_MESSAGES/libc.mo
76fef000-76ff7000 rw-s 00000000 b3:07 1444940    /tmp/hsperfdata_root/1219 (deleted)
76ff7000-76ff8000 ---p 00000000 00:00 0 
76ff8000-76ffb000 rw-p 00000000 00:00 0 
76ffb000-76ffd000 rw-p 00000000 00:00 0 
76ffd000-76ffe000 r--p 0001f000 b3:07 130911     /lib/arm-linux-gnueabihf/ld-2.19.so
76ffe000-76fff000 rw-p 00020000 b3:07 130911     /lib/arm-linux-gnueabihf/ld-2.19.so
7ed88000-7eda9000 rwxp 00000000 00:00 0          [stack]
7ef47000-7ef48000 r-xp 00000000 00:00 0          [sigpage]
7ef48000-7ef49000 r--p 00000000 00:00 0          [vvar]
7ef49000-7ef4a000 r-xp 00000000 00:00 0          [vdso]
ffff0000-ffff1000 r-xp 00000000 00:00 0          [vectors]

VM Arguments:
jvm_args: -Djava.library.path=. 
java_command: CameraVision-all.jar
java_class_path (initial): CameraVision-all.jar
Launcher Type: SUN_STANDARD

Environment Variables:
PATH=/usr/local/sbin:/usr/local/bin:/usr/sbin:/usr/bin:/sbin:/bin
USERNAME=root
SHELL=/bin/bash
DISPLAY=:0.0

Signal Handlers:
SIGSEGV: [libjvm.so+0x506638], sa_mask[0]=11111111011111111101111111111110, sa_flags=SA_RESTART|SA_SIGINFO
SIGBUS: [libjvm.so+0x506638], sa_mask[0]=11111111011111111101111111111110, sa_flags=SA_RESTART|SA_SIGINFO
SIGFPE: [libjvm.so+0x3fd4ec], sa_mask[0]=11111111011111111101111111111110, sa_flags=SA_RESTART|SA_SIGINFO
SIGPIPE: [libjvm.so+0x3fd4ec], sa_mask[0]=11111111011111111101111111111110, sa_flags=SA_RESTART|SA_SIGINFO
SIGXFSZ: [libjvm.so+0x3fd4ec], sa_mask[0]=11111111011111111101111111111110, sa_flags=SA_RESTART|SA_SIGINFO
SIGILL: [libjvm.so+0x3fd4ec], sa_mask[0]=11111111011111111101111111111110, sa_flags=SA_RESTART|SA_SIGINFO
SIGUSR1: SIG_DFL, sa_mask[0]=00000000000000000000000000000000, sa_flags=none
SIGUSR2: [libjvm.so+0x3fd650], sa_mask[0]=00000000000000000000000000000000, sa_flags=SA_RESTART|SA_SIGINFO
SIGHUP: [libjvm.so+0x3fda84], sa_mask[0]=11111111011111111101111111111110, sa_flags=SA_RESTART|SA_SIGINFO
SIGINT: [libjvm.so+0x3fda84], sa_mask[0]=11111111011111111101111111111110, sa_flags=SA_RESTART|SA_SIGINFO
SIGTERM: [libjvm.so+0x3fda84], sa_mask[0]=11111111011111111101111111111110, sa_flags=SA_RESTART|SA_SIGINFO
SIGQUIT: [libjvm.so+0x3fda84], sa_mask[0]=11111111011111111101111111111110, sa_flags=SA_RESTART|SA_SIGINFO


---------------  S Y S T E M  ---------------

OS:PRETTY_NAME="Raspbian GNU/Linux 8 (jessie)"
NAME="Raspbian GNU/Linux"
VERSION_ID="8"
VERSION="8 (jessie)"
ID=raspbian
ID_LIKE=debian
HOME_URL="http://www.raspbian.org/"
SUPPORT_URL="http://www.raspbian.org/RaspbianForums"
BUG_REPORT_URL="http://www.raspbian.org/RaspbianBugs"

uname:Linux 4.4.34-v7+ #930 SMP Wed Nov 23 15:20:41 GMT 2016 armv7l
libc:glibc 2.19 NPTL 2.19 
rlimit: STACK 8192k, CORE 0k, NPROC 7336, NOFILE 65536, AS infinity
load average:1.29 0.61 0.35

/proc/meminfo:
MemTotal:         947732 kB
MemFree:          411960 kB
MemAvailable:     716332 kB
Buffers:           20372 kB
Cached:           332132 kB
SwapCached:            0 kB
Active:           323284 kB
Inactive:         173840 kB
Active(anon):     145100 kB
Inactive(anon):    12068 kB
Active(file):     178184 kB
Inactive(file):   161772 kB
Unevictable:           0 kB
Mlocked:               0 kB
SwapTotal:        102396 kB
SwapFree:         102396 kB
Dirty:                24 kB
Writeback:             0 kB
AnonPages:        144716 kB
Mapped:            85516 kB
Shmem:             12552 kB
Slab:              20872 kB
SReclaimable:      10748 kB
SUnreclaim:        10124 kB
KernelStack:        1824 kB
PageTables:         2884 kB
NFS_Unstable:          0 kB
Bounce:                0 kB
WritebackTmp:          0 kB
CommitLimit:      576260 kB
Committed_AS:     907532 kB
VmallocTotal:    1114112 kB
VmallocUsed:           0 kB
VmallocChunk:          0 kB
CmaTotal:           8192 kB
CmaFree:            3400 kB


CPU:total 4 (ARMv7), vfp

/proc/cpuinfo:
processor	: 0
model name	: ARMv7 Processor rev 4 (v7l)
BogoMIPS	: 76.80
Features	: half thumb fastmult vfp edsp neon vfpv3 tls vfpv4 idiva idivt vfpd32 lpae evtstrm crc32 
CPU implementer	: 0x41
CPU architecture: 7
CPU variant	: 0x0
CPU part	: 0xd03
CPU revision	: 4

processor	: 1
model name	: ARMv7 Processor rev 4 (v7l)
BogoMIPS	: 76.80
Features	: half thumb fastmult vfp edsp neon vfpv3 tls vfpv4 idiva idivt vfpd32 lpae evtstrm crc32 
CPU implementer	: 0x41
CPU architecture: 7
CPU variant	: 0x0
CPU part	: 0xd03
CPU revision	: 4

processor	: 2
model name	: ARMv7 Processor rev 4 (v7l)
BogoMIPS	: 76.80
Features	: half thumb fastmult vfp edsp neon vfpv3 tls vfpv4 idiva idivt vfpd32 lpae evtstrm crc32 
CPU implementer	: 0x41
CPU architecture: 7
CPU variant	: 0x0
CPU part	: 0xd03
CPU revision	: 4

processor	: 3
model name	: ARMv7 Processor rev 4 (v7l)
BogoMIPS	: 76.80
Features	: half thumb fastmult vfp edsp neon vfpv3 tls vfpv4 idiva idivt vfpd32 lpae evtstrm crc32 
CPU implementer	: 0x41
CPU architecture: 7
CPU variant	: 0x0
CPU part	: 0xd03
CPU revision	: 4

Hardware	: BCM2709
Revision	: a02082
Serial		: 00000000a10a37a6


Memory: 4k page, physical 947732k(411960k free), swap 102396k(102396k free)

vm_info: Java HotSpot(TM) Client VM (25.65-b01) for linux-arm-vfp-hflt JRE (1.8.0_65-b17), built on Oct  6 2015 16:19:04 by "java_re" with gcc 4.7.2 20120910 (prerelease)

time: Tue Feb 21 13:21:01 2017
elapsed time: 129 seconds (0d 0h 2m 9s)

