#
# A fatal error has been detected by the Java Runtime Environment:
#
#  SIGBUS (0x7) at pc=0x63a7419c, pid=1518, tid=1982649440
#
# JRE version: Java(TM) SE Runtime Environment (8.0_65-b17) (build 1.8.0_65-b17)
# Java VM: Java HotSpot(TM) Client VM (25.65-b01 mixed mode linux-arm )
# Problematic frame:
# 
[error occurred during error reporting (printing problematic frame), id 0x7]

# Failed to write core dump. Core dumps have been disabled. To enable core dumping, try "ulimit -c unlimited" before starting Java again
#
# If you would like to submit a bug report, please visit:
#   http://bugreport.java.com/bugreport/crash.jsp
# The crash happened outside the Java Virtual Machine in native code.
# See problematic frame for where to report the bug.
#

---------------  T H R E A D  ---------------

Current thread (0x76107000):  JavaThread "main" [_thread_in_native, id=1519, stack(0x7627e000,0x762ce000)]

siginfo: si_signo: 7 (SIGBUS), si_code: 2 (BUS_ADRERR), si_addr: 0x63a7419c

Registers:
  r0  = 0x6373e788
  r1  = 0x00000000
  r2  = 0x00000001
  r3  = 0x6373e788
  r4  = 0x6373e48c
  r5  = 0x00000000
  r6  = 0x63731c10
  r7  = 0x00000000
  r8  = 0x762ccb74
  r9  = 0x65547e08
  r10 = 0x76107000
  fp  = 0x762ccae8
  r12 = 0x6445a518
  sp  = 0x762ca988
  lr  = 0x63c5eb80
  pc  = 0x63a7419c
  cpsr = 0x60000010

Top of Stack: (sp=0x762ca988)
0x762ca988:   000001e0 6373e768 00000002 63c5f15c
0x762ca998:   00000000 4012c000 6444f908 762caa30
0x762ca9a8:   762caa28 6373e410 00000000 40400000
0x762ca9b8:   00000005 00000000 00000000 00000002
0x762ca9c8:   00000028 63c5f678 00000000 4012c000
0x762ca9d8:   762caa30 762caa28 00000000 63cf18d8
0x762ca9e8:   00000000 4012c000 762caa30 762caa28
0x762ca9f8:   00000000 00000005 762caa30 00000000 

Instructions: (pc=0x63a7419c)
0x63a7417c:   
[error occurred during error reporting (printing registers, top of stack, instructions near pc), id 0x7]

Register to memory mapping:

  r0  = 0x6373e788
0x6373e788 is an unknown value

  r1  = 0x00000000
0x00000000 is an unknown value

  r2  = 0x00000001
0x00000001 is an unknown value

  r3  = 0x6373e788
0x6373e788 is an unknown value

  r4  = 0x6373e48c
0x6373e48c is an unknown value

  r5  = 0x00000000
0x00000000 is an unknown value

  r6  = 0x63731c10
0x63731c10 is an unknown value

  r7  = 0x00000000
0x00000000 is an unknown value

  r8  = 0x762ccb74
0x762ccb74 is pointing into the stack for thread: 0x76107000

  r9  = 0x65547e08
{method} {0x65547e08} 'cvtColor' '(Lorg/opencv/core/Mat;Lorg/opencv/core/Mat;I)V' in 'org/opencv/imgproc/Imgproc'

  r10 = 0x76107000
0x76107000 is a thread

  fp  = 0x762ccae8
0x762ccae8 is pointing into the stack for thread: 0x76107000

  r12 = 0x6445a518

[error occurred during error reporting (printing register info), id 0x7]

Stack: [0x7627e000,0x762ce000],  sp=0x762ca988,  free space=306k
Native frames: (J=compiled Java code, j=interpreted, Vv=VM code, C=native code)

[error occurred during error reporting (printing native stack), id 0x7]

Java frames: (J=compiled Java code, j=interpreted, Vv=VM code)
J 41  org.opencv.imgproc.Imgproc.cvtColor_1(JJI)V (0 bytes) @ 0x7413fdf8 [0x7413fda0+0x58]
J 40 C1 org.opencv.imgproc.Imgproc.cvtColor(Lorg/opencv/core/Mat;Lorg/opencv/core/Mat;I)V (13 bytes) @ 0x7413ffec [0x7413ffb0+0x3c]
j  Main.main([Ljava/lang/String;)V+159
v  ~StubRoutines::call_stub

---------------  P R O C E S S  ---------------

Java Threads: ( => current thread )
  0x76183800 JavaThread "Service Thread" daemon [_thread_blocked, id=1525, stack(0x64830000,0x64880000)]
  0x76180400 JavaThread "C1 CompilerThread0" daemon [_thread_blocked, id=1524, stack(0x64880000,0x64900000)]
  0x7617ec00 JavaThread "Signal Dispatcher" daemon [_thread_blocked, id=1523, stack(0x64a27000,0x64a77000)]
  0x76162000 JavaThread "Finalizer" daemon [_thread_blocked, id=1522, stack(0x64f4f000,0x64f9f000)]
  0x76160800 JavaThread "Reference Handler" daemon [_thread_blocked, id=1521, stack(0x64f9f000,0x64fef000)]
=>0x76107000 JavaThread "main" [_thread_in_native, id=1519, stack(0x7627e000,0x762ce000)]

Other Threads:
  0x7615d400 VMThread [stack: 0x64fef000,0x6506f000] [id=1520]
  0x76185800 WatcherThread [stack: 0x64680000,0x64700000] [id=1526]

VM state:not at safepoint (normal execution)

VM Mutex/Monitor currently owned by a thread: None

Heap:
 def new generation   total 4864K, used 1672K [0x65800000, 0x65d40000, 0x6a540000)
  eden space 4352K,  38% used [0x65800000, 0x659a2260, 0x65c40000)
  from space 512K,   0% used [0x65c40000, 0x65c40000, 0x65cc0000)
  to   space 512K,   0% used [0x65cc0000, 0x65cc0000, 0x65d40000)
 tenured generation   total 11008K, used 0K [0x6a540000, 0x6b000000, 0x74000000)
   the space 11008K,   0% used [0x6a540000, 0x6a540000, 0x6a540200, 0x6b000000)
 Metaspace       used 2227K, capacity 2464K, committed 2584K, reserved 4400K

Card table byte_map: [0x6578b000,0x65800000] byte_map_base: 0x6545f000

Polling page: 0x76f37000

CodeCache: size=32768Kb used=747Kb max_used=747Kb free=32020Kb
 bounds [0x74087000, 0x74147000, 0x76087000]
 total_blobs=359 nmethods=44 adapters=248
 compilation: enabled

Compilation events (10 events):
Event: 1.201 Thread 0x76180400   37             java.util.Arrays::copyOfRange (63 bytes)
Event: 1.203 Thread 0x76180400 nmethod 37 0x74137488 code [0x741375c0, 0x74137930]
Event: 149.465 Thread 0x76180400   38             edu.wpi.cscore.CvSink::grabFrame (12 bytes)
Event: 149.465 Thread 0x76180400 nmethod 38 0x7413fa88 code [0x7413fb70, 0x7413fc14]
Event: 149.541 Thread 0x76180400   40             org.opencv.imgproc.Imgproc::cvtColor (13 bytes)
Event: 149.541 Thread 0x76180400 nmethod 40 0x7413fec8 code [0x7413ffb0, 0x74140064]
Event: 149.563 Thread 0x76180400   42             edu.wpi.cscore.CvSource::putFrame (12 bytes)
Event: 149.564 Thread 0x76180400 nmethod 42 0x74140308 code [0x741403f0, 0x74140494]
Event: 1510.713 Thread 0x76180400   44 %           Main::main @ 134 (172 bytes)
Event: 1510.718 Thread 0x76180400 nmethod 44% 0x74140548 code [0x74140780, 0x74141308]

GC Heap History (0 events):
No events

Deoptimization events (0 events):
No events

Internal exceptions (6 events):
Event: 0.108 Thread 0x76107000 Exception <a 'java/lang/NoSuchMethodError': Method sun.misc.Unsafe.defineClass(Ljava/lang/String;[BII)Ljava/lang/Class; name or signature does not match> (0x658105b0) thrown at [/HUDSON/workspace/8-2-build-glinux-arm-vfp-hflt/jdk8u65/4987/hotspot/src/shar
Event: 0.108 Thread 0x76107000 Exception <a 'java/lang/NoSuchMethodError': Method sun.misc.Unsafe.prefetchRead(Ljava/lang/Object;J)V name or signature does not match> (0x65810880) thrown at [/HUDSON/workspace/8-2-build-glinux-arm-vfp-hflt/jdk8u65/4987/hotspot/src/share/vm/prims/jni.cpp
Event: 0.351 Thread 0x76107000 Exception <a 'java/security/PrivilegedActionException'> (0x658c39d8) thrown at [/HUDSON/workspace/8-2-build-glinux-arm-vfp-hflt/jdk8u65/4987/hotspot/src/share/vm/prims/jvm.cpp, line 1386]
Event: 0.352 Thread 0x76107000 Exception <a 'java/security/PrivilegedActionException'> (0x658c3bd8) thrown at [/HUDSON/workspace/8-2-build-glinux-arm-vfp-hflt/jdk8u65/4987/hotspot/src/share/vm/prims/jvm.cpp, line 1386]
Event: 0.353 Thread 0x76107000 Exception <a 'java/security/PrivilegedActionException'> (0x658c6328) thrown at [/HUDSON/workspace/8-2-build-glinux-arm-vfp-hflt/jdk8u65/4987/hotspot/src/share/vm/prims/jvm.cpp, line 1386]
Event: 0.353 Thread 0x76107000 Exception <a 'java/security/PrivilegedActionException'> (0x658c6528) thrown at [/HUDSON/workspace/8-2-build-glinux-arm-vfp-hflt/jdk8u65/4987/hotspot/src/share/vm/prims/jvm.cpp, line 1386]

Events (10 events):
Event: 1.199 loading class org/opencv/core/MatOfPoint2f
Event: 1.199 loading class org/opencv/core/MatOfPoint2f done
Event: 1.201 loading class org/opencv/core/MatOfPoint
Event: 1.201 loading class org/opencv/core/MatOfPoint done
Event: 1.203 loading class org/opencv/core/MatOfFloat
Event: 1.203 loading class org/opencv/core/MatOfFloat done
Event: 1.205 loading class org/opencv/core/MatOfInt4
Event: 1.205 loading class org/opencv/core/MatOfInt4 done
Event: 4.222 Executing VM operation: EnableBiasedLocking
Event: 4.223 Executing VM operation: EnableBiasedLocking done


Dynamic libraries:
00008000-00009000 r-xp 00000000 b3:07 1311207    /usr/lib/jvm/jdk-8-oracle-arm32-vfp-hflt/jre/bin/java
00010000-00011000 rw-p 00000000 b3:07 1311207    /usr/lib/jvm/jdk-8-oracle-arm32-vfp-hflt/jre/bin/java
007d5000-007f6000 rw-p 00000000 00:00 0          [heap]
57296000-57378000 rw-p 00000000 00:00 0 
57378000-57379000 ---p 00000000 00:00 0 
57379000-57b78000 rwxp 00000000 00:00 0 
57b78000-57dad000 rw-p 00000000 00:00 0 
57dad000-57dae000 ---p 00000000 00:00 0 
57dae000-585ad000 rwxp 00000000 00:00 0 
585ad000-58700000 rw-p 00000000 00:00 0 
58700000-58701000 ---p 00000000 00:00 0 
58701000-58f00000 rwxp 00000000 00:00 0 
58f00000-59053000 rw-p 00000000 00:00 0 
59053000-59054000 ---p 00000000 00:00 0 
59054000-59853000 rwxp 00000000 00:00 0 
59853000-59935000 rw-p 00000000 00:00 0 
59935000-59936000 ---p 00000000 00:00 0 
59936000-5a135000 rwxp 00000000 00:00 0 
5a135000-5a217000 rw-p 00000000 00:00 0 
5a217000-5a218000 ---p 00000000 00:00 0 
5a218000-5aa17000 rwxp 00000000 00:00 0 
5aa17000-5aaf9000 rw-p 00000000 00:00 0 
5aaf9000-5aafa000 ---p 00000000 00:00 0 
5aafa000-5b2f9000 rwxp 00000000 00:00 0 
5b2f9000-5b2fa000 ---p 00000000 00:00 0 
5b2fa000-5baf9000 rwxp 00000000 00:00 0 
5baf9000-5bcbd000 rw-p 00000000 00:00 0 
5bcbd000-5bcbe000 ---p 00000000 00:00 0 
5bcbe000-5c4bd000 rwxp 00000000 00:00 0 
5c4bd000-5c4be000 ---p 00000000 00:00 0 
5c4be000-5ccbd000 rwxp 00000000 00:00 0 
5ccbd000-5ccbe000 ---p 00000000 00:00 0 
5ccbe000-5d4bd000 rwxp 00000000 00:00 0 
5d4bd000-5d4be000 ---p 00000000 00:00 0 
5d4be000-5dcbd000 rwxp 00000000 00:00 0 
5dcbd000-5dcbe000 ---p 00000000 00:00 0 
5dcbe000-5e4bd000 rwxp 00000000 00:00 0 
5e4bd000-5e4be000 ---p 00000000 00:00 0 
5e4be000-5ecbd000 rwxp 00000000 00:00 0 
5ecbd000-5ecbe000 ---p 00000000 00:00 0 
5ecbe000-5f4bd000 rwxp 00000000 00:00 0 
5f4bd000-5f4be000 ---p 00000000 00:00 0 
5f4be000-5fcbd000 rwxp 00000000 00:00 0 
5fcbd000-5ff63000 rw-p 00000000 00:00 0 
5ff63000-5ff64000 ---p 00000000 00:00 0 
5ff64000-60763000 rwxp 00000000 00:00 0 
60763000-607f9000 rw-s 001c2000 00:06 2039       /dev/video0
607f9000-6088f000 rw-s 0012c000 00:06 2039       /dev/video0
6088f000-60925000 rw-s 00096000 00:06 2039       /dev/video0
60925000-609bb000 rw-s 00000000 00:06 2039       /dev/video0
609bb000-609bc000 ---p 00000000 00:00 0 
609bc000-611bb000 rwxp 00000000 00:00 0 
611bb000-611bc000 ---p 00000000 00:00 0 
611bc000-619bb000 rwxp 00000000 00:00 0 
619bb000-61da9000 r-xp 00000000 b3:07 1444986    /tmp/libCameraServerJNI3635820371278409268.so
61da9000-61db9000 ---p 003ee000 b3:07 1444986    /tmp/libCameraServerJNI3635820371278409268.so
61db9000-61dc1000 rw-p 003ee000 b3:07 1444986    /tmp/libCameraServerJNI3635820371278409268.so
61dc1000-61e57000 rw-p 00000000 00:00 0 
61e57000-61e58000 ---p 00000000 00:00 0 
61e58000-62657000 rwxp 00000000 00:00 0 
62657000-62658000 ---p 00000000 00:00 0 
62658000-62e57000 rwxp 00000000 00:00 0 
62e57000-62e58000 ---p 00000000 00:00 0 
62e58000-63657000 rwxp 00000000 00:00 0 
63657000-636ee000 r-xp 00000000 b3:07 1444985    /tmp/libNetworkTablesJNI5137628687456443006.so
636ee000-636fe000 ---p 00097000 b3:07 1444985    /tmp/libNetworkTablesJNI5137628687456443006.so
636fe000-63700000 rw-p 00097000 b3:07 1444985    /tmp/libNetworkTablesJNI5137628687456443006.so
63700000-63769000 rw-p 00000000 00:00 0 
63769000-63800000 ---p 00000000 00:00 0 
63866000-63927000 r-xp 00000000 b3:07 1311638    /usr/lib/arm-linux-gnueabihf/libstdc++.so.6.0.20
63927000-63936000 ---p 000c1000 b3:07 1311638    /usr/lib/arm-linux-gnueabihf/libstdc++.so.6.0.20
63936000-6393a000 r--p 000c0000 b3:07 1311638    /usr/lib/arm-linux-gnueabihf/libstdc++.so.6.0.20
6393a000-6393c000 rw-p 000c4000 b3:07 1311638    /usr/lib/arm-linux-gnueabihf/libstdc++.so.6.0.20
6393c000-63942000 rw-p 00000000 00:00 0 
63942000-6443a000 r-xp 00000000 b3:07 1712983    /usr/local/src/tmp/Downloads/Java/output/libopencv_java310.so
6443a000-6444a000 ---p 00af8000 b3:07 1712983    /usr/local/src/tmp/Downloads/Java/output/libopencv_java310.so
6444a000-64460000 r--p 00af8000 b3:07 1712983    /usr/local/src/tmp/Downloads/Java/output/libopencv_java310.so
64460000-64466000 rw-p 00b0e000 b3:07 1712983    /usr/local/src/tmp/Downloads/Java/output/libopencv_java310.so
64466000-64500000 rw-p 00000000 00:00 0 
64500000-645b1000 rw-p 00000000 00:00 0 
645b1000-64600000 ---p 00000000 00:00 0 
6460f000-64680000 rw-p 00000000 00:00 0 
64680000-64681000 ---p 00000000 00:00 0 
64681000-64700000 rwxp 00000000 00:00 0 
64700000-64782000 rw-p 00000000 00:00 0 
64782000-64800000 ---p 00000000 00:00 0 
64830000-64833000 ---p 00000000 00:00 0 
64833000-64880000 rwxp 00000000 00:00 0 
64880000-64883000 ---p 00000000 00:00 0 
64883000-64900000 rwxp 00000000 00:00 0 
64900000-64921000 rw-p 00000000 00:00 0 
64921000-64a00000 ---p 00000000 00:00 0 
64a27000-64a2a000 ---p 00000000 00:00 0 
64a2a000-64a77000 rwxp 00000000 00:00 0 
64a77000-64c00000 r--p 00000000 b3:07 1317856    /usr/lib/locale/locale-archive
64c00000-64c21000 rw-p 00000000 00:00 0 
64c21000-64d00000 ---p 00000000 00:00 0 
64d00000-64d21000 rw-p 00000000 00:00 0 
64d21000-64e00000 ---p 00000000 00:00 0 
64e00000-64e21000 rw-p 00000000 00:00 0 
64e21000-64f00000 ---p 00000000 00:00 0 
64f02000-64f14000 r-xp 00000000 b3:07 131045     /lib/arm-linux-gnueabihf/libresolv-2.19.so
64f14000-64f23000 ---p 00012000 b3:07 131045     /lib/arm-linux-gnueabihf/libresolv-2.19.so
64f23000-64f24000 r--p 00011000 b3:07 131045     /lib/arm-linux-gnueabihf/libresolv-2.19.so
64f24000-64f25000 rw-p 00012000 b3:07 131045     /lib/arm-linux-gnueabihf/libresolv-2.19.so
64f25000-64f27000 rw-p 00000000 00:00 0 
64f27000-64f2b000 r-xp 00000000 b3:07 130954     /lib/arm-linux-gnueabihf/libnss_dns-2.19.so
64f2b000-64f3a000 ---p 00004000 b3:07 130954     /lib/arm-linux-gnueabihf/libnss_dns-2.19.so
64f3a000-64f3b000 r--p 00003000 b3:07 130954     /lib/arm-linux-gnueabihf/libnss_dns-2.19.so
64f3b000-64f3c000 rw-p 00004000 b3:07 130954     /lib/arm-linux-gnueabihf/libnss_dns-2.19.so
64f4f000-64f52000 ---p 00000000 00:00 0 
64f52000-64f9f000 rwxp 00000000 00:00 0 
64f9f000-64fa2000 ---p 00000000 00:00 0 
64fa2000-64fef000 rwxp 00000000 00:00 0 
64fef000-64ff0000 ---p 00000000 00:00 0 
64ff0000-6506f000 rwxp 00000000 00:00 0 
6506f000-650be000 rw-p 00000000 00:00 0 
650be000-65296000 r--s 03d20000 b3:07 1311086    /usr/lib/jvm/jdk-8-oracle-arm32-vfp-hflt/jre/lib/rt.jar
65296000-65577000 rw-p 00000000 00:00 0 
65577000-6573d000 ---p 00000000 00:00 0 
6573d000-65743000 rw-p 00000000 00:00 0 
65743000-6578b000 ---p 00000000 00:00 0 
6578b000-6578e000 rw-p 00000000 00:00 0 
6578e000-657b1000 ---p 00000000 00:00 0 
657b1000-657b7000 rw-p 00000000 00:00 0 
657b7000-657ff000 ---p 00000000 00:00 0 
657ff000-65d40000 rw-p 00000000 00:00 0 
65d40000-6a540000 ---p 00000000 00:00 0 
6a540000-6b000000 rw-p 00000000 00:00 0 
6b000000-74000000 ---p 00000000 00:00 0 
74007000-7400a000 rw-p 00000000 00:00 0 
7400a000-74087000 ---p 00000000 00:00 0 
74087000-74147000 rwxp 00000000 00:00 0 
74147000-76087000 ---p 00000000 00:00 0 
76087000-7609e000 r-xp 00000000 b3:07 1311148    /usr/lib/jvm/jdk-8-oracle-arm32-vfp-hflt/jre/lib/arm/libzip.so
7609e000-760a5000 ---p 00017000 b3:07 1311148    /usr/lib/jvm/jdk-8-oracle-arm32-vfp-hflt/jre/lib/arm/libzip.so
760a5000-760a6000 rw-p 00016000 b3:07 1311148    /usr/lib/jvm/jdk-8-oracle-arm32-vfp-hflt/jre/lib/arm/libzip.so
760a6000-760b1000 r-xp 00000000 b3:07 131001     /lib/arm-linux-gnueabihf/libnss_files-2.19.so
760b1000-760c0000 ---p 0000b000 b3:07 131001     /lib/arm-linux-gnueabihf/libnss_files-2.19.so
760c0000-760c1000 r--p 0000a000 b3:07 131001     /lib/arm-linux-gnueabihf/libnss_files-2.19.so
760c1000-760c2000 rw-p 0000b000 b3:07 131001     /lib/arm-linux-gnueabihf/libnss_files-2.19.so
760c2000-760cb000 r-xp 00000000 b3:07 131084     /lib/arm-linux-gnueabihf/libnss_nis-2.19.so
760cb000-760da000 ---p 00009000 b3:07 131084     /lib/arm-linux-gnueabihf/libnss_nis-2.19.so
760da000-760db000 r--p 00008000 b3:07 131084     /lib/arm-linux-gnueabihf/libnss_nis-2.19.so
760db000-760dc000 rw-p 00009000 b3:07 131084     /lib/arm-linux-gnueabihf/libnss_nis-2.19.so
760dc000-760ed000 r-xp 00000000 b3:07 130932     /lib/arm-linux-gnueabihf/libnsl-2.19.so
760ed000-760fc000 ---p 00011000 b3:07 130932     /lib/arm-linux-gnueabihf/libnsl-2.19.so
760fc000-760fd000 r--p 00010000 b3:07 130932     /lib/arm-linux-gnueabihf/libnsl-2.19.so
760fd000-760fe000 rw-p 00011000 b3:07 130932     /lib/arm-linux-gnueabihf/libnsl-2.19.so
760fe000-76100000 rw-p 00000000 00:00 0 
76100000-761ff000 rw-p 00000000 00:00 0 
761ff000-76200000 ---p 00000000 00:00 0 
76205000-76207000 r-xp 00000000 b3:07 130963     /lib/arm-linux-gnueabihf/libnss_mdns4_minimal.so.2
76207000-7620e000 ---p 00002000 b3:07 130963     /lib/arm-linux-gnueabihf/libnss_mdns4_minimal.so.2
7620e000-7620f000 r--p 00001000 b3:07 130963     /lib/arm-linux-gnueabihf/libnss_mdns4_minimal.so.2
7620f000-76210000 rw-p 00002000 b3:07 130963     /lib/arm-linux-gnueabihf/libnss_mdns4_minimal.so.2
76210000-76217000 r-xp 00000000 b3:07 130972     /lib/arm-linux-gnueabihf/libnss_compat-2.19.so
76217000-76226000 ---p 00007000 b3:07 130972     /lib/arm-linux-gnueabihf/libnss_compat-2.19.so
76226000-76227000 r--p 00006000 b3:07 130972     /lib/arm-linux-gnueabihf/libnss_compat-2.19.so
76227000-76228000 rw-p 00007000 b3:07 130972     /lib/arm-linux-gnueabihf/libnss_compat-2.19.so
7622e000-76233000 r--s 00096000 b3:07 1311090    /usr/lib/jvm/jdk-8-oracle-arm32-vfp-hflt/jre/lib/jsse.jar
76233000-7623b000 rw-s 00000000 b3:07 1444984    /tmp/hsperfdata_root/1518
7623b000-7625e000 r-xp 00000000 b3:07 1311152    /usr/lib/jvm/jdk-8-oracle-arm32-vfp-hflt/jre/lib/arm/libjava.so
7625e000-76266000 ---p 00023000 b3:07 1311152    /usr/lib/jvm/jdk-8-oracle-arm32-vfp-hflt/jre/lib/arm/libjava.so
76266000-76267000 rw-p 00023000 b3:07 1311152    /usr/lib/jvm/jdk-8-oracle-arm32-vfp-hflt/jre/lib/arm/libjava.so
76267000-7626d000 r-xp 00000000 b3:07 130988     /lib/arm-linux-gnueabihf/librt-2.19.so
7626d000-7627c000 ---p 00006000 b3:07 130988     /lib/arm-linux-gnueabihf/librt-2.19.so
7627c000-7627d000 r--p 00005000 b3:07 130988     /lib/arm-linux-gnueabihf/librt-2.19.so
7627d000-7627e000 rw-p 00006000 b3:07 130988     /lib/arm-linux-gnueabihf/librt-2.19.so
7627e000-76281000 ---p 00000000 00:00 0 
76281000-762ce000 rwxp 00000000 00:00 0 
762ce000-76337000 r-xp 00000000 b3:07 130960     /lib/arm-linux-gnueabihf/libm-2.19.so
76337000-76347000 ---p 00069000 b3:07 130960     /lib/arm-linux-gnueabihf/libm-2.19.so
76347000-76348000 r--p 00069000 b3:07 130960     /lib/arm-linux-gnueabihf/libm-2.19.so
76348000-76349000 rw-p 0006a000 b3:07 130960     /lib/arm-linux-gnueabihf/libm-2.19.so
76349000-768cc000 r-xp 00000000 b3:07 1311177    /usr/lib/jvm/jdk-8-oracle-arm32-vfp-hflt/jre/lib/arm/client/libjvm.so
768cc000-768d4000 ---p 00583000 b3:07 1311177    /usr/lib/jvm/jdk-8-oracle-arm32-vfp-hflt/jre/lib/arm/client/libjvm.so
768d4000-76900000 rw-p 00583000 b3:07 1311177    /usr/lib/jvm/jdk-8-oracle-arm32-vfp-hflt/jre/lib/arm/client/libjvm.so
76900000-76d23000 rw-p 00000000 00:00 0 
76d23000-76d40000 r-xp 00000000 b3:07 130945     /lib/arm-linux-gnueabihf/libgcc_s.so.1
76d40000-76d4f000 ---p 0001d000 b3:07 130945     /lib/arm-linux-gnueabihf/libgcc_s.so.1
76d4f000-76d50000 rw-p 0001c000 b3:07 130945     /lib/arm-linux-gnueabihf/libgcc_s.so.1
76d50000-76e7b000 r-xp 00000000 b3:07 131006     /lib/arm-linux-gnueabihf/libc-2.19.so
76e7b000-76e8b000 ---p 0012b000 b3:07 131006     /lib/arm-linux-gnueabihf/libc-2.19.so
76e8b000-76e8d000 r--p 0012b000 b3:07 131006     /lib/arm-linux-gnueabihf/libc-2.19.so
76e8d000-76e8e000 rw-p 0012d000 b3:07 131006     /lib/arm-linux-gnueabihf/libc-2.19.so
76e8e000-76e91000 rw-p 00000000 00:00 0 
76e91000-76e93000 r-xp 00000000 b3:07 131081     /lib/arm-linux-gnueabihf/libdl-2.19.so
76e93000-76ea2000 ---p 00002000 b3:07 131081     /lib/arm-linux-gnueabihf/libdl-2.19.so
76ea2000-76ea3000 r--p 00001000 b3:07 131081     /lib/arm-linux-gnueabihf/libdl-2.19.so
76ea3000-76ea4000 rw-p 00002000 b3:07 131081     /lib/arm-linux-gnueabihf/libdl-2.19.so
76ea4000-76eb8000 r-xp 00000000 b3:07 1311175    /usr/lib/jvm/jdk-8-oracle-arm32-vfp-hflt/jre/lib/arm/jli/libjli.so
76eb8000-76ec0000 ---p 00014000 b3:07 1311175    /usr/lib/jvm/jdk-8-oracle-arm32-vfp-hflt/jre/lib/arm/jli/libjli.so
76ec0000-76ec1000 rw-p 00014000 b3:07 1311175    /usr/lib/jvm/jdk-8-oracle-arm32-vfp-hflt/jre/lib/arm/jli/libjli.so
76ec1000-76ed5000 r-xp 00000000 b3:07 131019     /lib/arm-linux-gnueabihf/libpthread-2.19.so
76ed5000-76ee5000 ---p 00014000 b3:07 131019     /lib/arm-linux-gnueabihf/libpthread-2.19.so
76ee5000-76ee6000 r--p 00014000 b3:07 131019     /lib/arm-linux-gnueabihf/libpthread-2.19.so
76ee6000-76ee7000 rw-p 00015000 b3:07 131019     /lib/arm-linux-gnueabihf/libpthread-2.19.so
76ee7000-76ee9000 rw-p 00000000 00:00 0 
76eea000-76ef3000 r-xp 00000000 b3:07 1311172    /usr/lib/jvm/jdk-8-oracle-arm32-vfp-hflt/jre/lib/arm/libverify.so
76ef3000-76efb000 ---p 00009000 b3:07 1311172    /usr/lib/jvm/jdk-8-oracle-arm32-vfp-hflt/jre/lib/arm/libverify.so
76efb000-76efc000 rw-p 00009000 b3:07 1311172    /usr/lib/jvm/jdk-8-oracle-arm32-vfp-hflt/jre/lib/arm/libverify.so
76efc000-76f01000 r-xp 00000000 b3:07 1312124    /usr/lib/arm-linux-gnueabihf/libarmmem.so
76f01000-76f10000 ---p 00005000 b3:07 1312124    /usr/lib/arm-linux-gnueabihf/libarmmem.so
76f10000-76f11000 rw-p 00004000 b3:07 1312124    /usr/lib/arm-linux-gnueabihf/libarmmem.so
76f11000-76f31000 r-xp 00000000 b3:07 130911     /lib/arm-linux-gnueabihf/ld-2.19.so
76f32000-76f33000 r--p 00000000 b3:07 399632     /usr/share/locale/en_GB/LC_MESSAGES/libc.mo
76f33000-76f37000 r--s 001fd000 b3:07 1712982    /usr/local/src/tmp/Downloads/Java/output/CameraVision-all.jar
76f37000-76f38000 r--p 00000000 00:00 0 
76f38000-76f3b000 rw-p 00000000 00:00 0 
76f3b000-76f3d000 rw-p 00000000 00:00 0 
76f3d000-76f3e000 r-xp 00000000 00:00 0          [sigpage]
76f3e000-76f3f000 r--p 00000000 00:00 0          [vvar]
76f3f000-76f40000 r-xp 00000000 00:00 0          [vdso]
76f40000-76f41000 r--p 0001f000 b3:07 130911     /lib/arm-linux-gnueabihf/ld-2.19.so
76f41000-76f42000 rw-p 00020000 b3:07 130911     /lib/arm-linux-gnueabihf/ld-2.19.so
7efdf000-7f000000 rwxp 00000000 00:00 0          [stack]
ffff0000-ffff1000 r-xp 00000000 00:00 0          [vectors]

VM Arguments:
jvm_args: -Djava.library.path=. 
java_command: CameraVision-all.jar
java_class_path (initial): CameraVision-all.jar
Launcher Type: SUN_STANDARD

Environment Variables:
PATH=/usr/local/sbin:/usr/local/bin:/usr/sbin:/usr/bin:/sbin:/bin
USERNAME=root
SHELL=/bin/bash
DISPLAY=:0.0

Signal Handlers:
SIGSEGV: [libjvm.so+0x506638], sa_mask[0]=11111111011111111101111111111110, sa_flags=SA_RESTART|SA_SIGINFO
SIGBUS: [libjvm.so+0x506638], sa_mask[0]=11111111011111111101111111111110, sa_flags=SA_RESTART|SA_SIGINFO
SIGFPE: [libjvm.so+0x3fd4ec], sa_mask[0]=11111111011111111101111111111110, sa_flags=SA_RESTART|SA_SIGINFO
SIGPIPE: [libjvm.so+0x3fd4ec], sa_mask[0]=11111111011111111101111111111110, sa_flags=SA_RESTART|SA_SIGINFO
SIGXFSZ: [libjvm.so+0x3fd4ec], sa_mask[0]=11111111011111111101111111111110, sa_flags=SA_RESTART|SA_SIGINFO
SIGILL: [libjvm.so+0x3fd4ec], sa_mask[0]=11111111011111111101111111111110, sa_flags=SA_RESTART|SA_SIGINFO
SIGUSR1: SIG_DFL, sa_mask[0]=00000000000000000000000000000000, sa_flags=none
SIGUSR2: [libjvm.so+0x3fd650], sa_mask[0]=00000000000000000000000000000000, sa_flags=SA_RESTART|SA_SIGINFO
SIGHUP: [libjvm.so+0x3fda84], sa_mask[0]=11111111011111111101111111111110, sa_flags=SA_RESTART|SA_SIGINFO
SIGINT: [libjvm.so+0x3fda84], sa_mask[0]=11111111011111111101111111111110, sa_flags=SA_RESTART|SA_SIGINFO
SIGTERM: [libjvm.so+0x3fda84], sa_mask[0]=11111111011111111101111111111110, sa_flags=SA_RESTART|SA_SIGINFO
SIGQUIT: [libjvm.so+0x3fda84], sa_mask[0]=11111111011111111101111111111110, sa_flags=SA_RESTART|SA_SIGINFO


---------------  S Y S T E M  ---------------

OS:PRETTY_NAME="Raspbian GNU/Linux 8 (jessie)"
NAME="Raspbian GNU/Linux"
VERSION_ID="8"
VERSION="8 (jessie)"
ID=raspbian
ID_LIKE=debian
HOME_URL="http://www.raspbian.org/"
SUPPORT_URL="http://www.raspbian.org/RaspbianForums"
BUG_REPORT_URL="http://www.raspbian.org/RaspbianBugs"

uname:Linux 4.4.34-v7+ #930 SMP Wed Nov 23 15:20:41 GMT 2016 armv7l
libc:glibc 2.19 NPTL 2.19 
rlimit: STACK 8192k, CORE 0k, NPROC 7336, NOFILE 65536, AS infinity
load average:2.29 2.08 1.73

/proc/meminfo:
MemTotal:         947732 kB
MemFree:          404496 kB
MemAvailable:     619168 kB
Buffers:           18680 kB
Cached:           246976 kB
SwapCached:            0 kB
Active:           400488 kB
Inactive:         102296 kB
Active(anon):     237584 kB
Inactive(anon):    14408 kB
Active(file):     162904 kB
Inactive(file):    87888 kB
Unevictable:           0 kB
Mlocked:               0 kB
SwapTotal:        102396 kB
SwapFree:         102396 kB
Dirty:              1848 kB
Writeback:          2052 kB
AnonPages:        237168 kB
Mapped:            83356 kB
Shmem:             14832 kB
Slab:              19608 kB
SReclaimable:       9676 kB
SUnreclaim:         9932 kB
KernelStack:        2080 kB
PageTables:         3276 kB
NFS_Unstable:          0 kB
Bounce:                0 kB
WritebackTmp:          0 kB
CommitLimit:      576260 kB
Committed_AS:    1123932 kB
VmallocTotal:    1114112 kB
VmallocUsed:           0 kB
VmallocChunk:          0 kB
CmaTotal:           8192 kB
CmaFree:            3240 kB


CPU:total 4 (ARMv7), vfp

/proc/cpuinfo:
processor	: 0
model name	: ARMv7 Processor rev 4 (v7l)
BogoMIPS	: 76.80
Features	: half thumb fastmult vfp edsp neon vfpv3 tls vfpv4 idiva idivt vfpd32 lpae evtstrm crc32 
CPU implementer	: 0x41
CPU architecture: 7
CPU variant	: 0x0
CPU part	: 0xd03
CPU revision	: 4

processor	: 1
model name	: ARMv7 Processor rev 4 (v7l)
BogoMIPS	: 76.80
Features	: half thumb fastmult vfp edsp neon vfpv3 tls vfpv4 idiva idivt vfpd32 lpae evtstrm crc32 
CPU implementer	: 0x41
CPU architecture: 7
CPU variant	: 0x0
CPU part	: 0xd03
CPU revision	: 4

processor	: 2
model name	: ARMv7 Processor rev 4 (v7l)
BogoMIPS	: 76.80
Features	: half thumb fastmult vfp edsp neon vfpv3 tls vfpv4 idiva idivt vfpd32 lpae evtstrm crc32 
CPU implementer	: 0x41
CPU architecture: 7
CPU variant	: 0x0
CPU part	: 0xd03
CPU revision	: 4

processor	: 3
model name	: ARMv7 Processor rev 4 (v7l)
BogoMIPS	: 76.80
Features	: half thumb fastmult vfp edsp neon vfpv3 tls vfpv4 idiva idivt vfpd32 lpae evtstrm crc32 
CPU implementer	: 0x41
CPU architecture: 7
CPU variant	: 0x0
CPU part	: 0xd03
CPU revision	: 4

Hardware	: BCM2709
Revision	: a02082
Serial		: 00000000a10a37a6


Memory: 4k page, physical 947732k(404372k free), swap 102396k(102396k free)

vm_info: Java HotSpot(TM) Client VM (25.65-b01) for linux-arm-vfp-hflt JRE (1.8.0_65-b17), built on Oct  6 2015 16:19:04 by "java_re" with gcc 4.7.2 20120910 (prerelease)

time: Sat Feb  4 04:45:13 2017
elapsed time: 1825 seconds (0d 0h 30m 25s)

