#
# A fatal error has been detected by the Java Runtime Environment:
#
#  SIGBUS (0x7) at pc=0x63a771e0, pid=895, tid=1982927968
#
# JRE version: Java(TM) SE Runtime Environment (8.0_65-b17) (build 1.8.0_65-b17)
# Java VM: Java HotSpot(TM) Client VM (25.65-b01 mixed mode linux-arm )
# Problematic frame:
# 
[error occurred during error reporting (printing problematic frame), id 0x7]

# Failed to write core dump. Core dumps have been disabled. To enable core dumping, try "ulimit -c unlimited" before starting Java again
#
# If you would like to submit a bug report, please visit:
#   http://bugreport.java.com/bugreport/crash.jsp
# The crash happened outside the Java Virtual Machine in native code.
# See problematic frame for where to report the bug.
#

---------------  T H R E A D  ---------------

Current thread (0x76107000):  JavaThread "main" [_thread_in_native, id=896, stack(0x762c2000,0x76312000)]

siginfo: si_signo: 7 (SIGBUS), si_code: 2 (BUS_ADRERR), si_addr: 0x6445b88c

Registers:
  r0  = 0x76310a8c
  r1  = 0x6370e928
  r2  = 0x6370e928
  r3  = 0x76310a8c
  r4  = 0x00000028
  r5  = 0x00000000
  r6  = 0x6370e968
  r7  = 0x00000000
  r8  = 0x76310b74
  r9  = 0x65547718
  r10 = 0x76107000
  fp  = 0x76310ae8
  r12 = 0x6445b1e0
  sp  = 0x76310a78
  lr  = 0x63ac4774
  pc  = 0x63a771e0
  cpsr = 0x60000010

Top of Stack: (sp=0x76310a78)
0x76310a78:   6370e928 00000000 76310ad4 7610713c
0x76310a88:   76310b74 6553f588 76107000 61a2844c
0x76310a98:   76310af0 00000000 76310b1c 00000000
0x76310aa8:   7695a080 7417d9c8 6370e968 6370e928
0x76310ab8:   65924f98 00000028 00000000 7417e294
0x76310ac8:   6370e968 00000000 00000028 65961680
0x76310ad8:   65924f98 6551743f 76310b74 655293a0
0x76310ae8:   76310b44 7417e02c 00000028 7417e660 

Instructions: (pc=0x63a771e0)
0x63a771c0:   e28fc609 e28ccae4 e5bcf6bc e28fc609
0x63a771d0:   e28ccae4 e5bcf6b4 e28fc609 e28ccae4
0x63a771e0:   e5bcf6ac e28fc609 e28ccae4 e5bcf6a4
0x63a771f0:   e28fc609 e28ccae4 e5bcf69c e28fc609 

Register to memory mapping:

  r0  = 0x76310a8c
0x76310a8c is pointing into the stack for thread: 0x76107000

  r1  = 0x6370e928
0x6370e928 is an unknown value

  r2  = 0x6370e928
0x6370e928 is an unknown value

  r3  = 0x76310a8c
0x76310a8c is pointing into the stack for thread: 0x76107000

  r4  = 0x00000028
0x00000028 is an unknown value

  r5  = 0x00000000
0x00000000 is an unknown value

  r6  = 0x6370e968
0x6370e968 is an unknown value

  r7  = 0x00000000
0x00000000 is an unknown value

  r8  = 0x76310b74
0x76310b74 is pointing into the stack for thread: 0x76107000

  r9  = 0x65547718
{method} {0x65547718} 'cvtColor' '(Lorg/opencv/core/Mat;Lorg/opencv/core/Mat;I)V' in 'org/opencv/imgproc/Imgproc'

  r10 = 0x76107000
0x76107000 is a thread

  fp  = 0x76310ae8
0x76310ae8 is pointing into the stack for thread: 0x76107000

  r12 = 0x6445b1e0

[error occurred during error reporting (printing register info), id 0x7]

Stack: [0x762c2000,0x76312000],  sp=0x76310a78,  free space=314k
Native frames: (J=compiled Java code, j=interpreted, Vv=VM code, C=native code)

[error occurred during error reporting (printing native stack), id 0x7]

Java frames: (J=compiled Java code, j=interpreted, Vv=VM code)
J 42  org.opencv.imgproc.Imgproc.cvtColor_1(JJI)V (0 bytes) @ 0x7417e278 [0x7417e220+0x58]
J 41 C1 org.opencv.imgproc.Imgproc.cvtColor(Lorg/opencv/core/Mat;Lorg/opencv/core/Mat;I)V (13 bytes) @ 0x7417e02c [0x7417dff0+0x3c]
j  Main.main([Ljava/lang/String;)V+152
v  ~StubRoutines::call_stub

---------------  P R O C E S S  ---------------

Java Threads: ( => current thread )
  0x76182800 JavaThread "Service Thread" daemon [_thread_blocked, id=930, stack(0x64830000,0x64880000)]
  0x7617f400 JavaThread "C1 CompilerThread0" daemon [_thread_blocked, id=927, stack(0x64880000,0x64900000)]
  0x7617d800 JavaThread "Signal Dispatcher" daemon [_thread_blocked, id=926, stack(0x64a27000,0x64a77000)]
  0x76162000 JavaThread "Finalizer" daemon [_thread_blocked, id=906, stack(0x64f4f000,0x64f9f000)]
  0x76160800 JavaThread "Reference Handler" daemon [_thread_blocked, id=905, stack(0x64f9f000,0x64fef000)]
=>0x76107000 JavaThread "main" [_thread_in_native, id=896, stack(0x762c2000,0x76312000)]

Other Threads:
  0x7615d400 VMThread [stack: 0x64fef000,0x6506f000] [id=904]
  0x76184c00 WatcherThread [stack: 0x64680000,0x64700000] [id=932]

VM state:not at safepoint (normal execution)

VM Mutex/Monitor currently owned by a thread: None

Heap:
 def new generation   total 4864K, used 1663K [0x65800000, 0x65d40000, 0x6a540000)
  eden space 4352K,  38% used [0x65800000, 0x6599fd70, 0x65c40000)
  from space 512K,   0% used [0x65c40000, 0x65c40000, 0x65cc0000)
  to   space 512K,   0% used [0x65cc0000, 0x65cc0000, 0x65d40000)
 tenured generation   total 11008K, used 0K [0x6a540000, 0x6b000000, 0x74000000)
   the space 11008K,   0% used [0x6a540000, 0x6a540000, 0x6a540200, 0x6b000000)
 Metaspace       used 2225K, capacity 2464K, committed 2584K, reserved 4400K

Card table byte_map: [0x6578b000,0x65800000] byte_map_base: 0x6545f000

Polling page: 0x76f7e000

CodeCache: size=32768Kb used=741Kb max_used=741Kb free=32026Kb
 bounds [0x740c5000, 0x74185000, 0x760c5000]
 total_blobs=359 nmethods=44 adapters=248
 compilation: enabled

Compilation events (10 events):
Event: 2.774 Thread 0x7617f400   37             java.util.Arrays::copyOfRange (63 bytes)
Event: 2.776 Thread 0x7617f400 nmethod 37 0x74175488 code [0x741755c0, 0x74175930]
Event: 202.651 Thread 0x7617f400   38             edu.wpi.cscore.CvSink::grabFrame (9 bytes)
Event: 202.652 Thread 0x7617f400 nmethod 38 0x7417da88 code [0x7417db70, 0x7417dc24]
Event: 202.652 Thread 0x7617f400   39             edu.wpi.cscore.CvSink::grabFrame (13 bytes)
Event: 202.652 Thread 0x7617f400 nmethod 39 0x7417dcc8 code [0x7417ddb0, 0x7417de54]
Event: 202.892 Thread 0x7617f400   41             org.opencv.imgproc.Imgproc::cvtColor (13 bytes)
Event: 202.893 Thread 0x7617f400 nmethod 41 0x7417df08 code [0x7417dff0, 0x7417e0a4]
Event: 202.916 Thread 0x7617f400   43             edu.wpi.cscore.CvSource::putFrame (12 bytes)
Event: 202.917 Thread 0x7617f400 nmethod 43 0x7417e548 code [0x7417e630, 0x7417e6d4]

GC Heap History (0 events):
No events

Deoptimization events (0 events):
No events

Internal exceptions (6 events):
Event: 0.549 Thread 0x76107000 Exception <a 'java/lang/NoSuchMethodError': Method sun.misc.Unsafe.defineClass(Ljava/lang/String;[BII)Ljava/lang/Class; name or signature does not match> (0x65810498) thrown at [/HUDSON/workspace/8-2-build-glinux-arm-vfp-hflt/jdk8u65/4987/hotspot/src/shar
Event: 0.549 Thread 0x76107000 Exception <a 'java/lang/NoSuchMethodError': Method sun.misc.Unsafe.prefetchRead(Ljava/lang/Object;J)V name or signature does not match> (0x65810768) thrown at [/HUDSON/workspace/8-2-build-glinux-arm-vfp-hflt/jdk8u65/4987/hotspot/src/share/vm/prims/jni.cpp
Event: 1.863 Thread 0x76107000 Exception <a 'java/security/PrivilegedActionException'> (0x658bf6f0) thrown at [/HUDSON/workspace/8-2-build-glinux-arm-vfp-hflt/jdk8u65/4987/hotspot/src/share/vm/prims/jvm.cpp, line 1386]
Event: 1.863 Thread 0x76107000 Exception <a 'java/security/PrivilegedActionException'> (0x658bf8f0) thrown at [/HUDSON/workspace/8-2-build-glinux-arm-vfp-hflt/jdk8u65/4987/hotspot/src/share/vm/prims/jvm.cpp, line 1386]
Event: 1.865 Thread 0x76107000 Exception <a 'java/security/PrivilegedActionException'> (0x658c2040) thrown at [/HUDSON/workspace/8-2-build-glinux-arm-vfp-hflt/jdk8u65/4987/hotspot/src/share/vm/prims/jvm.cpp, line 1386]
Event: 1.865 Thread 0x76107000 Exception <a 'java/security/PrivilegedActionException'> (0x658c2240) thrown at [/HUDSON/workspace/8-2-build-glinux-arm-vfp-hflt/jdk8u65/4987/hotspot/src/share/vm/prims/jvm.cpp, line 1386]

Events (10 events):
Event: 2.770 loading class org/opencv/core/MatOfPoint2f
Event: 2.770 loading class org/opencv/core/MatOfPoint2f done
Event: 2.772 loading class org/opencv/core/MatOfPoint
Event: 2.772 loading class org/opencv/core/MatOfPoint done
Event: 2.774 loading class org/opencv/core/MatOfFloat
Event: 2.774 loading class org/opencv/core/MatOfFloat done
Event: 2.775 loading class org/opencv/core/MatOfInt4
Event: 2.775 loading class org/opencv/core/MatOfInt4 done
Event: 4.914 Executing VM operation: EnableBiasedLocking
Event: 4.915 Executing VM operation: EnableBiasedLocking done


Dynamic libraries:
00008000-00009000 r-xp 00000000 b3:07 1311207    /usr/lib/jvm/jdk-8-oracle-arm32-vfp-hflt/jre/bin/java
00010000-00011000 rw-p 00000000 b3:07 1311207    /usr/lib/jvm/jdk-8-oracle-arm32-vfp-hflt/jre/bin/java
00526000-00547000 rw-p 00000000 00:00 0          [heap]
5b700000-5b730000 rw-p 00000000 00:00 0 
5b730000-5b800000 ---p 00000000 00:00 0 
5b900000-5b9fc000 rw-p 00000000 00:00 0 
5b9fc000-5ba00000 ---p 00000000 00:00 0 
5baf8000-5bcbc000 rw-p 00000000 00:00 0 
5bcbc000-5bcbd000 ---p 00000000 00:00 0 
5bcbd000-5c4bc000 rwxp 00000000 00:00 0 
5c4bc000-5c4bd000 ---p 00000000 00:00 0 
5c4bd000-5ccbc000 rwxp 00000000 00:00 0 
5ccbc000-5ccbd000 ---p 00000000 00:00 0 
5ccbd000-5d4bc000 rwxp 00000000 00:00 0 
5d4bc000-5d4bd000 ---p 00000000 00:00 0 
5d4bd000-5dcbc000 rwxp 00000000 00:00 0 
5dcbc000-5dcbd000 ---p 00000000 00:00 0 
5dcbd000-5e4bc000 rwxp 00000000 00:00 0 
5e4bc000-5e4bd000 ---p 00000000 00:00 0 
5e4bd000-5ecbc000 rwxp 00000000 00:00 0 
5ecbc000-5ecbd000 ---p 00000000 00:00 0 
5ecbd000-5f4bc000 rwxp 00000000 00:00 0 
5f4bc000-5f4bd000 ---p 00000000 00:00 0 
5f4bd000-5fcbc000 rwxp 00000000 00:00 0 
5fcbc000-5ff62000 rw-p 00000000 00:00 0 
5ff62000-5ff63000 ---p 00000000 00:00 0 
5ff63000-60762000 rwxp 00000000 00:00 0 
60762000-607f8000 rw-s 001c2000 00:06 1616       /dev/video0
607f8000-6088e000 rw-s 0012c000 00:06 1616       /dev/video0
6088e000-60924000 rw-s 00096000 00:06 1616       /dev/video0
60924000-609ba000 rw-s 00000000 00:06 1616       /dev/video0
609ba000-609bb000 ---p 00000000 00:00 0 
609bb000-611ba000 rwxp 00000000 00:00 0 
611ba000-611bb000 ---p 00000000 00:00 0 
611bb000-619ba000 rwxp 00000000 00:00 0 
619ba000-61da9000 r-xp 00000000 b3:07 1448916    /tmp/libCameraServerJNI8557617131547806552.so
61da9000-61db9000 ---p 003ef000 b3:07 1448916    /tmp/libCameraServerJNI8557617131547806552.so
61db9000-61dc1000 rw-p 003ef000 b3:07 1448916    /tmp/libCameraServerJNI8557617131547806552.so
61dc1000-61e57000 rw-p 00000000 00:00 0 
61e57000-61e58000 ---p 00000000 00:00 0 
61e58000-62657000 rwxp 00000000 00:00 0 
62657000-62658000 ---p 00000000 00:00 0 
62658000-62e57000 rwxp 00000000 00:00 0 
62e57000-62e58000 ---p 00000000 00:00 0 
62e58000-63657000 rwxp 00000000 00:00 0 
63657000-636ef000 r-xp 00000000 b3:07 1448915    /tmp/libNetworkTablesJNI4366997119083803646.so
636ef000-636fe000 ---p 00098000 b3:07 1448915    /tmp/libNetworkTablesJNI4366997119083803646.so
636fe000-63700000 rw-p 00097000 b3:07 1448915    /tmp/libNetworkTablesJNI4366997119083803646.so
63700000-63746000 rw-p 00000000 00:00 0 
63746000-63800000 ---p 00000000 00:00 0 
63866000-63927000 r-xp 00000000 b3:07 1311638    /usr/lib/arm-linux-gnueabihf/libstdc++.so.6.0.20
63927000-63936000 ---p 000c1000 b3:07 1311638    /usr/lib/arm-linux-gnueabihf/libstdc++.so.6.0.20
63936000-6393a000 r--p 000c0000 b3:07 1311638    /usr/lib/arm-linux-gnueabihf/libstdc++.so.6.0.20
6393a000-6393c000 rw-p 000c4000 b3:07 1311638    /usr/lib/arm-linux-gnueabihf/libstdc++.so.6.0.20
6393c000-63942000 rw-p 00000000 00:00 0 
63942000-6443a000 r-xp 00000000 b3:07 1712983    /usr/local/src/tmp/Downloads/Java/output/libopencv_java310.so
6443a000-6444a000 ---p 00af8000 b3:07 1712983    /usr/local/src/tmp/Downloads/Java/output/libopencv_java310.so
6444a000-64460000 r--p 00af8000 b3:07 1712983    /usr/local/src/tmp/Downloads/Java/output/libopencv_java310.so
64460000-64466000 rw-p 00b0e000 b3:07 1712983    /usr/local/src/tmp/Downloads/Java/output/libopencv_java310.so
64466000-64500000 rw-p 00000000 00:00 0 
64500000-64600000 rw-p 00000000 00:00 0 
64680000-64681000 ---p 00000000 00:00 0 
64681000-64700000 rwxp 00000000 00:00 0 
64700000-647a1000 rw-p 00000000 00:00 0 
647a1000-64800000 ---p 00000000 00:00 0 
64830000-64833000 ---p 00000000 00:00 0 
64833000-64880000 rwxp 00000000 00:00 0 
64880000-64883000 ---p 00000000 00:00 0 
64883000-64900000 rwxp 00000000 00:00 0 
64900000-64921000 rw-p 00000000 00:00 0 
64921000-64a00000 ---p 00000000 00:00 0 
64a27000-64a2a000 ---p 00000000 00:00 0 
64a2a000-64a77000 rwxp 00000000 00:00 0 
64a77000-64c00000 r--p 00000000 b3:07 1317856    /usr/lib/locale/locale-archive
64c00000-64c21000 rw-p 00000000 00:00 0 
64c21000-64d00000 ---p 00000000 00:00 0 
64d00000-64d21000 rw-p 00000000 00:00 0 
64d21000-64e00000 ---p 00000000 00:00 0 
64e00000-64e21000 rw-p 00000000 00:00 0 
64e21000-64f00000 ---p 00000000 00:00 0 
64f4f000-64f52000 ---p 00000000 00:00 0 
64f52000-64f9f000 rwxp 00000000 00:00 0 
64f9f000-64fa2000 ---p 00000000 00:00 0 
64fa2000-64fef000 rwxp 00000000 00:00 0 
64fef000-64ff0000 ---p 00000000 00:00 0 
64ff0000-6506f000 rwxp 00000000 00:00 0 
6506f000-650be000 rw-p 00000000 00:00 0 
650be000-65296000 r--s 03d20000 b3:07 1311086    /usr/lib/jvm/jdk-8-oracle-arm32-vfp-hflt/jre/lib/rt.jar
65296000-65577000 rw-p 00000000 00:00 0 
65577000-6573d000 ---p 00000000 00:00 0 
6573d000-65743000 rw-p 00000000 00:00 0 
65743000-6578b000 ---p 00000000 00:00 0 
6578b000-6578e000 rw-p 00000000 00:00 0 
6578e000-657b1000 ---p 00000000 00:00 0 
657b1000-657b7000 rw-p 00000000 00:00 0 
657b7000-657ff000 ---p 00000000 00:00 0 
657ff000-65d40000 rw-p 00000000 00:00 0 
65d40000-6a540000 ---p 00000000 00:00 0 
6a540000-6b000000 rw-p 00000000 00:00 0 
6b000000-74000000 ---p 00000000 00:00 0 
74000000-74012000 r-xp 00000000 b3:07 131045     /lib/arm-linux-gnueabihf/libresolv-2.19.so
74012000-74021000 ---p 00012000 b3:07 131045     /lib/arm-linux-gnueabihf/libresolv-2.19.so
74021000-74022000 r--p 00011000 b3:07 131045     /lib/arm-linux-gnueabihf/libresolv-2.19.so
74022000-74023000 rw-p 00012000 b3:07 131045     /lib/arm-linux-gnueabihf/libresolv-2.19.so
74023000-74025000 rw-p 00000000 00:00 0 
74025000-74029000 r-xp 00000000 b3:07 130954     /lib/arm-linux-gnueabihf/libnss_dns-2.19.so
74029000-74038000 ---p 00004000 b3:07 130954     /lib/arm-linux-gnueabihf/libnss_dns-2.19.so
74038000-74039000 r--p 00003000 b3:07 130954     /lib/arm-linux-gnueabihf/libnss_dns-2.19.so
74039000-7403a000 rw-p 00004000 b3:07 130954     /lib/arm-linux-gnueabihf/libnss_dns-2.19.so
7403a000-7403c000 r-xp 00000000 b3:07 130963     /lib/arm-linux-gnueabihf/libnss_mdns4_minimal.so.2
7403c000-74043000 ---p 00002000 b3:07 130963     /lib/arm-linux-gnueabihf/libnss_mdns4_minimal.so.2
74043000-74044000 r--p 00001000 b3:07 130963     /lib/arm-linux-gnueabihf/libnss_mdns4_minimal.so.2
74044000-74045000 rw-p 00002000 b3:07 130963     /lib/arm-linux-gnueabihf/libnss_mdns4_minimal.so.2
74045000-74048000 rw-p 00000000 00:00 0 
74048000-740c5000 ---p 00000000 00:00 0 
740c5000-74185000 rwxp 00000000 00:00 0 
74185000-760c5000 ---p 00000000 00:00 0 
760c5000-760dc000 r-xp 00000000 b3:07 1311148    /usr/lib/jvm/jdk-8-oracle-arm32-vfp-hflt/jre/lib/arm/libzip.so
760dc000-760e3000 ---p 00017000 b3:07 1311148    /usr/lib/jvm/jdk-8-oracle-arm32-vfp-hflt/jre/lib/arm/libzip.so
760e3000-760e4000 rw-p 00016000 b3:07 1311148    /usr/lib/jvm/jdk-8-oracle-arm32-vfp-hflt/jre/lib/arm/libzip.so
760e4000-760ef000 r-xp 00000000 b3:07 131001     /lib/arm-linux-gnueabihf/libnss_files-2.19.so
760ef000-760fe000 ---p 0000b000 b3:07 131001     /lib/arm-linux-gnueabihf/libnss_files-2.19.so
760fe000-760ff000 r--p 0000a000 b3:07 131001     /lib/arm-linux-gnueabihf/libnss_files-2.19.so
760ff000-76100000 rw-p 0000b000 b3:07 131001     /lib/arm-linux-gnueabihf/libnss_files-2.19.so
76100000-761f9000 rw-p 00000000 00:00 0 
761f9000-76200000 ---p 00000000 00:00 0 
76216000-7621f000 r-xp 00000000 b3:07 131084     /lib/arm-linux-gnueabihf/libnss_nis-2.19.so
7621f000-7622e000 ---p 00009000 b3:07 131084     /lib/arm-linux-gnueabihf/libnss_nis-2.19.so
7622e000-7622f000 r--p 00008000 b3:07 131084     /lib/arm-linux-gnueabihf/libnss_nis-2.19.so
7622f000-76230000 rw-p 00009000 b3:07 131084     /lib/arm-linux-gnueabihf/libnss_nis-2.19.so
76230000-76241000 r-xp 00000000 b3:07 130932     /lib/arm-linux-gnueabihf/libnsl-2.19.so
76241000-76250000 ---p 00011000 b3:07 130932     /lib/arm-linux-gnueabihf/libnsl-2.19.so
76250000-76251000 r--p 00010000 b3:07 130932     /lib/arm-linux-gnueabihf/libnsl-2.19.so
76251000-76252000 rw-p 00011000 b3:07 130932     /lib/arm-linux-gnueabihf/libnsl-2.19.so
76252000-76254000 rw-p 00000000 00:00 0 
76254000-7625b000 r-xp 00000000 b3:07 130972     /lib/arm-linux-gnueabihf/libnss_compat-2.19.so
7625b000-7626a000 ---p 00007000 b3:07 130972     /lib/arm-linux-gnueabihf/libnss_compat-2.19.so
7626a000-7626b000 r--p 00006000 b3:07 130972     /lib/arm-linux-gnueabihf/libnss_compat-2.19.so
7626b000-7626c000 rw-p 00007000 b3:07 130972     /lib/arm-linux-gnueabihf/libnss_compat-2.19.so
76276000-7627b000 r--s 00096000 b3:07 1311090    /usr/lib/jvm/jdk-8-oracle-arm32-vfp-hflt/jre/lib/jsse.jar
7627b000-7627f000 r--s 001fe000 b3:07 1712982    /usr/local/src/tmp/Downloads/Java/output/CameraVision-all.jar
7627f000-762a2000 r-xp 00000000 b3:07 1311152    /usr/lib/jvm/jdk-8-oracle-arm32-vfp-hflt/jre/lib/arm/libjava.so
762a2000-762aa000 ---p 00023000 b3:07 1311152    /usr/lib/jvm/jdk-8-oracle-arm32-vfp-hflt/jre/lib/arm/libjava.so
762aa000-762ab000 rw-p 00023000 b3:07 1311152    /usr/lib/jvm/jdk-8-oracle-arm32-vfp-hflt/jre/lib/arm/libjava.so
762ab000-762b1000 r-xp 00000000 b3:07 130988     /lib/arm-linux-gnueabihf/librt-2.19.so
762b1000-762c0000 ---p 00006000 b3:07 130988     /lib/arm-linux-gnueabihf/librt-2.19.so
762c0000-762c1000 r--p 00005000 b3:07 130988     /lib/arm-linux-gnueabihf/librt-2.19.so
762c1000-762c2000 rw-p 00006000 b3:07 130988     /lib/arm-linux-gnueabihf/librt-2.19.so
762c2000-762c5000 ---p 00000000 00:00 0 
762c5000-76312000 rwxp 00000000 00:00 0 
76312000-7637b000 r-xp 00000000 b3:07 130960     /lib/arm-linux-gnueabihf/libm-2.19.so
7637b000-7638b000 ---p 00069000 b3:07 130960     /lib/arm-linux-gnueabihf/libm-2.19.so
7638b000-7638c000 r--p 00069000 b3:07 130960     /lib/arm-linux-gnueabihf/libm-2.19.so
7638c000-7638d000 rw-p 0006a000 b3:07 130960     /lib/arm-linux-gnueabihf/libm-2.19.so
7638d000-76910000 r-xp 00000000 b3:07 1311177    /usr/lib/jvm/jdk-8-oracle-arm32-vfp-hflt/jre/lib/arm/client/libjvm.so
76910000-76918000 ---p 00583000 b3:07 1311177    /usr/lib/jvm/jdk-8-oracle-arm32-vfp-hflt/jre/lib/arm/client/libjvm.so
76918000-76944000 rw-p 00583000 b3:07 1311177    /usr/lib/jvm/jdk-8-oracle-arm32-vfp-hflt/jre/lib/arm/client/libjvm.so
76944000-76d67000 rw-p 00000000 00:00 0 
76d67000-76d84000 r-xp 00000000 b3:07 130945     /lib/arm-linux-gnueabihf/libgcc_s.so.1
76d84000-76d93000 ---p 0001d000 b3:07 130945     /lib/arm-linux-gnueabihf/libgcc_s.so.1
76d93000-76d94000 rw-p 0001c000 b3:07 130945     /lib/arm-linux-gnueabihf/libgcc_s.so.1
76d94000-76ebf000 r-xp 00000000 b3:07 131006     /lib/arm-linux-gnueabihf/libc-2.19.so
76ebf000-76ecf000 ---p 0012b000 b3:07 131006     /lib/arm-linux-gnueabihf/libc-2.19.so
76ecf000-76ed1000 r--p 0012b000 b3:07 131006     /lib/arm-linux-gnueabihf/libc-2.19.so
76ed1000-76ed2000 rw-p 0012d000 b3:07 131006     /lib/arm-linux-gnueabihf/libc-2.19.so
76ed2000-76ed5000 rw-p 00000000 00:00 0 
76ed5000-76ed7000 r-xp 00000000 b3:07 131081     /lib/arm-linux-gnueabihf/libdl-2.19.so
76ed7000-76ee6000 ---p 00002000 b3:07 131081     /lib/arm-linux-gnueabihf/libdl-2.19.so
76ee6000-76ee7000 r--p 00001000 b3:07 131081     /lib/arm-linux-gnueabihf/libdl-2.19.so
76ee7000-76ee8000 rw-p 00002000 b3:07 131081     /lib/arm-linux-gnueabihf/libdl-2.19.so
76ee8000-76efc000 r-xp 00000000 b3:07 1311175    /usr/lib/jvm/jdk-8-oracle-arm32-vfp-hflt/jre/lib/arm/jli/libjli.so
76efc000-76f04000 ---p 00014000 b3:07 1311175    /usr/lib/jvm/jdk-8-oracle-arm32-vfp-hflt/jre/lib/arm/jli/libjli.so
76f04000-76f05000 rw-p 00014000 b3:07 1311175    /usr/lib/jvm/jdk-8-oracle-arm32-vfp-hflt/jre/lib/arm/jli/libjli.so
76f05000-76f19000 r-xp 00000000 b3:07 131019     /lib/arm-linux-gnueabihf/libpthread-2.19.so
76f19000-76f29000 ---p 00014000 b3:07 131019     /lib/arm-linux-gnueabihf/libpthread-2.19.so
76f29000-76f2a000 r--p 00014000 b3:07 131019     /lib/arm-linux-gnueabihf/libpthread-2.19.so
76f2a000-76f2b000 rw-p 00015000 b3:07 131019     /lib/arm-linux-gnueabihf/libpthread-2.19.so
76f2b000-76f2e000 rw-p 00000000 00:00 0 
76f2e000-76f37000 r-xp 00000000 b3:07 1311172    /usr/lib/jvm/jdk-8-oracle-arm32-vfp-hflt/jre/lib/arm/libverify.so
76f37000-76f3f000 ---p 00009000 b3:07 1311172    /usr/lib/jvm/jdk-8-oracle-arm32-vfp-hflt/jre/lib/arm/libverify.so
76f3f000-76f40000 rw-p 00009000 b3:07 1311172    /usr/lib/jvm/jdk-8-oracle-arm32-vfp-hflt/jre/lib/arm/libverify.so
76f40000-76f45000 r-xp 00000000 b3:07 1312124    /usr/lib/arm-linux-gnueabihf/libarmmem.so
76f45000-76f54000 ---p 00005000 b3:07 1312124    /usr/lib/arm-linux-gnueabihf/libarmmem.so
76f54000-76f55000 rw-p 00004000 b3:07 1312124    /usr/lib/arm-linux-gnueabihf/libarmmem.so
76f55000-76f75000 r-xp 00000000 b3:07 130911     /lib/arm-linux-gnueabihf/ld-2.19.so
76f75000-76f76000 r--p 00000000 b3:07 399632     /usr/share/locale/en_GB/LC_MESSAGES/libc.mo
76f76000-76f7e000 rw-s 00000000 b3:07 1448910    /tmp/hsperfdata_root/895
76f7e000-76f7f000 r--p 00000000 00:00 0 
76f7f000-76f82000 rw-p 00000000 00:00 0 
76f82000-76f84000 rw-p 00000000 00:00 0 
76f84000-76f85000 r--p 0001f000 b3:07 130911     /lib/arm-linux-gnueabihf/ld-2.19.so
76f85000-76f86000 rw-p 00020000 b3:07 130911     /lib/arm-linux-gnueabihf/ld-2.19.so
7ecc7000-7ece8000 rwxp 00000000 00:00 0          [stack]
7ed9c000-7ed9d000 r-xp 00000000 00:00 0          [sigpage]
7ed9d000-7ed9e000 r--p 00000000 00:00 0          [vvar]
7ed9e000-7ed9f000 r-xp 00000000 00:00 0          [vdso]
ffff0000-ffff1000 r-xp 00000000 00:00 0          [vectors]

VM Arguments:
jvm_args: -Djava.library.path=. 
java_command: CameraVision-all.jar
java_class_path (initial): CameraVision-all.jar
Launcher Type: SUN_STANDARD

Environment Variables:
PATH=/usr/local/sbin:/usr/local/bin:/usr/sbin:/usr/bin:/sbin:/bin
USERNAME=root
SHELL=/bin/bash

Signal Handlers:
SIGSEGV: [libjvm.so+0x506638], sa_mask[0]=11111111011111111101111111111110, sa_flags=SA_RESTART|SA_SIGINFO
SIGBUS: [libjvm.so+0x506638], sa_mask[0]=11111111011111111101111111111110, sa_flags=SA_RESTART|SA_SIGINFO
SIGFPE: [libjvm.so+0x3fd4ec], sa_mask[0]=11111111011111111101111111111110, sa_flags=SA_RESTART|SA_SIGINFO
SIGPIPE: [libjvm.so+0x3fd4ec], sa_mask[0]=11111111011111111101111111111110, sa_flags=SA_RESTART|SA_SIGINFO
SIGXFSZ: [libjvm.so+0x3fd4ec], sa_mask[0]=11111111011111111101111111111110, sa_flags=SA_RESTART|SA_SIGINFO
SIGILL: [libjvm.so+0x3fd4ec], sa_mask[0]=11111111011111111101111111111110, sa_flags=SA_RESTART|SA_SIGINFO
SIGUSR1: SIG_DFL, sa_mask[0]=00000000000000000000000000000000, sa_flags=none
SIGUSR2: [libjvm.so+0x3fd650], sa_mask[0]=00000000000000000000000000000000, sa_flags=SA_RESTART|SA_SIGINFO
SIGHUP: [libjvm.so+0x3fda84], sa_mask[0]=11111111011111111101111111111110, sa_flags=SA_RESTART|SA_SIGINFO
SIGINT: [libjvm.so+0x3fda84], sa_mask[0]=11111111011111111101111111111110, sa_flags=SA_RESTART|SA_SIGINFO
SIGTERM: [libjvm.so+0x3fda84], sa_mask[0]=11111111011111111101111111111110, sa_flags=SA_RESTART|SA_SIGINFO
SIGQUIT: [libjvm.so+0x3fda84], sa_mask[0]=11111111011111111101111111111110, sa_flags=SA_RESTART|SA_SIGINFO


---------------  S Y S T E M  ---------------

OS:PRETTY_NAME="Raspbian GNU/Linux 8 (jessie)"
NAME="Raspbian GNU/Linux"
VERSION_ID="8"
VERSION="8 (jessie)"
ID=raspbian
ID_LIKE=debian
HOME_URL="http://www.raspbian.org/"
SUPPORT_URL="http://www.raspbian.org/RaspbianForums"
BUG_REPORT_URL="http://www.raspbian.org/RaspbianBugs"

uname:Linux 4.4.34-v7+ #930 SMP Wed Nov 23 15:20:41 GMT 2016 armv7l
libc:glibc 2.19 NPTL 2.19 
rlimit: STACK 8192k, CORE 0k, NPROC 7336, NOFILE 65536, AS infinity
load average:1.29 0.93 0.52

/proc/meminfo:
MemTotal:         947732 kB
MemFree:          439424 kB
MemAvailable:     663012 kB
Buffers:           23904 kB
Cached:           247756 kB
SwapCached:            0 kB
Active:           339128 kB
Inactive:         129720 kB
Active(anon):     197584 kB
Inactive(anon):    11892 kB
Active(file):     141544 kB
Inactive(file):   117828 kB
Unevictable:           0 kB
Mlocked:               0 kB
SwapTotal:        102396 kB
SwapFree:         102396 kB
Dirty:             11964 kB
Writeback:          1032 kB
AnonPages:        197168 kB
Mapped:            79812 kB
Shmem:             12348 kB
Slab:              19612 kB
SReclaimable:      10348 kB
SUnreclaim:         9264 kB
KernelStack:        2032 kB
PageTables:         3020 kB
NFS_Unstable:          0 kB
Bounce:                0 kB
WritebackTmp:          0 kB
CommitLimit:      576260 kB
Committed_AS:    1004580 kB
VmallocTotal:    1114112 kB
VmallocUsed:           0 kB
VmallocChunk:          0 kB
CmaTotal:           8192 kB
CmaFree:            3400 kB


CPU:total 4 (ARMv7), vfp

/proc/cpuinfo:
processor	: 0
model name	: ARMv7 Processor rev 4 (v7l)
BogoMIPS	: 76.80
Features	: half thumb fastmult vfp edsp neon vfpv3 tls vfpv4 idiva idivt vfpd32 lpae evtstrm crc32 
CPU implementer	: 0x41
CPU architecture: 7
CPU variant	: 0x0
CPU part	: 0xd03
CPU revision	: 4

processor	: 1
model name	: ARMv7 Processor rev 4 (v7l)
BogoMIPS	: 76.80
Features	: half thumb fastmult vfp edsp neon vfpv3 tls vfpv4 idiva idivt vfpd32 lpae evtstrm crc32 
CPU implementer	: 0x41
CPU architecture: 7
CPU variant	: 0x0
CPU part	: 0xd03
CPU revision	: 4

processor	: 2
model name	: ARMv7 Processor rev 4 (v7l)
BogoMIPS	: 76.80
Features	: half thumb fastmult vfp edsp neon vfpv3 tls vfpv4 idiva idivt vfpd32 lpae evtstrm crc32 
CPU implementer	: 0x41
CPU architecture: 7
CPU variant	: 0x0
CPU part	: 0xd03
CPU revision	: 4

processor	: 3
model name	: ARMv7 Processor rev 4 (v7l)
BogoMIPS	: 76.80
Features	: half thumb fastmult vfp edsp neon vfpv3 tls vfpv4 idiva idivt vfpd32 lpae evtstrm crc32 
CPU implementer	: 0x41
CPU architecture: 7
CPU variant	: 0x0
CPU part	: 0xd03
CPU revision	: 4

Hardware	: BCM2709
Revision	: a02082
Serial		: 00000000a10a37a6


Memory: 4k page, physical 947732k(439300k free), swap 102396k(102396k free)

vm_info: Java HotSpot(TM) Client VM (25.65-b01) for linux-arm-vfp-hflt JRE (1.8.0_65-b17), built on Oct  6 2015 16:19:04 by "java_re" with gcc 4.7.2 20120910 (prerelease)

time: Fri Feb 17 21:14:10 2017
elapsed time: 697 seconds (0d 0h 11m 37s)

