#
# A fatal error has been detected by the Java Runtime Environment:
#
#  SIGSEGV (0xb) at pc=0x76105bf8, pid=938, tid=1612420192
#
# JRE version: Java(TM) SE Runtime Environment (8.0_65-b17) (build 1.8.0_65-b17)
# Java VM: Java HotSpot(TM) Client VM (25.65-b01 mixed mode linux-arm )
# Problematic frame:
# C  0x76105bf8
#
# Failed to write core dump. Core dumps have been disabled. To enable core dumping, try "ulimit -c unlimited" before starting Java again
#
# If you would like to submit a bug report, please visit:
#   http://bugreport.java.com/bugreport/crash.jsp
#

---------------  T H R E A D  ---------------

Current thread is native thread

siginfo: si_signo: 11 (SIGSEGV), si_code: 2 (SEGV_ACCERR), si_addr: 0x76105bf8

Registers:
  r0  = 0x6370fe30
  r1  = 0x00000000
  r2  = 0x00000001
  r3  = 0x76105bf8
  r4  = 0x41000001
  r5  = 0x76ee75bc
  r6  = 0x61dc0544
  r7  = 0x00000008
  r8  = 0x6370fe90
  r9  = 0x61dc061c
  r10 = 0x6370fe30
  fp  = 0x601b8f9c
  r12 = 0x61dbe34c
  sp  = 0x601b8b28
  lr  = 0x61a38cac
  pc  = 0x76105bf8
  cpsr = 0x60000010

Top of Stack: (sp=0x601b8b28)
0x601b8b28:   00000008 61dc05a4 63710024 80000015
0x601b8b38:   64900468 6370fe90 00000015 00000013
0x601b8b48:   601b8bcc 61dbc0ec 61dc05a4 61a56f0c
0x601b8b58:   601b8bcc 00000000 00000000 00000000
0x601b8b68:   00000000 6370fe90 601b8d18 601b8c0c
0x601b8b78:   00000000 601b8d98 61d631f0 61d63204
0x601b8b88:   61d63214 61d63218 61d63214 6370ffb8
0x601b8b98:   00000014 00000000 00000000 61dbf0a8 

Instructions: (pc=0x76105bf8)
0x76105bd8:   5f617600 6176616a 5f6f695f 0000001d
0x76105be8:   76100000 76107000 00000001 00000004
0x76105bf8:   73444974 00000059 761084a0 7615e6d0
0x76105c08:   636e7973 6e6f435f 646e6574 6f4c6465 

Register to memory mapping:

  r0  = 0x6370fe30

[error occurred during error reporting (printing register info), id 0xb]

Stack: [0x5f9ba000,0x601ba000],  sp=0x601b8b28,  free space=8186k
Native frames: (J=compiled Java code, j=interpreted, Vv=VM code, C=native code)
C  0x76105bf8

[error occurred during error reporting (printing native stack), id 0xb]


---------------  P R O C E S S  ---------------

VM state:at safepoint (shutting down)

VM Mutex/Monitor currently owned by a thread:  ([mutex/lock_event])
[0x76104a80] Threads_lock - owner thread: 0x7615d400

Heap:
 def new generation   total 4864K, used 1846K [0x65800000, 0x65d40000, 0x6a540000)
  eden space 4352K,  42% used [0x65800000, 0x659cd998, 0x65c40000)
  from space 512K,   0% used [0x65c40000, 0x65c40000, 0x65cc0000)
  to   space 512K,   0% used [0x65cc0000, 0x65cc0000, 0x65d40000)
 tenured generation   total 11008K, used 0K [0x6a540000, 0x6b000000, 0x74000000)
   the space 11008K,   0% used [0x6a540000, 0x6a540000, 0x6a540200, 0x6b000000)
 Metaspace       used 2231K, capacity 2464K, committed 2584K, reserved 4400K

Card table byte_map: [0x6578b000,0x65800000] byte_map_base: 0x6545f000

Polling page: 0x76f54000

CodeCache: size=32768Kb used=738Kb max_used=738Kb free=32029Kb
 bounds [0x740ab000, 0x7416b000, 0x760ab000]
 total_blobs=352 nmethods=37 adapters=248
 compilation: enabled

Compilation events (10 events):
Event: 1.681 Thread 0x7617f400   31   !         java.util.zip.Inflater::inflate (113 bytes)
Event: 1.683 Thread 0x7617f400 nmethod 31 0x74155b48 code [0x74155c70, 0x741560c8]
Event: 1.709 Thread 0x7617f400   33             java.io.FilterInputStream::read (9 bytes)
Event: 1.710 Thread 0x7617f400 nmethod 33 0x74156588 code [0x74156670, 0x74156714]
Event: 1.710 Thread 0x7617f400   35             java.io.FileOutputStream::write (12 bytes)
Event: 1.710 Thread 0x7617f400 nmethod 35 0x74156788 code [0x74156870, 0x74156914]
Event: 1.710 Thread 0x7617f400   36             java.io.FilterInputStream::read (11 bytes)
Event: 1.711 Thread 0x7617f400 nmethod 36 0x74156988 code [0x74156a70, 0x74156b14]
Event: 2.405 Thread 0x7617f400   37             java.util.Arrays::copyOfRange (63 bytes)
Event: 2.406 Thread 0x7617f400 nmethod 37 0x7415b488 code [0x7415b5c0, 0x7415b930]

GC Heap History (0 events):
No events

Deoptimization events (0 events):
No events

Internal exceptions (6 events):
Event: 0.431 Thread 0x76107000 Exception <a 'java/lang/NoSuchMethodError': Method sun.misc.Unsafe.defineClass(Ljava/lang/String;[BII)Ljava/lang/Class; name or signature does not match> (0x65810460) thrown at [/HUDSON/workspace/8-2-build-glinux-arm-vfp-hflt/jdk8u65/4987/hotspot/src/shar
Event: 0.431 Thread 0x76107000 Exception <a 'java/lang/NoSuchMethodError': Method sun.misc.Unsafe.prefetchRead(Ljava/lang/Object;J)V name or signature does not match> (0x65810730) thrown at [/HUDSON/workspace/8-2-build-glinux-arm-vfp-hflt/jdk8u65/4987/hotspot/src/share/vm/prims/jni.cpp
Event: 1.459 Thread 0x76107000 Exception <a 'java/security/PrivilegedActionException'> (0x658c3bd8) thrown at [/HUDSON/workspace/8-2-build-glinux-arm-vfp-hflt/jdk8u65/4987/hotspot/src/share/vm/prims/jvm.cpp, line 1386]
Event: 1.459 Thread 0x76107000 Exception <a 'java/security/PrivilegedActionException'> (0x658c3dd8) thrown at [/HUDSON/workspace/8-2-build-glinux-arm-vfp-hflt/jdk8u65/4987/hotspot/src/share/vm/prims/jvm.cpp, line 1386]
Event: 1.460 Thread 0x76107000 Exception <a 'java/security/PrivilegedActionException'> (0x658c6528) thrown at [/HUDSON/workspace/8-2-build-glinux-arm-vfp-hflt/jdk8u65/4987/hotspot/src/share/vm/prims/jvm.cpp, line 1386]
Event: 1.460 Thread 0x76107000 Exception <a 'java/security/PrivilegedActionException'> (0x658c6728) thrown at [/HUDSON/workspace/8-2-build-glinux-arm-vfp-hflt/jdk8u65/4987/hotspot/src/share/vm/prims/jvm.cpp, line 1386]

Events (10 events):
Event: 2.409 loading class org/opencv/core/MatOfInt4
Event: 2.409 loading class org/opencv/core/MatOfInt4 done
Event: 4.687 Executing VM operation: EnableBiasedLocking
Event: 4.688 Executing VM operation: EnableBiasedLocking done
Event: 115.412 loading class sun/misc/Signal$1
Event: 115.416 loading class sun/misc/Signal$1 done
Event: 115.417 Thread 0x64902400 Thread added: 0x64902400
Event: 115.417 loading class java/util/ArrayList$Itr
Event: 115.418 loading class java/util/ArrayList$Itr done
Event: 115.419 Executing VM operation: Exit


Dynamic libraries:
00008000-00009000 r-xp 00000000 b3:07 1311207    /usr/lib/jvm/jdk-8-oracle-arm32-vfp-hflt/jre/bin/java
00010000-00011000 rw-p 00000000 b3:07 1311207    /usr/lib/jvm/jdk-8-oracle-arm32-vfp-hflt/jre/bin/java
0138a000-013ab000 rw-p 00000000 00:00 0          [heap]
5e9ba000-5e9bb000 ---p 00000000 00:00 0 
5e9bb000-5f1ba000 rwxp 00000000 00:00 0 
5f1ba000-5f1bb000 ---p 00000000 00:00 0 
5f1bb000-5f9ba000 rwxp 00000000 00:00 0 
5f9ba000-5f9bb000 ---p 00000000 00:00 0 
5f9bb000-601ba000 rwxp 00000000 00:00 0 
601ba000-601bb000 ---p 00000000 00:00 0 
601bb000-609ba000 rwxp 00000000 00:00 0 
609ba000-609bb000 ---p 00000000 00:00 0 
609bb000-611ba000 rwxp 00000000 00:00 0 
611ba000-611bb000 ---p 00000000 00:00 0 
611bb000-619ba000 rwxp 00000000 00:00 0 
619ba000-61da9000 r-xp 00000000 b3:07 1448915    /tmp/libCameraServerJNI825012770657349364.so (deleted)
61da9000-61db9000 ---p 003ef000 b3:07 1448915    /tmp/libCameraServerJNI825012770657349364.so (deleted)
61db9000-61dc1000 rw-p 003ef000 b3:07 1448915    /tmp/libCameraServerJNI825012770657349364.so (deleted)
61dc1000-61e57000 rw-p 00000000 00:00 0 
61e57000-61e58000 ---p 00000000 00:00 0 
61e58000-62657000 rwxp 00000000 00:00 0 
62657000-62658000 ---p 00000000 00:00 0 
62658000-62e57000 rwxp 00000000 00:00 0 
62e57000-62e58000 ---p 00000000 00:00 0 
62e58000-63657000 rwxp 00000000 00:00 0 
63657000-636ef000 r-xp 00000000 b3:07 1448914    /tmp/libNetworkTablesJNI4910876160496689176.so (deleted)
636ef000-636fe000 ---p 00098000 b3:07 1448914    /tmp/libNetworkTablesJNI4910876160496689176.so (deleted)
636fe000-63700000 rw-p 00097000 b3:07 1448914    /tmp/libNetworkTablesJNI4910876160496689176.so (deleted)
63700000-6377b000 rw-p 00000000 00:00 0 
6377b000-63800000 ---p 00000000 00:00 0 
63816000-63819000 ---p 00000000 00:00 0 
63819000-63866000 rwxp 00000000 00:00 0 
63866000-63927000 r-xp 00000000 b3:07 1311638    /usr/lib/arm-linux-gnueabihf/libstdc++.so.6.0.20
63927000-63936000 ---p 000c1000 b3:07 1311638    /usr/lib/arm-linux-gnueabihf/libstdc++.so.6.0.20
63936000-6393a000 r--p 000c0000 b3:07 1311638    /usr/lib/arm-linux-gnueabihf/libstdc++.so.6.0.20
6393a000-6393c000 rw-p 000c4000 b3:07 1311638    /usr/lib/arm-linux-gnueabihf/libstdc++.so.6.0.20
6393c000-63942000 rw-p 00000000 00:00 0 
63942000-6443a000 r-xp 00000000 b3:07 1712983    /usr/local/src/tmp/Downloads/Java/output/libopencv_java310.so
6443a000-6444a000 ---p 00af8000 b3:07 1712983    /usr/local/src/tmp/Downloads/Java/output/libopencv_java310.so
6444a000-64460000 r--p 00af8000 b3:07 1712983    /usr/local/src/tmp/Downloads/Java/output/libopencv_java310.so
64460000-64466000 rw-p 00b0e000 b3:07 1712983    /usr/local/src/tmp/Downloads/Java/output/libopencv_java310.so
64466000-64500000 rw-p 00000000 00:00 0 
64500000-64521000 rw-p 00000000 00:00 0 
64521000-64600000 ---p 00000000 00:00 0 
64628000-6463a000 r-xp 00000000 b3:07 131045     /lib/arm-linux-gnueabihf/libresolv-2.19.so
6463a000-64649000 ---p 00012000 b3:07 131045     /lib/arm-linux-gnueabihf/libresolv-2.19.so
64649000-6464a000 r--p 00011000 b3:07 131045     /lib/arm-linux-gnueabihf/libresolv-2.19.so
6464a000-6464b000 rw-p 00012000 b3:07 131045     /lib/arm-linux-gnueabihf/libresolv-2.19.so
6464b000-6464d000 rw-p 00000000 00:00 0 
6464d000-64651000 r-xp 00000000 b3:07 130954     /lib/arm-linux-gnueabihf/libnss_dns-2.19.so
64651000-64660000 ---p 00004000 b3:07 130954     /lib/arm-linux-gnueabihf/libnss_dns-2.19.so
64660000-64661000 r--p 00003000 b3:07 130954     /lib/arm-linux-gnueabihf/libnss_dns-2.19.so
64661000-64662000 rw-p 00004000 b3:07 130954     /lib/arm-linux-gnueabihf/libnss_dns-2.19.so
64662000-64664000 r-xp 00000000 b3:07 130963     /lib/arm-linux-gnueabihf/libnss_mdns4_minimal.so.2
64664000-6466b000 ---p 00002000 b3:07 130963     /lib/arm-linux-gnueabihf/libnss_mdns4_minimal.so.2
6466b000-6466c000 r--p 00001000 b3:07 130963     /lib/arm-linux-gnueabihf/libnss_mdns4_minimal.so.2
6466c000-6466d000 rw-p 00002000 b3:07 130963     /lib/arm-linux-gnueabihf/libnss_mdns4_minimal.so.2
64700000-647b7000 rw-p 00000000 00:00 0 
647b7000-64800000 ---p 00000000 00:00 0 
64830000-64833000 ---p 00000000 00:00 0 
64833000-64880000 rwxp 00000000 00:00 0 
64880000-64883000 ---p 00000000 00:00 0 
64883000-64900000 rwxp 00000000 00:00 0 
64900000-64921000 rw-p 00000000 00:00 0 
64921000-64a00000 ---p 00000000 00:00 0 
64a27000-64a2a000 ---p 00000000 00:00 0 
64a2a000-64a77000 rwxp 00000000 00:00 0 
64a77000-64c00000 r--p 00000000 b3:07 1317856    /usr/lib/locale/locale-archive
64c00000-64c21000 rw-p 00000000 00:00 0 
64c21000-64d00000 ---p 00000000 00:00 0 
64d00000-64d21000 rw-p 00000000 00:00 0 
64d21000-64e00000 ---p 00000000 00:00 0 
64e00000-64e21000 rw-p 00000000 00:00 0 
64e21000-64f00000 ---p 00000000 00:00 0 
64f4f000-64f52000 ---p 00000000 00:00 0 
64f52000-64f9f000 rwxp 00000000 00:00 0 
64f9f000-64fa2000 ---p 00000000 00:00 0 
64fa2000-64fef000 rwxp 00000000 00:00 0 
64fef000-64ff0000 ---p 00000000 00:00 0 
64ff0000-6506f000 rwxp 00000000 00:00 0 
6506f000-650be000 rw-p 00000000 00:00 0 
650be000-65296000 r--s 03d20000 b3:07 1311086    /usr/lib/jvm/jdk-8-oracle-arm32-vfp-hflt/jre/lib/rt.jar
65296000-65577000 rw-p 00000000 00:00 0 
65577000-6573d000 ---p 00000000 00:00 0 
6573d000-65743000 rw-p 00000000 00:00 0 
65743000-6578b000 ---p 00000000 00:00 0 
6578b000-6578e000 rw-p 00000000 00:00 0 
6578e000-657b1000 ---p 00000000 00:00 0 
657b1000-657b7000 rw-p 00000000 00:00 0 
657b7000-657ff000 ---p 00000000 00:00 0 
657ff000-65d40000 rw-p 00000000 00:00 0 
65d40000-6a540000 ---p 00000000 00:00 0 
6a540000-6b000000 rw-p 00000000 00:00 0 
6b000000-74000000 ---p 00000000 00:00 0 
7402b000-7402e000 rw-p 00000000 00:00 0 
7402e000-740ab000 ---p 00000000 00:00 0 
740ab000-7416b000 rwxp 00000000 00:00 0 
7416b000-760ab000 ---p 00000000 00:00 0 
760ab000-760c2000 r-xp 00000000 b3:07 1311148    /usr/lib/jvm/jdk-8-oracle-arm32-vfp-hflt/jre/lib/arm/libzip.so
760c2000-760c9000 ---p 00017000 b3:07 1311148    /usr/lib/jvm/jdk-8-oracle-arm32-vfp-hflt/jre/lib/arm/libzip.so
760c9000-760ca000 rw-p 00016000 b3:07 1311148    /usr/lib/jvm/jdk-8-oracle-arm32-vfp-hflt/jre/lib/arm/libzip.so
760ca000-760d5000 r-xp 00000000 b3:07 131001     /lib/arm-linux-gnueabihf/libnss_files-2.19.so
760d5000-760e4000 ---p 0000b000 b3:07 131001     /lib/arm-linux-gnueabihf/libnss_files-2.19.so
760e4000-760e5000 r--p 0000a000 b3:07 131001     /lib/arm-linux-gnueabihf/libnss_files-2.19.so
760e5000-760e6000 rw-p 0000b000 b3:07 131001     /lib/arm-linux-gnueabihf/libnss_files-2.19.so
760e6000-760ef000 r-xp 00000000 b3:07 131084     /lib/arm-linux-gnueabihf/libnss_nis-2.19.so
760ef000-760fe000 ---p 00009000 b3:07 131084     /lib/arm-linux-gnueabihf/libnss_nis-2.19.so
760fe000-760ff000 r--p 00008000 b3:07 131084     /lib/arm-linux-gnueabihf/libnss_nis-2.19.so
760ff000-76100000 rw-p 00009000 b3:07 131084     /lib/arm-linux-gnueabihf/libnss_nis-2.19.so
76100000-76200000 rw-p 00000000 00:00 0 
76206000-76217000 r-xp 00000000 b3:07 130932     /lib/arm-linux-gnueabihf/libnsl-2.19.so
76217000-76226000 ---p 00011000 b3:07 130932     /lib/arm-linux-gnueabihf/libnsl-2.19.so
76226000-76227000 r--p 00010000 b3:07 130932     /lib/arm-linux-gnueabihf/libnsl-2.19.so
76227000-76228000 rw-p 00011000 b3:07 130932     /lib/arm-linux-gnueabihf/libnsl-2.19.so
76228000-7622a000 rw-p 00000000 00:00 0 
7622a000-76231000 r-xp 00000000 b3:07 130972     /lib/arm-linux-gnueabihf/libnss_compat-2.19.so
76231000-76240000 ---p 00007000 b3:07 130972     /lib/arm-linux-gnueabihf/libnss_compat-2.19.so
76240000-76241000 r--p 00006000 b3:07 130972     /lib/arm-linux-gnueabihf/libnss_compat-2.19.so
76241000-76242000 rw-p 00007000 b3:07 130972     /lib/arm-linux-gnueabihf/libnss_compat-2.19.so
7624c000-76251000 r--s 00096000 b3:07 1311090    /usr/lib/jvm/jdk-8-oracle-arm32-vfp-hflt/jre/lib/jsse.jar
76251000-76255000 r--s 001fe000 b3:07 1712982    /usr/local/src/tmp/Downloads/Java/output/CameraVision-all.jar
76255000-76278000 r-xp 00000000 b3:07 1311152    /usr/lib/jvm/jdk-8-oracle-arm32-vfp-hflt/jre/lib/arm/libjava.so
76278000-76280000 ---p 00023000 b3:07 1311152    /usr/lib/jvm/jdk-8-oracle-arm32-vfp-hflt/jre/lib/arm/libjava.so
76280000-76281000 rw-p 00023000 b3:07 1311152    /usr/lib/jvm/jdk-8-oracle-arm32-vfp-hflt/jre/lib/arm/libjava.so
76281000-76287000 r-xp 00000000 b3:07 130988     /lib/arm-linux-gnueabihf/librt-2.19.so
76287000-76296000 ---p 00006000 b3:07 130988     /lib/arm-linux-gnueabihf/librt-2.19.so
76296000-76297000 r--p 00005000 b3:07 130988     /lib/arm-linux-gnueabihf/librt-2.19.so
76297000-76298000 rw-p 00006000 b3:07 130988     /lib/arm-linux-gnueabihf/librt-2.19.so
76298000-7629b000 ---p 00000000 00:00 0 
7629b000-762e8000 rwxp 00000000 00:00 0 
762e8000-76351000 r-xp 00000000 b3:07 130960     /lib/arm-linux-gnueabihf/libm-2.19.so
76351000-76361000 ---p 00069000 b3:07 130960     /lib/arm-linux-gnueabihf/libm-2.19.so
76361000-76362000 r--p 00069000 b3:07 130960     /lib/arm-linux-gnueabihf/libm-2.19.so
76362000-76363000 rw-p 0006a000 b3:07 130960     /lib/arm-linux-gnueabihf/libm-2.19.so
76363000-768e6000 r-xp 00000000 b3:07 1311177    /usr/lib/jvm/jdk-8-oracle-arm32-vfp-hflt/jre/lib/arm/client/libjvm.so
768e6000-768ee000 ---p 00583000 b3:07 1311177    /usr/lib/jvm/jdk-8-oracle-arm32-vfp-hflt/jre/lib/arm/client/libjvm.so
768ee000-7691a000 rw-p 00583000 b3:07 1311177    /usr/lib/jvm/jdk-8-oracle-arm32-vfp-hflt/jre/lib/arm/client/libjvm.so
7691a000-76d3d000 rw-p 00000000 00:00 0 
76d3d000-76d5a000 r-xp 00000000 b3:07 130945     /lib/arm-linux-gnueabihf/libgcc_s.so.1
76d5a000-76d69000 ---p 0001d000 b3:07 130945     /lib/arm-linux-gnueabihf/libgcc_s.so.1
76d69000-76d6a000 rw-p 0001c000 b3:07 130945     /lib/arm-linux-gnueabihf/libgcc_s.so.1
76d6a000-76e95000 r-xp 00000000 b3:07 131006     /lib/arm-linux-gnueabihf/libc-2.19.so
76e95000-76ea5000 ---p 0012b000 b3:07 131006     /lib/arm-linux-gnueabihf/libc-2.19.so
76ea5000-76ea7000 r--p 0012b000 b3:07 131006     /lib/arm-linux-gnueabihf/libc-2.19.so
76ea7000-76ea8000 rw-p 0012d000 b3:07 131006     /lib/arm-linux-gnueabihf/libc-2.19.so
76ea8000-76eab000 rw-p 00000000 00:00 0 
76eab000-76ead000 r-xp 00000000 b3:07 131081     /lib/arm-linux-gnueabihf/libdl-2.19.so
76ead000-76ebc000 ---p 00002000 b3:07 131081     /lib/arm-linux-gnueabihf/libdl-2.19.so
76ebc000-76ebd000 r--p 00001000 b3:07 131081     /lib/arm-linux-gnueabihf/libdl-2.19.so
76ebd000-76ebe000 rw-p 00002000 b3:07 131081     /lib/arm-linux-gnueabihf/libdl-2.19.so
76ebe000-76ed2000 r-xp 00000000 b3:07 1311175    /usr/lib/jvm/jdk-8-oracle-arm32-vfp-hflt/jre/lib/arm/jli/libjli.so
76ed2000-76eda000 ---p 00014000 b3:07 1311175    /usr/lib/jvm/jdk-8-oracle-arm32-vfp-hflt/jre/lib/arm/jli/libjli.so
76eda000-76edb000 rw-p 00014000 b3:07 1311175    /usr/lib/jvm/jdk-8-oracle-arm32-vfp-hflt/jre/lib/arm/jli/libjli.so
76edb000-76eef000 r-xp 00000000 b3:07 131019     /lib/arm-linux-gnueabihf/libpthread-2.19.so
76eef000-76eff000 ---p 00014000 b3:07 131019     /lib/arm-linux-gnueabihf/libpthread-2.19.so
76eff000-76f00000 r--p 00014000 b3:07 131019     /lib/arm-linux-gnueabihf/libpthread-2.19.so
76f00000-76f01000 rw-p 00015000 b3:07 131019     /lib/arm-linux-gnueabihf/libpthread-2.19.so
76f01000-76f04000 rw-p 00000000 00:00 0 
76f04000-76f0d000 r-xp 00000000 b3:07 1311172    /usr/lib/jvm/jdk-8-oracle-arm32-vfp-hflt/jre/lib/arm/libverify.so
76f0d000-76f15000 ---p 00009000 b3:07 1311172    /usr/lib/jvm/jdk-8-oracle-arm32-vfp-hflt/jre/lib/arm/libverify.so
76f15000-76f16000 rw-p 00009000 b3:07 1311172    /usr/lib/jvm/jdk-8-oracle-arm32-vfp-hflt/jre/lib/arm/libverify.so
76f16000-76f1b000 r-xp 00000000 b3:07 1312124    /usr/lib/arm-linux-gnueabihf/libarmmem.so
76f1b000-76f2a000 ---p 00005000 b3:07 1312124    /usr/lib/arm-linux-gnueabihf/libarmmem.so
76f2a000-76f2b000 rw-p 00004000 b3:07 1312124    /usr/lib/arm-linux-gnueabihf/libarmmem.so
76f2b000-76f4b000 r-xp 00000000 b3:07 130911     /lib/arm-linux-gnueabihf/ld-2.19.so
76f4b000-76f4c000 r--p 00000000 b3:07 399632     /usr/share/locale/en_GB/LC_MESSAGES/libc.mo
76f4c000-76f54000 rw-s 00000000 b3:07 1448913    /tmp/hsperfdata_root/938 (deleted)
76f54000-76f55000 ---p 00000000 00:00 0 
76f55000-76f58000 rw-p 00000000 00:00 0 
76f58000-76f5a000 rw-p 00000000 00:00 0 
76f5a000-76f5b000 r--p 0001f000 b3:07 130911     /lib/arm-linux-gnueabihf/ld-2.19.so
76f5b000-76f5c000 rw-p 00020000 b3:07 130911     /lib/arm-linux-gnueabihf/ld-2.19.so
7e935000-7e956000 rwxp 00000000 00:00 0          [stack]
7ea97000-7ea98000 r-xp 00000000 00:00 0          [sigpage]
7ea98000-7ea99000 r--p 00000000 00:00 0          [vvar]
7ea99000-7ea9a000 r-xp 00000000 00:00 0          [vdso]
ffff0000-ffff1000 r-xp 00000000 00:00 0          [vectors]

VM Arguments:
jvm_args: -Djava.library.path=. 
java_command: CameraVision-all.jar
java_class_path (initial): CameraVision-all.jar
Launcher Type: SUN_STANDARD

Environment Variables:
PATH=/usr/local/sbin:/usr/local/bin:/usr/sbin:/usr/bin:/sbin:/bin
USERNAME=root
SHELL=/bin/bash
DISPLAY=:0.0

Signal Handlers:
SIGSEGV: [libjvm.so+0x506638], sa_mask[0]=11111111011111111101111111111110, sa_flags=SA_RESTART|SA_SIGINFO
SIGBUS: [libjvm.so+0x506638], sa_mask[0]=11111111011111111101111111111110, sa_flags=SA_RESTART|SA_SIGINFO
SIGFPE: [libjvm.so+0x3fd4ec], sa_mask[0]=11111111011111111101111111111110, sa_flags=SA_RESTART|SA_SIGINFO
SIGPIPE: [libjvm.so+0x3fd4ec], sa_mask[0]=11111111011111111101111111111110, sa_flags=SA_RESTART|SA_SIGINFO
SIGXFSZ: [libjvm.so+0x3fd4ec], sa_mask[0]=11111111011111111101111111111110, sa_flags=SA_RESTART|SA_SIGINFO
SIGILL: [libjvm.so+0x3fd4ec], sa_mask[0]=11111111011111111101111111111110, sa_flags=SA_RESTART|SA_SIGINFO
SIGUSR1: SIG_DFL, sa_mask[0]=00000000000000000000000000000000, sa_flags=none
SIGUSR2: [libjvm.so+0x3fd650], sa_mask[0]=00000000000000000000000000000000, sa_flags=SA_RESTART|SA_SIGINFO
SIGHUP: [libjvm.so+0x3fda84], sa_mask[0]=11111111011111111101111111111110, sa_flags=SA_RESTART|SA_SIGINFO
SIGINT: [libjvm.so+0x3fda84], sa_mask[0]=11111111011111111101111111111110, sa_flags=SA_RESTART|SA_SIGINFO
SIGTERM: [libjvm.so+0x3fda84], sa_mask[0]=11111111011111111101111111111110, sa_flags=SA_RESTART|SA_SIGINFO
SIGQUIT: [libjvm.so+0x3fda84], sa_mask[0]=11111111011111111101111111111110, sa_flags=SA_RESTART|SA_SIGINFO


---------------  S Y S T E M  ---------------

OS:PRETTY_NAME="Raspbian GNU/Linux 8 (jessie)"
NAME="Raspbian GNU/Linux"
VERSION_ID="8"
VERSION="8 (jessie)"
ID=raspbian
ID_LIKE=debian
HOME_URL="http://www.raspbian.org/"
SUPPORT_URL="http://www.raspbian.org/RaspbianForums"
BUG_REPORT_URL="http://www.raspbian.org/RaspbianBugs"

uname:Linux 4.4.34-v7+ #930 SMP Wed Nov 23 15:20:41 GMT 2016 armv7l
libc:glibc 2.19 NPTL 2.19 
rlimit: STACK 8192k, CORE 0k, NPROC 7336, NOFILE 65536, AS infinity
load average:0.23 0.14 0.05

/proc/meminfo:
MemTotal:         947732 kB
MemFree:          671912 kB
MemAvailable:     785904 kB
Buffers:           15792 kB
Cached:           147800 kB
SwapCached:            0 kB
Active:           145576 kB
Inactive:          96340 kB
Active(anon):      78772 kB
Inactive(anon):    12144 kB
Active(file):      66804 kB
Inactive(file):    84196 kB
Unevictable:           0 kB
Mlocked:               0 kB
SwapTotal:        102396 kB
SwapFree:         102396 kB
Dirty:                76 kB
Writeback:             0 kB
AnonPages:         78328 kB
Mapped:            76620 kB
Shmem:             12588 kB
Slab:              17100 kB
SReclaimable:       7904 kB
SUnreclaim:         9196 kB
KernelStack:        1800 kB
PageTables:         2680 kB
NFS_Unstable:          0 kB
Bounce:                0 kB
WritebackTmp:          0 kB
CommitLimit:      576260 kB
Committed_AS:     861812 kB
VmallocTotal:    1114112 kB
VmallocUsed:           0 kB
VmallocChunk:          0 kB
CmaTotal:           8192 kB
CmaFree:            3480 kB


CPU:total 4 (ARMv7), vfp

/proc/cpuinfo:
processor	: 0
model name	: ARMv7 Processor rev 4 (v7l)
BogoMIPS	: 76.80
Features	: half thumb fastmult vfp edsp neon vfpv3 tls vfpv4 idiva idivt vfpd32 lpae evtstrm crc32 
CPU implementer	: 0x41
CPU architecture: 7
CPU variant	: 0x0
CPU part	: 0xd03
CPU revision	: 4

processor	: 1
model name	: ARMv7 Processor rev 4 (v7l)
BogoMIPS	: 76.80
Features	: half thumb fastmult vfp edsp neon vfpv3 tls vfpv4 idiva idivt vfpd32 lpae evtstrm crc32 
CPU implementer	: 0x41
CPU architecture: 7
CPU variant	: 0x0
CPU part	: 0xd03
CPU revision	: 4

processor	: 2
model name	: ARMv7 Processor rev 4 (v7l)
BogoMIPS	: 76.80
Features	: half thumb fastmult vfp edsp neon vfpv3 tls vfpv4 idiva idivt vfpd32 lpae evtstrm crc32 
CPU implementer	: 0x41
CPU architecture: 7
CPU variant	: 0x0
CPU part	: 0xd03
CPU revision	: 4

processor	: 3
model name	: ARMv7 Processor rev 4 (v7l)
BogoMIPS	: 76.80
Features	: half thumb fastmult vfp edsp neon vfpv3 tls vfpv4 idiva idivt vfpd32 lpae evtstrm crc32 
CPU implementer	: 0x41
CPU architecture: 7
CPU variant	: 0x0
CPU part	: 0xd03
CPU revision	: 4

Hardware	: BCM2709
Revision	: a02082
Serial		: 00000000a10a37a6


Memory: 4k page, physical 947732k(671912k free), swap 102396k(102396k free)

vm_info: Java HotSpot(TM) Client VM (25.65-b01) for linux-arm-vfp-hflt JRE (1.8.0_65-b17), built on Oct  6 2015 16:19:04 by "java_re" with gcc 4.7.2 20120910 (prerelease)

time: Tue Feb 21 02:11:20 2017
elapsed time: 115 seconds (0d 0h 1m 55s)

