#
# A fatal error has been detected by the Java Runtime Environment:
#
#  SIGSEGV (0xb) at pc=0x001292f0, pid=1766, tid=1695429728
#
# JRE version: Java(TM) SE Runtime Environment (8.0_65-b17) (build 1.8.0_65-b17)
# Java VM: Java HotSpot(TM) Client VM (25.65-b01 mixed mode linux-arm )
# Problematic frame:
# C  0x001292f0
#
# Failed to write core dump. Core dumps have been disabled. To enable core dumping, try "ulimit -c unlimited" before starting Java again
#
# If you would like to submit a bug report, please visit:
#   http://bugreport.java.com/bugreport/crash.jsp
#

---------------  T H R E A D  ---------------

Current thread (0x7615d400):  VMThread [stack: 0x65064000,0x650e4000] [id=1768]

siginfo: si_signo: 11 (SIGSEGV), si_code: 1 (SEGV_MAPERR), si_addr: 0x001292f0

Registers:
  r0  = 0x761cbfc8
  r1  = 0x00000081
  r2  = 0x761ca920
  r3  = 0x761cbfc8
  r4  = 0x761ca838
  r5  = 0x76efb000
  r6  = 0x00000081
  r7  = 0x76efb4ac
  r8  = 0x00000001
  r9  = 0x000003ec
  r10 = 0x000003ec
  fp  = 0x650e2bf4
  r12 = 0x6445ecb0
  sp  = 0x650e2bd0
  lr  = 0x63cea054
  pc  = 0x001292f0
  cpsr = 0x60000010

Top of Stack: (sp=0x650e2bd0)
0x650e2bd0:   6467eeb0 644ff19c 76efb000 76deeaec
0x650e2be0:   76124f8c 76deeb3c 00000000 76655d90
0x650e2bf0:   650e2c14 768c40ec 7615d3a0 64a7599c
0x650e2c00:   76954fb8 76124b98 76124ba0 76124f8c
0x650e2c10:   650e2c8c 768c2888 7697c540 76957c40
0x650e2c20:   650e2c8c 76811330 00000000 00000000
0x650e2c30:   9c5ff32b 0000002c 7691f901 76978978
0x650e2c40:   7615e338 00000000 00000000 7697c540 

Instructions: (pc=0x001292f0)
0x001292d0:   
[error occurred during error reporting (printing registers, top of stack, instructions near pc), id 0xb]

Register to memory mapping:

  r0  = 0x761cbfc8

[error occurred during error reporting (printing register info), id 0xb]

Stack: [0x65064000,0x650e4000],  sp=0x650e2bd0,  free space=506k
Native frames: (J=compiled Java code, j=interpreted, Vv=VM code, C=native code)
C  0x001292f0

[error occurred during error reporting (printing native stack), id 0xb]

VM_Operation (0x64a7599c): Exit, mode: safepoint, requested by thread 0x64901400


---------------  P R O C E S S  ---------------

Java Threads: ( => current thread )
  0x64901400 JavaThread "SIGHUP handler" daemon [_thread_blocked, id=1927, stack(0x64a27000,0x64a77000)]
  0x76182800 JavaThread "Service Thread" daemon [_thread_blocked, id=1773, stack(0x64e10000,0x64e60000)]
  0x7617f400 JavaThread "C1 CompilerThread0" daemon [_thread_blocked, id=1772, stack(0x64880000,0x64900000)]
  0x76162000 JavaThread "Finalizer" daemon [_thread_blocked, id=1770, stack(0x64eb0000,0x64f00000)]
  0x76160800 JavaThread "Reference Handler" daemon [_thread_blocked, id=1769, stack(0x65014000,0x65064000)]
  0x76107000 JavaThread "main" [_thread_blocked, id=1767, stack(0x762ec000,0x7633c000)]

Other Threads:
=>0x7615d400 VMThread [stack: 0x65064000,0x650e4000] [id=1768]

VM state:at safepoint (shutting down)

VM Mutex/Monitor currently owned by a thread:  ([mutex/lock_event])
[0x76104a80] Threads_lock - owner thread: 0x7615d400

Heap:
 def new generation   total 4864K, used 1693K [0x65800000, 0x65d40000, 0x6a540000)
  eden space 4352K,  38% used [0x65800000, 0x659a76f0, 0x65c40000)
  from space 512K,   0% used [0x65c40000, 0x65c40000, 0x65cc0000)
  to   space 512K,   0% used [0x65cc0000, 0x65cc0000, 0x65d40000)
 tenured generation   total 11008K, used 0K [0x6a540000, 0x6b000000, 0x74000000)
   the space 11008K,   0% used [0x6a540000, 0x6a540000, 0x6a540200, 0x6b000000)
 Metaspace       used 2152K, capacity 2368K, committed 2456K, reserved 4400K

Card table byte_map: [0x7400b000,0x74080000] byte_map_base: 0x73cdf000

Polling page: 0x76fa8000

CodeCache: size=32768Kb used=703Kb max_used=703Kb free=32064Kb
 bounds [0x74100000, 0x741b0000, 0x76100000]
 total_blobs=238 nmethods=37 adapters=134
 compilation: enabled

Compilation events (10 events):
Event: 0.494 Thread 0x7617f400   31   !         java.util.zip.Inflater::inflate (113 bytes)
Event: 0.496 Thread 0x7617f400 nmethod 31 0x741aab48 code [0x741aac70, 0x741ab0c8]
Event: 0.496 Thread 0x7617f400   33             java.util.zip.InflaterInputStream::ensureOpen (18 bytes)
Event: 0.497 Thread 0x7617f400 nmethod 33 0x741ab388 code [0x741ab480, 0x741ab594]
Event: 0.497 Thread 0x7617f400   34             java.io.FilterInputStream::read (9 bytes)
Event: 0.498 Thread 0x7617f400 nmethod 34 0x741ab808 code [0x741ab8f0, 0x741ab994]
Event: 0.498 Thread 0x7617f400   36             java.io.FileOutputStream::write (12 bytes)
Event: 0.499 Thread 0x7617f400 nmethod 36 0x741aba08 code [0x741abaf0, 0x741abb94]
Event: 0.499 Thread 0x7617f400   37             java.io.FilterInputStream::read (11 bytes)
Event: 0.499 Thread 0x7617f400 nmethod 37 0x741abc08 code [0x741abcf0, 0x741abd94]

GC Heap History (0 events):
No events

Deoptimization events (0 events):
No events

Internal exceptions (6 events):
Event: 0.088 Thread 0x76107000 Exception <a 'java/lang/NoSuchMethodError': Method sun.misc.Unsafe.defineClass(Ljava/lang/String;[BII)Ljava/lang/Class; name or signature does not match> (0x65810498) thrown at [/HUDSON/workspace/8-2-build-glinux-arm-vfp-hflt/jdk8u65/4987/hotspot/src/shar
Event: 0.088 Thread 0x76107000 Exception <a 'java/lang/NoSuchMethodError': Method sun.misc.Unsafe.prefetchRead(Ljava/lang/Object;J)V name or signature does not match> (0x65810768) thrown at [/HUDSON/workspace/8-2-build-glinux-arm-vfp-hflt/jdk8u65/4987/hotspot/src/share/vm/prims/jni.cpp
Event: 0.336 Thread 0x76107000 Exception <a 'java/security/PrivilegedActionException'> (0x658c46f0) thrown at [/HUDSON/workspace/8-2-build-glinux-arm-vfp-hflt/jdk8u65/4987/hotspot/src/share/vm/prims/jvm.cpp, line 1386]
Event: 0.336 Thread 0x76107000 Exception <a 'java/security/PrivilegedActionException'> (0x658c48f0) thrown at [/HUDSON/workspace/8-2-build-glinux-arm-vfp-hflt/jdk8u65/4987/hotspot/src/share/vm/prims/jvm.cpp, line 1386]
Event: 0.338 Thread 0x76107000 Exception <a 'java/security/PrivilegedActionException'> (0x658c7040) thrown at [/HUDSON/workspace/8-2-build-glinux-arm-vfp-hflt/jdk8u65/4987/hotspot/src/share/vm/prims/jvm.cpp, line 1386]
Event: 0.338 Thread 0x76107000 Exception <a 'java/security/PrivilegedActionException'> (0x658c7240) thrown at [/HUDSON/workspace/8-2-build-glinux-arm-vfp-hflt/jdk8u65/4987/hotspot/src/share/vm/prims/jvm.cpp, line 1386]

Events (10 events):
Event: 0.693 loading class org/opencv/core/MatOfInt done
Event: 4.205 Executing VM operation: EnableBiasedLocking
Event: 4.206 Executing VM operation: EnableBiasedLocking done
Event: 191.596 loading class sun/misc/Signal$1
Event: 191.596 loading class sun/misc/Signal$1 done
Event: 191.598 Thread 0x64901400 Thread added: 0x64901400
Event: 191.599 loading class java/util/ArrayList$Itr
Event: 191.600 loading class java/util/ArrayList$Itr done
Event: 191.602 Thread 0x7617d800 Thread exited: 0x7617d800
Event: 191.602 Executing VM operation: Exit


Dynamic libraries:
00008000-00009000 r-xp 00000000 b3:07 1311207    /usr/lib/jvm/jdk-8-oracle-arm32-vfp-hflt/jre/bin/java
00010000-00011000 rw-p 00000000 b3:07 1311207    /usr/lib/jvm/jdk-8-oracle-arm32-vfp-hflt/jre/bin/java
00450000-00471000 rw-p 00000000 00:00 0          [heap]
5f2ba000-5f2bb000 ---p 00000000 00:00 0 
5f2bb000-5faba000 rwxp 00000000 00:00 0 
5faba000-5fabb000 ---p 00000000 00:00 0 
5fabb000-602ba000 rwxp 00000000 00:00 0 
61aba000-61ea9000 r-xp 00000000 b3:07 1448917    /tmp/libCameraServerJNI3492452812835013704.so (deleted)
61ea9000-61eb9000 ---p 003ef000 b3:07 1448917    /tmp/libCameraServerJNI3492452812835013704.so (deleted)
61eb9000-61ec1000 rw-p 003ef000 b3:07 1448917    /tmp/libCameraServerJNI3492452812835013704.so (deleted)
61ec1000-61f57000 rw-p 00000000 00:00 0 
61f57000-61f58000 ---p 00000000 00:00 0 
61f58000-62757000 rwxp 00000000 00:00 0 
62757000-62758000 ---p 00000000 00:00 0 
62758000-62f57000 rwxp 00000000 00:00 0 
62f57000-62f58000 ---p 00000000 00:00 0 
62f58000-63757000 rwxp 00000000 00:00 0 
63757000-637ef000 r-xp 00000000 b3:07 1448892    /tmp/libNetworkTablesJNI5947216466975197860.so (deleted)
637ef000-637fe000 ---p 00098000 b3:07 1448892    /tmp/libNetworkTablesJNI5947216466975197860.so (deleted)
637fe000-63800000 rw-p 00097000 b3:07 1448892    /tmp/libNetworkTablesJNI5947216466975197860.so (deleted)
63800000-63879000 rw-p 00000000 00:00 0 
63879000-63900000 ---p 00000000 00:00 0 
63942000-6443a000 r-xp 00000000 b3:07 1712983    /usr/local/src/tmp/Downloads/Java/output/libopencv_java310.so
6443a000-6444a000 ---p 00af8000 b3:07 1712983    /usr/local/src/tmp/Downloads/Java/output/libopencv_java310.so
6444a000-64460000 r--p 00af8000 b3:07 1712983    /usr/local/src/tmp/Downloads/Java/output/libopencv_java310.so
64460000-64466000 rw-p 00b0e000 b3:07 1712983    /usr/local/src/tmp/Downloads/Java/output/libopencv_java310.so
64466000-64500000 rw-p 00000000 00:00 0 
64500000-64521000 rw-p 00000000 00:00 0 
64521000-64600000 ---p 00000000 00:00 0 
64624000-646e5000 r-xp 00000000 b3:07 1311638    /usr/lib/arm-linux-gnueabihf/libstdc++.so.6.0.20
646e5000-646f4000 ---p 000c1000 b3:07 1311638    /usr/lib/arm-linux-gnueabihf/libstdc++.so.6.0.20
646f4000-646f8000 r--p 000c0000 b3:07 1311638    /usr/lib/arm-linux-gnueabihf/libstdc++.so.6.0.20
646f8000-646fa000 rw-p 000c4000 b3:07 1311638    /usr/lib/arm-linux-gnueabihf/libstdc++.so.6.0.20
646fa000-64700000 rw-p 00000000 00:00 0 
64700000-64768000 rw-p 00000000 00:00 0 
64768000-64800000 ---p 00000000 00:00 0 
64880000-64883000 ---p 00000000 00:00 0 
64883000-64900000 rwxp 00000000 00:00 0 
64900000-64921000 rw-p 00000000 00:00 0 
64921000-64a00000 ---p 00000000 00:00 0 
64a27000-64a2a000 ---p 00000000 00:00 0 
64a2a000-64a77000 rwxp 00000000 00:00 0 
64a77000-64c00000 r--p 00000000 b3:07 1317856    /usr/lib/locale/locale-archive
64c00000-64c21000 rw-p 00000000 00:00 0 
64c21000-64d00000 ---p 00000000 00:00 0 
64d00000-64d21000 rw-p 00000000 00:00 0 
64d21000-64e00000 ---p 00000000 00:00 0 
64e10000-64e13000 ---p 00000000 00:00 0 
64e13000-64e60000 rwxp 00000000 00:00 0 
64eb0000-64eb3000 ---p 00000000 00:00 0 
64eb3000-64f00000 rwxp 00000000 00:00 0 
64f00000-64f21000 rw-p 00000000 00:00 0 
64f21000-65000000 ---p 00000000 00:00 0 
65014000-65017000 ---p 00000000 00:00 0 
65017000-65064000 rwxp 00000000 00:00 0 
65064000-65065000 ---p 00000000 00:00 0 
65065000-650e4000 rwxp 00000000 00:00 0 
650e4000-65133000 rw-p 00000000 00:00 0 
65133000-6530b000 r--s 03d20000 b3:07 1311086    /usr/lib/jvm/jdk-8-oracle-arm32-vfp-hflt/jre/lib/rt.jar
6530b000-655cc000 rw-p 00000000 00:00 0 
655cc000-657b2000 ---p 00000000 00:00 0 
657b2000-657b8000 rw-p 00000000 00:00 0 
657b8000-65800000 ---p 00000000 00:00 0 
65800000-65d40000 rw-p 00000000 00:00 0 
65d40000-6a540000 ---p 00000000 00:00 0 
6a540000-6b000000 rw-p 00000000 00:00 0 
6b000000-74000000 ---p 00000000 00:00 0 
74000000-74002000 r-xp 00000000 b3:07 130963     /lib/arm-linux-gnueabihf/libnss_mdns4_minimal.so.2
74002000-74009000 ---p 00002000 b3:07 130963     /lib/arm-linux-gnueabihf/libnss_mdns4_minimal.so.2
74009000-7400a000 r--p 00001000 b3:07 130963     /lib/arm-linux-gnueabihf/libnss_mdns4_minimal.so.2
7400a000-7400b000 rw-p 00002000 b3:07 130963     /lib/arm-linux-gnueabihf/libnss_mdns4_minimal.so.2
7400b000-7400e000 rw-p 00000000 00:00 0 
7400e000-74031000 ---p 00000000 00:00 0 
74031000-74037000 rw-p 00000000 00:00 0 
74037000-7407f000 ---p 00000000 00:00 0 
7407f000-74083000 rw-p 00000000 00:00 0 
74083000-74100000 ---p 00000000 00:00 0 
74100000-741b0000 rwxp 00000000 00:00 0 
741b0000-76100000 ---p 00000000 00:00 0 
76100000-761ff000 rw-p 00000000 00:00 0 
761ff000-76200000 ---p 00000000 00:00 0 
76205000-7621c000 r-xp 00000000 b3:07 1311148    /usr/lib/jvm/jdk-8-oracle-arm32-vfp-hflt/jre/lib/arm/libzip.so
7621c000-76223000 ---p 00017000 b3:07 1311148    /usr/lib/jvm/jdk-8-oracle-arm32-vfp-hflt/jre/lib/arm/libzip.so
76223000-76224000 rw-p 00016000 b3:07 1311148    /usr/lib/jvm/jdk-8-oracle-arm32-vfp-hflt/jre/lib/arm/libzip.so
76224000-7622f000 r-xp 00000000 b3:07 131001     /lib/arm-linux-gnueabihf/libnss_files-2.19.so
7622f000-7623e000 ---p 0000b000 b3:07 131001     /lib/arm-linux-gnueabihf/libnss_files-2.19.so
7623e000-7623f000 r--p 0000a000 b3:07 131001     /lib/arm-linux-gnueabihf/libnss_files-2.19.so
7623f000-76240000 rw-p 0000b000 b3:07 131001     /lib/arm-linux-gnueabihf/libnss_files-2.19.so
76240000-76249000 r-xp 00000000 b3:07 131084     /lib/arm-linux-gnueabihf/libnss_nis-2.19.so
76249000-76258000 ---p 00009000 b3:07 131084     /lib/arm-linux-gnueabihf/libnss_nis-2.19.so
76258000-76259000 r--p 00008000 b3:07 131084     /lib/arm-linux-gnueabihf/libnss_nis-2.19.so
76259000-7625a000 rw-p 00009000 b3:07 131084     /lib/arm-linux-gnueabihf/libnss_nis-2.19.so
7625a000-7626b000 r-xp 00000000 b3:07 130932     /lib/arm-linux-gnueabihf/libnsl-2.19.so
7626b000-7627a000 ---p 00011000 b3:07 130932     /lib/arm-linux-gnueabihf/libnsl-2.19.so
7627a000-7627b000 r--p 00010000 b3:07 130932     /lib/arm-linux-gnueabihf/libnsl-2.19.so
7627b000-7627c000 rw-p 00011000 b3:07 130932     /lib/arm-linux-gnueabihf/libnsl-2.19.so
7627c000-7627e000 rw-p 00000000 00:00 0 
7627e000-76285000 r-xp 00000000 b3:07 130972     /lib/arm-linux-gnueabihf/libnss_compat-2.19.so
76285000-76294000 ---p 00007000 b3:07 130972     /lib/arm-linux-gnueabihf/libnss_compat-2.19.so
76294000-76295000 r--p 00006000 b3:07 130972     /lib/arm-linux-gnueabihf/libnss_compat-2.19.so
76295000-76296000 rw-p 00007000 b3:07 130972     /lib/arm-linux-gnueabihf/libnss_compat-2.19.so
762a0000-762a5000 r--s 00096000 b3:07 1311090    /usr/lib/jvm/jdk-8-oracle-arm32-vfp-hflt/jre/lib/jsse.jar
762a5000-762a9000 r--s 001fe000 b3:07 1712982    /usr/local/src/tmp/Downloads/Java/output/CameraVision-all.jar
762a9000-762cc000 r-xp 00000000 b3:07 1311152    /usr/lib/jvm/jdk-8-oracle-arm32-vfp-hflt/jre/lib/arm/libjava.so
762cc000-762d4000 ---p 00023000 b3:07 1311152    /usr/lib/jvm/jdk-8-oracle-arm32-vfp-hflt/jre/lib/arm/libjava.so
762d4000-762d5000 rw-p 00023000 b3:07 1311152    /usr/lib/jvm/jdk-8-oracle-arm32-vfp-hflt/jre/lib/arm/libjava.so
762d5000-762db000 r-xp 00000000 b3:07 130988     /lib/arm-linux-gnueabihf/librt-2.19.so
762db000-762ea000 ---p 00006000 b3:07 130988     /lib/arm-linux-gnueabihf/librt-2.19.so
762ea000-762eb000 r--p 00005000 b3:07 130988     /lib/arm-linux-gnueabihf/librt-2.19.so
762eb000-762ec000 rw-p 00006000 b3:07 130988     /lib/arm-linux-gnueabihf/librt-2.19.so
762ec000-762ef000 ---p 00000000 00:00 0 
762ef000-7633c000 rwxp 00000000 00:00 0 
7633c000-763a5000 r-xp 00000000 b3:07 130960     /lib/arm-linux-gnueabihf/libm-2.19.so
763a5000-763b5000 ---p 00069000 b3:07 130960     /lib/arm-linux-gnueabihf/libm-2.19.so
763b5000-763b6000 r--p 00069000 b3:07 130960     /lib/arm-linux-gnueabihf/libm-2.19.so
763b6000-763b7000 rw-p 0006a000 b3:07 130960     /lib/arm-linux-gnueabihf/libm-2.19.so
763b7000-7693a000 r-xp 00000000 b3:07 1311177    /usr/lib/jvm/jdk-8-oracle-arm32-vfp-hflt/jre/lib/arm/client/libjvm.so
7693a000-76942000 ---p 00583000 b3:07 1311177    /usr/lib/jvm/jdk-8-oracle-arm32-vfp-hflt/jre/lib/arm/client/libjvm.so
76942000-7696e000 rw-p 00583000 b3:07 1311177    /usr/lib/jvm/jdk-8-oracle-arm32-vfp-hflt/jre/lib/arm/client/libjvm.so
7696e000-76d91000 rw-p 00000000 00:00 0 
76d91000-76dae000 r-xp 00000000 b3:07 130945     /lib/arm-linux-gnueabihf/libgcc_s.so.1
76dae000-76dbd000 ---p 0001d000 b3:07 130945     /lib/arm-linux-gnueabihf/libgcc_s.so.1
76dbd000-76dbe000 rw-p 0001c000 b3:07 130945     /lib/arm-linux-gnueabihf/libgcc_s.so.1
76dbe000-76ee9000 r-xp 00000000 b3:07 131006     /lib/arm-linux-gnueabihf/libc-2.19.so
76ee9000-76ef9000 ---p 0012b000 b3:07 131006     /lib/arm-linux-gnueabihf/libc-2.19.so
76ef9000-76efb000 r--p 0012b000 b3:07 131006     /lib/arm-linux-gnueabihf/libc-2.19.so
76efb000-76efc000 rw-p 0012d000 b3:07 131006     /lib/arm-linux-gnueabihf/libc-2.19.so
76efc000-76eff000 rw-p 00000000 00:00 0 
76eff000-76f01000 r-xp 00000000 b3:07 131081     /lib/arm-linux-gnueabihf/libdl-2.19.so
76f01000-76f10000 ---p 00002000 b3:07 131081     /lib/arm-linux-gnueabihf/libdl-2.19.so
76f10000-76f11000 r--p 00001000 b3:07 131081     /lib/arm-linux-gnueabihf/libdl-2.19.so
76f11000-76f12000 rw-p 00002000 b3:07 131081     /lib/arm-linux-gnueabihf/libdl-2.19.so
76f12000-76f26000 r-xp 00000000 b3:07 1311175    /usr/lib/jvm/jdk-8-oracle-arm32-vfp-hflt/jre/lib/arm/jli/libjli.so
76f26000-76f2e000 ---p 00014000 b3:07 1311175    /usr/lib/jvm/jdk-8-oracle-arm32-vfp-hflt/jre/lib/arm/jli/libjli.so
76f2e000-76f2f000 rw-p 00014000 b3:07 1311175    /usr/lib/jvm/jdk-8-oracle-arm32-vfp-hflt/jre/lib/arm/jli/libjli.so
76f2f000-76f43000 r-xp 00000000 b3:07 131019     /lib/arm-linux-gnueabihf/libpthread-2.19.so
76f43000-76f53000 ---p 00014000 b3:07 131019     /lib/arm-linux-gnueabihf/libpthread-2.19.so
76f53000-76f54000 r--p 00014000 b3:07 131019     /lib/arm-linux-gnueabihf/libpthread-2.19.so
76f54000-76f55000 rw-p 00015000 b3:07 131019     /lib/arm-linux-gnueabihf/libpthread-2.19.so
76f55000-76f57000 rw-p 00000000 00:00 0 
76f58000-76f61000 r-xp 00000000 b3:07 1311172    /usr/lib/jvm/jdk-8-oracle-arm32-vfp-hflt/jre/lib/arm/libverify.so
76f61000-76f69000 ---p 00009000 b3:07 1311172    /usr/lib/jvm/jdk-8-oracle-arm32-vfp-hflt/jre/lib/arm/libverify.so
76f69000-76f6a000 rw-p 00009000 b3:07 1311172    /usr/lib/jvm/jdk-8-oracle-arm32-vfp-hflt/jre/lib/arm/libverify.so
76f6a000-76f6f000 r-xp 00000000 b3:07 1312124    /usr/lib/arm-linux-gnueabihf/libarmmem.so
76f6f000-76f7e000 ---p 00005000 b3:07 1312124    /usr/lib/arm-linux-gnueabihf/libarmmem.so
76f7e000-76f7f000 rw-p 00004000 b3:07 1312124    /usr/lib/arm-linux-gnueabihf/libarmmem.so
76f7f000-76f9f000 r-xp 00000000 b3:07 130911     /lib/arm-linux-gnueabihf/ld-2.19.so
76fa0000-76fa8000 rw-s 00000000 b3:07 1448873    /tmp/hsperfdata_root/1766 (deleted)
76fa8000-76fa9000 ---p 00000000 00:00 0 
76fa9000-76fac000 rw-p 00000000 00:00 0 
76fac000-76fae000 rw-p 00000000 00:00 0 
76fae000-76faf000 r--p 0001f000 b3:07 130911     /lib/arm-linux-gnueabihf/ld-2.19.so
76faf000-76fb0000 rw-p 00020000 b3:07 130911     /lib/arm-linux-gnueabihf/ld-2.19.so
7eb91000-7ebb2000 rwxp 00000000 00:00 0          [stack]
7ef22000-7ef23000 r-xp 00000000 00:00 0          [sigpage]
7ef23000-7ef24000 r--p 00000000 00:00 0          [vvar]
7ef24000-7ef25000 r-xp 00000000 00:00 0          [vdso]
ffff0000-ffff1000 r-xp 00000000 00:00 0          [vectors]

VM Arguments:
jvm_args: -Djava.library.path=. 
java_command: CameraVision-all.jar
java_class_path (initial): CameraVision-all.jar
Launcher Type: SUN_STANDARD

Environment Variables:
PATH=/usr/local/sbin:/usr/local/bin:/usr/sbin:/usr/bin:/sbin:/bin
USERNAME=root
SHELL=/bin/bash
DISPLAY=:0.0

Signal Handlers:
SIGSEGV: [libjvm.so+0x506638], sa_mask[0]=11111111011111111101111111111110, sa_flags=SA_RESTART|SA_SIGINFO
SIGBUS: [libjvm.so+0x506638], sa_mask[0]=11111111011111111101111111111110, sa_flags=SA_RESTART|SA_SIGINFO
SIGFPE: [libjvm.so+0x3fd4ec], sa_mask[0]=11111111011111111101111111111110, sa_flags=SA_RESTART|SA_SIGINFO
SIGPIPE: [libjvm.so+0x3fd4ec], sa_mask[0]=11111111011111111101111111111110, sa_flags=SA_RESTART|SA_SIGINFO
SIGXFSZ: [libjvm.so+0x3fd4ec], sa_mask[0]=11111111011111111101111111111110, sa_flags=SA_RESTART|SA_SIGINFO
SIGILL: [libjvm.so+0x3fd4ec], sa_mask[0]=11111111011111111101111111111110, sa_flags=SA_RESTART|SA_SIGINFO
SIGUSR1: SIG_DFL, sa_mask[0]=00000000000000000000000000000000, sa_flags=none
SIGUSR2: [libjvm.so+0x3fd650], sa_mask[0]=00000000000000000000000000000000, sa_flags=SA_RESTART|SA_SIGINFO
SIGHUP: [libjvm.so+0x3fda84], sa_mask[0]=11111111011111111101111111111110, sa_flags=SA_RESTART|SA_SIGINFO
SIGINT: [libjvm.so+0x3fda84], sa_mask[0]=11111111011111111101111111111110, sa_flags=SA_RESTART|SA_SIGINFO
SIGTERM: [libjvm.so+0x3fda84], sa_mask[0]=11111111011111111101111111111110, sa_flags=SA_RESTART|SA_SIGINFO
SIGQUIT: [libjvm.so+0x3fda84], sa_mask[0]=11111111011111111101111111111110, sa_flags=SA_RESTART|SA_SIGINFO


---------------  S Y S T E M  ---------------

OS:PRETTY_NAME="Raspbian GNU/Linux 8 (jessie)"
NAME="Raspbian GNU/Linux"
VERSION_ID="8"
VERSION="8 (jessie)"
ID=raspbian
ID_LIKE=debian
HOME_URL="http://www.raspbian.org/"
SUPPORT_URL="http://www.raspbian.org/RaspbianForums"
BUG_REPORT_URL="http://www.raspbian.org/RaspbianBugs"

uname:Linux 4.4.34-v7+ #930 SMP Wed Nov 23 15:20:41 GMT 2016 armv7l
libc:glibc 2.19 NPTL 2.19 
rlimit: STACK 8192k, CORE 0k, NPROC 7336, NOFILE 65536, AS infinity
load average:0.38 0.37 0.28

/proc/meminfo:
MemTotal:         947732 kB
MemFree:          214036 kB
MemAvailable:     589632 kB
Buffers:           19196 kB
Cached:           414108 kB
SwapCached:            0 kB
Active:           458236 kB
Inactive:         229324 kB
Active(anon):     254836 kB
Inactive(anon):    23184 kB
Active(file):     203400 kB
Inactive(file):   206140 kB
Unevictable:           0 kB
Mlocked:               0 kB
SwapTotal:        102396 kB
SwapFree:         102396 kB
Dirty:                36 kB
Writeback:             0 kB
AnonPages:        254296 kB
Mapped:           183280 kB
Shmem:             23756 kB
Slab:              25024 kB
SReclaimable:      14028 kB
SUnreclaim:        10996 kB
KernelStack:        2376 kB
PageTables:         5368 kB
NFS_Unstable:          0 kB
Bounce:                0 kB
WritebackTmp:          0 kB
CommitLimit:      576260 kB
Committed_AS:    1599364 kB
VmallocTotal:    1114112 kB
VmallocUsed:           0 kB
VmallocChunk:          0 kB
CmaTotal:           8192 kB
CmaFree:            3716 kB


CPU:total 4 (ARMv7), vfp

/proc/cpuinfo:
processor	: 0
model name	: ARMv7 Processor rev 4 (v7l)
BogoMIPS	: 38.40
Features	: half thumb fastmult vfp edsp neon vfpv3 tls vfpv4 idiva idivt vfpd32 lpae evtstrm crc32 
CPU implementer	: 0x41
CPU architecture: 7
CPU variant	: 0x0
CPU part	: 0xd03
CPU revision	: 4

processor	: 1
model name	: ARMv7 Processor rev 4 (v7l)
BogoMIPS	: 38.40
Features	: half thumb fastmult vfp edsp neon vfpv3 tls vfpv4 idiva idivt vfpd32 lpae evtstrm crc32 
CPU implementer	: 0x41
CPU architecture: 7
CPU variant	: 0x0
CPU part	: 0xd03
CPU revision	: 4

processor	: 2
model name	: ARMv7 Processor rev 4 (v7l)
BogoMIPS	: 38.40
Features	: half thumb fastmult vfp edsp neon vfpv3 tls vfpv4 idiva idivt vfpd32 lpae evtstrm crc32 
CPU implementer	: 0x41
CPU architecture: 7
CPU variant	: 0x0
CPU part	: 0xd03
CPU revision	: 4

processor	: 3
model name	: ARMv7 Processor rev 4 (v7l)
BogoMIPS	: 38.40
Features	: half thumb fastmult vfp edsp neon vfpv3 tls vfpv4 idiva idivt vfpd32 lpae evtstrm crc32 
CPU implementer	: 0x41
CPU architecture: 7
CPU variant	: 0x0
CPU part	: 0xd03
CPU revision	: 4

Hardware	: BCM2709
Revision	: a02082
Serial		: 00000000a10a37a6


Memory: 4k page, physical 947732k(214036k free), swap 102396k(102396k free)

vm_info: Java HotSpot(TM) Client VM (25.65-b01) for linux-arm-vfp-hflt JRE (1.8.0_65-b17), built on Oct  6 2015 16:19:04 by "java_re" with gcc 4.7.2 20120910 (prerelease)

time: Mon Feb 20 19:30:12 2017
elapsed time: 191 seconds (0d 0h 3m 11s)

