#
# A fatal error has been detected by the Java Runtime Environment:
#
#  SIGSEGV (0xb) at pc=0x761ffbc8, pid=861, tid=1612424288
#
# JRE version: Java(TM) SE Runtime Environment (8.0_65-b17) (build 1.8.0_65-b17)
# Java VM: Java HotSpot(TM) Client VM (25.65-b01 mixed mode linux-arm )
# Problematic frame:
# C  0x761ffbc8
#
# Failed to write core dump. Core dumps have been disabled. To enable core dumping, try "ulimit -c unlimited" before starting Java again
#
# If you would like to submit a bug report, please visit:
#   http://bugreport.java.com/bugreport/crash.jsp
#

---------------  T H R E A D  ---------------

Current thread is native thread

siginfo: si_signo: 11 (SIGSEGV), si_code: 2 (SEGV_ACCERR), si_addr: 0x761ffbc8

Registers:
  r0  = 0x63700c68
  r1  = 0x00000000
  r2  = 0x00000001
  r3  = 0x761ffbc8
  r4  = 0x41000001
  r5  = 0x76ecf5bc
  r6  = 0x61dc059c
  r7  = 0x00000008
  r8  = 0x63700cc8
  r9  = 0x61dc0608
  r10 = 0x63700c68
  fp  = 0x601b9f9c
  r12 = 0x61dbe338
  sp  = 0x601b9b28
  lr  = 0x61a75b44
  pc  = 0x761ffbc8
  cpsr = 0x60000010

Top of Stack: (sp=0x601b9b28)
0x601b9b28:   00000008 00000000 63700e5c 80000013
0x601b9b38:   647a76a8 63700cc8 00000015 00000013
0x601b9b48:   601b9bcc 61dbc0ec 00000000 61a4f8cc
0x601b9b58:   601b9bcc 00000000 00000000 00000000
0x601b9b68:   00000000 63700cc8 601b9d18 00000000
0x601b9b78:   00000000 601b9d98 00000000 00000000
0x601b9b88:   00000000 00000000 00000000 63700df0
0x601b9b98:   00000014 00000000 00000000 00000000 

Instructions: (pc=0x761ffbc8)
0x761ffba8:   0003000e 00000025 00010010 5440bf04
0x761ffbb8:   65646956 6378456f 69747065 5b206e6f
0x761ffbc8:   00000000 0000003d 00000000 6e616c2f
0x761ffbd8:   6e552f67 70707573 6574726f 65704f64 

Register to memory mapping:

  r0  = 0x63700c68

[error occurred during error reporting (printing register info), id 0xb]

Stack: [0x5f9bb000,0x601bb000],  sp=0x601b9b28,  free space=8186k
Native frames: (J=compiled Java code, j=interpreted, Vv=VM code, C=native code)
C  0x761ffbc8

[error occurred during error reporting (printing native stack), id 0xb]


---------------  P R O C E S S  ---------------

VM state:at safepoint (shutting down)

VM Mutex/Monitor currently owned by a thread:  ([mutex/lock_event])
[0x76104a80] Threads_lock - owner thread: 0x7615d400

Heap:
 def new generation   total 4864K, used 1846K [0x65800000, 0x65d40000, 0x6a540000)
  eden space 4352K,  42% used [0x65800000, 0x659cdb70, 0x65c40000)
  from space 512K,   0% used [0x65c40000, 0x65c40000, 0x65cc0000)
  to   space 512K,   0% used [0x65cc0000, 0x65cc0000, 0x65d40000)
 tenured generation   total 11008K, used 0K [0x6a540000, 0x6b000000, 0x74000000)
   the space 11008K,   0% used [0x6a540000, 0x6a540000, 0x6a540200, 0x6b000000)
 Metaspace       used 2233K, capacity 2464K, committed 2584K, reserved 4400K

Card table byte_map: [0x6578b000,0x65800000] byte_map_base: 0x6545f000

Polling page: 0x76f3c000

CodeCache: size=32768Kb used=741Kb max_used=741Kb free=32026Kb
 bounds [0x74087000, 0x74147000, 0x76087000]
 total_blobs=358 nmethods=43 adapters=248
 compilation: enabled

Compilation events (10 events):
Event: 1.841 Thread 0x76180400   36             java.io.FilterInputStream::read (11 bytes)
Event: 1.841 Thread 0x76180400 nmethod 36 0x74132988 code [0x74132a70, 0x74132b14]
Event: 2.530 Thread 0x76180400   37             java.util.Arrays::copyOfRange (63 bytes)
Event: 2.531 Thread 0x76180400 nmethod 37 0x74137488 code [0x741375c0, 0x74137930]
Event: 149.941 Thread 0x76180400   38             edu.wpi.cscore.CvSink::grabFrame (12 bytes)
Event: 149.942 Thread 0x76180400 nmethod 38 0x7413fa88 code [0x7413fb70, 0x7413fc14]
Event: 150.016 Thread 0x76180400   40             org.opencv.imgproc.Imgproc::cvtColor (13 bytes)
Event: 150.017 Thread 0x76180400 nmethod 40 0x7413fec8 code [0x7413ffb0, 0x74140064]
Event: 150.039 Thread 0x76180400   42             edu.wpi.cscore.CvSource::putFrame (12 bytes)
Event: 150.040 Thread 0x76180400 nmethod 42 0x74140308 code [0x741403f0, 0x74140494]

GC Heap History (0 events):
No events

Deoptimization events (0 events):
No events

Internal exceptions (6 events):
Event: 0.523 Thread 0x76107000 Exception <a 'java/lang/NoSuchMethodError': Method sun.misc.Unsafe.defineClass(Ljava/lang/String;[BII)Ljava/lang/Class; name or signature does not match> (0x658105b0) thrown at [/HUDSON/workspace/8-2-build-glinux-arm-vfp-hflt/jdk8u65/4987/hotspot/src/shar
Event: 0.524 Thread 0x76107000 Exception <a 'java/lang/NoSuchMethodError': Method sun.misc.Unsafe.prefetchRead(Ljava/lang/Object;J)V name or signature does not match> (0x65810880) thrown at [/HUDSON/workspace/8-2-build-glinux-arm-vfp-hflt/jdk8u65/4987/hotspot/src/share/vm/prims/jni.cpp
Event: 1.611 Thread 0x76107000 Exception <a 'java/security/PrivilegedActionException'> (0x658c4040) thrown at [/HUDSON/workspace/8-2-build-glinux-arm-vfp-hflt/jdk8u65/4987/hotspot/src/share/vm/prims/jvm.cpp, line 1386]
Event: 1.611 Thread 0x76107000 Exception <a 'java/security/PrivilegedActionException'> (0x658c4240) thrown at [/HUDSON/workspace/8-2-build-glinux-arm-vfp-hflt/jdk8u65/4987/hotspot/src/share/vm/prims/jvm.cpp, line 1386]
Event: 1.612 Thread 0x76107000 Exception <a 'java/security/PrivilegedActionException'> (0x658c6990) thrown at [/HUDSON/workspace/8-2-build-glinux-arm-vfp-hflt/jdk8u65/4987/hotspot/src/share/vm/prims/jvm.cpp, line 1386]
Event: 1.612 Thread 0x76107000 Exception <a 'java/security/PrivilegedActionException'> (0x658c6b90) thrown at [/HUDSON/workspace/8-2-build-glinux-arm-vfp-hflt/jdk8u65/4987/hotspot/src/share/vm/prims/jvm.cpp, line 1386]

Events (10 events):
Event: 4.834 Executing VM operation: EnableBiasedLocking
Event: 4.834 Executing VM operation: EnableBiasedLocking done
Event: 890.432 loading class sun/misc/Signal$1
Event: 890.433 loading class sun/misc/Signal$1 done
Event: 890.434 Thread 0x64902400 Thread added: 0x64902400
Event: 890.434 Thread 0x64903800 Thread added: 0x64903800
Event: 890.434 loading class java/util/ArrayList$Itr
Event: 890.443 loading class java/util/ArrayList$Itr done
Event: 890.446 Thread 0x64904c00 Thread added: 0x64904c00
Event: 890.507 Executing VM operation: Exit


Dynamic libraries:
00008000-00009000 r-xp 00000000 b3:07 1311207    /usr/lib/jvm/jdk-8-oracle-arm32-vfp-hflt/jre/bin/java
00010000-00011000 rw-p 00000000 b3:07 1311207    /usr/lib/jvm/jdk-8-oracle-arm32-vfp-hflt/jre/bin/java
007b5000-007d6000 rw-p 00000000 00:00 0          [heap]
5a76f000-5a772000 ---p 00000000 00:00 0 
5a772000-5a7bf000 rwxp 00000000 00:00 0 
5a8a1000-5aa65000 rw-p 00000000 00:00 0 
5aa65000-5aa66000 ---p 00000000 00:00 0 
5aa66000-5b265000 rwxp 00000000 00:00 0 
5b265000-5b266000 ---p 00000000 00:00 0 
5b266000-5ba65000 rwxp 00000000 00:00 0 
5ba65000-5ba66000 ---p 00000000 00:00 0 
5ba66000-5c265000 rwxp 00000000 00:00 0 
5c265000-5c266000 ---p 00000000 00:00 0 
5c266000-5ca65000 rwxp 00000000 00:00 0 
5ca65000-5ca66000 ---p 00000000 00:00 0 
5ca66000-5d265000 rwxp 00000000 00:00 0 
5d265000-5d266000 ---p 00000000 00:00 0 
5d266000-5da65000 rwxp 00000000 00:00 0 
5da65000-5da66000 ---p 00000000 00:00 0 
5da66000-5e265000 rwxp 00000000 00:00 0 
5e265000-5e266000 ---p 00000000 00:00 0 
5e266000-5ea65000 rwxp 00000000 00:00 0 
5ea65000-5ec29000 rw-p 00000000 00:00 0 
5ed0b000-5ed0c000 ---p 00000000 00:00 0 
5ed0c000-5f50b000 rwxp 00000000 00:00 0 
5f9bb000-5f9bc000 ---p 00000000 00:00 0 
5f9bc000-601bb000 rwxp 00000000 00:00 0 
601bb000-601bc000 ---p 00000000 00:00 0 
601bc000-609bb000 rwxp 00000000 00:00 0 
609bb000-609bc000 ---p 00000000 00:00 0 
609bc000-611bb000 rwxp 00000000 00:00 0 
611bb000-611bc000 ---p 00000000 00:00 0 
611bc000-619bb000 rwxp 00000000 00:00 0 
619bb000-61da9000 r-xp 00000000 b3:07 1449319    /tmp/libCameraServerJNI4907711706349406773.so (deleted)
61da9000-61db9000 ---p 003ee000 b3:07 1449319    /tmp/libCameraServerJNI4907711706349406773.so (deleted)
61db9000-61dc1000 rw-p 003ee000 b3:07 1449319    /tmp/libCameraServerJNI4907711706349406773.so (deleted)
61dc1000-61e57000 rw-p 00000000 00:00 0 
61e57000-61e58000 ---p 00000000 00:00 0 
61e58000-62657000 rwxp 00000000 00:00 0 
62657000-62658000 ---p 00000000 00:00 0 
62658000-62e57000 rwxp 00000000 00:00 0 
62e57000-62e58000 ---p 00000000 00:00 0 
62e58000-63657000 rwxp 00000000 00:00 0 
63657000-636ee000 r-xp 00000000 b3:07 1444978    /tmp/libNetworkTablesJNI2568149673973770593.so (deleted)
636ee000-636fe000 ---p 00097000 b3:07 1444978    /tmp/libNetworkTablesJNI2568149673973770593.so (deleted)
636fe000-63700000 rw-p 00097000 b3:07 1444978    /tmp/libNetworkTablesJNI2568149673973770593.so (deleted)
63700000-63739000 rw-p 00000000 00:00 0 
63739000-63800000 ---p 00000000 00:00 0 
63816000-63819000 ---p 00000000 00:00 0 
63819000-63866000 rwxp 00000000 00:00 0 
63866000-63927000 r-xp 00000000 b3:07 1311638    /usr/lib/arm-linux-gnueabihf/libstdc++.so.6.0.20
63927000-63936000 ---p 000c1000 b3:07 1311638    /usr/lib/arm-linux-gnueabihf/libstdc++.so.6.0.20
63936000-6393a000 r--p 000c0000 b3:07 1311638    /usr/lib/arm-linux-gnueabihf/libstdc++.so.6.0.20
6393a000-6393c000 rw-p 000c4000 b3:07 1311638    /usr/lib/arm-linux-gnueabihf/libstdc++.so.6.0.20
6393c000-63942000 rw-p 00000000 00:00 0 
63942000-6443a000 r-xp 00000000 b3:07 1712983    /usr/local/src/tmp/Downloads/Java/output/libopencv_java310.so
6443a000-6444a000 ---p 00af8000 b3:07 1712983    /usr/local/src/tmp/Downloads/Java/output/libopencv_java310.so
6444a000-64460000 r--p 00af8000 b3:07 1712983    /usr/local/src/tmp/Downloads/Java/output/libopencv_java310.so
64460000-64466000 rw-p 00b0e000 b3:07 1712983    /usr/local/src/tmp/Downloads/Java/output/libopencv_java310.so
64466000-64500000 rw-p 00000000 00:00 0 
64500000-6454f000 rw-p 00000000 00:00 0 
6454f000-64600000 ---p 00000000 00:00 0 
64630000-64633000 ---p 00000000 00:00 0 
64633000-64680000 rwxp 00000000 00:00 0 
64680000-64681000 ---p 00000000 00:00 0 
64681000-64700000 rwxp 00000000 00:00 0 
64700000-647aa000 rw-p 00000000 00:00 0 
647aa000-64800000 ---p 00000000 00:00 0 
64830000-64833000 ---p 00000000 00:00 0 
64833000-64880000 rwxp 00000000 00:00 0 
64880000-64883000 ---p 00000000 00:00 0 
64883000-64900000 rwxp 00000000 00:00 0 
64900000-64921000 rw-p 00000000 00:00 0 
64921000-64a00000 ---p 00000000 00:00 0 
64a27000-64a2a000 ---p 00000000 00:00 0 
64a2a000-64a77000 rwxp 00000000 00:00 0 
64a77000-64c00000 r--p 00000000 b3:07 1317856    /usr/lib/locale/locale-archive
64c00000-64c21000 rw-p 00000000 00:00 0 
64c21000-64d00000 ---p 00000000 00:00 0 
64d00000-64d21000 rw-p 00000000 00:00 0 
64d21000-64e00000 ---p 00000000 00:00 0 
64e00000-64e21000 rw-p 00000000 00:00 0 
64e21000-64f00000 ---p 00000000 00:00 0 
64f02000-64f14000 r-xp 00000000 b3:07 131045     /lib/arm-linux-gnueabihf/libresolv-2.19.so
64f14000-64f23000 ---p 00012000 b3:07 131045     /lib/arm-linux-gnueabihf/libresolv-2.19.so
64f23000-64f24000 r--p 00011000 b3:07 131045     /lib/arm-linux-gnueabihf/libresolv-2.19.so
64f24000-64f25000 rw-p 00012000 b3:07 131045     /lib/arm-linux-gnueabihf/libresolv-2.19.so
64f25000-64f27000 rw-p 00000000 00:00 0 
64f27000-64f2b000 r-xp 00000000 b3:07 130954     /lib/arm-linux-gnueabihf/libnss_dns-2.19.so
64f2b000-64f3a000 ---p 00004000 b3:07 130954     /lib/arm-linux-gnueabihf/libnss_dns-2.19.so
64f3a000-64f3b000 r--p 00003000 b3:07 130954     /lib/arm-linux-gnueabihf/libnss_dns-2.19.so
64f3b000-64f3c000 rw-p 00004000 b3:07 130954     /lib/arm-linux-gnueabihf/libnss_dns-2.19.so
64f4f000-64f52000 ---p 00000000 00:00 0 
64f52000-64f9f000 rwxp 00000000 00:00 0 
64f9f000-64fa2000 ---p 00000000 00:00 0 
64fa2000-64fef000 rwxp 00000000 00:00 0 
64fef000-64ff0000 ---p 00000000 00:00 0 
64ff0000-6506f000 rwxp 00000000 00:00 0 
6506f000-650be000 rw-p 00000000 00:00 0 
650be000-65296000 r--s 03d20000 b3:07 1311086    /usr/lib/jvm/jdk-8-oracle-arm32-vfp-hflt/jre/lib/rt.jar
65296000-65577000 rw-p 00000000 00:00 0 
65577000-6573d000 ---p 00000000 00:00 0 
6573d000-65743000 rw-p 00000000 00:00 0 
65743000-6578b000 ---p 00000000 00:00 0 
6578b000-6578e000 rw-p 00000000 00:00 0 
6578e000-657b1000 ---p 00000000 00:00 0 
657b1000-657b7000 rw-p 00000000 00:00 0 
657b7000-657ff000 ---p 00000000 00:00 0 
657ff000-65d40000 rw-p 00000000 00:00 0 
65d40000-6a540000 ---p 00000000 00:00 0 
6a540000-6b000000 rw-p 00000000 00:00 0 
6b000000-74000000 ---p 00000000 00:00 0 
74007000-7400a000 rw-p 00000000 00:00 0 
7400a000-74087000 ---p 00000000 00:00 0 
74087000-74147000 rwxp 00000000 00:00 0 
74147000-76087000 ---p 00000000 00:00 0 
76087000-7609e000 r-xp 00000000 b3:07 1311148    /usr/lib/jvm/jdk-8-oracle-arm32-vfp-hflt/jre/lib/arm/libzip.so
7609e000-760a5000 ---p 00017000 b3:07 1311148    /usr/lib/jvm/jdk-8-oracle-arm32-vfp-hflt/jre/lib/arm/libzip.so
760a5000-760a6000 rw-p 00016000 b3:07 1311148    /usr/lib/jvm/jdk-8-oracle-arm32-vfp-hflt/jre/lib/arm/libzip.so
760a6000-760b1000 r-xp 00000000 b3:07 131001     /lib/arm-linux-gnueabihf/libnss_files-2.19.so
760b1000-760c0000 ---p 0000b000 b3:07 131001     /lib/arm-linux-gnueabihf/libnss_files-2.19.so
760c0000-760c1000 r--p 0000a000 b3:07 131001     /lib/arm-linux-gnueabihf/libnss_files-2.19.so
760c1000-760c2000 rw-p 0000b000 b3:07 131001     /lib/arm-linux-gnueabihf/libnss_files-2.19.so
760c2000-760cb000 r-xp 00000000 b3:07 131084     /lib/arm-linux-gnueabihf/libnss_nis-2.19.so
760cb000-760da000 ---p 00009000 b3:07 131084     /lib/arm-linux-gnueabihf/libnss_nis-2.19.so
760da000-760db000 r--p 00008000 b3:07 131084     /lib/arm-linux-gnueabihf/libnss_nis-2.19.so
760db000-760dc000 rw-p 00009000 b3:07 131084     /lib/arm-linux-gnueabihf/libnss_nis-2.19.so
760dc000-760ed000 r-xp 00000000 b3:07 130932     /lib/arm-linux-gnueabihf/libnsl-2.19.so
760ed000-760fc000 ---p 00011000 b3:07 130932     /lib/arm-linux-gnueabihf/libnsl-2.19.so
760fc000-760fd000 r--p 00010000 b3:07 130932     /lib/arm-linux-gnueabihf/libnsl-2.19.so
760fd000-760fe000 rw-p 00011000 b3:07 130932     /lib/arm-linux-gnueabihf/libnsl-2.19.so
760fe000-76100000 rw-p 00000000 00:00 0 
76100000-76200000 rw-p 00000000 00:00 0 
76207000-76209000 r-xp 00000000 b3:07 130963     /lib/arm-linux-gnueabihf/libnss_mdns4_minimal.so.2
76209000-76210000 ---p 00002000 b3:07 130963     /lib/arm-linux-gnueabihf/libnss_mdns4_minimal.so.2
76210000-76211000 r--p 00001000 b3:07 130963     /lib/arm-linux-gnueabihf/libnss_mdns4_minimal.so.2
76211000-76212000 rw-p 00002000 b3:07 130963     /lib/arm-linux-gnueabihf/libnss_mdns4_minimal.so.2
76212000-76219000 r-xp 00000000 b3:07 130972     /lib/arm-linux-gnueabihf/libnss_compat-2.19.so
76219000-76228000 ---p 00007000 b3:07 130972     /lib/arm-linux-gnueabihf/libnss_compat-2.19.so
76228000-76229000 r--p 00006000 b3:07 130972     /lib/arm-linux-gnueabihf/libnss_compat-2.19.so
76229000-7622a000 rw-p 00007000 b3:07 130972     /lib/arm-linux-gnueabihf/libnss_compat-2.19.so
76234000-76239000 r--s 00096000 b3:07 1311090    /usr/lib/jvm/jdk-8-oracle-arm32-vfp-hflt/jre/lib/jsse.jar
76239000-7623d000 r--s 001fd000 b3:07 1712982    /usr/local/src/tmp/Downloads/Java/output/CameraVision-all.jar
7623d000-76260000 r-xp 00000000 b3:07 1311152    /usr/lib/jvm/jdk-8-oracle-arm32-vfp-hflt/jre/lib/arm/libjava.so
76260000-76268000 ---p 00023000 b3:07 1311152    /usr/lib/jvm/jdk-8-oracle-arm32-vfp-hflt/jre/lib/arm/libjava.so
76268000-76269000 rw-p 00023000 b3:07 1311152    /usr/lib/jvm/jdk-8-oracle-arm32-vfp-hflt/jre/lib/arm/libjava.so
76269000-7626f000 r-xp 00000000 b3:07 130988     /lib/arm-linux-gnueabihf/librt-2.19.so
7626f000-7627e000 ---p 00006000 b3:07 130988     /lib/arm-linux-gnueabihf/librt-2.19.so
7627e000-7627f000 r--p 00005000 b3:07 130988     /lib/arm-linux-gnueabihf/librt-2.19.so
7627f000-76280000 rw-p 00006000 b3:07 130988     /lib/arm-linux-gnueabihf/librt-2.19.so
76280000-76283000 ---p 00000000 00:00 0 
76283000-762d0000 rwxp 00000000 00:00 0 
762d0000-76339000 r-xp 00000000 b3:07 130960     /lib/arm-linux-gnueabihf/libm-2.19.so
76339000-76349000 ---p 00069000 b3:07 130960     /lib/arm-linux-gnueabihf/libm-2.19.so
76349000-7634a000 r--p 00069000 b3:07 130960     /lib/arm-linux-gnueabihf/libm-2.19.so
7634a000-7634b000 rw-p 0006a000 b3:07 130960     /lib/arm-linux-gnueabihf/libm-2.19.so
7634b000-768ce000 r-xp 00000000 b3:07 1311177    /usr/lib/jvm/jdk-8-oracle-arm32-vfp-hflt/jre/lib/arm/client/libjvm.so
768ce000-768d6000 ---p 00583000 b3:07 1311177    /usr/lib/jvm/jdk-8-oracle-arm32-vfp-hflt/jre/lib/arm/client/libjvm.so
768d6000-76902000 rw-p 00583000 b3:07 1311177    /usr/lib/jvm/jdk-8-oracle-arm32-vfp-hflt/jre/lib/arm/client/libjvm.so
76902000-76d25000 rw-p 00000000 00:00 0 
76d25000-76d42000 r-xp 00000000 b3:07 130945     /lib/arm-linux-gnueabihf/libgcc_s.so.1
76d42000-76d51000 ---p 0001d000 b3:07 130945     /lib/arm-linux-gnueabihf/libgcc_s.so.1
76d51000-76d52000 rw-p 0001c000 b3:07 130945     /lib/arm-linux-gnueabihf/libgcc_s.so.1
76d52000-76e7d000 r-xp 00000000 b3:07 131006     /lib/arm-linux-gnueabihf/libc-2.19.so
76e7d000-76e8d000 ---p 0012b000 b3:07 131006     /lib/arm-linux-gnueabihf/libc-2.19.so
76e8d000-76e8f000 r--p 0012b000 b3:07 131006     /lib/arm-linux-gnueabihf/libc-2.19.so
76e8f000-76e90000 rw-p 0012d000 b3:07 131006     /lib/arm-linux-gnueabihf/libc-2.19.so
76e90000-76e93000 rw-p 00000000 00:00 0 
76e93000-76e95000 r-xp 00000000 b3:07 131081     /lib/arm-linux-gnueabihf/libdl-2.19.so
76e95000-76ea4000 ---p 00002000 b3:07 131081     /lib/arm-linux-gnueabihf/libdl-2.19.so
76ea4000-76ea5000 r--p 00001000 b3:07 131081     /lib/arm-linux-gnueabihf/libdl-2.19.so
76ea5000-76ea6000 rw-p 00002000 b3:07 131081     /lib/arm-linux-gnueabihf/libdl-2.19.so
76ea6000-76eba000 r-xp 00000000 b3:07 1311175    /usr/lib/jvm/jdk-8-oracle-arm32-vfp-hflt/jre/lib/arm/jli/libjli.so
76eba000-76ec2000 ---p 00014000 b3:07 1311175    /usr/lib/jvm/jdk-8-oracle-arm32-vfp-hflt/jre/lib/arm/jli/libjli.so
76ec2000-76ec3000 rw-p 00014000 b3:07 1311175    /usr/lib/jvm/jdk-8-oracle-arm32-vfp-hflt/jre/lib/arm/jli/libjli.so
76ec3000-76ed7000 r-xp 00000000 b3:07 131019     /lib/arm-linux-gnueabihf/libpthread-2.19.so
76ed7000-76ee7000 ---p 00014000 b3:07 131019     /lib/arm-linux-gnueabihf/libpthread-2.19.so
76ee7000-76ee8000 r--p 00014000 b3:07 131019     /lib/arm-linux-gnueabihf/libpthread-2.19.so
76ee8000-76ee9000 rw-p 00015000 b3:07 131019     /lib/arm-linux-gnueabihf/libpthread-2.19.so
76ee9000-76eec000 rw-p 00000000 00:00 0 
76eec000-76ef5000 r-xp 00000000 b3:07 1311172    /usr/lib/jvm/jdk-8-oracle-arm32-vfp-hflt/jre/lib/arm/libverify.so
76ef5000-76efd000 ---p 00009000 b3:07 1311172    /usr/lib/jvm/jdk-8-oracle-arm32-vfp-hflt/jre/lib/arm/libverify.so
76efd000-76efe000 rw-p 00009000 b3:07 1311172    /usr/lib/jvm/jdk-8-oracle-arm32-vfp-hflt/jre/lib/arm/libverify.so
76efe000-76f03000 r-xp 00000000 b3:07 1312124    /usr/lib/arm-linux-gnueabihf/libarmmem.so
76f03000-76f12000 ---p 00005000 b3:07 1312124    /usr/lib/arm-linux-gnueabihf/libarmmem.so
76f12000-76f13000 rw-p 00004000 b3:07 1312124    /usr/lib/arm-linux-gnueabihf/libarmmem.so
76f13000-76f33000 r-xp 00000000 b3:07 130911     /lib/arm-linux-gnueabihf/ld-2.19.so
76f33000-76f34000 r--p 00000000 b3:07 399632     /usr/share/locale/en_GB/LC_MESSAGES/libc.mo
76f34000-76f3c000 rw-s 00000000 b3:07 1449314    /tmp/hsperfdata_root/861 (deleted)
76f3c000-76f3d000 ---p 00000000 00:00 0 
76f3d000-76f40000 rw-p 00000000 00:00 0 
76f40000-76f42000 rw-p 00000000 00:00 0 
76f42000-76f43000 r--p 0001f000 b3:07 130911     /lib/arm-linux-gnueabihf/ld-2.19.so
76f43000-76f44000 rw-p 00020000 b3:07 130911     /lib/arm-linux-gnueabihf/ld-2.19.so
7edb1000-7edd2000 rwxp 00000000 00:00 0          [stack]
7ee62000-7ee63000 r-xp 00000000 00:00 0          [sigpage]
7ee63000-7ee64000 r--p 00000000 00:00 0          [vvar]
7ee64000-7ee65000 r-xp 00000000 00:00 0          [vdso]
ffff0000-ffff1000 r-xp 00000000 00:00 0          [vectors]

VM Arguments:
jvm_args: -Djava.library.path=. 
java_command: CameraVision-all.jar
java_class_path (initial): CameraVision-all.jar
Launcher Type: SUN_STANDARD

Environment Variables:
PATH=/usr/local/sbin:/usr/local/bin:/usr/sbin:/usr/bin:/sbin:/bin
USERNAME=root
SHELL=/bin/bash

Signal Handlers:
SIGSEGV: [libjvm.so+0x506638], sa_mask[0]=11111111011111111101111111111110, sa_flags=SA_RESTART|SA_SIGINFO
SIGBUS: [libjvm.so+0x506638], sa_mask[0]=11111111011111111101111111111110, sa_flags=SA_RESTART|SA_SIGINFO
SIGFPE: [libjvm.so+0x3fd4ec], sa_mask[0]=11111111011111111101111111111110, sa_flags=SA_RESTART|SA_SIGINFO
SIGPIPE: [libjvm.so+0x3fd4ec], sa_mask[0]=11111111011111111101111111111110, sa_flags=SA_RESTART|SA_SIGINFO
SIGXFSZ: [libjvm.so+0x3fd4ec], sa_mask[0]=11111111011111111101111111111110, sa_flags=SA_RESTART|SA_SIGINFO
SIGILL: [libjvm.so+0x3fd4ec], sa_mask[0]=11111111011111111101111111111110, sa_flags=SA_RESTART|SA_SIGINFO
SIGUSR1: SIG_DFL, sa_mask[0]=00000000000000000000000000000000, sa_flags=none
SIGUSR2: [libjvm.so+0x3fd650], sa_mask[0]=00000000000000000000000000000000, sa_flags=SA_RESTART|SA_SIGINFO
SIGHUP: [libjvm.so+0x3fda84], sa_mask[0]=11111111011111111101111111111110, sa_flags=SA_RESTART|SA_SIGINFO
SIGINT: [libjvm.so+0x3fda84], sa_mask[0]=11111111011111111101111111111110, sa_flags=SA_RESTART|SA_SIGINFO
SIGTERM: [libjvm.so+0x3fda84], sa_mask[0]=11111111011111111101111111111110, sa_flags=SA_RESTART|SA_SIGINFO
SIGQUIT: [libjvm.so+0x3fda84], sa_mask[0]=11111111011111111101111111111110, sa_flags=SA_RESTART|SA_SIGINFO


---------------  S Y S T E M  ---------------

OS:PRETTY_NAME="Raspbian GNU/Linux 8 (jessie)"
NAME="Raspbian GNU/Linux"
VERSION_ID="8"
VERSION="8 (jessie)"
ID=raspbian
ID_LIKE=debian
HOME_URL="http://www.raspbian.org/"
SUPPORT_URL="http://www.raspbian.org/RaspbianForums"
BUG_REPORT_URL="http://www.raspbian.org/RaspbianBugs"

uname:Linux 4.4.34-v7+ #930 SMP Wed Nov 23 15:20:41 GMT 2016 armv7l
libc:glibc 2.19 NPTL 2.19 
rlimit: STACK 8192k, CORE 0k, NPROC 7336, NOFILE 65536, AS infinity
load average:1.28 1.21 0.83

/proc/meminfo:
MemTotal:         947732 kB
MemFree:          725128 kB
MemAvailable:     837700 kB
Buffers:           14616 kB
Cached:           141612 kB
SwapCached:            0 kB
Active:           116348 kB
Inactive:          74376 kB
Active(anon):      34996 kB
Inactive(anon):     6136 kB
Active(file):      81352 kB
Inactive(file):    68240 kB
Unevictable:           0 kB
Mlocked:               0 kB
SwapTotal:        102396 kB
SwapFree:         102396 kB
Dirty:                64 kB
Writeback:             0 kB
AnonPages:         34416 kB
Mapped:            46724 kB
Shmem:              6692 kB
Slab:              16912 kB
SReclaimable:       7876 kB
SUnreclaim:         9036 kB
KernelStack:        1720 kB
PageTables:         1124 kB
NFS_Unstable:          0 kB
Bounce:                0 kB
WritebackTmp:          0 kB
CommitLimit:      576260 kB
Committed_AS:     302888 kB
VmallocTotal:    1114112 kB
VmallocUsed:           0 kB
VmallocChunk:          0 kB
CmaTotal:           8192 kB
CmaFree:            3640 kB


CPU:total 4 (ARMv7), vfp

/proc/cpuinfo:
processor	: 0
model name	: ARMv7 Processor rev 4 (v7l)
BogoMIPS	: 76.80
Features	: half thumb fastmult vfp edsp neon vfpv3 tls vfpv4 idiva idivt vfpd32 lpae evtstrm crc32 
CPU implementer	: 0x41
CPU architecture: 7
CPU variant	: 0x0
CPU part	: 0xd03
CPU revision	: 4

processor	: 1
model name	: ARMv7 Processor rev 4 (v7l)
BogoMIPS	: 76.80
Features	: half thumb fastmult vfp edsp neon vfpv3 tls vfpv4 idiva idivt vfpd32 lpae evtstrm crc32 
CPU implementer	: 0x41
CPU architecture: 7
CPU variant	: 0x0
CPU part	: 0xd03
CPU revision	: 4

processor	: 2
model name	: ARMv7 Processor rev 4 (v7l)
BogoMIPS	: 76.80
Features	: half thumb fastmult vfp edsp neon vfpv3 tls vfpv4 idiva idivt vfpd32 lpae evtstrm crc32 
CPU implementer	: 0x41
CPU architecture: 7
CPU variant	: 0x0
CPU part	: 0xd03
CPU revision	: 4

processor	: 3
model name	: ARMv7 Processor rev 4 (v7l)
BogoMIPS	: 76.80
Features	: half thumb fastmult vfp edsp neon vfpv3 tls vfpv4 idiva idivt vfpd32 lpae evtstrm crc32 
CPU implementer	: 0x41
CPU architecture: 7
CPU variant	: 0x0
CPU part	: 0xd03
CPU revision	: 4

Hardware	: BCM2709
Revision	: a02082
Serial		: 00000000a10a37a6


Memory: 4k page, physical 947732k(725128k free), swap 102396k(102396k free)

vm_info: Java HotSpot(TM) Client VM (25.65-b01) for linux-arm-vfp-hflt JRE (1.8.0_65-b17), built on Oct  6 2015 16:19:04 by "java_re" with gcc 4.7.2 20120910 (prerelease)

time: Sat Feb  4 16:43:34 2017
elapsed time: 890 seconds (0d 0h 14m 50s)

