#
# A fatal error has been detected by the Java Runtime Environment:
#
#  SIGBUS (0x7) at pc=0x63ac4740, pid=860, tid=1983263840
#
# JRE version: Java(TM) SE Runtime Environment (8.0_65-b17) (build 1.8.0_65-b17)
# Java VM: Java HotSpot(TM) Client VM (25.65-b01 mixed mode linux-arm )
# Problematic frame:
# 
[error occurred during error reporting (printing problematic frame), id 0x7]

# Failed to write core dump. Core dumps have been disabled. To enable core dumping, try "ulimit -c unlimited" before starting Java again
#
# If you would like to submit a bug report, please visit:
#   http://bugreport.java.com/bugreport/crash.jsp
# The crash happened outside the Java Virtual Machine in native code.
# See problematic frame for where to report the bug.
#

---------------  T H R E A D  ---------------

Current thread (0x76207000):  JavaThread "main" [_thread_in_native, id=862, stack(0x76314000,0x76364000)]

siginfo: si_signo: 7 (SIGBUS), si_code: 2 (BUS_ADRERR), si_addr: 0x63ac4740

Registers:
  r0  = 0x7620713c
  r1  = 0x76362abc
  r2  = 0x7625e6f8
  r3  = 0x00000000
  r4  = 0x00000028
  r5  = 0x00000000
  r6  = 0x63801660
  r7  = 0x00000000
  r8  = 0x76362b74
  r9  = 0x655bd580
  r10 = 0x76207000
  fp  = 0x76362ad0
  r12 = 0x00000004
  sp  = 0x76362ab0
  lr  = 0x741e4e14
  pc  = 0x63ac4740
  cpsr = 0x60000010

Top of Stack: (sp=0x76362ab0)
0x76362ab0:   63801660 00000000 00000028 6598b838
0x76362ac0:   7625e6f8 00000000 65925e00 6558c936
0x76362ad0:   76362b30 741e4fec 00000028 741e5420
0x76362ae0:   76362b30 741e4ba0 76362b0c 655b5e00
0x76362af0:   00000000 6558f440 76362b30 74130a70
0x76362b00:   76362b30 00000028 65961958 65961868
0x76362b10:   76362b10 6558c92f 76362b74 65590148
0x76362b20:   00000000 6558ca40 76362b04 76362b74 

Instructions: (pc=0x63ac4740)
0x63ac4720:   
[error occurred during error reporting (printing registers, top of stack, instructions near pc), id 0x7]

Register to memory mapping:

  r0  = 0x7620713c
0x7620713c is an unknown value

  r1  = 0x76362abc
0x76362abc is pointing into the stack for thread: 0x76207000

  r2  = 0x7625e6f8
0x7625e6f8 is an unknown value

  r3  = 0x00000000
0x00000000 is an unknown value

  r4  = 0x00000028
0x00000028 is an unknown value

  r5  = 0x00000000
0x00000000 is an unknown value

  r6  = 0x63801660
0x63801660 is an unknown value

  r7  = 0x00000000
0x00000000 is an unknown value

  r8  = 0x76362b74
0x76362b74 is pointing into the stack for thread: 0x76207000

  r9  = 0x655bd580
{method} {0x655bd580} 'cvtColor' '(Lorg/opencv/core/Mat;Lorg/opencv/core/Mat;I)V' in 'org/opencv/imgproc/Imgproc'

  r10 = 0x76207000
0x76207000 is a thread

  fp  = 0x76362ad0
0x76362ad0 is pointing into the stack for thread: 0x76207000

  r12 = 0x00000004
0x00000004 is an unknown value

  sp  = 0x76362ab0
0x76362ab0 is pointing into the stack for thread: 0x76207000

  lr  = 0x741e4e14
0x741e4e14 is at entry_point+116 in (nmethod*)0x741e4cc8

  pc  = 0x63ac4740

[error occurred during error reporting (printing register info), id 0x7]

Stack: [0x76314000,0x76364000],  sp=0x76362ab0,  free space=314k
Native frames: (J=compiled Java code, j=interpreted, Vv=VM code, C=native code)

[error occurred during error reporting (printing native stack), id 0x7]

Java frames: (J=compiled Java code, j=interpreted, Vv=VM code)
J 41  org.opencv.imgproc.Imgproc.cvtColor_1(JJI)V (0 bytes) @ 0x741e4df8 [0x741e4da0+0x58]
J 40 C1 org.opencv.imgproc.Imgproc.cvtColor(Lorg/opencv/core/Mat;Lorg/opencv/core/Mat;I)V (13 bytes) @ 0x741e4fec [0x741e4fb0+0x3c]
j  Main.main([Ljava/lang/String;)V+239
v  ~StubRoutines::call_stub

---------------  P R O C E S S  ---------------

Java Threads: ( => current thread )
  0x76283800 JavaThread "Service Thread" daemon [_thread_blocked, id=918, stack(0x64e10000,0x64e60000)]
  0x76280400 JavaThread "C1 CompilerThread0" daemon [_thread_blocked, id=915, stack(0x64880000,0x64900000)]
  0x7627ec00 JavaThread "Signal Dispatcher" daemon [_thread_blocked, id=914, stack(0x64e60000,0x64eb0000)]
  0x76262000 JavaThread "Finalizer" daemon [_thread_blocked, id=877, stack(0x64eb0000,0x64f00000)]
  0x76260800 JavaThread "Reference Handler" daemon [_thread_blocked, id=876, stack(0x65014000,0x65064000)]
=>0x76207000 JavaThread "main" [_thread_in_native, id=862, stack(0x76314000,0x76364000)]

Other Threads:
  0x7625d400 VMThread [stack: 0x65064000,0x650e4000] [id=875]
  0x76285c00 WatcherThread [stack: 0x64800000,0x64880000] [id=922]

VM state:not at safepoint (normal execution)

VM Mutex/Monitor currently owned by a thread: None

Heap:
 def new generation   total 4864K, used 1672K [0x65800000, 0x65d40000, 0x6a540000)
  eden space 4352K,  38% used [0x65800000, 0x659a22a0, 0x65c40000)
  from space 512K,   0% used [0x65c40000, 0x65c40000, 0x65cc0000)
  to   space 512K,   0% used [0x65cc0000, 0x65cc0000, 0x65d40000)
 tenured generation   total 11008K, used 0K [0x6a540000, 0x6b000000, 0x74000000)
   the space 11008K,   0% used [0x6a540000, 0x6a540000, 0x6a540200, 0x6b000000)
 Metaspace       used 2229K, capacity 2464K, committed 2584K, reserved 4400K

Card table byte_map: [0x74037000,0x740ac000] byte_map_base: 0x73d0b000

Polling page: 0x76fd0000

CodeCache: size=32768Kb used=741Kb max_used=741Kb free=32026Kb
 bounds [0x7412c000, 0x741ec000, 0x7612c000]
 total_blobs=358 nmethods=43 adapters=248
 compilation: enabled

Compilation events (10 events):
Event: 1.959 Thread 0x76280400   36             java.io.FilterInputStream::read (11 bytes)
Event: 1.959 Thread 0x76280400 nmethod 36 0x741d7988 code [0x741d7a70, 0x741d7b14]
Event: 2.646 Thread 0x76280400   37             java.util.Arrays::copyOfRange (63 bytes)
Event: 2.647 Thread 0x76280400 nmethod 37 0x741dc488 code [0x741dc5c0, 0x741dc930]
Event: 111.459 Thread 0x76280400   38             edu.wpi.cscore.CvSink::grabFrame (12 bytes)
Event: 111.460 Thread 0x76280400 nmethod 38 0x741e4a88 code [0x741e4b70, 0x741e4c14]
Event: 222.526 Thread 0x76280400   40             org.opencv.imgproc.Imgproc::cvtColor (13 bytes)
Event: 222.526 Thread 0x76280400 nmethod 40 0x741e4ec8 code [0x741e4fb0, 0x741e5064]
Event: 222.550 Thread 0x76280400   42             edu.wpi.cscore.CvSource::putFrame (12 bytes)
Event: 222.551 Thread 0x76280400 nmethod 42 0x741e5308 code [0x741e53f0, 0x741e5494]

GC Heap History (0 events):
No events

Deoptimization events (0 events):
No events

Internal exceptions (6 events):
Event: 0.538 Thread 0x76207000 Exception <a 'java/lang/NoSuchMethodError': Method sun.misc.Unsafe.defineClass(Ljava/lang/String;[BII)Ljava/lang/Class; name or signature does not match> (0x658105b0) thrown at [/HUDSON/workspace/8-2-build-glinux-arm-vfp-hflt/jdk8u65/4987/hotspot/src/shar
Event: 0.538 Thread 0x76207000 Exception <a 'java/lang/NoSuchMethodError': Method sun.misc.Unsafe.prefetchRead(Ljava/lang/Object;J)V name or signature does not match> (0x65810880) thrown at [/HUDSON/workspace/8-2-build-glinux-arm-vfp-hflt/jdk8u65/4987/hotspot/src/share/vm/prims/jni.cpp
Event: 1.726 Thread 0x76207000 Exception <a 'java/security/PrivilegedActionException'> (0x658c4030) thrown at [/HUDSON/workspace/8-2-build-glinux-arm-vfp-hflt/jdk8u65/4987/hotspot/src/share/vm/prims/jvm.cpp, line 1386]
Event: 1.726 Thread 0x76207000 Exception <a 'java/security/PrivilegedActionException'> (0x658c4230) thrown at [/HUDSON/workspace/8-2-build-glinux-arm-vfp-hflt/jdk8u65/4987/hotspot/src/share/vm/prims/jvm.cpp, line 1386]
Event: 1.727 Thread 0x76207000 Exception <a 'java/security/PrivilegedActionException'> (0x658c6980) thrown at [/HUDSON/workspace/8-2-build-glinux-arm-vfp-hflt/jdk8u65/4987/hotspot/src/share/vm/prims/jvm.cpp, line 1386]
Event: 1.727 Thread 0x76207000 Exception <a 'java/security/PrivilegedActionException'> (0x658c6b80) thrown at [/HUDSON/workspace/8-2-build-glinux-arm-vfp-hflt/jdk8u65/4987/hotspot/src/share/vm/prims/jvm.cpp, line 1386]

Events (10 events):
Event: 2.644 loading class org/opencv/core/MatOfPoint2f
Event: 2.644 loading class org/opencv/core/MatOfPoint2f done
Event: 2.645 loading class org/opencv/core/MatOfPoint
Event: 2.645 loading class org/opencv/core/MatOfPoint done
Event: 2.648 loading class org/opencv/core/MatOfFloat
Event: 2.648 loading class org/opencv/core/MatOfFloat done
Event: 2.649 loading class org/opencv/core/MatOfInt4
Event: 2.649 loading class org/opencv/core/MatOfInt4 done
Event: 4.886 Executing VM operation: EnableBiasedLocking
Event: 4.886 Executing VM operation: EnableBiasedLocking done


Dynamic libraries:
00008000-00009000 r-xp 00000000 b3:07 1311207    /usr/lib/jvm/jdk-8-oracle-arm32-vfp-hflt/jre/bin/java
00010000-00011000 rw-p 00000000 b3:07 1311207    /usr/lib/jvm/jdk-8-oracle-arm32-vfp-hflt/jre/bin/java
0071d000-0073e000 rw-p 00000000 00:00 0          [heap]
5a500000-5a600000 rw-p 00000000 00:00 0 
5a619000-5ab65000 rw-p 00000000 00:00 0 
5ab65000-5ab66000 ---p 00000000 00:00 0 
5ab66000-5b365000 rwxp 00000000 00:00 0 
5b365000-5b366000 ---p 00000000 00:00 0 
5b366000-5bb65000 rwxp 00000000 00:00 0 
5bb65000-5bb66000 ---p 00000000 00:00 0 
5bb66000-5c365000 rwxp 00000000 00:00 0 
5c365000-5c366000 ---p 00000000 00:00 0 
5c366000-5cb65000 rwxp 00000000 00:00 0 
5cb65000-5cb66000 ---p 00000000 00:00 0 
5cb66000-5d365000 rwxp 00000000 00:00 0 
5d365000-5d366000 ---p 00000000 00:00 0 
5d366000-5db65000 rwxp 00000000 00:00 0 
5db65000-5db66000 ---p 00000000 00:00 0 
5db66000-5e365000 rwxp 00000000 00:00 0 
5e365000-5e366000 ---p 00000000 00:00 0 
5e366000-5eb65000 rwxp 00000000 00:00 0 
5eb65000-5ee0b000 rw-p 00000000 00:00 0 
5ee0b000-5ee0c000 ---p 00000000 00:00 0 
5ee0c000-5f60b000 rwxp 00000000 00:00 0 
5f60b000-5f6a1000 rw-s 001c2000 00:06 1562       /dev/video1
5f6a1000-5f737000 rw-s 0012c000 00:06 1562       /dev/video1
5f737000-5f7cd000 rw-s 00096000 00:06 1562       /dev/video1
5f7cd000-5f863000 rw-s 00000000 00:06 1562       /dev/video1
5f863000-5f8f9000 rw-s 001c2000 00:06 1560       /dev/video0
5f8f9000-5f98f000 rw-s 0012c000 00:06 1560       /dev/video0
5f98f000-5fa25000 rw-s 00096000 00:06 1560       /dev/video0
5fa25000-5fabb000 rw-s 00000000 00:06 1560       /dev/video0
5fabb000-5fabc000 ---p 00000000 00:00 0 
5fabc000-602bb000 rwxp 00000000 00:00 0 
602bb000-602bc000 ---p 00000000 00:00 0 
602bc000-60abb000 rwxp 00000000 00:00 0 
60abb000-60abc000 ---p 00000000 00:00 0 
60abc000-612bb000 rwxp 00000000 00:00 0 
612bb000-612bc000 ---p 00000000 00:00 0 
612bc000-61abb000 rwxp 00000000 00:00 0 
61abb000-61ea9000 r-xp 00000000 b3:07 1449319    /tmp/libCameraServerJNI2876779816902879016.so
61ea9000-61eb9000 ---p 003ee000 b3:07 1449319    /tmp/libCameraServerJNI2876779816902879016.so
61eb9000-61ec1000 rw-p 003ee000 b3:07 1449319    /tmp/libCameraServerJNI2876779816902879016.so
61ec1000-61f57000 rw-p 00000000 00:00 0 
61f57000-61f58000 ---p 00000000 00:00 0 
61f58000-62757000 rwxp 00000000 00:00 0 
62757000-62758000 ---p 00000000 00:00 0 
62758000-62f57000 rwxp 00000000 00:00 0 
62f57000-62f58000 ---p 00000000 00:00 0 
62f58000-63757000 rwxp 00000000 00:00 0 
63757000-637ee000 r-xp 00000000 b3:07 1444978    /tmp/libNetworkTablesJNI7245676906023687086.so
637ee000-637fe000 ---p 00097000 b3:07 1444978    /tmp/libNetworkTablesJNI7245676906023687086.so
637fe000-63800000 rw-p 00097000 b3:07 1444978    /tmp/libNetworkTablesJNI7245676906023687086.so
63800000-63839000 rw-p 00000000 00:00 0 
63839000-63900000 ---p 00000000 00:00 0 
63942000-6443a000 r-xp 00000000 b3:07 1712983    /usr/local/src/tmp/Downloads/Java/output/libopencv_java310.so
6443a000-6444a000 ---p 00af8000 b3:07 1712983    /usr/local/src/tmp/Downloads/Java/output/libopencv_java310.so
6444a000-64460000 r--p 00af8000 b3:07 1712983    /usr/local/src/tmp/Downloads/Java/output/libopencv_java310.so
64460000-64466000 rw-p 00b0e000 b3:07 1712983    /usr/local/src/tmp/Downloads/Java/output/libopencv_java310.so
64466000-64500000 rw-p 00000000 00:00 0 
64500000-64584000 rw-p 00000000 00:00 0 
64584000-64600000 ---p 00000000 00:00 0 
64624000-646e5000 r-xp 00000000 b3:07 1311638    /usr/lib/arm-linux-gnueabihf/libstdc++.so.6.0.20
646e5000-646f4000 ---p 000c1000 b3:07 1311638    /usr/lib/arm-linux-gnueabihf/libstdc++.so.6.0.20
646f4000-646f8000 r--p 000c0000 b3:07 1311638    /usr/lib/arm-linux-gnueabihf/libstdc++.so.6.0.20
646f8000-646fa000 rw-p 000c4000 b3:07 1311638    /usr/lib/arm-linux-gnueabihf/libstdc++.so.6.0.20
646fa000-64700000 rw-p 00000000 00:00 0 
64700000-647fd000 rw-p 00000000 00:00 0 
647fd000-64800000 ---p 00000000 00:00 0 
64800000-64801000 ---p 00000000 00:00 0 
64801000-64880000 rwxp 00000000 00:00 0 
64880000-64883000 ---p 00000000 00:00 0 
64883000-64900000 rwxp 00000000 00:00 0 
64900000-64921000 rw-p 00000000 00:00 0 
64921000-64a00000 ---p 00000000 00:00 0 
64a52000-64a64000 r-xp 00000000 b3:07 131045     /lib/arm-linux-gnueabihf/libresolv-2.19.so
64a64000-64a73000 ---p 00012000 b3:07 131045     /lib/arm-linux-gnueabihf/libresolv-2.19.so
64a73000-64a74000 r--p 00011000 b3:07 131045     /lib/arm-linux-gnueabihf/libresolv-2.19.so
64a74000-64a75000 rw-p 00012000 b3:07 131045     /lib/arm-linux-gnueabihf/libresolv-2.19.so
64a75000-64a77000 rw-p 00000000 00:00 0 
64a77000-64c00000 r--p 00000000 b3:07 1317856    /usr/lib/locale/locale-archive
64c00000-64c21000 rw-p 00000000 00:00 0 
64c21000-64d00000 ---p 00000000 00:00 0 
64d00000-64d21000 rw-p 00000000 00:00 0 
64d21000-64e00000 ---p 00000000 00:00 0 
64e10000-64e13000 ---p 00000000 00:00 0 
64e13000-64e60000 rwxp 00000000 00:00 0 
64e60000-64e63000 ---p 00000000 00:00 0 
64e63000-64eb0000 rwxp 00000000 00:00 0 
64eb0000-64eb3000 ---p 00000000 00:00 0 
64eb3000-64f00000 rwxp 00000000 00:00 0 
64f00000-64f21000 rw-p 00000000 00:00 0 
64f21000-65000000 ---p 00000000 00:00 0 
65014000-65017000 ---p 00000000 00:00 0 
65017000-65064000 rwxp 00000000 00:00 0 
65064000-65065000 ---p 00000000 00:00 0 
65065000-650e4000 rwxp 00000000 00:00 0 
650e4000-65133000 rw-p 00000000 00:00 0 
65133000-6530b000 r--s 03d20000 b3:07 1311086    /usr/lib/jvm/jdk-8-oracle-arm32-vfp-hflt/jre/lib/rt.jar
6530b000-655ec000 rw-p 00000000 00:00 0 
655ec000-657b2000 ---p 00000000 00:00 0 
657b2000-657b8000 rw-p 00000000 00:00 0 
657b8000-65800000 ---p 00000000 00:00 0 
65800000-65d40000 rw-p 00000000 00:00 0 
65d40000-6a540000 ---p 00000000 00:00 0 
6a540000-6b000000 rw-p 00000000 00:00 0 
6b000000-74000000 ---p 00000000 00:00 0 
7400f000-74013000 r-xp 00000000 b3:07 130954     /lib/arm-linux-gnueabihf/libnss_dns-2.19.so
74013000-74022000 ---p 00004000 b3:07 130954     /lib/arm-linux-gnueabihf/libnss_dns-2.19.so
74022000-74023000 r--p 00003000 b3:07 130954     /lib/arm-linux-gnueabihf/libnss_dns-2.19.so
74023000-74024000 rw-p 00004000 b3:07 130954     /lib/arm-linux-gnueabihf/libnss_dns-2.19.so
74037000-7403a000 rw-p 00000000 00:00 0 
7403a000-7405d000 ---p 00000000 00:00 0 
7405d000-74063000 rw-p 00000000 00:00 0 
74063000-740ab000 ---p 00000000 00:00 0 
740ab000-740af000 rw-p 00000000 00:00 0 
740af000-7412c000 ---p 00000000 00:00 0 
7412c000-741ec000 rwxp 00000000 00:00 0 
741ec000-7612c000 ---p 00000000 00:00 0 
7612c000-76143000 r-xp 00000000 b3:07 1311148    /usr/lib/jvm/jdk-8-oracle-arm32-vfp-hflt/jre/lib/arm/libzip.so
76143000-7614a000 ---p 00017000 b3:07 1311148    /usr/lib/jvm/jdk-8-oracle-arm32-vfp-hflt/jre/lib/arm/libzip.so
7614a000-7614b000 rw-p 00016000 b3:07 1311148    /usr/lib/jvm/jdk-8-oracle-arm32-vfp-hflt/jre/lib/arm/libzip.so
7614b000-76156000 r-xp 00000000 b3:07 131001     /lib/arm-linux-gnueabihf/libnss_files-2.19.so
76156000-76165000 ---p 0000b000 b3:07 131001     /lib/arm-linux-gnueabihf/libnss_files-2.19.so
76165000-76166000 r--p 0000a000 b3:07 131001     /lib/arm-linux-gnueabihf/libnss_files-2.19.so
76166000-76167000 rw-p 0000b000 b3:07 131001     /lib/arm-linux-gnueabihf/libnss_files-2.19.so
76167000-76170000 r-xp 00000000 b3:07 131084     /lib/arm-linux-gnueabihf/libnss_nis-2.19.so
76170000-7617f000 ---p 00009000 b3:07 131084     /lib/arm-linux-gnueabihf/libnss_nis-2.19.so
7617f000-76180000 r--p 00008000 b3:07 131084     /lib/arm-linux-gnueabihf/libnss_nis-2.19.so
76180000-76181000 rw-p 00009000 b3:07 131084     /lib/arm-linux-gnueabihf/libnss_nis-2.19.so
76181000-76192000 r-xp 00000000 b3:07 130932     /lib/arm-linux-gnueabihf/libnsl-2.19.so
76192000-761a1000 ---p 00011000 b3:07 130932     /lib/arm-linux-gnueabihf/libnsl-2.19.so
761a1000-761a2000 r--p 00010000 b3:07 130932     /lib/arm-linux-gnueabihf/libnsl-2.19.so
761a2000-761a3000 rw-p 00011000 b3:07 130932     /lib/arm-linux-gnueabihf/libnsl-2.19.so
761a3000-761a5000 rw-p 00000000 00:00 0 
761a5000-761ac000 r-xp 00000000 b3:07 130972     /lib/arm-linux-gnueabihf/libnss_compat-2.19.so
761ac000-761bb000 ---p 00007000 b3:07 130972     /lib/arm-linux-gnueabihf/libnss_compat-2.19.so
761bb000-761bc000 r--p 00006000 b3:07 130972     /lib/arm-linux-gnueabihf/libnss_compat-2.19.so
761bc000-761bd000 rw-p 00007000 b3:07 130972     /lib/arm-linux-gnueabihf/libnss_compat-2.19.so
761bd000-761e0000 r-xp 00000000 b3:07 1311152    /usr/lib/jvm/jdk-8-oracle-arm32-vfp-hflt/jre/lib/arm/libjava.so
761e0000-761e8000 ---p 00023000 b3:07 1311152    /usr/lib/jvm/jdk-8-oracle-arm32-vfp-hflt/jre/lib/arm/libjava.so
761e8000-761e9000 rw-p 00023000 b3:07 1311152    /usr/lib/jvm/jdk-8-oracle-arm32-vfp-hflt/jre/lib/arm/libjava.so
761e9000-761ef000 r-xp 00000000 b3:07 130988     /lib/arm-linux-gnueabihf/librt-2.19.so
761ef000-761fe000 ---p 00006000 b3:07 130988     /lib/arm-linux-gnueabihf/librt-2.19.so
761fe000-761ff000 r--p 00005000 b3:07 130988     /lib/arm-linux-gnueabihf/librt-2.19.so
761ff000-76200000 rw-p 00006000 b3:07 130988     /lib/arm-linux-gnueabihf/librt-2.19.so
76200000-762f0000 rw-p 00000000 00:00 0 
762f0000-76300000 ---p 00000000 00:00 0 
76300000-76302000 r-xp 00000000 b3:07 130963     /lib/arm-linux-gnueabihf/libnss_mdns4_minimal.so.2
76302000-76309000 ---p 00002000 b3:07 130963     /lib/arm-linux-gnueabihf/libnss_mdns4_minimal.so.2
76309000-7630a000 r--p 00001000 b3:07 130963     /lib/arm-linux-gnueabihf/libnss_mdns4_minimal.so.2
7630a000-7630b000 rw-p 00002000 b3:07 130963     /lib/arm-linux-gnueabihf/libnss_mdns4_minimal.so.2
7630b000-76310000 r--s 00096000 b3:07 1311090    /usr/lib/jvm/jdk-8-oracle-arm32-vfp-hflt/jre/lib/jsse.jar
76310000-76314000 r--s 001fd000 b3:07 1712982    /usr/local/src/tmp/Downloads/Java/output/CameraVision-all.jar
76314000-76317000 ---p 00000000 00:00 0 
76317000-76364000 rwxp 00000000 00:00 0 
76364000-763cd000 r-xp 00000000 b3:07 130960     /lib/arm-linux-gnueabihf/libm-2.19.so
763cd000-763dd000 ---p 00069000 b3:07 130960     /lib/arm-linux-gnueabihf/libm-2.19.so
763dd000-763de000 r--p 00069000 b3:07 130960     /lib/arm-linux-gnueabihf/libm-2.19.so
763de000-763df000 rw-p 0006a000 b3:07 130960     /lib/arm-linux-gnueabihf/libm-2.19.so
763df000-76962000 r-xp 00000000 b3:07 1311177    /usr/lib/jvm/jdk-8-oracle-arm32-vfp-hflt/jre/lib/arm/client/libjvm.so
76962000-7696a000 ---p 00583000 b3:07 1311177    /usr/lib/jvm/jdk-8-oracle-arm32-vfp-hflt/jre/lib/arm/client/libjvm.so
7696a000-76996000 rw-p 00583000 b3:07 1311177    /usr/lib/jvm/jdk-8-oracle-arm32-vfp-hflt/jre/lib/arm/client/libjvm.so
76996000-76db9000 rw-p 00000000 00:00 0 
76db9000-76dd6000 r-xp 00000000 b3:07 130945     /lib/arm-linux-gnueabihf/libgcc_s.so.1
76dd6000-76de5000 ---p 0001d000 b3:07 130945     /lib/arm-linux-gnueabihf/libgcc_s.so.1
76de5000-76de6000 rw-p 0001c000 b3:07 130945     /lib/arm-linux-gnueabihf/libgcc_s.so.1
76de6000-76f11000 r-xp 00000000 b3:07 131006     /lib/arm-linux-gnueabihf/libc-2.19.so
76f11000-76f21000 ---p 0012b000 b3:07 131006     /lib/arm-linux-gnueabihf/libc-2.19.so
76f21000-76f23000 r--p 0012b000 b3:07 131006     /lib/arm-linux-gnueabihf/libc-2.19.so
76f23000-76f24000 rw-p 0012d000 b3:07 131006     /lib/arm-linux-gnueabihf/libc-2.19.so
76f24000-76f27000 rw-p 00000000 00:00 0 
76f27000-76f29000 r-xp 00000000 b3:07 131081     /lib/arm-linux-gnueabihf/libdl-2.19.so
76f29000-76f38000 ---p 00002000 b3:07 131081     /lib/arm-linux-gnueabihf/libdl-2.19.so
76f38000-76f39000 r--p 00001000 b3:07 131081     /lib/arm-linux-gnueabihf/libdl-2.19.so
76f39000-76f3a000 rw-p 00002000 b3:07 131081     /lib/arm-linux-gnueabihf/libdl-2.19.so
76f3a000-76f4e000 r-xp 00000000 b3:07 1311175    /usr/lib/jvm/jdk-8-oracle-arm32-vfp-hflt/jre/lib/arm/jli/libjli.so
76f4e000-76f56000 ---p 00014000 b3:07 1311175    /usr/lib/jvm/jdk-8-oracle-arm32-vfp-hflt/jre/lib/arm/jli/libjli.so
76f56000-76f57000 rw-p 00014000 b3:07 1311175    /usr/lib/jvm/jdk-8-oracle-arm32-vfp-hflt/jre/lib/arm/jli/libjli.so
76f57000-76f6b000 r-xp 00000000 b3:07 131019     /lib/arm-linux-gnueabihf/libpthread-2.19.so
76f6b000-76f7b000 ---p 00014000 b3:07 131019     /lib/arm-linux-gnueabihf/libpthread-2.19.so
76f7b000-76f7c000 r--p 00014000 b3:07 131019     /lib/arm-linux-gnueabihf/libpthread-2.19.so
76f7c000-76f7d000 rw-p 00015000 b3:07 131019     /lib/arm-linux-gnueabihf/libpthread-2.19.so
76f7d000-76f7f000 rw-p 00000000 00:00 0 
76f80000-76f89000 r-xp 00000000 b3:07 1311172    /usr/lib/jvm/jdk-8-oracle-arm32-vfp-hflt/jre/lib/arm/libverify.so
76f89000-76f91000 ---p 00009000 b3:07 1311172    /usr/lib/jvm/jdk-8-oracle-arm32-vfp-hflt/jre/lib/arm/libverify.so
76f91000-76f92000 rw-p 00009000 b3:07 1311172    /usr/lib/jvm/jdk-8-oracle-arm32-vfp-hflt/jre/lib/arm/libverify.so
76f92000-76f97000 r-xp 00000000 b3:07 1312124    /usr/lib/arm-linux-gnueabihf/libarmmem.so
76f97000-76fa6000 ---p 00005000 b3:07 1312124    /usr/lib/arm-linux-gnueabihf/libarmmem.so
76fa6000-76fa7000 rw-p 00004000 b3:07 1312124    /usr/lib/arm-linux-gnueabihf/libarmmem.so
76fa7000-76fc7000 r-xp 00000000 b3:07 130911     /lib/arm-linux-gnueabihf/ld-2.19.so
76fc7000-76fc8000 r--p 00000000 b3:07 399632     /usr/share/locale/en_GB/LC_MESSAGES/libc.mo
76fc8000-76fd0000 rw-s 00000000 b3:07 1449308    /tmp/hsperfdata_root/860
76fd0000-76fd1000 r--p 00000000 00:00 0 
76fd1000-76fd4000 rw-p 00000000 00:00 0 
76fd4000-76fd6000 rw-p 00000000 00:00 0 
76fd6000-76fd7000 r--p 0001f000 b3:07 130911     /lib/arm-linux-gnueabihf/ld-2.19.so
76fd7000-76fd8000 rw-p 00020000 b3:07 130911     /lib/arm-linux-gnueabihf/ld-2.19.so
7ee28000-7ee49000 rwxp 00000000 00:00 0          [stack]
7eeed000-7eeee000 r-xp 00000000 00:00 0          [sigpage]
7eeee000-7eeef000 r--p 00000000 00:00 0          [vvar]
7eeef000-7eef0000 r-xp 00000000 00:00 0          [vdso]
ffff0000-ffff1000 r-xp 00000000 00:00 0          [vectors]

VM Arguments:
jvm_args: -Djava.library.path=. 
java_command: CameraVision-all.jar
java_class_path (initial): CameraVision-all.jar
Launcher Type: SUN_STANDARD

Environment Variables:
PATH=/usr/local/sbin:/usr/local/bin:/usr/sbin:/usr/bin:/sbin:/bin
USERNAME=root
SHELL=/bin/bash

Signal Handlers:
SIGSEGV: [libjvm.so+0x506638], sa_mask[0]=11111111011111111101111111111110, sa_flags=SA_RESTART|SA_SIGINFO
SIGBUS: [libjvm.so+0x506638], sa_mask[0]=11111111011111111101111111111110, sa_flags=SA_RESTART|SA_SIGINFO
SIGFPE: [libjvm.so+0x3fd4ec], sa_mask[0]=11111111011111111101111111111110, sa_flags=SA_RESTART|SA_SIGINFO
SIGPIPE: [libjvm.so+0x3fd4ec], sa_mask[0]=11111111011111111101111111111110, sa_flags=SA_RESTART|SA_SIGINFO
SIGXFSZ: [libjvm.so+0x3fd4ec], sa_mask[0]=11111111011111111101111111111110, sa_flags=SA_RESTART|SA_SIGINFO
SIGILL: [libjvm.so+0x3fd4ec], sa_mask[0]=11111111011111111101111111111110, sa_flags=SA_RESTART|SA_SIGINFO
SIGUSR1: SIG_DFL, sa_mask[0]=00000000000000000000000000000000, sa_flags=none
SIGUSR2: [libjvm.so+0x3fd650], sa_mask[0]=00000000000000000000000000000000, sa_flags=SA_RESTART|SA_SIGINFO
SIGHUP: [libjvm.so+0x3fda84], sa_mask[0]=11111111011111111101111111111110, sa_flags=SA_RESTART|SA_SIGINFO
SIGINT: [libjvm.so+0x3fda84], sa_mask[0]=11111111011111111101111111111110, sa_flags=SA_RESTART|SA_SIGINFO
SIGTERM: [libjvm.so+0x3fda84], sa_mask[0]=11111111011111111101111111111110, sa_flags=SA_RESTART|SA_SIGINFO
SIGQUIT: [libjvm.so+0x3fda84], sa_mask[0]=11111111011111111101111111111110, sa_flags=SA_RESTART|SA_SIGINFO


---------------  S Y S T E M  ---------------

OS:PRETTY_NAME="Raspbian GNU/Linux 8 (jessie)"
NAME="Raspbian GNU/Linux"
VERSION_ID="8"
VERSION="8 (jessie)"
ID=raspbian
ID_LIKE=debian
HOME_URL="http://www.raspbian.org/"
SUPPORT_URL="http://www.raspbian.org/RaspbianForums"
BUG_REPORT_URL="http://www.raspbian.org/RaspbianBugs"

uname:Linux 4.4.34-v7+ #930 SMP Wed Nov 23 15:20:41 GMT 2016 armv7l
libc:glibc 2.19 NPTL 2.19 
rlimit: STACK 8192k, CORE 0k, NPROC 7336, NOFILE 65536, AS infinity
load average:1.78 1.23 0.77

/proc/meminfo:
MemTotal:         947732 kB
MemFree:          435976 kB
MemAvailable:     648792 kB
Buffers:           16884 kB
Cached:           244548 kB
SwapCached:            0 kB
Active:           354128 kB
Inactive:         116276 kB
Active(anon):     209492 kB
Inactive(anon):    11836 kB
Active(file):     144636 kB
Inactive(file):   104440 kB
Unevictable:           0 kB
Mlocked:               0 kB
SwapTotal:        102396 kB
SwapFree:         102396 kB
Dirty:              2180 kB
Writeback:             0 kB
AnonPages:        209056 kB
Mapped:            82268 kB
Shmem:             12320 kB
Slab:              18832 kB
SReclaimable:       9396 kB
SUnreclaim:         9436 kB
KernelStack:        2024 kB
PageTables:         3032 kB
NFS_Unstable:          0 kB
Bounce:                0 kB
WritebackTmp:          0 kB
CommitLimit:      576260 kB
Committed_AS:    1033600 kB
VmallocTotal:    1114112 kB
VmallocUsed:           0 kB
VmallocChunk:          0 kB
CmaTotal:           8192 kB
CmaFree:            2760 kB


CPU:total 4 (ARMv7), vfp

/proc/cpuinfo:
processor	: 0
model name	: ARMv7 Processor rev 4 (v7l)
BogoMIPS	: 76.80
Features	: half thumb fastmult vfp edsp neon vfpv3 tls vfpv4 idiva idivt vfpd32 lpae evtstrm crc32 
CPU implementer	: 0x41
CPU architecture: 7
CPU variant	: 0x0
CPU part	: 0xd03
CPU revision	: 4

processor	: 1
model name	: ARMv7 Processor rev 4 (v7l)
BogoMIPS	: 76.80
Features	: half thumb fastmult vfp edsp neon vfpv3 tls vfpv4 idiva idivt vfpd32 lpae evtstrm crc32 
CPU implementer	: 0x41
CPU architecture: 7
CPU variant	: 0x0
CPU part	: 0xd03
CPU revision	: 4

processor	: 2
model name	: ARMv7 Processor rev 4 (v7l)
BogoMIPS	: 76.80
Features	: half thumb fastmult vfp edsp neon vfpv3 tls vfpv4 idiva idivt vfpd32 lpae evtstrm crc32 
CPU implementer	: 0x41
CPU architecture: 7
CPU variant	: 0x0
CPU part	: 0xd03
CPU revision	: 4

processor	: 3
model name	: ARMv7 Processor rev 4 (v7l)
BogoMIPS	: 76.80
Features	: half thumb fastmult vfp edsp neon vfpv3 tls vfpv4 idiva idivt vfpd32 lpae evtstrm crc32 
CPU implementer	: 0x41
CPU architecture: 7
CPU variant	: 0x0
CPU part	: 0xd03
CPU revision	: 4

Hardware	: BCM2709
Revision	: a02082
Serial		: 00000000a10a37a6


Memory: 4k page, physical 947732k(435976k free), swap 102396k(102396k free)

vm_info: Java HotSpot(TM) Client VM (25.65-b01) for linux-arm-vfp-hflt JRE (1.8.0_65-b17), built on Oct  6 2015 16:19:04 by "java_re" with gcc 4.7.2 20120910 (prerelease)

time: Fri Feb 17 20:25:26 2017
elapsed time: 903 seconds (0d 0h 15m 3s)

