#
# A fatal error has been detected by the Java Runtime Environment:
#
#  SIGSEGV (0xb) at pc=0x762084a0, pid=1013, tid=1613468768
#
# JRE version: Java(TM) SE Runtime Environment (8.0_65-b17) (build 1.8.0_65-b17)
# Java VM: Java HotSpot(TM) Client VM (25.65-b01 mixed mode linux-arm )
# Problematic frame:
# C  0x762084a0
#
# Failed to write core dump. Core dumps have been disabled. To enable core dumping, try "ulimit -c unlimited" before starting Java again
#
# If you would like to submit a bug report, please visit:
#   http://bugreport.java.com/bugreport/crash.jsp
#

---------------  T H R E A D  ---------------

Current thread is native thread

siginfo: si_signo: 11 (SIGSEGV), si_code: 2 (SEGV_ACCERR), si_addr: 0x762084a0

Registers:
  r0  = 0x6382b160
  r1  = 0x00000000
  r2  = 0x00000001
  r3  = 0x762084a0
  r4  = 0x41000001
  r5  = 0x76f645bc
  r6  = 0x61ec0544
  r7  = 0x00000008
  r8  = 0x6382b1c0
  r9  = 0x61ec061c
  r10 = 0x6382b160
  fp  = 0x602b8f9c
  r12 = 0x61ebe34c
  sp  = 0x602b8b28
  lr  = 0x61b38cac
  pc  = 0x762084a0
  cpsr = 0x60000010

Top of Stack: (sp=0x602b8b28)
0x602b8b28:   00000008 00000000 6382b354 80000015
0x602b8b38:   64900468 6382b1c0 00000016 00000014
0x602b8b48:   602b8bcc 61ebc0ec 00000000 61b56f0c
0x602b8b58:   602b8bcc 00000000 00000000 00000000
0x602b8b68:   00000000 6382b1c0 602b8d18 00000000
0x602b8b78:   00000000 602b8d98 00000000 00000000
0x602b8b88:   00000000 00000000 00000000 6382b2e8
0x602b8b98:   00000015 00000000 00000000 00000000 

Instructions: (pc=0x762084a0)
0x76208480:   76fca948 76fca988 7620e228 7620e288
0x76208490:   00000080 00000014 76972d80 7620e3f8
0x762084a0:   7620e580 00000649 76208cb0 76205bf8
0x762084b0:   00000000 00000000 00000018 00000034 

Register to memory mapping:

  r0  = 0x6382b160

[error occurred during error reporting (printing register info), id 0xb]

Stack: [0x5faba000,0x602ba000],  sp=0x602b8b28,  free space=8186k
Native frames: (J=compiled Java code, j=interpreted, Vv=VM code, C=native code)
C  0x762084a0

[error occurred during error reporting (printing native stack), id 0xb]


---------------  P R O C E S S  ---------------

VM state:at safepoint (shutting down)

VM Mutex/Monitor currently owned by a thread:  ([mutex/lock_event])
[0x76204a80] Threads_lock - owner thread: 0x7625d400

Heap:
 def new generation   total 4864K, used 1844K [0x65800000, 0x65d40000, 0x6a540000)
  eden space 4352K,  42% used [0x65800000, 0x659cd3c8, 0x65c40000)
  from space 512K,   0% used [0x65c40000, 0x65c40000, 0x65cc0000)
  to   space 512K,   0% used [0x65cc0000, 0x65cc0000, 0x65d40000)
 tenured generation   total 11008K, used 0K [0x6a540000, 0x6b000000, 0x74000000)
   the space 11008K,   0% used [0x6a540000, 0x6a540000, 0x6a540200, 0x6b000000)
 Metaspace       used 2229K, capacity 2464K, committed 2584K, reserved 4400K

Card table byte_map: [0x74037000,0x740ac000] byte_map_base: 0x73d0b000

Polling page: 0x76fd1000

CodeCache: size=32768Kb used=738Kb max_used=738Kb free=32029Kb
 bounds [0x7412c000, 0x741ec000, 0x7612c000]
 total_blobs=352 nmethods=37 adapters=248
 compilation: enabled

Compilation events (10 events):
Event: 2.446 Thread 0x76280400   31   !         java.util.zip.Inflater::inflate (113 bytes)
Event: 2.449 Thread 0x76280400 nmethod 31 0x741d6b48 code [0x741d6c70, 0x741d70c8]
Event: 2.453 Thread 0x76280400   33             java.io.FilterInputStream::read (9 bytes)
Event: 2.454 Thread 0x76280400 nmethod 33 0x741d7588 code [0x741d7670, 0x741d7714]
Event: 2.454 Thread 0x76280400   35             java.io.FileOutputStream::write (12 bytes)
Event: 2.455 Thread 0x76280400 nmethod 35 0x741d7788 code [0x741d7870, 0x741d7914]
Event: 2.455 Thread 0x76280400   36             java.io.FilterInputStream::read (11 bytes)
Event: 2.456 Thread 0x76280400 nmethod 36 0x741d7988 code [0x741d7a70, 0x741d7b14]
Event: 3.427 Thread 0x76280400   37             java.util.Arrays::copyOfRange (63 bytes)
Event: 3.431 Thread 0x76280400 nmethod 37 0x741dc488 code [0x741dc5c0, 0x741dc930]

GC Heap History (0 events):
No events

Deoptimization events (0 events):
No events

Internal exceptions (6 events):
Event: 0.460 Thread 0x76207000 Exception <a 'java/lang/NoSuchMethodError': Method sun.misc.Unsafe.defineClass(Ljava/lang/String;[BII)Ljava/lang/Class; name or signature does not match> (0x658105b0) thrown at [/HUDSON/workspace/8-2-build-glinux-arm-vfp-hflt/jdk8u65/4987/hotspot/src/shar
Event: 0.461 Thread 0x76207000 Exception <a 'java/lang/NoSuchMethodError': Method sun.misc.Unsafe.prefetchRead(Ljava/lang/Object;J)V name or signature does not match> (0x65810880) thrown at [/HUDSON/workspace/8-2-build-glinux-arm-vfp-hflt/jdk8u65/4987/hotspot/src/share/vm/prims/jni.cpp
Event: 2.051 Thread 0x76207000 Exception <a 'java/security/PrivilegedActionException'> (0x658c0ce0) thrown at [/HUDSON/workspace/8-2-build-glinux-arm-vfp-hflt/jdk8u65/4987/hotspot/src/share/vm/prims/jvm.cpp, line 1386]
Event: 2.051 Thread 0x76207000 Exception <a 'java/security/PrivilegedActionException'> (0x658c0ee0) thrown at [/HUDSON/workspace/8-2-build-glinux-arm-vfp-hflt/jdk8u65/4987/hotspot/src/share/vm/prims/jvm.cpp, line 1386]
Event: 2.054 Thread 0x76207000 Exception <a 'java/security/PrivilegedActionException'> (0x658c3630) thrown at [/HUDSON/workspace/8-2-build-glinux-arm-vfp-hflt/jdk8u65/4987/hotspot/src/share/vm/prims/jvm.cpp, line 1386]
Event: 2.054 Thread 0x76207000 Exception <a 'java/security/PrivilegedActionException'> (0x658c3830) thrown at [/HUDSON/workspace/8-2-build-glinux-arm-vfp-hflt/jdk8u65/4987/hotspot/src/share/vm/prims/jvm.cpp, line 1386]

Events (10 events):
Event: 3.430 loading class org/opencv/core/MatOfInt4 done
Event: 4.818 Executing VM operation: EnableBiasedLocking
Event: 4.819 Executing VM operation: EnableBiasedLocking done
Event: 18.785 loading class sun/misc/Signal$1
Event: 18.791 loading class sun/misc/Signal$1 done
Event: 18.792 Thread 0x64902400 Thread added: 0x64902400
Event: 18.792 loading class java/util/ArrayList$Itr
Event: 18.794 loading class java/util/ArrayList$Itr done
Event: 18.796 Thread 0x7627ec00 Thread exited: 0x7627ec00
Event: 18.796 Executing VM operation: Exit


Dynamic libraries:
00008000-00009000 r-xp 00000000 b3:07 1311207    /usr/lib/jvm/jdk-8-oracle-arm32-vfp-hflt/jre/bin/java
00010000-00011000 rw-p 00000000 b3:07 1311207    /usr/lib/jvm/jdk-8-oracle-arm32-vfp-hflt/jre/bin/java
00cd8000-00cf9000 rw-p 00000000 00:00 0          [heap]
5e9d3000-5e9d6000 ---p 00000000 00:00 0 
5e9d6000-5ea23000 rwxp 00000000 00:00 0 
5ea23000-5ea35000 r-xp 00000000 b3:07 131045     /lib/arm-linux-gnueabihf/libresolv-2.19.so
5ea35000-5ea44000 ---p 00012000 b3:07 131045     /lib/arm-linux-gnueabihf/libresolv-2.19.so
5ea44000-5ea45000 r--p 00011000 b3:07 131045     /lib/arm-linux-gnueabihf/libresolv-2.19.so
5ea45000-5ea46000 rw-p 00012000 b3:07 131045     /lib/arm-linux-gnueabihf/libresolv-2.19.so
5ea46000-5ea48000 rw-p 00000000 00:00 0 
5ea48000-5ea49000 ---p 00000000 00:00 0 
5ea49000-5f248000 rwxp 00000000 00:00 0 
5f248000-5f249000 ---p 00000000 00:00 0 
5f249000-5fa48000 rwxp 00000000 00:00 0 
5faba000-5fabb000 ---p 00000000 00:00 0 
5fabb000-602ba000 rwxp 00000000 00:00 0 
602ba000-602bb000 ---p 00000000 00:00 0 
602bb000-60aba000 rwxp 00000000 00:00 0 
60aba000-60abb000 ---p 00000000 00:00 0 
60abb000-612ba000 rwxp 00000000 00:00 0 
612ba000-612bb000 ---p 00000000 00:00 0 
612bb000-61aba000 rwxp 00000000 00:00 0 
61aba000-61ea9000 r-xp 00000000 b3:07 1449629    /tmp/libCameraServerJNI3066486849433137912.so (deleted)
61ea9000-61eb9000 ---p 003ef000 b3:07 1449629    /tmp/libCameraServerJNI3066486849433137912.so (deleted)
61eb9000-61ec1000 rw-p 003ef000 b3:07 1449629    /tmp/libCameraServerJNI3066486849433137912.so (deleted)
61ec1000-61f57000 rw-p 00000000 00:00 0 
61f57000-61f58000 ---p 00000000 00:00 0 
61f58000-62757000 rwxp 00000000 00:00 0 
62757000-62758000 ---p 00000000 00:00 0 
62758000-62f57000 rwxp 00000000 00:00 0 
62f57000-62f58000 ---p 00000000 00:00 0 
62f58000-63757000 rwxp 00000000 00:00 0 
63757000-637ef000 r-xp 00000000 b3:07 1449628    /tmp/libNetworkTablesJNI4596157417867714327.so (deleted)
637ef000-637fe000 ---p 00098000 b3:07 1449628    /tmp/libNetworkTablesJNI4596157417867714327.so (deleted)
637fe000-63800000 rw-p 00097000 b3:07 1449628    /tmp/libNetworkTablesJNI4596157417867714327.so (deleted)
63800000-638f9000 rw-p 00000000 00:00 0 
638f9000-63900000 ---p 00000000 00:00 0 
63942000-6443a000 r-xp 00000000 b3:07 1712983    /usr/local/src/tmp/Downloads/Java/output/libopencv_java310.so
6443a000-6444a000 ---p 00af8000 b3:07 1712983    /usr/local/src/tmp/Downloads/Java/output/libopencv_java310.so
6444a000-64460000 r--p 00af8000 b3:07 1712983    /usr/local/src/tmp/Downloads/Java/output/libopencv_java310.so
64460000-64466000 rw-p 00b0e000 b3:07 1712983    /usr/local/src/tmp/Downloads/Java/output/libopencv_java310.so
64466000-64500000 rw-p 00000000 00:00 0 
64500000-64521000 rw-p 00000000 00:00 0 
64521000-64600000 ---p 00000000 00:00 0 
6460f000-64613000 r-xp 00000000 b3:07 130954     /lib/arm-linux-gnueabihf/libnss_dns-2.19.so
64613000-64622000 ---p 00004000 b3:07 130954     /lib/arm-linux-gnueabihf/libnss_dns-2.19.so
64622000-64623000 r--p 00003000 b3:07 130954     /lib/arm-linux-gnueabihf/libnss_dns-2.19.so
64623000-64624000 rw-p 00004000 b3:07 130954     /lib/arm-linux-gnueabihf/libnss_dns-2.19.so
64624000-646e5000 r-xp 00000000 b3:07 1311638    /usr/lib/arm-linux-gnueabihf/libstdc++.so.6.0.20
646e5000-646f4000 ---p 000c1000 b3:07 1311638    /usr/lib/arm-linux-gnueabihf/libstdc++.so.6.0.20
646f4000-646f8000 r--p 000c0000 b3:07 1311638    /usr/lib/arm-linux-gnueabihf/libstdc++.so.6.0.20
646f8000-646fa000 rw-p 000c4000 b3:07 1311638    /usr/lib/arm-linux-gnueabihf/libstdc++.so.6.0.20
646fa000-64700000 rw-p 00000000 00:00 0 
64700000-6478f000 rw-p 00000000 00:00 0 
6478f000-64800000 ---p 00000000 00:00 0 
64880000-64883000 ---p 00000000 00:00 0 
64883000-64900000 rwxp 00000000 00:00 0 
64900000-64921000 rw-p 00000000 00:00 0 
64921000-64a00000 ---p 00000000 00:00 0 
64a77000-64c00000 r--p 00000000 b3:07 1317856    /usr/lib/locale/locale-archive
64c00000-64c21000 rw-p 00000000 00:00 0 
64c21000-64d00000 ---p 00000000 00:00 0 
64d00000-64d21000 rw-p 00000000 00:00 0 
64d21000-64e00000 ---p 00000000 00:00 0 
64e10000-64e13000 ---p 00000000 00:00 0 
64e13000-64e60000 rwxp 00000000 00:00 0 
64eb0000-64eb3000 ---p 00000000 00:00 0 
64eb3000-64f00000 rwxp 00000000 00:00 0 
64f00000-64f21000 rw-p 00000000 00:00 0 
64f21000-65000000 ---p 00000000 00:00 0 
65014000-65017000 ---p 00000000 00:00 0 
65017000-65064000 rwxp 00000000 00:00 0 
65064000-65065000 ---p 00000000 00:00 0 
65065000-650e4000 rwxp 00000000 00:00 0 
650e4000-65133000 rw-p 00000000 00:00 0 
65133000-6530b000 r--s 03d20000 b3:07 1311086    /usr/lib/jvm/jdk-8-oracle-arm32-vfp-hflt/jre/lib/rt.jar
6530b000-655ec000 rw-p 00000000 00:00 0 
655ec000-657b2000 ---p 00000000 00:00 0 
657b2000-657b8000 rw-p 00000000 00:00 0 
657b8000-65800000 ---p 00000000 00:00 0 
65800000-65d40000 rw-p 00000000 00:00 0 
65d40000-6a540000 ---p 00000000 00:00 0 
6a540000-6b000000 rw-p 00000000 00:00 0 
6b000000-74000000 ---p 00000000 00:00 0 
74037000-7403a000 rw-p 00000000 00:00 0 
7403a000-7405d000 ---p 00000000 00:00 0 
7405d000-74063000 rw-p 00000000 00:00 0 
74063000-740ab000 ---p 00000000 00:00 0 
740ab000-740af000 rw-p 00000000 00:00 0 
740af000-7412c000 ---p 00000000 00:00 0 
7412c000-741ec000 rwxp 00000000 00:00 0 
741ec000-7612c000 ---p 00000000 00:00 0 
7612c000-76143000 r-xp 00000000 b3:07 1311148    /usr/lib/jvm/jdk-8-oracle-arm32-vfp-hflt/jre/lib/arm/libzip.so
76143000-7614a000 ---p 00017000 b3:07 1311148    /usr/lib/jvm/jdk-8-oracle-arm32-vfp-hflt/jre/lib/arm/libzip.so
7614a000-7614b000 rw-p 00016000 b3:07 1311148    /usr/lib/jvm/jdk-8-oracle-arm32-vfp-hflt/jre/lib/arm/libzip.so
7614b000-76156000 r-xp 00000000 b3:07 131001     /lib/arm-linux-gnueabihf/libnss_files-2.19.so
76156000-76165000 ---p 0000b000 b3:07 131001     /lib/arm-linux-gnueabihf/libnss_files-2.19.so
76165000-76166000 r--p 0000a000 b3:07 131001     /lib/arm-linux-gnueabihf/libnss_files-2.19.so
76166000-76167000 rw-p 0000b000 b3:07 131001     /lib/arm-linux-gnueabihf/libnss_files-2.19.so
76167000-76170000 r-xp 00000000 b3:07 131084     /lib/arm-linux-gnueabihf/libnss_nis-2.19.so
76170000-7617f000 ---p 00009000 b3:07 131084     /lib/arm-linux-gnueabihf/libnss_nis-2.19.so
7617f000-76180000 r--p 00008000 b3:07 131084     /lib/arm-linux-gnueabihf/libnss_nis-2.19.so
76180000-76181000 rw-p 00009000 b3:07 131084     /lib/arm-linux-gnueabihf/libnss_nis-2.19.so
76181000-76192000 r-xp 00000000 b3:07 130932     /lib/arm-linux-gnueabihf/libnsl-2.19.so
76192000-761a1000 ---p 00011000 b3:07 130932     /lib/arm-linux-gnueabihf/libnsl-2.19.so
761a1000-761a2000 r--p 00010000 b3:07 130932     /lib/arm-linux-gnueabihf/libnsl-2.19.so
761a2000-761a3000 rw-p 00011000 b3:07 130932     /lib/arm-linux-gnueabihf/libnsl-2.19.so
761a3000-761a5000 rw-p 00000000 00:00 0 
761a5000-761ac000 r-xp 00000000 b3:07 130972     /lib/arm-linux-gnueabihf/libnss_compat-2.19.so
761ac000-761bb000 ---p 00007000 b3:07 130972     /lib/arm-linux-gnueabihf/libnss_compat-2.19.so
761bb000-761bc000 r--p 00006000 b3:07 130972     /lib/arm-linux-gnueabihf/libnss_compat-2.19.so
761bc000-761bd000 rw-p 00007000 b3:07 130972     /lib/arm-linux-gnueabihf/libnss_compat-2.19.so
761bd000-761e0000 r-xp 00000000 b3:07 1311152    /usr/lib/jvm/jdk-8-oracle-arm32-vfp-hflt/jre/lib/arm/libjava.so
761e0000-761e8000 ---p 00023000 b3:07 1311152    /usr/lib/jvm/jdk-8-oracle-arm32-vfp-hflt/jre/lib/arm/libjava.so
761e8000-761e9000 rw-p 00023000 b3:07 1311152    /usr/lib/jvm/jdk-8-oracle-arm32-vfp-hflt/jre/lib/arm/libjava.so
761e9000-761ef000 r-xp 00000000 b3:07 130988     /lib/arm-linux-gnueabihf/librt-2.19.so
761ef000-761fe000 ---p 00006000 b3:07 130988     /lib/arm-linux-gnueabihf/librt-2.19.so
761fe000-761ff000 r--p 00005000 b3:07 130988     /lib/arm-linux-gnueabihf/librt-2.19.so
761ff000-76200000 rw-p 00006000 b3:07 130988     /lib/arm-linux-gnueabihf/librt-2.19.so
76200000-762fe000 rw-p 00000000 00:00 0 
762fe000-76300000 ---p 00000000 00:00 0 
76301000-76303000 r-xp 00000000 b3:07 130963     /lib/arm-linux-gnueabihf/libnss_mdns4_minimal.so.2
76303000-7630a000 ---p 00002000 b3:07 130963     /lib/arm-linux-gnueabihf/libnss_mdns4_minimal.so.2
7630a000-7630b000 r--p 00001000 b3:07 130963     /lib/arm-linux-gnueabihf/libnss_mdns4_minimal.so.2
7630b000-7630c000 rw-p 00002000 b3:07 130963     /lib/arm-linux-gnueabihf/libnss_mdns4_minimal.so.2
7630c000-76311000 r--s 00096000 b3:07 1311090    /usr/lib/jvm/jdk-8-oracle-arm32-vfp-hflt/jre/lib/jsse.jar
76311000-76315000 r--s 001fe000 b3:07 1712982    /usr/local/src/tmp/Downloads/Java/output/CameraVision-all.jar
76315000-76318000 ---p 00000000 00:00 0 
76318000-76365000 rwxp 00000000 00:00 0 
76365000-763ce000 r-xp 00000000 b3:07 130960     /lib/arm-linux-gnueabihf/libm-2.19.so
763ce000-763de000 ---p 00069000 b3:07 130960     /lib/arm-linux-gnueabihf/libm-2.19.so
763de000-763df000 r--p 00069000 b3:07 130960     /lib/arm-linux-gnueabihf/libm-2.19.so
763df000-763e0000 rw-p 0006a000 b3:07 130960     /lib/arm-linux-gnueabihf/libm-2.19.so
763e0000-76963000 r-xp 00000000 b3:07 1311177    /usr/lib/jvm/jdk-8-oracle-arm32-vfp-hflt/jre/lib/arm/client/libjvm.so
76963000-7696b000 ---p 00583000 b3:07 1311177    /usr/lib/jvm/jdk-8-oracle-arm32-vfp-hflt/jre/lib/arm/client/libjvm.so
7696b000-76997000 rw-p 00583000 b3:07 1311177    /usr/lib/jvm/jdk-8-oracle-arm32-vfp-hflt/jre/lib/arm/client/libjvm.so
76997000-76dba000 rw-p 00000000 00:00 0 
76dba000-76dd7000 r-xp 00000000 b3:07 130945     /lib/arm-linux-gnueabihf/libgcc_s.so.1
76dd7000-76de6000 ---p 0001d000 b3:07 130945     /lib/arm-linux-gnueabihf/libgcc_s.so.1
76de6000-76de7000 rw-p 0001c000 b3:07 130945     /lib/arm-linux-gnueabihf/libgcc_s.so.1
76de7000-76f12000 r-xp 00000000 b3:07 131006     /lib/arm-linux-gnueabihf/libc-2.19.so
76f12000-76f22000 ---p 0012b000 b3:07 131006     /lib/arm-linux-gnueabihf/libc-2.19.so
76f22000-76f24000 r--p 0012b000 b3:07 131006     /lib/arm-linux-gnueabihf/libc-2.19.so
76f24000-76f25000 rw-p 0012d000 b3:07 131006     /lib/arm-linux-gnueabihf/libc-2.19.so
76f25000-76f28000 rw-p 00000000 00:00 0 
76f28000-76f2a000 r-xp 00000000 b3:07 131081     /lib/arm-linux-gnueabihf/libdl-2.19.so
76f2a000-76f39000 ---p 00002000 b3:07 131081     /lib/arm-linux-gnueabihf/libdl-2.19.so
76f39000-76f3a000 r--p 00001000 b3:07 131081     /lib/arm-linux-gnueabihf/libdl-2.19.so
76f3a000-76f3b000 rw-p 00002000 b3:07 131081     /lib/arm-linux-gnueabihf/libdl-2.19.so
76f3b000-76f4f000 r-xp 00000000 b3:07 1311175    /usr/lib/jvm/jdk-8-oracle-arm32-vfp-hflt/jre/lib/arm/jli/libjli.so
76f4f000-76f57000 ---p 00014000 b3:07 1311175    /usr/lib/jvm/jdk-8-oracle-arm32-vfp-hflt/jre/lib/arm/jli/libjli.so
76f57000-76f58000 rw-p 00014000 b3:07 1311175    /usr/lib/jvm/jdk-8-oracle-arm32-vfp-hflt/jre/lib/arm/jli/libjli.so
76f58000-76f6c000 r-xp 00000000 b3:07 131019     /lib/arm-linux-gnueabihf/libpthread-2.19.so
76f6c000-76f7c000 ---p 00014000 b3:07 131019     /lib/arm-linux-gnueabihf/libpthread-2.19.so
76f7c000-76f7d000 r--p 00014000 b3:07 131019     /lib/arm-linux-gnueabihf/libpthread-2.19.so
76f7d000-76f7e000 rw-p 00015000 b3:07 131019     /lib/arm-linux-gnueabihf/libpthread-2.19.so
76f7e000-76f81000 rw-p 00000000 00:00 0 
76f81000-76f8a000 r-xp 00000000 b3:07 1311172    /usr/lib/jvm/jdk-8-oracle-arm32-vfp-hflt/jre/lib/arm/libverify.so
76f8a000-76f92000 ---p 00009000 b3:07 1311172    /usr/lib/jvm/jdk-8-oracle-arm32-vfp-hflt/jre/lib/arm/libverify.so
76f92000-76f93000 rw-p 00009000 b3:07 1311172    /usr/lib/jvm/jdk-8-oracle-arm32-vfp-hflt/jre/lib/arm/libverify.so
76f93000-76f98000 r-xp 00000000 b3:07 1312124    /usr/lib/arm-linux-gnueabihf/libarmmem.so
76f98000-76fa7000 ---p 00005000 b3:07 1312124    /usr/lib/arm-linux-gnueabihf/libarmmem.so
76fa7000-76fa8000 rw-p 00004000 b3:07 1312124    /usr/lib/arm-linux-gnueabihf/libarmmem.so
76fa8000-76fc8000 r-xp 00000000 b3:07 130911     /lib/arm-linux-gnueabihf/ld-2.19.so
76fc8000-76fc9000 r--p 00000000 b3:07 399632     /usr/share/locale/en_GB/LC_MESSAGES/libc.mo
76fc9000-76fd1000 rw-s 00000000 b3:07 1449627    /tmp/hsperfdata_root/1013 (deleted)
76fd1000-76fd2000 ---p 00000000 00:00 0 
76fd2000-76fd5000 rw-p 00000000 00:00 0 
76fd5000-76fd7000 rw-p 00000000 00:00 0 
76fd7000-76fd8000 r--p 0001f000 b3:07 130911     /lib/arm-linux-gnueabihf/ld-2.19.so
76fd8000-76fd9000 rw-p 00020000 b3:07 130911     /lib/arm-linux-gnueabihf/ld-2.19.so
7eb27000-7eb48000 rwxp 00000000 00:00 0          [stack]
7ecd5000-7ecd6000 r-xp 00000000 00:00 0          [sigpage]
7ecd6000-7ecd7000 r--p 00000000 00:00 0          [vvar]
7ecd7000-7ecd8000 r-xp 00000000 00:00 0          [vdso]
ffff0000-ffff1000 r-xp 00000000 00:00 0          [vectors]

VM Arguments:
jvm_args: -Djava.library.path=. 
java_command: CameraVision-all.jar
java_class_path (initial): CameraVision-all.jar
Launcher Type: SUN_STANDARD

Environment Variables:
PATH=/usr/local/sbin:/usr/local/bin:/usr/sbin:/usr/bin:/sbin:/bin
USERNAME=root
SHELL=/bin/bash
DISPLAY=:0.0

Signal Handlers:
SIGSEGV: [libjvm.so+0x506638], sa_mask[0]=11111111011111111101111111111110, sa_flags=SA_RESTART|SA_SIGINFO
SIGBUS: [libjvm.so+0x506638], sa_mask[0]=11111111011111111101111111111110, sa_flags=SA_RESTART|SA_SIGINFO
SIGFPE: [libjvm.so+0x3fd4ec], sa_mask[0]=11111111011111111101111111111110, sa_flags=SA_RESTART|SA_SIGINFO
SIGPIPE: [libjvm.so+0x3fd4ec], sa_mask[0]=11111111011111111101111111111110, sa_flags=SA_RESTART|SA_SIGINFO
SIGXFSZ: [libjvm.so+0x3fd4ec], sa_mask[0]=11111111011111111101111111111110, sa_flags=SA_RESTART|SA_SIGINFO
SIGILL: [libjvm.so+0x3fd4ec], sa_mask[0]=11111111011111111101111111111110, sa_flags=SA_RESTART|SA_SIGINFO
SIGUSR1: SIG_DFL, sa_mask[0]=00000000000000000000000000000000, sa_flags=none
SIGUSR2: [libjvm.so+0x3fd650], sa_mask[0]=00000000000000000000000000000000, sa_flags=SA_RESTART|SA_SIGINFO
SIGHUP: [libjvm.so+0x3fda84], sa_mask[0]=11111111011111111101111111111110, sa_flags=SA_RESTART|SA_SIGINFO
SIGINT: [libjvm.so+0x3fda84], sa_mask[0]=11111111011111111101111111111110, sa_flags=SA_RESTART|SA_SIGINFO
SIGTERM: [libjvm.so+0x3fda84], sa_mask[0]=11111111011111111101111111111110, sa_flags=SA_RESTART|SA_SIGINFO
SIGQUIT: [libjvm.so+0x3fda84], sa_mask[0]=11111111011111111101111111111110, sa_flags=SA_RESTART|SA_SIGINFO


---------------  S Y S T E M  ---------------

OS:PRETTY_NAME="Raspbian GNU/Linux 8 (jessie)"
NAME="Raspbian GNU/Linux"
VERSION_ID="8"
VERSION="8 (jessie)"
ID=raspbian
ID_LIKE=debian
HOME_URL="http://www.raspbian.org/"
SUPPORT_URL="http://www.raspbian.org/RaspbianForums"
BUG_REPORT_URL="http://www.raspbian.org/RaspbianBugs"

uname:Linux 4.4.34-v7+ #930 SMP Wed Nov 23 15:20:41 GMT 2016 armv7l
libc:glibc 2.19 NPTL 2.19 
rlimit: STACK 8192k, CORE 0k, NPROC 7336, NOFILE 65536, AS infinity
load average:0.60 0.18 0.06

/proc/meminfo:
MemTotal:         947732 kB
MemFree:          668260 kB
MemAvailable:     800664 kB
Buffers:           15104 kB
Cached:           166188 kB
SwapCached:            0 kB
Active:           130944 kB
Inactive:         114952 kB
Active(anon):      65084 kB
Inactive(anon):    11460 kB
Active(file):      65860 kB
Inactive(file):   103492 kB
Unevictable:           0 kB
Mlocked:               0 kB
SwapTotal:        102396 kB
SwapFree:         102396 kB
Dirty:               112 kB
Writeback:             0 kB
AnonPages:         64600 kB
Mapped:            75488 kB
Shmem:             11944 kB
Slab:              16880 kB
SReclaimable:       8020 kB
SUnreclaim:         8860 kB
KernelStack:        1760 kB
PageTables:         2532 kB
NFS_Unstable:          0 kB
Bounce:                0 kB
WritebackTmp:          0 kB
CommitLimit:      576260 kB
Committed_AS:     822836 kB
VmallocTotal:    1114112 kB
VmallocUsed:           0 kB
VmallocChunk:          0 kB
CmaTotal:           8192 kB
CmaFree:            3600 kB


CPU:total 4 (ARMv7), vfp

/proc/cpuinfo:
processor	: 0
model name	: ARMv7 Processor rev 4 (v7l)
BogoMIPS	: 76.80
Features	: half thumb fastmult vfp edsp neon vfpv3 tls vfpv4 idiva idivt vfpd32 lpae evtstrm crc32 
CPU implementer	: 0x41
CPU architecture: 7
CPU variant	: 0x0
CPU part	: 0xd03
CPU revision	: 4

processor	: 1
model name	: ARMv7 Processor rev 4 (v7l)
BogoMIPS	: 76.80
Features	: half thumb fastmult vfp edsp neon vfpv3 tls vfpv4 idiva idivt vfpd32 lpae evtstrm crc32 
CPU implementer	: 0x41
CPU architecture: 7
CPU variant	: 0x0
CPU part	: 0xd03
CPU revision	: 4

processor	: 2
model name	: ARMv7 Processor rev 4 (v7l)
BogoMIPS	: 76.80
Features	: half thumb fastmult vfp edsp neon vfpv3 tls vfpv4 idiva idivt vfpd32 lpae evtstrm crc32 
CPU implementer	: 0x41
CPU architecture: 7
CPU variant	: 0x0
CPU part	: 0xd03
CPU revision	: 4

processor	: 3
model name	: ARMv7 Processor rev 4 (v7l)
BogoMIPS	: 76.80
Features	: half thumb fastmult vfp edsp neon vfpv3 tls vfpv4 idiva idivt vfpd32 lpae evtstrm crc32 
CPU implementer	: 0x41
CPU architecture: 7
CPU variant	: 0x0
CPU part	: 0xd03
CPU revision	: 4

Hardware	: BCM2709
Revision	: a02082
Serial		: 00000000a10a37a6


Memory: 4k page, physical 947732k(668260k free), swap 102396k(102396k free)

vm_info: Java HotSpot(TM) Client VM (25.65-b01) for linux-arm-vfp-hflt JRE (1.8.0_65-b17), built on Oct  6 2015 16:19:04 by "java_re" with gcc 4.7.2 20120910 (prerelease)

time: Tue Feb 21 12:47:04 2017
elapsed time: 18 seconds (0d 0h 0m 18s)

