#
# A fatal error has been detected by the Java Runtime Environment:
#
#  SIGSEGV (0xb) at pc=0x76105bf8, pid=4160, tid=1612420192
#
# JRE version: Java(TM) SE Runtime Environment (8.0_65-b17) (build 1.8.0_65-b17)
# Java VM: Java HotSpot(TM) Client VM (25.65-b01 mixed mode linux-arm )
# Problematic frame:
# C  0x76105bf8
#
# Failed to write core dump. Core dumps have been disabled. To enable core dumping, try "ulimit -c unlimited" before starting Java again
#
# If you would like to submit a bug report, please visit:
#   http://bugreport.java.com/bugreport/crash.jsp
#

---------------  T H R E A D  ---------------

Current thread is native thread

siginfo: si_signo: 11 (SIGSEGV), si_code: 2 (SEGV_ACCERR), si_addr: 0x76105bf8

Registers:
  r0  = 0x63721a80
  r1  = 0x00000000
  r2  = 0x00000001
  r3  = 0x76105bf8
  r4  = 0x41000001
  r5  = 0x76e9b5bc
  r6  = 0x61dc0544
  r7  = 0x00000008
  r8  = 0x63721ae0
  r9  = 0x61dc061c
  r10 = 0x63721a80
  fp  = 0x63721ae0
  r12 = 0x61dbe34c
  sp  = 0x601b8b28
  lr  = 0x61a38cac
  pc  = 0x76105bf8
  cpsr = 0x60000010

Top of Stack: (sp=0x601b8b28)
0x601b8b28:   00000008 00000001 63721c74 80000015
0x601b8b38:   6478fb08 63721ae0 00000015 00000013
0x601b8b48:   601b8bcc 61dbc0ec 00000001 61a56f0c
0x601b8b58:   601b8bcc 0000019c 00000000 0034d9ef
0x601b8b68:   00000000 63721ae0 601b8d18 00000000
0x601b8b78:   00000000 601b8d98 00000000 00000000
0x601b8b88:   00000000 00000000 00000000 63721c08
0x601b8b98:   00000014 00000000 00000000 00000000 

Instructions: (pc=0x76105bf8)
0x76105bd8:   5f617600 6176616a 5f6f695f 0000001d
0x76105be8:   76100000 76107000 00000001 00000004
0x76105bf8:   73444974 00000059 761084a0 63722378
0x76105c08:   636e7973 6e6f435f 646e6574 6f4c6465 

Register to memory mapping:

  r0  = 0x63721a80

[error occurred during error reporting (printing register info), id 0xb]

Stack: [0x5f9ba000,0x601ba000],  sp=0x601b8b28,  free space=8186k
Native frames: (J=compiled Java code, j=interpreted, Vv=VM code, C=native code)
C  0x76105bf8

[error occurred during error reporting (printing native stack), id 0xb]


---------------  P R O C E S S  ---------------

VM state:at safepoint (shutting down)

VM Mutex/Monitor currently owned by a thread:  ([mutex/lock_event])
[0x76104a80] Threads_lock - owner thread: 0x7615d400

Heap:
 def new generation   total 4864K, used 1846K [0x65600000, 0x65b40000, 0x6a340000)
  eden space 4352K,  42% used [0x65600000, 0x657cda00, 0x65a40000)
  from space 512K,   0% used [0x65a40000, 0x65a40000, 0x65ac0000)
  to   space 512K,   0% used [0x65ac0000, 0x65ac0000, 0x65b40000)
 tenured generation   total 11008K, used 0K [0x6a340000, 0x6ae00000, 0x73e00000)
   the space 11008K,   0% used [0x6a340000, 0x6a340000, 0x6a340200, 0x6ae00000)
 Metaspace       used 2233K, capacity 2464K, committed 2584K, reserved 4400K

Card table byte_map: [0x73f67000,0x73fdc000] byte_map_base: 0x73c3c000

Polling page: 0x76f08000

CodeCache: size=32768Kb used=742Kb max_used=742Kb free=32025Kb
 bounds [0x7405c000, 0x7411c000, 0x7605c000]
 total_blobs=360 nmethods=45 adapters=248
 compilation: enabled

Compilation events (10 events):
Event: 1.418 Thread 0x7617f400   38             java.util.Arrays::copyOfRange (63 bytes)
Event: 1.420 Thread 0x7617f400 nmethod 38 0x7410c708 code [0x7410c840, 0x7410cbb0]
Event: 101.090 Thread 0x7617f400   39             edu.wpi.cscore.CvSink::grabFrame (9 bytes)
Event: 101.091 Thread 0x7617f400 nmethod 39 0x74114b08 code [0x74114bf0, 0x74114ca4]
Event: 101.091 Thread 0x7617f400   40             edu.wpi.cscore.CvSink::grabFrame (13 bytes)
Event: 101.091 Thread 0x7617f400 nmethod 40 0x74114d48 code [0x74114e30, 0x74114ed4]
Event: 101.285 Thread 0x7617f400   42             edu.wpi.cscore.CvSource::putFrame (12 bytes)
Event: 101.286 Thread 0x7617f400 nmethod 42 0x74115188 code [0x74115270, 0x74115314]
Event: 201.408 Thread 0x7617f400   44             org.opencv.imgproc.Imgproc::cvtColor (13 bytes)
Event: 201.408 Thread 0x7617f400 nmethod 44 0x741157c8 code [0x741158b0, 0x74115964]

GC Heap History (0 events):
No events

Deoptimization events (0 events):
No events

Internal exceptions (6 events):
Event: 0.080 Thread 0x76107000 Exception <a 'java/lang/NoSuchMethodError': Method sun.misc.Unsafe.defineClass(Ljava/lang/String;[BII)Ljava/lang/Class; name or signature does not match> (0x65610498) thrown at [/HUDSON/workspace/8-2-build-glinux-arm-vfp-hflt/jdk8u65/4987/hotspot/src/shar
Event: 0.080 Thread 0x76107000 Exception <a 'java/lang/NoSuchMethodError': Method sun.misc.Unsafe.prefetchRead(Ljava/lang/Object;J)V name or signature does not match> (0x65610768) thrown at [/HUDSON/workspace/8-2-build-glinux-arm-vfp-hflt/jdk8u65/4987/hotspot/src/share/vm/prims/jni.cpp
Event: 0.321 Thread 0x76107000 Exception <a 'java/security/PrivilegedActionException'> (0x656c3d58) thrown at [/HUDSON/workspace/8-2-build-glinux-arm-vfp-hflt/jdk8u65/4987/hotspot/src/share/vm/prims/jvm.cpp, line 1386]
Event: 0.321 Thread 0x76107000 Exception <a 'java/security/PrivilegedActionException'> (0x656c3f58) thrown at [/HUDSON/workspace/8-2-build-glinux-arm-vfp-hflt/jdk8u65/4987/hotspot/src/share/vm/prims/jvm.cpp, line 1386]
Event: 0.322 Thread 0x76107000 Exception <a 'java/security/PrivilegedActionException'> (0x656c66a8) thrown at [/HUDSON/workspace/8-2-build-glinux-arm-vfp-hflt/jdk8u65/4987/hotspot/src/share/vm/prims/jvm.cpp, line 1386]
Event: 0.322 Thread 0x76107000 Exception <a 'java/security/PrivilegedActionException'> (0x656c68a8) thrown at [/HUDSON/workspace/8-2-build-glinux-arm-vfp-hflt/jdk8u65/4987/hotspot/src/share/vm/prims/jvm.cpp, line 1386]

Events (10 events):
Event: 1.422 loading class org/opencv/core/MatOfInt4
Event: 1.422 loading class org/opencv/core/MatOfInt4 done
Event: 4.191 Executing VM operation: EnableBiasedLocking
Event: 4.191 Executing VM operation: EnableBiasedLocking done
Event: 241.310 loading class sun/misc/Signal$1
Event: 241.311 loading class sun/misc/Signal$1 done
Event: 241.311 Thread 0x64900c00 Thread added: 0x64900c00
Event: 241.312 loading class java/util/ArrayList$Itr
Event: 241.312 loading class java/util/ArrayList$Itr done
Event: 241.313 Executing VM operation: Exit


Dynamic libraries:
00008000-00009000 r-xp 00000000 b3:07 1311207    /usr/lib/jvm/jdk-8-oracle-arm32-vfp-hflt/jre/bin/java
00010000-00011000 rw-p 00000000 b3:07 1311207    /usr/lib/jvm/jdk-8-oracle-arm32-vfp-hflt/jre/bin/java
0042d000-0044e000 rw-p 00000000 00:00 0          [heap]
5b600000-5b601000 ---p 00000000 00:00 0 
5b601000-5be00000 rwxp 00000000 00:00 0 
5be00000-5be01000 ---p 00000000 00:00 0 
5be01000-5c600000 rwxp 00000000 00:00 0 
5c600000-5c601000 ---p 00000000 00:00 0 
5c601000-5ce00000 rwxp 00000000 00:00 0 
5ce00000-5ce01000 ---p 00000000 00:00 0 
5ce01000-5d600000 rwxp 00000000 00:00 0 
5d600000-5d684000 rw-p 00000000 00:00 0 
5d684000-5d700000 ---p 00000000 00:00 0 
5d800000-5d8f4000 rw-p 00000000 00:00 0 
5d8f4000-5d900000 ---p 00000000 00:00 0 
5d944000-5d947000 ---p 00000000 00:00 0 
5d947000-5d994000 rwxp 00000000 00:00 0 
5d994000-5d995000 ---p 00000000 00:00 0 
5d995000-5e194000 rwxp 00000000 00:00 0 
5e194000-5e195000 ---p 00000000 00:00 0 
5e195000-5e994000 rwxp 00000000 00:00 0 
5e9ba000-5e9bb000 ---p 00000000 00:00 0 
5e9bb000-5f1ba000 rwxp 00000000 00:00 0 
5f1ba000-5f1bb000 ---p 00000000 00:00 0 
5f1bb000-5f9ba000 rwxp 00000000 00:00 0 
5f9ba000-5f9bb000 ---p 00000000 00:00 0 
5f9bb000-601ba000 rwxp 00000000 00:00 0 
601ba000-601bb000 ---p 00000000 00:00 0 
601bb000-609ba000 rwxp 00000000 00:00 0 
609ba000-609bb000 ---p 00000000 00:00 0 
609bb000-611ba000 rwxp 00000000 00:00 0 
611ba000-611bb000 ---p 00000000 00:00 0 
611bb000-619ba000 rwxp 00000000 00:00 0 
619ba000-61da9000 r-xp 00000000 b3:07 1449031    /tmp/libCameraServerJNI804385831887109187.so (deleted)
61da9000-61db9000 ---p 003ef000 b3:07 1449031    /tmp/libCameraServerJNI804385831887109187.so (deleted)
61db9000-61dc1000 rw-p 003ef000 b3:07 1449031    /tmp/libCameraServerJNI804385831887109187.so (deleted)
61dc1000-61e57000 rw-p 00000000 00:00 0 
61e57000-61e58000 ---p 00000000 00:00 0 
61e58000-62657000 rwxp 00000000 00:00 0 
62657000-62658000 ---p 00000000 00:00 0 
62658000-62e57000 rwxp 00000000 00:00 0 
62e57000-62e58000 ---p 00000000 00:00 0 
62e58000-63657000 rwxp 00000000 00:00 0 
63657000-636ef000 r-xp 00000000 b3:07 1449030    /tmp/libNetworkTablesJNI1936413604811262223.so (deleted)
636ef000-636fe000 ---p 00098000 b3:07 1449030    /tmp/libNetworkTablesJNI1936413604811262223.so (deleted)
636fe000-63700000 rw-p 00097000 b3:07 1449030    /tmp/libNetworkTablesJNI1936413604811262223.so (deleted)
63700000-637dd000 rw-p 00000000 00:00 0 
637dd000-63800000 ---p 00000000 00:00 0 
63866000-63927000 r-xp 00000000 b3:07 1311638    /usr/lib/arm-linux-gnueabihf/libstdc++.so.6.0.20
63927000-63936000 ---p 000c1000 b3:07 1311638    /usr/lib/arm-linux-gnueabihf/libstdc++.so.6.0.20
63936000-6393a000 r--p 000c0000 b3:07 1311638    /usr/lib/arm-linux-gnueabihf/libstdc++.so.6.0.20
6393a000-6393c000 rw-p 000c4000 b3:07 1311638    /usr/lib/arm-linux-gnueabihf/libstdc++.so.6.0.20
6393c000-63942000 rw-p 00000000 00:00 0 
63942000-6443a000 r-xp 00000000 b3:07 1712983    /usr/local/src/tmp/Downloads/Java/output/libopencv_java310.so
6443a000-6444a000 ---p 00af8000 b3:07 1712983    /usr/local/src/tmp/Downloads/Java/output/libopencv_java310.so
6444a000-64460000 r--p 00af8000 b3:07 1712983    /usr/local/src/tmp/Downloads/Java/output/libopencv_java310.so
64460000-64466000 rw-p 00b0e000 b3:07 1712983    /usr/local/src/tmp/Downloads/Java/output/libopencv_java310.so
64466000-64500000 rw-p 00000000 00:00 0 
64500000-6452e000 rw-p 00000000 00:00 0 
6452e000-64600000 ---p 00000000 00:00 0 
64680000-64681000 ---p 00000000 00:00 0 
64681000-64700000 rwxp 00000000 00:00 0 
64700000-647a0000 rw-p 00000000 00:00 0 
647a0000-64800000 ---p 00000000 00:00 0 
64830000-64833000 ---p 00000000 00:00 0 
64833000-64880000 rwxp 00000000 00:00 0 
64880000-64883000 ---p 00000000 00:00 0 
64883000-64900000 rwxp 00000000 00:00 0 
64900000-64921000 rw-p 00000000 00:00 0 
64921000-64a00000 ---p 00000000 00:00 0 
64a27000-64a2a000 ---p 00000000 00:00 0 
64a2a000-64a77000 rwxp 00000000 00:00 0 
64a77000-64c00000 r--p 00000000 b3:07 1317856    /usr/lib/locale/locale-archive
64c00000-64c21000 rw-p 00000000 00:00 0 
64c21000-64d00000 ---p 00000000 00:00 0 
64d00000-64d21000 rw-p 00000000 00:00 0 
64d21000-64e00000 ---p 00000000 00:00 0 
64e00000-64e21000 rw-p 00000000 00:00 0 
64e21000-64f00000 ---p 00000000 00:00 0 
64f0c000-64f0f000 ---p 00000000 00:00 0 
64f0f000-64f5c000 rwxp 00000000 00:00 0 
64f5c000-64f5d000 ---p 00000000 00:00 0 
64f5d000-64fdc000 rwxp 00000000 00:00 0 
64fdc000-651b4000 r--s 03d20000 b3:07 1311086    /usr/lib/jvm/jdk-8-oracle-arm32-vfp-hflt/jre/lib/rt.jar
651b4000-6543a000 rw-p 00000000 00:00 0 
6543a000-65600000 ---p 00000000 00:00 0 
65600000-65b40000 rw-p 00000000 00:00 0 
65b40000-6a340000 ---p 00000000 00:00 0 
6a340000-6ae00000 rw-p 00000000 00:00 0 
6ae00000-73e00000 ---p 00000000 00:00 0 
73e1f000-73e22000 ---p 00000000 00:00 0 
73e22000-73e6f000 rwxp 00000000 00:00 0 
73e6f000-73f1f000 rw-p 00000000 00:00 0 
73f1f000-73f67000 ---p 00000000 00:00 0 
73f67000-73f6a000 rw-p 00000000 00:00 0 
73f6a000-73f8d000 ---p 00000000 00:00 0 
73f8d000-73f93000 rw-p 00000000 00:00 0 
73f93000-73fdb000 ---p 00000000 00:00 0 
73fdb000-73fdf000 rw-p 00000000 00:00 0 
73fdf000-7405c000 ---p 00000000 00:00 0 
7405c000-7411c000 rwxp 00000000 00:00 0 
7411c000-7605c000 ---p 00000000 00:00 0 
7605c000-76073000 r-xp 00000000 b3:07 1311148    /usr/lib/jvm/jdk-8-oracle-arm32-vfp-hflt/jre/lib/arm/libzip.so
76073000-7607a000 ---p 00017000 b3:07 1311148    /usr/lib/jvm/jdk-8-oracle-arm32-vfp-hflt/jre/lib/arm/libzip.so
7607a000-7607b000 rw-p 00016000 b3:07 1311148    /usr/lib/jvm/jdk-8-oracle-arm32-vfp-hflt/jre/lib/arm/libzip.so
7607b000-76086000 r-xp 00000000 b3:07 131001     /lib/arm-linux-gnueabihf/libnss_files-2.19.so
76086000-76095000 ---p 0000b000 b3:07 131001     /lib/arm-linux-gnueabihf/libnss_files-2.19.so
76095000-76096000 r--p 0000a000 b3:07 131001     /lib/arm-linux-gnueabihf/libnss_files-2.19.so
76096000-76097000 rw-p 0000b000 b3:07 131001     /lib/arm-linux-gnueabihf/libnss_files-2.19.so
76097000-760a0000 r-xp 00000000 b3:07 131084     /lib/arm-linux-gnueabihf/libnss_nis-2.19.so
760a0000-760af000 ---p 00009000 b3:07 131084     /lib/arm-linux-gnueabihf/libnss_nis-2.19.so
760af000-760b0000 r--p 00008000 b3:07 131084     /lib/arm-linux-gnueabihf/libnss_nis-2.19.so
760b0000-760b1000 rw-p 00009000 b3:07 131084     /lib/arm-linux-gnueabihf/libnss_nis-2.19.so
760b1000-760c2000 r-xp 00000000 b3:07 130932     /lib/arm-linux-gnueabihf/libnsl-2.19.so
760c2000-760d1000 ---p 00011000 b3:07 130932     /lib/arm-linux-gnueabihf/libnsl-2.19.so
760d1000-760d2000 r--p 00010000 b3:07 130932     /lib/arm-linux-gnueabihf/libnsl-2.19.so
760d2000-760d3000 rw-p 00011000 b3:07 130932     /lib/arm-linux-gnueabihf/libnsl-2.19.so
760d3000-760d5000 rw-p 00000000 00:00 0 
760d5000-760dc000 r-xp 00000000 b3:07 130972     /lib/arm-linux-gnueabihf/libnss_compat-2.19.so
760dc000-760eb000 ---p 00007000 b3:07 130972     /lib/arm-linux-gnueabihf/libnss_compat-2.19.so
760eb000-760ec000 r--p 00006000 b3:07 130972     /lib/arm-linux-gnueabihf/libnss_compat-2.19.so
760ec000-760ed000 rw-p 00007000 b3:07 130972     /lib/arm-linux-gnueabihf/libnss_compat-2.19.so
76100000-761fe000 rw-p 00000000 00:00 0 
761fe000-76200000 ---p 00000000 00:00 0 
76200000-76205000 r--s 00096000 b3:07 1311090    /usr/lib/jvm/jdk-8-oracle-arm32-vfp-hflt/jre/lib/jsse.jar
76205000-76209000 r--s 001fe000 b3:07 1712982    /usr/local/src/tmp/Downloads/Java/output/CameraVision-all.jar
76209000-7622c000 r-xp 00000000 b3:07 1311152    /usr/lib/jvm/jdk-8-oracle-arm32-vfp-hflt/jre/lib/arm/libjava.so
7622c000-76234000 ---p 00023000 b3:07 1311152    /usr/lib/jvm/jdk-8-oracle-arm32-vfp-hflt/jre/lib/arm/libjava.so
76234000-76235000 rw-p 00023000 b3:07 1311152    /usr/lib/jvm/jdk-8-oracle-arm32-vfp-hflt/jre/lib/arm/libjava.so
76235000-7623b000 r-xp 00000000 b3:07 130988     /lib/arm-linux-gnueabihf/librt-2.19.so
7623b000-7624a000 ---p 00006000 b3:07 130988     /lib/arm-linux-gnueabihf/librt-2.19.so
7624a000-7624b000 r--p 00005000 b3:07 130988     /lib/arm-linux-gnueabihf/librt-2.19.so
7624b000-7624c000 rw-p 00006000 b3:07 130988     /lib/arm-linux-gnueabihf/librt-2.19.so
7624c000-7624f000 ---p 00000000 00:00 0 
7624f000-7629c000 rwxp 00000000 00:00 0 
7629c000-76305000 r-xp 00000000 b3:07 130960     /lib/arm-linux-gnueabihf/libm-2.19.so
76305000-76315000 ---p 00069000 b3:07 130960     /lib/arm-linux-gnueabihf/libm-2.19.so
76315000-76316000 r--p 00069000 b3:07 130960     /lib/arm-linux-gnueabihf/libm-2.19.so
76316000-76317000 rw-p 0006a000 b3:07 130960     /lib/arm-linux-gnueabihf/libm-2.19.so
76317000-7689a000 r-xp 00000000 b3:07 1311177    /usr/lib/jvm/jdk-8-oracle-arm32-vfp-hflt/jre/lib/arm/client/libjvm.so
7689a000-768a2000 ---p 00583000 b3:07 1311177    /usr/lib/jvm/jdk-8-oracle-arm32-vfp-hflt/jre/lib/arm/client/libjvm.so
768a2000-768ce000 rw-p 00583000 b3:07 1311177    /usr/lib/jvm/jdk-8-oracle-arm32-vfp-hflt/jre/lib/arm/client/libjvm.so
768ce000-76cf1000 rw-p 00000000 00:00 0 
76cf1000-76d0e000 r-xp 00000000 b3:07 130945     /lib/arm-linux-gnueabihf/libgcc_s.so.1
76d0e000-76d1d000 ---p 0001d000 b3:07 130945     /lib/arm-linux-gnueabihf/libgcc_s.so.1
76d1d000-76d1e000 rw-p 0001c000 b3:07 130945     /lib/arm-linux-gnueabihf/libgcc_s.so.1
76d1e000-76e49000 r-xp 00000000 b3:07 131006     /lib/arm-linux-gnueabihf/libc-2.19.so
76e49000-76e59000 ---p 0012b000 b3:07 131006     /lib/arm-linux-gnueabihf/libc-2.19.so
76e59000-76e5b000 r--p 0012b000 b3:07 131006     /lib/arm-linux-gnueabihf/libc-2.19.so
76e5b000-76e5c000 rw-p 0012d000 b3:07 131006     /lib/arm-linux-gnueabihf/libc-2.19.so
76e5c000-76e5f000 rw-p 00000000 00:00 0 
76e5f000-76e61000 r-xp 00000000 b3:07 131081     /lib/arm-linux-gnueabihf/libdl-2.19.so
76e61000-76e70000 ---p 00002000 b3:07 131081     /lib/arm-linux-gnueabihf/libdl-2.19.so
76e70000-76e71000 r--p 00001000 b3:07 131081     /lib/arm-linux-gnueabihf/libdl-2.19.so
76e71000-76e72000 rw-p 00002000 b3:07 131081     /lib/arm-linux-gnueabihf/libdl-2.19.so
76e72000-76e86000 r-xp 00000000 b3:07 1311175    /usr/lib/jvm/jdk-8-oracle-arm32-vfp-hflt/jre/lib/arm/jli/libjli.so
76e86000-76e8e000 ---p 00014000 b3:07 1311175    /usr/lib/jvm/jdk-8-oracle-arm32-vfp-hflt/jre/lib/arm/jli/libjli.so
76e8e000-76e8f000 rw-p 00014000 b3:07 1311175    /usr/lib/jvm/jdk-8-oracle-arm32-vfp-hflt/jre/lib/arm/jli/libjli.so
76e8f000-76ea3000 r-xp 00000000 b3:07 131019     /lib/arm-linux-gnueabihf/libpthread-2.19.so
76ea3000-76eb3000 ---p 00014000 b3:07 131019     /lib/arm-linux-gnueabihf/libpthread-2.19.so
76eb3000-76eb4000 r--p 00014000 b3:07 131019     /lib/arm-linux-gnueabihf/libpthread-2.19.so
76eb4000-76eb5000 rw-p 00015000 b3:07 131019     /lib/arm-linux-gnueabihf/libpthread-2.19.so
76eb5000-76eb7000 rw-p 00000000 00:00 0 
76eb8000-76ec1000 r-xp 00000000 b3:07 1311172    /usr/lib/jvm/jdk-8-oracle-arm32-vfp-hflt/jre/lib/arm/libverify.so
76ec1000-76ec9000 ---p 00009000 b3:07 1311172    /usr/lib/jvm/jdk-8-oracle-arm32-vfp-hflt/jre/lib/arm/libverify.so
76ec9000-76eca000 rw-p 00009000 b3:07 1311172    /usr/lib/jvm/jdk-8-oracle-arm32-vfp-hflt/jre/lib/arm/libverify.so
76eca000-76ecf000 r-xp 00000000 b3:07 1312124    /usr/lib/arm-linux-gnueabihf/libarmmem.so
76ecf000-76ede000 ---p 00005000 b3:07 1312124    /usr/lib/arm-linux-gnueabihf/libarmmem.so
76ede000-76edf000 rw-p 00004000 b3:07 1312124    /usr/lib/arm-linux-gnueabihf/libarmmem.so
76edf000-76eff000 r-xp 00000000 b3:07 130911     /lib/arm-linux-gnueabihf/ld-2.19.so
76f00000-76f08000 rw-s 00000000 b3:07 1449025    /tmp/hsperfdata_root/4160 (deleted)
76f08000-76f09000 ---p 00000000 00:00 0 
76f09000-76f0c000 rw-p 00000000 00:00 0 
76f0c000-76f0e000 rw-p 00000000 00:00 0 
76f0e000-76f0f000 r--p 0001f000 b3:07 130911     /lib/arm-linux-gnueabihf/ld-2.19.so
76f0f000-76f10000 rw-p 00020000 b3:07 130911     /lib/arm-linux-gnueabihf/ld-2.19.so
7eacd000-7eaee000 rwxp 00000000 00:00 0          [stack]
7ec33000-7ec34000 r-xp 00000000 00:00 0          [sigpage]
7ec34000-7ec35000 r--p 00000000 00:00 0          [vvar]
7ec35000-7ec36000 r-xp 00000000 00:00 0          [vdso]
ffff0000-ffff1000 r-xp 00000000 00:00 0          [vectors]

VM Arguments:
jvm_args: -Djava.library.path=. 
java_command: CameraVision-all.jar
java_class_path (initial): CameraVision-all.jar
Launcher Type: SUN_STANDARD

Environment Variables:
PATH=/usr/local/sbin:/usr/local/bin:/usr/sbin:/usr/bin:/sbin:/bin
USERNAME=root
SHELL=/bin/bash
DISPLAY=:0.0

Signal Handlers:
SIGSEGV: [libjvm.so+0x506638], sa_mask[0]=11111111011111111101111111111110, sa_flags=SA_RESTART|SA_SIGINFO
SIGBUS: [libjvm.so+0x506638], sa_mask[0]=11111111011111111101111111111110, sa_flags=SA_RESTART|SA_SIGINFO
SIGFPE: [libjvm.so+0x3fd4ec], sa_mask[0]=11111111011111111101111111111110, sa_flags=SA_RESTART|SA_SIGINFO
SIGPIPE: [libjvm.so+0x3fd4ec], sa_mask[0]=11111111011111111101111111111110, sa_flags=SA_RESTART|SA_SIGINFO
SIGXFSZ: [libjvm.so+0x3fd4ec], sa_mask[0]=11111111011111111101111111111110, sa_flags=SA_RESTART|SA_SIGINFO
SIGILL: [libjvm.so+0x3fd4ec], sa_mask[0]=11111111011111111101111111111110, sa_flags=SA_RESTART|SA_SIGINFO
SIGUSR1: SIG_DFL, sa_mask[0]=00000000000000000000000000000000, sa_flags=none
SIGUSR2: [libjvm.so+0x3fd650], sa_mask[0]=00000000000000000000000000000000, sa_flags=SA_RESTART|SA_SIGINFO
SIGHUP: [libjvm.so+0x3fda84], sa_mask[0]=11111111011111111101111111111110, sa_flags=SA_RESTART|SA_SIGINFO
SIGINT: [libjvm.so+0x3fda84], sa_mask[0]=11111111011111111101111111111110, sa_flags=SA_RESTART|SA_SIGINFO
SIGTERM: [libjvm.so+0x3fda84], sa_mask[0]=11111111011111111101111111111110, sa_flags=SA_RESTART|SA_SIGINFO
SIGQUIT: [libjvm.so+0x3fda84], sa_mask[0]=11111111011111111101111111111110, sa_flags=SA_RESTART|SA_SIGINFO


---------------  S Y S T E M  ---------------

OS:PRETTY_NAME="Raspbian GNU/Linux 8 (jessie)"
NAME="Raspbian GNU/Linux"
VERSION_ID="8"
VERSION="8 (jessie)"
ID=raspbian
ID_LIKE=debian
HOME_URL="http://www.raspbian.org/"
SUPPORT_URL="http://www.raspbian.org/RaspbianForums"
BUG_REPORT_URL="http://www.raspbian.org/RaspbianBugs"

uname:Linux 4.4.34-v7+ #930 SMP Wed Nov 23 15:20:41 GMT 2016 armv7l
libc:glibc 2.19 NPTL 2.19 
rlimit: STACK 8192k, CORE 0k, NPROC 7336, NOFILE 65536, AS infinity
load average:0.40 0.39 0.31

/proc/meminfo:
MemTotal:         947732 kB
MemFree:           66200 kB
MemAvailable:     415616 kB
Buffers:           33208 kB
Cached:           443852 kB
SwapCached:           72 kB
Active:           556968 kB
Inactive:         275420 kB
Active(anon):     281752 kB
Inactive(anon):   168144 kB
Active(file):     275216 kB
Inactive(file):   107276 kB
Unevictable:           0 kB
Mlocked:               0 kB
SwapTotal:        102396 kB
SwapFree:          97360 kB
Dirty:               120 kB
Writeback:             0 kB
AnonPages:        355332 kB
Mapped:           272668 kB
Shmem:             94572 kB
Slab:              27524 kB
SReclaimable:      15764 kB
SUnreclaim:        11760 kB
KernelStack:        2528 kB
PageTables:         6728 kB
NFS_Unstable:          0 kB
Bounce:                0 kB
WritebackTmp:          0 kB
CommitLimit:      576260 kB
Committed_AS:    2057860 kB
VmallocTotal:    1114112 kB
VmallocUsed:           0 kB
VmallocChunk:          0 kB
CmaTotal:           8192 kB
CmaFree:            3376 kB


CPU:total 4 (ARMv7), vfp

/proc/cpuinfo:
processor	: 0
model name	: ARMv7 Processor rev 4 (v7l)
BogoMIPS	: 76.80
Features	: half thumb fastmult vfp edsp neon vfpv3 tls vfpv4 idiva idivt vfpd32 lpae evtstrm crc32 
CPU implementer	: 0x41
CPU architecture: 7
CPU variant	: 0x0
CPU part	: 0xd03
CPU revision	: 4

processor	: 1
model name	: ARMv7 Processor rev 4 (v7l)
BogoMIPS	: 76.80
Features	: half thumb fastmult vfp edsp neon vfpv3 tls vfpv4 idiva idivt vfpd32 lpae evtstrm crc32 
CPU implementer	: 0x41
CPU architecture: 7
CPU variant	: 0x0
CPU part	: 0xd03
CPU revision	: 4

processor	: 2
model name	: ARMv7 Processor rev 4 (v7l)
BogoMIPS	: 76.80
Features	: half thumb fastmult vfp edsp neon vfpv3 tls vfpv4 idiva idivt vfpd32 lpae evtstrm crc32 
CPU implementer	: 0x41
CPU architecture: 7
CPU variant	: 0x0
CPU part	: 0xd03
CPU revision	: 4

processor	: 3
model name	: ARMv7 Processor rev 4 (v7l)
BogoMIPS	: 76.80
Features	: half thumb fastmult vfp edsp neon vfpv3 tls vfpv4 idiva idivt vfpd32 lpae evtstrm crc32 
CPU implementer	: 0x41
CPU architecture: 7
CPU variant	: 0x0
CPU part	: 0xd03
CPU revision	: 4

Hardware	: BCM2709
Revision	: a02082
Serial		: 00000000a10a37a6


Memory: 4k page, physical 947732k(66076k free), swap 102396k(97360k free)

vm_info: Java HotSpot(TM) Client VM (25.65-b01) for linux-arm-vfp-hflt JRE (1.8.0_65-b17), built on Oct  6 2015 16:19:04 by "java_re" with gcc 4.7.2 20120910 (prerelease)

time: Mon Feb 20 23:08:07 2017
elapsed time: 241 seconds (0d 0h 4m 1s)

