#
# A fatal error has been detected by the Java Runtime Environment:
#
#  SIGSEGV (0xb) at pc=0x761885f8, pid=2288, tid=1612420192
#
# JRE version: Java(TM) SE Runtime Environment (8.0_65-b17) (build 1.8.0_65-b17)
# Java VM: Java HotSpot(TM) Client VM (25.65-b01 mixed mode linux-arm )
# Problematic frame:
# C  0x761885f8
#
# Failed to write core dump. Core dumps have been disabled. To enable core dumping, try "ulimit -c unlimited" before starting Java again
#
# If you would like to submit a bug report, please visit:
#   http://bugreport.java.com/bugreport/crash.jsp
#

---------------  T H R E A D  ---------------

Current thread is native thread

siginfo: si_signo: 11 (SIGSEGV), si_code: 2 (SEGV_ACCERR), si_addr: 0x761885f8

Registers:
  r0  = 0x63721ac8
  r1  = 0x00000000
  r2  = 0x00000001
  r3  = 0x761885f8
  r4  = 0x41000001
  r5  = 0x76ea95bc
  r6  = 0x61dc0544
  r7  = 0x00000008
  r8  = 0x63721b28
  r9  = 0x61dc061c
  r10 = 0x63721ac8
  fp  = 0x63721b28
  r12 = 0x61dbe34c
  sp  = 0x601b8b28
  lr  = 0x61a38cac
  pc  = 0x761885f8
  cpsr = 0x60000010

Top of Stack: (sp=0x601b8b28)
0x601b8b28:   00000008 00000001 63721cbc 80000015
0x601b8b38:   6478fab8 63721b28 00000015 00000013
0x601b8b48:   601b8bcc 61dbc0ec 00000001 61a56f0c
0x601b8b58:   601b8bcc 0000019c 00000000 0034d7a0
0x601b8b68:   00000000 63721b28 601b8d18 00000000
0x601b8b78:   00000000 601b8d98 00000000 00000000
0x601b8b88:   00000000 00000000 00000000 63721c50
0x601b8b98:   00000014 00000000 00000000 00000000 

Instructions: (pc=0x761885f8)
0x761885d8:   00000000 00000000 00000000 00000000
0x761885e8:   00000000 00000000 00000000 00000000
0x761885f8:   612f6269 0000003d 63720bf8 73616c63
0x76188608:   616f6c73 2e726564 65726170 6544746e 

Register to memory mapping:

  r0  = 0x63721ac8

[error occurred during error reporting (printing register info), id 0xb]

Stack: [0x5f9ba000,0x601ba000],  sp=0x601b8b28,  free space=8186k
Native frames: (J=compiled Java code, j=interpreted, Vv=VM code, C=native code)
C  0x761885f8

[error occurred during error reporting (printing native stack), id 0xb]


---------------  P R O C E S S  ---------------

VM state:at safepoint (shutting down)

VM Mutex/Monitor currently owned by a thread:  ([mutex/lock_event])
[0x76104a80] Threads_lock - owner thread: 0x7615d400

Heap:
 def new generation   total 4864K, used 1850K [0x65600000, 0x65b40000, 0x6a340000)
  eden space 4352K,  42% used [0x65600000, 0x657ce9d8, 0x65a40000)
  from space 512K,   0% used [0x65a40000, 0x65a40000, 0x65ac0000)
  to   space 512K,   0% used [0x65ac0000, 0x65ac0000, 0x65b40000)
 tenured generation   total 11008K, used 0K [0x6a340000, 0x6ae00000, 0x73e00000)
   the space 11008K,   0% used [0x6a340000, 0x6a340000, 0x6a340200, 0x6ae00000)
 Metaspace       used 2233K, capacity 2464K, committed 2584K, reserved 4400K

Card table byte_map: [0x73f7a000,0x73fef000] byte_map_base: 0x73c4f000

Polling page: 0x76f16000

CodeCache: size=32768Kb used=738Kb max_used=738Kb free=32029Kb
 bounds [0x7406f000, 0x7412f000, 0x7606f000]
 total_blobs=352 nmethods=37 adapters=248
 compilation: enabled

Compilation events (10 events):
Event: 0.469 Thread 0x76180400   31   !         java.util.zip.Inflater::inflate (113 bytes)
Event: 0.472 Thread 0x76180400 nmethod 31 0x74119b48 code [0x74119c70, 0x7411a0c8]
Event: 0.474 Thread 0x76180400   33             java.io.FilterInputStream::read (9 bytes)
Event: 0.474 Thread 0x76180400 nmethod 33 0x7411a588 code [0x7411a670, 0x7411a714]
Event: 0.474 Thread 0x76180400   35             java.io.FileOutputStream::write (12 bytes)
Event: 0.475 Thread 0x76180400 nmethod 35 0x7411a788 code [0x7411a870, 0x7411a914]
Event: 0.475 Thread 0x76180400   36             java.io.FilterInputStream::read (11 bytes)
Event: 0.476 Thread 0x76180400 nmethod 36 0x7411a988 code [0x7411aa70, 0x7411ab14]
Event: 1.578 Thread 0x76180400   37             java.util.Arrays::copyOfRange (63 bytes)
Event: 1.579 Thread 0x76180400 nmethod 37 0x7411f488 code [0x7411f5c0, 0x7411f930]

GC Heap History (0 events):
No events

Deoptimization events (0 events):
No events

Internal exceptions (6 events):
Event: 0.079 Thread 0x76107000 Exception <a 'java/lang/NoSuchMethodError': Method sun.misc.Unsafe.defineClass(Ljava/lang/String;[BII)Ljava/lang/Class; name or signature does not match> (0x656105b0) thrown at [/HUDSON/workspace/8-2-build-glinux-arm-vfp-hflt/jdk8u65/4987/hotspot/src/shar
Event: 0.079 Thread 0x76107000 Exception <a 'java/lang/NoSuchMethodError': Method sun.misc.Unsafe.prefetchRead(Ljava/lang/Object;J)V name or signature does not match> (0x65610880) thrown at [/HUDSON/workspace/8-2-build-glinux-arm-vfp-hflt/jdk8u65/4987/hotspot/src/share/vm/prims/jni.cpp
Event: 0.316 Thread 0x76107000 Exception <a 'java/security/PrivilegedActionException'> (0x656c4038) thrown at [/HUDSON/workspace/8-2-build-glinux-arm-vfp-hflt/jdk8u65/4987/hotspot/src/share/vm/prims/jvm.cpp, line 1386]
Event: 0.316 Thread 0x76107000 Exception <a 'java/security/PrivilegedActionException'> (0x656c4238) thrown at [/HUDSON/workspace/8-2-build-glinux-arm-vfp-hflt/jdk8u65/4987/hotspot/src/share/vm/prims/jvm.cpp, line 1386]
Event: 0.318 Thread 0x76107000 Exception <a 'java/security/PrivilegedActionException'> (0x656c6988) thrown at [/HUDSON/workspace/8-2-build-glinux-arm-vfp-hflt/jdk8u65/4987/hotspot/src/share/vm/prims/jvm.cpp, line 1386]
Event: 0.318 Thread 0x76107000 Exception <a 'java/security/PrivilegedActionException'> (0x656c6b88) thrown at [/HUDSON/workspace/8-2-build-glinux-arm-vfp-hflt/jdk8u65/4987/hotspot/src/share/vm/prims/jvm.cpp, line 1386]

Events (10 events):
Event: 1.581 loading class org/opencv/core/MatOfInt4 done
Event: 4.188 Executing VM operation: EnableBiasedLocking
Event: 4.188 Executing VM operation: EnableBiasedLocking done
Event: 73.362 loading class sun/misc/Signal$1
Event: 73.362 loading class sun/misc/Signal$1 done
Event: 73.373 Thread 0x64901800 Thread added: 0x64901800
Event: 73.374 loading class java/util/ArrayList$Itr
Event: 73.374 loading class java/util/ArrayList$Itr done
Event: 73.376 Thread 0x7617ec00 Thread exited: 0x7617ec00
Event: 73.376 Executing VM operation: Exit


Dynamic libraries:
00008000-00009000 r-xp 00000000 b3:07 1311207    /usr/lib/jvm/jdk-8-oracle-arm32-vfp-hflt/jre/bin/java
00010000-00011000 rw-p 00000000 b3:07 1311207    /usr/lib/jvm/jdk-8-oracle-arm32-vfp-hflt/jre/bin/java
0016f000-00190000 rw-p 00000000 00:00 0          [heap]
50a1d000-50b70000 rw-p 00000000 00:00 0 
50b70000-50b71000 ---p 00000000 00:00 0 
50b71000-51370000 rwxp 00000000 00:00 0 
51370000-514c3000 rw-p 00000000 00:00 0 
514c3000-514c4000 ---p 00000000 00:00 0 
514c4000-51cc3000 rwxp 00000000 00:00 0 
51cc3000-51e16000 rw-p 00000000 00:00 0 
51e16000-51e17000 ---p 00000000 00:00 0 
51e17000-52616000 rwxp 00000000 00:00 0 
52616000-52769000 rw-p 00000000 00:00 0 
52769000-5276a000 ---p 00000000 00:00 0 
5276a000-52f69000 rwxp 00000000 00:00 0 
52f69000-5320f000 rw-p 00000000 00:00 0 
5320f000-53210000 ---p 00000000 00:00 0 
53210000-53a0f000 rwxp 00000000 00:00 0 
53a0f000-53cb5000 rw-p 00000000 00:00 0 
53cb5000-53cb6000 ---p 00000000 00:00 0 
53cb6000-544b5000 rwxp 00000000 00:00 0 
544b5000-544b6000 ---p 00000000 00:00 0 
544b6000-54cb5000 rwxp 00000000 00:00 0 
54cb5000-54f5b000 rw-p 00000000 00:00 0 
54f5b000-54f5c000 ---p 00000000 00:00 0 
54f5c000-5575b000 rwxp 00000000 00:00 0 
5575b000-5575c000 ---p 00000000 00:00 0 
5575c000-55f5b000 rwxp 00000000 00:00 0 
55f5b000-55f5c000 ---p 00000000 00:00 0 
55f5c000-5675b000 rwxp 00000000 00:00 0 
5675b000-568ae000 rw-p 00000000 00:00 0 
568ae000-568af000 ---p 00000000 00:00 0 
568af000-570ae000 rwxp 00000000 00:00 0 
570ae000-57190000 rw-p 00000000 00:00 0 
57190000-57191000 ---p 00000000 00:00 0 
57191000-57990000 rwxp 00000000 00:00 0 
57990000-57b54000 rw-p 00000000 00:00 0 
57b54000-57b55000 ---p 00000000 00:00 0 
57b55000-58354000 rwxp 00000000 00:00 0 
58354000-58355000 ---p 00000000 00:00 0 
58355000-58b54000 rwxp 00000000 00:00 0 
58b54000-58b55000 ---p 00000000 00:00 0 
58b55000-59354000 rwxp 00000000 00:00 0 
59354000-59355000 ---p 00000000 00:00 0 
59355000-59b54000 rwxp 00000000 00:00 0 
59b54000-59dfa000 rw-p 00000000 00:00 0 
59edc000-5a0a0000 rw-p 00000000 00:00 0 
5a0a0000-5a0a1000 ---p 00000000 00:00 0 
5a0a1000-5a8a0000 rwxp 00000000 00:00 0 
5a8a0000-5a8a1000 ---p 00000000 00:00 0 
5a8a1000-5b0a0000 rwxp 00000000 00:00 0 
5b0a0000-5b0a1000 ---p 00000000 00:00 0 
5b0a1000-5b8a0000 rwxp 00000000 00:00 0 
5b8a0000-5b8a1000 ---p 00000000 00:00 0 
5b8a1000-5c0a0000 rwxp 00000000 00:00 0 
5c0a0000-5c0a1000 ---p 00000000 00:00 0 
5c0a1000-5c8a0000 rwxp 00000000 00:00 0 
5c8a0000-5c8a1000 ---p 00000000 00:00 0 
5c8a1000-5d0a0000 rwxp 00000000 00:00 0 
5d0a0000-5d0a1000 ---p 00000000 00:00 0 
5d0a1000-5d8a0000 rwxp 00000000 00:00 0 
5d8a0000-5d8a1000 ---p 00000000 00:00 0 
5d8a1000-5e0a0000 rwxp 00000000 00:00 0 
5e0a0000-5e428000 rw-p 00000000 00:00 0 
5e50a000-5e50b000 ---p 00000000 00:00 0 
5e50b000-5ed0a000 rwxp 00000000 00:00 0 
5ed0a000-5ed0b000 ---p 00000000 00:00 0 
5ed0b000-5f50a000 rwxp 00000000 00:00 0 
5f9ba000-5f9bb000 ---p 00000000 00:00 0 
5f9bb000-601ba000 rwxp 00000000 00:00 0 
601ba000-601bb000 ---p 00000000 00:00 0 
601bb000-609ba000 rwxp 00000000 00:00 0 
609ba000-609bb000 ---p 00000000 00:00 0 
609bb000-611ba000 rwxp 00000000 00:00 0 
611ba000-611bb000 ---p 00000000 00:00 0 
611bb000-619ba000 rwxp 00000000 00:00 0 
619ba000-61da9000 r-xp 00000000 b3:07 1448923    /tmp/libCameraServerJNI7515004609912546127.so (deleted)
61da9000-61db9000 ---p 003ef000 b3:07 1448923    /tmp/libCameraServerJNI7515004609912546127.so (deleted)
61db9000-61dc1000 rw-p 003ef000 b3:07 1448923    /tmp/libCameraServerJNI7515004609912546127.so (deleted)
61dc1000-61e57000 rw-p 00000000 00:00 0 
61e57000-61e58000 ---p 00000000 00:00 0 
61e58000-62657000 rwxp 00000000 00:00 0 
62657000-62658000 ---p 00000000 00:00 0 
62658000-62e57000 rwxp 00000000 00:00 0 
62e57000-62e58000 ---p 00000000 00:00 0 
62e58000-63657000 rwxp 00000000 00:00 0 
63657000-636ef000 r-xp 00000000 b3:07 1448920    /tmp/libNetworkTablesJNI7147163174555412381.so (deleted)
636ef000-636fe000 ---p 00098000 b3:07 1448920    /tmp/libNetworkTablesJNI7147163174555412381.so (deleted)
636fe000-63700000 rw-p 00097000 b3:07 1448920    /tmp/libNetworkTablesJNI7147163174555412381.so (deleted)
63700000-63759000 rw-p 00000000 00:00 0 
63759000-63800000 ---p 00000000 00:00 0 
63816000-63819000 ---p 00000000 00:00 0 
63819000-63866000 rwxp 00000000 00:00 0 
63866000-63927000 r-xp 00000000 b3:07 1311638    /usr/lib/arm-linux-gnueabihf/libstdc++.so.6.0.20
63927000-63936000 ---p 000c1000 b3:07 1311638    /usr/lib/arm-linux-gnueabihf/libstdc++.so.6.0.20
63936000-6393a000 r--p 000c0000 b3:07 1311638    /usr/lib/arm-linux-gnueabihf/libstdc++.so.6.0.20
6393a000-6393c000 rw-p 000c4000 b3:07 1311638    /usr/lib/arm-linux-gnueabihf/libstdc++.so.6.0.20
6393c000-63942000 rw-p 00000000 00:00 0 
63942000-6443a000 r-xp 00000000 b3:07 1712983    /usr/local/src/tmp/Downloads/Java/output/libopencv_java310.so
6443a000-6444a000 ---p 00af8000 b3:07 1712983    /usr/local/src/tmp/Downloads/Java/output/libopencv_java310.so
6444a000-64460000 r--p 00af8000 b3:07 1712983    /usr/local/src/tmp/Downloads/Java/output/libopencv_java310.so
64460000-64466000 rw-p 00b0e000 b3:07 1712983    /usr/local/src/tmp/Downloads/Java/output/libopencv_java310.so
64466000-64500000 rw-p 00000000 00:00 0 
64500000-645d5000 rw-p 00000000 00:00 0 
645d5000-64600000 ---p 00000000 00:00 0 
6460f000-64680000 rw-p 00000000 00:00 0 
64680000-64681000 ---p 00000000 00:00 0 
64681000-64700000 rwxp 00000000 00:00 0 
64700000-647cf000 rw-p 00000000 00:00 0 
647cf000-64800000 ---p 00000000 00:00 0 
64830000-64833000 ---p 00000000 00:00 0 
64833000-64880000 rwxp 00000000 00:00 0 
64880000-64883000 ---p 00000000 00:00 0 
64883000-64900000 rwxp 00000000 00:00 0 
64900000-64921000 rw-p 00000000 00:00 0 
64921000-64a00000 ---p 00000000 00:00 0 
64a27000-64a2a000 ---p 00000000 00:00 0 
64a2a000-64a77000 rwxp 00000000 00:00 0 
64a77000-64c00000 r--p 00000000 b3:07 1317856    /usr/lib/locale/locale-archive
64c00000-64c21000 rw-p 00000000 00:00 0 
64c21000-64d00000 ---p 00000000 00:00 0 
64d00000-64d21000 rw-p 00000000 00:00 0 
64d21000-64e00000 ---p 00000000 00:00 0 
64e00000-64e21000 rw-p 00000000 00:00 0 
64e21000-64f00000 ---p 00000000 00:00 0 
64f3c000-64f3f000 ---p 00000000 00:00 0 
64f3f000-64f8c000 rwxp 00000000 00:00 0 
64f8c000-64f8f000 ---p 00000000 00:00 0 
64f8f000-64fdc000 rwxp 00000000 00:00 0 
64fdc000-651b4000 r--s 03d20000 b3:07 1311086    /usr/lib/jvm/jdk-8-oracle-arm32-vfp-hflt/jre/lib/rt.jar
651b4000-6543a000 rw-p 00000000 00:00 0 
6543a000-65600000 ---p 00000000 00:00 0 
65600000-65b40000 rw-p 00000000 00:00 0 
65b40000-6a340000 ---p 00000000 00:00 0 
6a340000-6ae00000 rw-p 00000000 00:00 0 
6ae00000-73e00000 ---p 00000000 00:00 0 
73e02000-73e03000 ---p 00000000 00:00 0 
73e03000-73e82000 rwxp 00000000 00:00 0 
73e82000-73f32000 rw-p 00000000 00:00 0 
73f32000-73f7a000 ---p 00000000 00:00 0 
73f7a000-73f7d000 rw-p 00000000 00:00 0 
73f7d000-73fa0000 ---p 00000000 00:00 0 
73fa0000-73fa6000 rw-p 00000000 00:00 0 
73fa6000-73fee000 ---p 00000000 00:00 0 
73fee000-73ff2000 rw-p 00000000 00:00 0 
73ff2000-7406f000 ---p 00000000 00:00 0 
7406f000-7412f000 rwxp 00000000 00:00 0 
7412f000-7606f000 ---p 00000000 00:00 0 
7606f000-76086000 r-xp 00000000 b3:07 1311148    /usr/lib/jvm/jdk-8-oracle-arm32-vfp-hflt/jre/lib/arm/libzip.so
76086000-7608d000 ---p 00017000 b3:07 1311148    /usr/lib/jvm/jdk-8-oracle-arm32-vfp-hflt/jre/lib/arm/libzip.so
7608d000-7608e000 rw-p 00016000 b3:07 1311148    /usr/lib/jvm/jdk-8-oracle-arm32-vfp-hflt/jre/lib/arm/libzip.so
7608e000-76099000 r-xp 00000000 b3:07 131001     /lib/arm-linux-gnueabihf/libnss_files-2.19.so
76099000-760a8000 ---p 0000b000 b3:07 131001     /lib/arm-linux-gnueabihf/libnss_files-2.19.so
760a8000-760a9000 r--p 0000a000 b3:07 131001     /lib/arm-linux-gnueabihf/libnss_files-2.19.so
760a9000-760aa000 rw-p 0000b000 b3:07 131001     /lib/arm-linux-gnueabihf/libnss_files-2.19.so
760aa000-760b3000 r-xp 00000000 b3:07 131084     /lib/arm-linux-gnueabihf/libnss_nis-2.19.so
760b3000-760c2000 ---p 00009000 b3:07 131084     /lib/arm-linux-gnueabihf/libnss_nis-2.19.so
760c2000-760c3000 r--p 00008000 b3:07 131084     /lib/arm-linux-gnueabihf/libnss_nis-2.19.so
760c3000-760c4000 rw-p 00009000 b3:07 131084     /lib/arm-linux-gnueabihf/libnss_nis-2.19.so
760c4000-760d5000 r-xp 00000000 b3:07 130932     /lib/arm-linux-gnueabihf/libnsl-2.19.so
760d5000-760e4000 ---p 00011000 b3:07 130932     /lib/arm-linux-gnueabihf/libnsl-2.19.so
760e4000-760e5000 r--p 00010000 b3:07 130932     /lib/arm-linux-gnueabihf/libnsl-2.19.so
760e5000-760e6000 rw-p 00011000 b3:07 130932     /lib/arm-linux-gnueabihf/libnsl-2.19.so
760e6000-760e8000 rw-p 00000000 00:00 0 
760e8000-760ef000 r-xp 00000000 b3:07 130972     /lib/arm-linux-gnueabihf/libnss_compat-2.19.so
760ef000-760fe000 ---p 00007000 b3:07 130972     /lib/arm-linux-gnueabihf/libnss_compat-2.19.so
760fe000-760ff000 r--p 00006000 b3:07 130972     /lib/arm-linux-gnueabihf/libnss_compat-2.19.so
760ff000-76100000 rw-p 00007000 b3:07 130972     /lib/arm-linux-gnueabihf/libnss_compat-2.19.so
76100000-761ff000 rw-p 00000000 00:00 0 
761ff000-76200000 ---p 00000000 00:00 0 
76203000-76205000 r-xp 00000000 b3:07 130963     /lib/arm-linux-gnueabihf/libnss_mdns4_minimal.so.2
76205000-7620c000 ---p 00002000 b3:07 130963     /lib/arm-linux-gnueabihf/libnss_mdns4_minimal.so.2
7620c000-7620d000 r--p 00001000 b3:07 130963     /lib/arm-linux-gnueabihf/libnss_mdns4_minimal.so.2
7620d000-7620e000 rw-p 00002000 b3:07 130963     /lib/arm-linux-gnueabihf/libnss_mdns4_minimal.so.2
7620e000-76213000 r--s 00096000 b3:07 1311090    /usr/lib/jvm/jdk-8-oracle-arm32-vfp-hflt/jre/lib/jsse.jar
76213000-76217000 r--s 001fe000 b3:07 1712982    /usr/local/src/tmp/Downloads/Java/output/CameraVision-all.jar
76217000-7623a000 r-xp 00000000 b3:07 1311152    /usr/lib/jvm/jdk-8-oracle-arm32-vfp-hflt/jre/lib/arm/libjava.so
7623a000-76242000 ---p 00023000 b3:07 1311152    /usr/lib/jvm/jdk-8-oracle-arm32-vfp-hflt/jre/lib/arm/libjava.so
76242000-76243000 rw-p 00023000 b3:07 1311152    /usr/lib/jvm/jdk-8-oracle-arm32-vfp-hflt/jre/lib/arm/libjava.so
76243000-76249000 r-xp 00000000 b3:07 130988     /lib/arm-linux-gnueabihf/librt-2.19.so
76249000-76258000 ---p 00006000 b3:07 130988     /lib/arm-linux-gnueabihf/librt-2.19.so
76258000-76259000 r--p 00005000 b3:07 130988     /lib/arm-linux-gnueabihf/librt-2.19.so
76259000-7625a000 rw-p 00006000 b3:07 130988     /lib/arm-linux-gnueabihf/librt-2.19.so
7625a000-7625d000 ---p 00000000 00:00 0 
7625d000-762aa000 rwxp 00000000 00:00 0 
762aa000-76313000 r-xp 00000000 b3:07 130960     /lib/arm-linux-gnueabihf/libm-2.19.so
76313000-76323000 ---p 00069000 b3:07 130960     /lib/arm-linux-gnueabihf/libm-2.19.so
76323000-76324000 r--p 00069000 b3:07 130960     /lib/arm-linux-gnueabihf/libm-2.19.so
76324000-76325000 rw-p 0006a000 b3:07 130960     /lib/arm-linux-gnueabihf/libm-2.19.so
76325000-768a8000 r-xp 00000000 b3:07 1311177    /usr/lib/jvm/jdk-8-oracle-arm32-vfp-hflt/jre/lib/arm/client/libjvm.so
768a8000-768b0000 ---p 00583000 b3:07 1311177    /usr/lib/jvm/jdk-8-oracle-arm32-vfp-hflt/jre/lib/arm/client/libjvm.so
768b0000-768dc000 rw-p 00583000 b3:07 1311177    /usr/lib/jvm/jdk-8-oracle-arm32-vfp-hflt/jre/lib/arm/client/libjvm.so
768dc000-76cff000 rw-p 00000000 00:00 0 
76cff000-76d1c000 r-xp 00000000 b3:07 130945     /lib/arm-linux-gnueabihf/libgcc_s.so.1
76d1c000-76d2b000 ---p 0001d000 b3:07 130945     /lib/arm-linux-gnueabihf/libgcc_s.so.1
76d2b000-76d2c000 rw-p 0001c000 b3:07 130945     /lib/arm-linux-gnueabihf/libgcc_s.so.1
76d2c000-76e57000 r-xp 00000000 b3:07 131006     /lib/arm-linux-gnueabihf/libc-2.19.so
76e57000-76e67000 ---p 0012b000 b3:07 131006     /lib/arm-linux-gnueabihf/libc-2.19.so
76e67000-76e69000 r--p 0012b000 b3:07 131006     /lib/arm-linux-gnueabihf/libc-2.19.so
76e69000-76e6a000 rw-p 0012d000 b3:07 131006     /lib/arm-linux-gnueabihf/libc-2.19.so
76e6a000-76e6d000 rw-p 00000000 00:00 0 
76e6d000-76e6f000 r-xp 00000000 b3:07 131081     /lib/arm-linux-gnueabihf/libdl-2.19.so
76e6f000-76e7e000 ---p 00002000 b3:07 131081     /lib/arm-linux-gnueabihf/libdl-2.19.so
76e7e000-76e7f000 r--p 00001000 b3:07 131081     /lib/arm-linux-gnueabihf/libdl-2.19.so
76e7f000-76e80000 rw-p 00002000 b3:07 131081     /lib/arm-linux-gnueabihf/libdl-2.19.so
76e80000-76e94000 r-xp 00000000 b3:07 1311175    /usr/lib/jvm/jdk-8-oracle-arm32-vfp-hflt/jre/lib/arm/jli/libjli.so
76e94000-76e9c000 ---p 00014000 b3:07 1311175    /usr/lib/jvm/jdk-8-oracle-arm32-vfp-hflt/jre/lib/arm/jli/libjli.so
76e9c000-76e9d000 rw-p 00014000 b3:07 1311175    /usr/lib/jvm/jdk-8-oracle-arm32-vfp-hflt/jre/lib/arm/jli/libjli.so
76e9d000-76eb1000 r-xp 00000000 b3:07 131019     /lib/arm-linux-gnueabihf/libpthread-2.19.so
76eb1000-76ec1000 ---p 00014000 b3:07 131019     /lib/arm-linux-gnueabihf/libpthread-2.19.so
76ec1000-76ec2000 r--p 00014000 b3:07 131019     /lib/arm-linux-gnueabihf/libpthread-2.19.so
76ec2000-76ec3000 rw-p 00015000 b3:07 131019     /lib/arm-linux-gnueabihf/libpthread-2.19.so
76ec3000-76ec5000 rw-p 00000000 00:00 0 
76ec6000-76ecf000 r-xp 00000000 b3:07 1311172    /usr/lib/jvm/jdk-8-oracle-arm32-vfp-hflt/jre/lib/arm/libverify.so
76ecf000-76ed7000 ---p 00009000 b3:07 1311172    /usr/lib/jvm/jdk-8-oracle-arm32-vfp-hflt/jre/lib/arm/libverify.so
76ed7000-76ed8000 rw-p 00009000 b3:07 1311172    /usr/lib/jvm/jdk-8-oracle-arm32-vfp-hflt/jre/lib/arm/libverify.so
76ed8000-76edd000 r-xp 00000000 b3:07 1312124    /usr/lib/arm-linux-gnueabihf/libarmmem.so
76edd000-76eec000 ---p 00005000 b3:07 1312124    /usr/lib/arm-linux-gnueabihf/libarmmem.so
76eec000-76eed000 rw-p 00004000 b3:07 1312124    /usr/lib/arm-linux-gnueabihf/libarmmem.so
76eed000-76f0d000 r-xp 00000000 b3:07 130911     /lib/arm-linux-gnueabihf/ld-2.19.so
76f0e000-76f16000 rw-s 00000000 b3:07 1444976    /tmp/hsperfdata_root/2288 (deleted)
76f16000-76f17000 ---p 00000000 00:00 0 
76f17000-76f1a000 rw-p 00000000 00:00 0 
76f1a000-76f1c000 rw-p 00000000 00:00 0 
76f1c000-76f1d000 r--p 0001f000 b3:07 130911     /lib/arm-linux-gnueabihf/ld-2.19.so
76f1d000-76f1e000 rw-p 00020000 b3:07 130911     /lib/arm-linux-gnueabihf/ld-2.19.so
7eea5000-7eec6000 rwxp 00000000 00:00 0          [stack]
7efd1000-7efd2000 r-xp 00000000 00:00 0          [sigpage]
7efd2000-7efd3000 r--p 00000000 00:00 0          [vvar]
7efd3000-7efd4000 r-xp 00000000 00:00 0          [vdso]
ffff0000-ffff1000 r-xp 00000000 00:00 0          [vectors]

VM Arguments:
jvm_args: -Djava.library.path=. 
java_command: CameraVision-all.jar
java_class_path (initial): CameraVision-all.jar
Launcher Type: SUN_STANDARD

Environment Variables:
PATH=/usr/local/sbin:/usr/local/bin:/usr/sbin:/usr/bin:/sbin:/bin
USERNAME=root
SHELL=/bin/bash
DISPLAY=:0.0

Signal Handlers:
SIGSEGV: [libjvm.so+0x506638], sa_mask[0]=11111111011111111101111111111110, sa_flags=SA_RESTART|SA_SIGINFO
SIGBUS: [libjvm.so+0x506638], sa_mask[0]=11111111011111111101111111111110, sa_flags=SA_RESTART|SA_SIGINFO
SIGFPE: [libjvm.so+0x3fd4ec], sa_mask[0]=11111111011111111101111111111110, sa_flags=SA_RESTART|SA_SIGINFO
SIGPIPE: [libjvm.so+0x3fd4ec], sa_mask[0]=11111111011111111101111111111110, sa_flags=SA_RESTART|SA_SIGINFO
SIGXFSZ: [libjvm.so+0x3fd4ec], sa_mask[0]=11111111011111111101111111111110, sa_flags=SA_RESTART|SA_SIGINFO
SIGILL: [libjvm.so+0x3fd4ec], sa_mask[0]=11111111011111111101111111111110, sa_flags=SA_RESTART|SA_SIGINFO
SIGUSR1: SIG_DFL, sa_mask[0]=00000000000000000000000000000000, sa_flags=none
SIGUSR2: [libjvm.so+0x3fd650], sa_mask[0]=00000000000000000000000000000000, sa_flags=SA_RESTART|SA_SIGINFO
SIGHUP: [libjvm.so+0x3fda84], sa_mask[0]=11111111011111111101111111111110, sa_flags=SA_RESTART|SA_SIGINFO
SIGINT: [libjvm.so+0x3fda84], sa_mask[0]=11111111011111111101111111111110, sa_flags=SA_RESTART|SA_SIGINFO
SIGTERM: [libjvm.so+0x3fda84], sa_mask[0]=11111111011111111101111111111110, sa_flags=SA_RESTART|SA_SIGINFO
SIGQUIT: [libjvm.so+0x3fda84], sa_mask[0]=11111111011111111101111111111110, sa_flags=SA_RESTART|SA_SIGINFO


---------------  S Y S T E M  ---------------

OS:PRETTY_NAME="Raspbian GNU/Linux 8 (jessie)"
NAME="Raspbian GNU/Linux"
VERSION_ID="8"
VERSION="8 (jessie)"
ID=raspbian
ID_LIKE=debian
HOME_URL="http://www.raspbian.org/"
SUPPORT_URL="http://www.raspbian.org/RaspbianForums"
BUG_REPORT_URL="http://www.raspbian.org/RaspbianBugs"

uname:Linux 4.4.34-v7+ #930 SMP Wed Nov 23 15:20:41 GMT 2016 armv7l
libc:glibc 2.19 NPTL 2.19 
rlimit: STACK 8192k, CORE 0k, NPROC 7336, NOFILE 65536, AS infinity
load average:1.29 1.43 1.14

/proc/meminfo:
MemTotal:         947732 kB
MemFree:          426396 kB
MemAvailable:     648544 kB
Buffers:           17568 kB
Cached:           253236 kB
SwapCached:            0 kB
Active:           385988 kB
Inactive:          96296 kB
Active(anon):     211920 kB
Inactive(anon):    12228 kB
Active(file):     174068 kB
Inactive(file):    84068 kB
Unevictable:           0 kB
Mlocked:               0 kB
SwapTotal:        102396 kB
SwapFree:         102396 kB
Dirty:                68 kB
Writeback:             0 kB
AnonPages:        211536 kB
Mapped:            84468 kB
Shmem:             12672 kB
Slab:              21200 kB
SReclaimable:       9940 kB
SUnreclaim:        11260 kB
KernelStack:        2040 kB
PageTables:         3128 kB
NFS_Unstable:          0 kB
Bounce:                0 kB
WritebackTmp:          0 kB
CommitLimit:      576260 kB
Committed_AS:    1178352 kB
VmallocTotal:    1114112 kB
VmallocUsed:           0 kB
VmallocChunk:          0 kB
CmaTotal:           8192 kB
CmaFree:            3380 kB


CPU:total 4 (ARMv7), vfp

/proc/cpuinfo:
processor	: 0
model name	: ARMv7 Processor rev 4 (v7l)
BogoMIPS	: 76.80
Features	: half thumb fastmult vfp edsp neon vfpv3 tls vfpv4 idiva idivt vfpd32 lpae evtstrm crc32 
CPU implementer	: 0x41
CPU architecture: 7
CPU variant	: 0x0
CPU part	: 0xd03
CPU revision	: 4

processor	: 1
model name	: ARMv7 Processor rev 4 (v7l)
BogoMIPS	: 76.80
Features	: half thumb fastmult vfp edsp neon vfpv3 tls vfpv4 idiva idivt vfpd32 lpae evtstrm crc32 
CPU implementer	: 0x41
CPU architecture: 7
CPU variant	: 0x0
CPU part	: 0xd03
CPU revision	: 4

processor	: 2
model name	: ARMv7 Processor rev 4 (v7l)
BogoMIPS	: 76.80
Features	: half thumb fastmult vfp edsp neon vfpv3 tls vfpv4 idiva idivt vfpd32 lpae evtstrm crc32 
CPU implementer	: 0x41
CPU architecture: 7
CPU variant	: 0x0
CPU part	: 0xd03
CPU revision	: 4

processor	: 3
model name	: ARMv7 Processor rev 4 (v7l)
BogoMIPS	: 76.80
Features	: half thumb fastmult vfp edsp neon vfpv3 tls vfpv4 idiva idivt vfpd32 lpae evtstrm crc32 
CPU implementer	: 0x41
CPU architecture: 7
CPU variant	: 0x0
CPU part	: 0xd03
CPU revision	: 4

Hardware	: BCM2709
Revision	: a02082
Serial		: 00000000a10a37a6


Memory: 4k page, physical 947732k(426396k free), swap 102396k(102396k free)

vm_info: Java HotSpot(TM) Client VM (25.65-b01) for linux-arm-vfp-hflt JRE (1.8.0_65-b17), built on Oct  6 2015 16:19:04 by "java_re" with gcc 4.7.2 20120910 (prerelease)

time: Sat Feb 18 00:34:59 2017
elapsed time: 73 seconds (0d 0h 1m 13s)

