#
# A fatal error has been detected by the Java Runtime Environment:
#
#  SIGSEGV (0xb) at pc=0x761084a0, pid=1016, tid=1612420192
#
# JRE version: Java(TM) SE Runtime Environment (8.0_65-b17) (build 1.8.0_65-b17)
# Java VM: Java HotSpot(TM) Client VM (25.65-b01 mixed mode linux-arm )
# Problematic frame:
# C  0x761084a0
#
# Failed to write core dump. Core dumps have been disabled. To enable core dumping, try "ulimit -c unlimited" before starting Java again
#
# If you would like to submit a bug report, please visit:
#   http://bugreport.java.com/bugreport/crash.jsp
#

---------------  T H R E A D  ---------------

Current thread is native thread

siginfo: si_signo: 11 (SIGSEGV), si_code: 2 (SEGV_ACCERR), si_addr: 0x761084a0

Registers:
  r0  = 0x63722f58
  r1  = 0x00000000
  r2  = 0x00000001
  r3  = 0x761084a0
  r4  = 0x41000001
  r5  = 0x76f025bc
  r6  = 0x61dc0544
  r7  = 0x00000008
  r8  = 0x63722fb8
  r9  = 0x61dc061c
  r10 = 0x63722f58
  fp  = 0x601b8f9c
  r12 = 0x61dbe34c
  sp  = 0x601b8b28
  lr  = 0x61a38cac
  pc  = 0x761084a0
  cpsr = 0x60000010

Top of Stack: (sp=0x601b8b28)
0x601b8b28:   00000008 00000000 6372314c 80000015
0x601b8b38:   64900468 63722fb8 00000016 00000014
0x601b8b48:   601b8bcc 61dbc0ec 00000000 61a56f0c
0x601b8b58:   601b8bcc 00000000 00000000 00000000
0x601b8b68:   00000000 63722fb8 601b8d18 00000000
0x601b8b78:   00000000 601b8d98 00000000 00000000
0x601b8b88:   00000000 00000000 00000000 637230e0
0x601b8b98:   00000015 00000000 00000000 00000000 

Instructions: (pc=0x761084a0)
0x76108480:   76f68948 76f68988 7610e228 7610e288
0x76108490:   00000080 00000014 76910d80 7610e3f8
0x761084a0:   7610e580 00000649 76108cb0 76105bf8
0x761084b0:   00000000 00000000 00000018 00000034 

Register to memory mapping:

  r0  = 0x63722f58

[error occurred during error reporting (printing register info), id 0xb]

Stack: [0x5f9ba000,0x601ba000],  sp=0x601b8b28,  free space=8186k
Native frames: (J=compiled Java code, j=interpreted, Vv=VM code, C=native code)
C  0x761084a0

[error occurred during error reporting (printing native stack), id 0xb]


---------------  P R O C E S S  ---------------

VM state:at safepoint (shutting down)

VM Mutex/Monitor currently owned by a thread:  ([mutex/lock_event])
[0x76104a80] Threads_lock - owner thread: 0x7615d400

Heap:
 def new generation   total 4864K, used 1844K [0x65800000, 0x65d40000, 0x6a540000)
  eden space 4352K,  42% used [0x65800000, 0x659cd398, 0x65c40000)
  from space 512K,   0% used [0x65c40000, 0x65c40000, 0x65cc0000)
  to   space 512K,   0% used [0x65cc0000, 0x65cc0000, 0x65d40000)
 tenured generation   total 11008K, used 0K [0x6a540000, 0x6b000000, 0x74000000)
   the space 11008K,   0% used [0x6a540000, 0x6a540000, 0x6a540200, 0x6b000000)
 Metaspace       used 2229K, capacity 2464K, committed 2584K, reserved 4400K

Card table byte_map: [0x6578b000,0x65800000] byte_map_base: 0x6545f000

Polling page: 0x76f6f000

CodeCache: size=32768Kb used=740Kb max_used=740Kb free=32027Kb
 bounds [0x740c5000, 0x74185000, 0x760c5000]
 total_blobs=357 nmethods=42 adapters=248
 compilation: enabled

Compilation events (10 events):
Event: 2.286 Thread 0x7617f400   36             java.io.FilterInputStream::read (11 bytes)
Event: 2.287 Thread 0x7617f400 nmethod 36 0x74170988 code [0x74170a70, 0x74170b14]
Event: 3.257 Thread 0x7617f400   37             java.util.Arrays::copyOfRange (63 bytes)
Event: 3.260 Thread 0x7617f400 nmethod 37 0x74175488 code [0x741755c0, 0x74175930]
Event: 103.117 Thread 0x7617f400   38             edu.wpi.cscore.CvSink::grabFrame (9 bytes)
Event: 103.118 Thread 0x7617f400 nmethod 38 0x7417da88 code [0x7417db70, 0x7417dc24]
Event: 103.119 Thread 0x7617f400   39             edu.wpi.cscore.CvSink::grabFrame (13 bytes)
Event: 103.119 Thread 0x7617f400 nmethod 39 0x7417dcc8 code [0x7417ddb0, 0x7417de54]
Event: 103.234 Thread 0x7617f400   41             org.opencv.imgproc.Imgproc::cvtColor (13 bytes)
Event: 103.235 Thread 0x7617f400 nmethod 41 0x7417e108 code [0x7417e1f0, 0x7417e2a4]

GC Heap History (0 events):
No events

Deoptimization events (0 events):
No events

Internal exceptions (6 events):
Event: 0.422 Thread 0x76107000 Exception <a 'java/lang/NoSuchMethodError': Method sun.misc.Unsafe.defineClass(Ljava/lang/String;[BII)Ljava/lang/Class; name or signature does not match> (0x65810498) thrown at [/HUDSON/workspace/8-2-build-glinux-arm-vfp-hflt/jdk8u65/4987/hotspot/src/shar
Event: 0.423 Thread 0x76107000 Exception <a 'java/lang/NoSuchMethodError': Method sun.misc.Unsafe.prefetchRead(Ljava/lang/Object;J)V name or signature does not match> (0x65810768) thrown at [/HUDSON/workspace/8-2-build-glinux-arm-vfp-hflt/jdk8u65/4987/hotspot/src/share/vm/prims/jni.cpp
Event: 1.888 Thread 0x76107000 Exception <a 'java/security/PrivilegedActionException'> (0x658c0cb0) thrown at [/HUDSON/workspace/8-2-build-glinux-arm-vfp-hflt/jdk8u65/4987/hotspot/src/share/vm/prims/jvm.cpp, line 1386]
Event: 1.889 Thread 0x76107000 Exception <a 'java/security/PrivilegedActionException'> (0x658c0eb0) thrown at [/HUDSON/workspace/8-2-build-glinux-arm-vfp-hflt/jdk8u65/4987/hotspot/src/share/vm/prims/jvm.cpp, line 1386]
Event: 1.891 Thread 0x76107000 Exception <a 'java/security/PrivilegedActionException'> (0x658c3600) thrown at [/HUDSON/workspace/8-2-build-glinux-arm-vfp-hflt/jdk8u65/4987/hotspot/src/share/vm/prims/jvm.cpp, line 1386]
Event: 1.891 Thread 0x76107000 Exception <a 'java/security/PrivilegedActionException'> (0x658c3800) thrown at [/HUDSON/workspace/8-2-build-glinux-arm-vfp-hflt/jdk8u65/4987/hotspot/src/share/vm/prims/jvm.cpp, line 1386]

Events (10 events):
Event: 3.259 loading class org/opencv/core/MatOfInt4
Event: 3.259 loading class org/opencv/core/MatOfInt4 done
Event: 4.741 Executing VM operation: EnableBiasedLocking
Event: 4.741 Executing VM operation: EnableBiasedLocking done
Event: 180.837 loading class sun/misc/Signal$1
Event: 180.842 loading class sun/misc/Signal$1 done
Event: 180.843 Thread 0x64902400 Thread added: 0x64902400
Event: 180.843 loading class java/util/ArrayList$Itr
Event: 180.845 loading class java/util/ArrayList$Itr done
Event: 180.846 Executing VM operation: Exit


Dynamic libraries:
00008000-00009000 r-xp 00000000 b3:07 1311207    /usr/lib/jvm/jdk-8-oracle-arm32-vfp-hflt/jre/bin/java
00010000-00011000 rw-p 00000000 b3:07 1311207    /usr/lib/jvm/jdk-8-oracle-arm32-vfp-hflt/jre/bin/java
01253000-01274000 rw-p 00000000 00:00 0          [heap]
5e96a000-5e96d000 ---p 00000000 00:00 0 
5e96d000-5e9ba000 rwxp 00000000 00:00 0 
5e9ba000-5e9bb000 ---p 00000000 00:00 0 
5e9bb000-5f1ba000 rwxp 00000000 00:00 0 
5f1ba000-5f1bb000 ---p 00000000 00:00 0 
5f1bb000-5f9ba000 rwxp 00000000 00:00 0 
5f9ba000-5f9bb000 ---p 00000000 00:00 0 
5f9bb000-601ba000 rwxp 00000000 00:00 0 
601ba000-601bb000 ---p 00000000 00:00 0 
601bb000-609ba000 rwxp 00000000 00:00 0 
609ba000-609bb000 ---p 00000000 00:00 0 
609bb000-611ba000 rwxp 00000000 00:00 0 
611ba000-611bb000 ---p 00000000 00:00 0 
611bb000-619ba000 rwxp 00000000 00:00 0 
619ba000-61da9000 r-xp 00000000 b3:07 1449154    /tmp/libCameraServerJNI2378630513318790545.so (deleted)
61da9000-61db9000 ---p 003ef000 b3:07 1449154    /tmp/libCameraServerJNI2378630513318790545.so (deleted)
61db9000-61dc1000 rw-p 003ef000 b3:07 1449154    /tmp/libCameraServerJNI2378630513318790545.so (deleted)
61dc1000-61e57000 rw-p 00000000 00:00 0 
61e57000-61e58000 ---p 00000000 00:00 0 
61e58000-62657000 rwxp 00000000 00:00 0 
62657000-62658000 ---p 00000000 00:00 0 
62658000-62e57000 rwxp 00000000 00:00 0 
62e57000-62e58000 ---p 00000000 00:00 0 
62e58000-63657000 rwxp 00000000 00:00 0 
63657000-636ef000 r-xp 00000000 b3:07 1448909    /tmp/libNetworkTablesJNI7394423346429362947.so (deleted)
636ef000-636fe000 ---p 00098000 b3:07 1448909    /tmp/libNetworkTablesJNI7394423346429362947.so (deleted)
636fe000-63700000 rw-p 00097000 b3:07 1448909    /tmp/libNetworkTablesJNI7394423346429362947.so (deleted)
63700000-637f0000 rw-p 00000000 00:00 0 
637f0000-63800000 ---p 00000000 00:00 0 
6382c000-6383e000 r-xp 00000000 b3:07 131045     /lib/arm-linux-gnueabihf/libresolv-2.19.so
6383e000-6384d000 ---p 00012000 b3:07 131045     /lib/arm-linux-gnueabihf/libresolv-2.19.so
6384d000-6384e000 r--p 00011000 b3:07 131045     /lib/arm-linux-gnueabihf/libresolv-2.19.so
6384e000-6384f000 rw-p 00012000 b3:07 131045     /lib/arm-linux-gnueabihf/libresolv-2.19.so
6384f000-63851000 rw-p 00000000 00:00 0 
63851000-63855000 r-xp 00000000 b3:07 130954     /lib/arm-linux-gnueabihf/libnss_dns-2.19.so
63855000-63864000 ---p 00004000 b3:07 130954     /lib/arm-linux-gnueabihf/libnss_dns-2.19.so
63864000-63865000 r--p 00003000 b3:07 130954     /lib/arm-linux-gnueabihf/libnss_dns-2.19.so
63865000-63866000 rw-p 00004000 b3:07 130954     /lib/arm-linux-gnueabihf/libnss_dns-2.19.so
63866000-63927000 r-xp 00000000 b3:07 1311638    /usr/lib/arm-linux-gnueabihf/libstdc++.so.6.0.20
63927000-63936000 ---p 000c1000 b3:07 1311638    /usr/lib/arm-linux-gnueabihf/libstdc++.so.6.0.20
63936000-6393a000 r--p 000c0000 b3:07 1311638    /usr/lib/arm-linux-gnueabihf/libstdc++.so.6.0.20
6393a000-6393c000 rw-p 000c4000 b3:07 1311638    /usr/lib/arm-linux-gnueabihf/libstdc++.so.6.0.20
6393c000-63942000 rw-p 00000000 00:00 0 
63942000-6443a000 r-xp 00000000 b3:07 1712983    /usr/local/src/tmp/Downloads/Java/output/libopencv_java310.so
6443a000-6444a000 ---p 00af8000 b3:07 1712983    /usr/local/src/tmp/Downloads/Java/output/libopencv_java310.so
6444a000-64460000 r--p 00af8000 b3:07 1712983    /usr/local/src/tmp/Downloads/Java/output/libopencv_java310.so
64460000-64466000 rw-p 00b0e000 b3:07 1712983    /usr/local/src/tmp/Downloads/Java/output/libopencv_java310.so
64466000-64500000 rw-p 00000000 00:00 0 
64500000-64521000 rw-p 00000000 00:00 0 
64521000-64600000 ---p 00000000 00:00 0 
64700000-64798000 rw-p 00000000 00:00 0 
64798000-64800000 ---p 00000000 00:00 0 
64830000-64833000 ---p 00000000 00:00 0 
64833000-64880000 rwxp 00000000 00:00 0 
64880000-64883000 ---p 00000000 00:00 0 
64883000-64900000 rwxp 00000000 00:00 0 
64900000-64921000 rw-p 00000000 00:00 0 
64921000-64a00000 ---p 00000000 00:00 0 
64a27000-64a2a000 ---p 00000000 00:00 0 
64a2a000-64a77000 rwxp 00000000 00:00 0 
64a77000-64c00000 r--p 00000000 b3:07 1317856    /usr/lib/locale/locale-archive
64c00000-64c21000 rw-p 00000000 00:00 0 
64c21000-64d00000 ---p 00000000 00:00 0 
64d00000-64d21000 rw-p 00000000 00:00 0 
64d21000-64e00000 ---p 00000000 00:00 0 
64e00000-64e21000 rw-p 00000000 00:00 0 
64e21000-64f00000 ---p 00000000 00:00 0 
64f4f000-64f52000 ---p 00000000 00:00 0 
64f52000-64f9f000 rwxp 00000000 00:00 0 
64f9f000-64fa2000 ---p 00000000 00:00 0 
64fa2000-64fef000 rwxp 00000000 00:00 0 
64fef000-64ff0000 ---p 00000000 00:00 0 
64ff0000-6506f000 rwxp 00000000 00:00 0 
6506f000-650be000 rw-p 00000000 00:00 0 
650be000-65296000 r--s 03d20000 b3:07 1311086    /usr/lib/jvm/jdk-8-oracle-arm32-vfp-hflt/jre/lib/rt.jar
65296000-65577000 rw-p 00000000 00:00 0 
65577000-6573d000 ---p 00000000 00:00 0 
6573d000-65743000 rw-p 00000000 00:00 0 
65743000-6578b000 ---p 00000000 00:00 0 
6578b000-6578e000 rw-p 00000000 00:00 0 
6578e000-657b1000 ---p 00000000 00:00 0 
657b1000-657b7000 rw-p 00000000 00:00 0 
657b7000-657ff000 ---p 00000000 00:00 0 
657ff000-65d40000 rw-p 00000000 00:00 0 
65d40000-6a540000 ---p 00000000 00:00 0 
6a540000-6b000000 rw-p 00000000 00:00 0 
6b000000-74000000 ---p 00000000 00:00 0 
74027000-74029000 r-xp 00000000 b3:07 130963     /lib/arm-linux-gnueabihf/libnss_mdns4_minimal.so.2
74029000-74030000 ---p 00002000 b3:07 130963     /lib/arm-linux-gnueabihf/libnss_mdns4_minimal.so.2
74030000-74031000 r--p 00001000 b3:07 130963     /lib/arm-linux-gnueabihf/libnss_mdns4_minimal.so.2
74031000-74032000 rw-p 00002000 b3:07 130963     /lib/arm-linux-gnueabihf/libnss_mdns4_minimal.so.2
74045000-74048000 rw-p 00000000 00:00 0 
74048000-740c5000 ---p 00000000 00:00 0 
740c5000-74185000 rwxp 00000000 00:00 0 
74185000-760c5000 ---p 00000000 00:00 0 
760c5000-760dc000 r-xp 00000000 b3:07 1311148    /usr/lib/jvm/jdk-8-oracle-arm32-vfp-hflt/jre/lib/arm/libzip.so
760dc000-760e3000 ---p 00017000 b3:07 1311148    /usr/lib/jvm/jdk-8-oracle-arm32-vfp-hflt/jre/lib/arm/libzip.so
760e3000-760e4000 rw-p 00016000 b3:07 1311148    /usr/lib/jvm/jdk-8-oracle-arm32-vfp-hflt/jre/lib/arm/libzip.so
760e4000-760ef000 r-xp 00000000 b3:07 131001     /lib/arm-linux-gnueabihf/libnss_files-2.19.so
760ef000-760fe000 ---p 0000b000 b3:07 131001     /lib/arm-linux-gnueabihf/libnss_files-2.19.so
760fe000-760ff000 r--p 0000a000 b3:07 131001     /lib/arm-linux-gnueabihf/libnss_files-2.19.so
760ff000-76100000 rw-p 0000b000 b3:07 131001     /lib/arm-linux-gnueabihf/libnss_files-2.19.so
76100000-761fd000 rw-p 00000000 00:00 0 
761fd000-76200000 ---p 00000000 00:00 0 
76207000-76210000 r-xp 00000000 b3:07 131084     /lib/arm-linux-gnueabihf/libnss_nis-2.19.so
76210000-7621f000 ---p 00009000 b3:07 131084     /lib/arm-linux-gnueabihf/libnss_nis-2.19.so
7621f000-76220000 r--p 00008000 b3:07 131084     /lib/arm-linux-gnueabihf/libnss_nis-2.19.so
76220000-76221000 rw-p 00009000 b3:07 131084     /lib/arm-linux-gnueabihf/libnss_nis-2.19.so
76221000-76232000 r-xp 00000000 b3:07 130932     /lib/arm-linux-gnueabihf/libnsl-2.19.so
76232000-76241000 ---p 00011000 b3:07 130932     /lib/arm-linux-gnueabihf/libnsl-2.19.so
76241000-76242000 r--p 00010000 b3:07 130932     /lib/arm-linux-gnueabihf/libnsl-2.19.so
76242000-76243000 rw-p 00011000 b3:07 130932     /lib/arm-linux-gnueabihf/libnsl-2.19.so
76243000-76245000 rw-p 00000000 00:00 0 
76245000-7624c000 r-xp 00000000 b3:07 130972     /lib/arm-linux-gnueabihf/libnss_compat-2.19.so
7624c000-7625b000 ---p 00007000 b3:07 130972     /lib/arm-linux-gnueabihf/libnss_compat-2.19.so
7625b000-7625c000 r--p 00006000 b3:07 130972     /lib/arm-linux-gnueabihf/libnss_compat-2.19.so
7625c000-7625d000 rw-p 00007000 b3:07 130972     /lib/arm-linux-gnueabihf/libnss_compat-2.19.so
76267000-7626c000 r--s 00096000 b3:07 1311090    /usr/lib/jvm/jdk-8-oracle-arm32-vfp-hflt/jre/lib/jsse.jar
7626c000-76270000 r--s 001fe000 b3:07 1712982    /usr/local/src/tmp/Downloads/Java/output/CameraVision-all.jar
76270000-76293000 r-xp 00000000 b3:07 1311152    /usr/lib/jvm/jdk-8-oracle-arm32-vfp-hflt/jre/lib/arm/libjava.so
76293000-7629b000 ---p 00023000 b3:07 1311152    /usr/lib/jvm/jdk-8-oracle-arm32-vfp-hflt/jre/lib/arm/libjava.so
7629b000-7629c000 rw-p 00023000 b3:07 1311152    /usr/lib/jvm/jdk-8-oracle-arm32-vfp-hflt/jre/lib/arm/libjava.so
7629c000-762a2000 r-xp 00000000 b3:07 130988     /lib/arm-linux-gnueabihf/librt-2.19.so
762a2000-762b1000 ---p 00006000 b3:07 130988     /lib/arm-linux-gnueabihf/librt-2.19.so
762b1000-762b2000 r--p 00005000 b3:07 130988     /lib/arm-linux-gnueabihf/librt-2.19.so
762b2000-762b3000 rw-p 00006000 b3:07 130988     /lib/arm-linux-gnueabihf/librt-2.19.so
762b3000-762b6000 ---p 00000000 00:00 0 
762b6000-76303000 rwxp 00000000 00:00 0 
76303000-7636c000 r-xp 00000000 b3:07 130960     /lib/arm-linux-gnueabihf/libm-2.19.so
7636c000-7637c000 ---p 00069000 b3:07 130960     /lib/arm-linux-gnueabihf/libm-2.19.so
7637c000-7637d000 r--p 00069000 b3:07 130960     /lib/arm-linux-gnueabihf/libm-2.19.so
7637d000-7637e000 rw-p 0006a000 b3:07 130960     /lib/arm-linux-gnueabihf/libm-2.19.so
7637e000-76901000 r-xp 00000000 b3:07 1311177    /usr/lib/jvm/jdk-8-oracle-arm32-vfp-hflt/jre/lib/arm/client/libjvm.so
76901000-76909000 ---p 00583000 b3:07 1311177    /usr/lib/jvm/jdk-8-oracle-arm32-vfp-hflt/jre/lib/arm/client/libjvm.so
76909000-76935000 rw-p 00583000 b3:07 1311177    /usr/lib/jvm/jdk-8-oracle-arm32-vfp-hflt/jre/lib/arm/client/libjvm.so
76935000-76d58000 rw-p 00000000 00:00 0 
76d58000-76d75000 r-xp 00000000 b3:07 130945     /lib/arm-linux-gnueabihf/libgcc_s.so.1
76d75000-76d84000 ---p 0001d000 b3:07 130945     /lib/arm-linux-gnueabihf/libgcc_s.so.1
76d84000-76d85000 rw-p 0001c000 b3:07 130945     /lib/arm-linux-gnueabihf/libgcc_s.so.1
76d85000-76eb0000 r-xp 00000000 b3:07 131006     /lib/arm-linux-gnueabihf/libc-2.19.so
76eb0000-76ec0000 ---p 0012b000 b3:07 131006     /lib/arm-linux-gnueabihf/libc-2.19.so
76ec0000-76ec2000 r--p 0012b000 b3:07 131006     /lib/arm-linux-gnueabihf/libc-2.19.so
76ec2000-76ec3000 rw-p 0012d000 b3:07 131006     /lib/arm-linux-gnueabihf/libc-2.19.so
76ec3000-76ec6000 rw-p 00000000 00:00 0 
76ec6000-76ec8000 r-xp 00000000 b3:07 131081     /lib/arm-linux-gnueabihf/libdl-2.19.so
76ec8000-76ed7000 ---p 00002000 b3:07 131081     /lib/arm-linux-gnueabihf/libdl-2.19.so
76ed7000-76ed8000 r--p 00001000 b3:07 131081     /lib/arm-linux-gnueabihf/libdl-2.19.so
76ed8000-76ed9000 rw-p 00002000 b3:07 131081     /lib/arm-linux-gnueabihf/libdl-2.19.so
76ed9000-76eed000 r-xp 00000000 b3:07 1311175    /usr/lib/jvm/jdk-8-oracle-arm32-vfp-hflt/jre/lib/arm/jli/libjli.so
76eed000-76ef5000 ---p 00014000 b3:07 1311175    /usr/lib/jvm/jdk-8-oracle-arm32-vfp-hflt/jre/lib/arm/jli/libjli.so
76ef5000-76ef6000 rw-p 00014000 b3:07 1311175    /usr/lib/jvm/jdk-8-oracle-arm32-vfp-hflt/jre/lib/arm/jli/libjli.so
76ef6000-76f0a000 r-xp 00000000 b3:07 131019     /lib/arm-linux-gnueabihf/libpthread-2.19.so
76f0a000-76f1a000 ---p 00014000 b3:07 131019     /lib/arm-linux-gnueabihf/libpthread-2.19.so
76f1a000-76f1b000 r--p 00014000 b3:07 131019     /lib/arm-linux-gnueabihf/libpthread-2.19.so
76f1b000-76f1c000 rw-p 00015000 b3:07 131019     /lib/arm-linux-gnueabihf/libpthread-2.19.so
76f1c000-76f1f000 rw-p 00000000 00:00 0 
76f1f000-76f28000 r-xp 00000000 b3:07 1311172    /usr/lib/jvm/jdk-8-oracle-arm32-vfp-hflt/jre/lib/arm/libverify.so
76f28000-76f30000 ---p 00009000 b3:07 1311172    /usr/lib/jvm/jdk-8-oracle-arm32-vfp-hflt/jre/lib/arm/libverify.so
76f30000-76f31000 rw-p 00009000 b3:07 1311172    /usr/lib/jvm/jdk-8-oracle-arm32-vfp-hflt/jre/lib/arm/libverify.so
76f31000-76f36000 r-xp 00000000 b3:07 1312124    /usr/lib/arm-linux-gnueabihf/libarmmem.so
76f36000-76f45000 ---p 00005000 b3:07 1312124    /usr/lib/arm-linux-gnueabihf/libarmmem.so
76f45000-76f46000 rw-p 00004000 b3:07 1312124    /usr/lib/arm-linux-gnueabihf/libarmmem.so
76f46000-76f66000 r-xp 00000000 b3:07 130911     /lib/arm-linux-gnueabihf/ld-2.19.so
76f66000-76f67000 r--p 00000000 b3:07 399632     /usr/share/locale/en_GB/LC_MESSAGES/libc.mo
76f67000-76f6f000 rw-s 00000000 b3:07 1444941    /tmp/hsperfdata_root/1016 (deleted)
76f6f000-76f70000 ---p 00000000 00:00 0 
76f70000-76f73000 rw-p 00000000 00:00 0 
76f73000-76f75000 rw-p 00000000 00:00 0 
76f75000-76f76000 r--p 0001f000 b3:07 130911     /lib/arm-linux-gnueabihf/ld-2.19.so
76f76000-76f77000 rw-p 00020000 b3:07 130911     /lib/arm-linux-gnueabihf/ld-2.19.so
7ef0e000-7ef2f000 rwxp 00000000 00:00 0          [stack]
7ef89000-7ef8a000 r-xp 00000000 00:00 0          [sigpage]
7ef8a000-7ef8b000 r--p 00000000 00:00 0          [vvar]
7ef8b000-7ef8c000 r-xp 00000000 00:00 0          [vdso]
ffff0000-ffff1000 r-xp 00000000 00:00 0          [vectors]

VM Arguments:
jvm_args: -Djava.library.path=. 
java_command: CameraVision-all.jar
java_class_path (initial): CameraVision-all.jar
Launcher Type: SUN_STANDARD

Environment Variables:
PATH=/usr/local/sbin:/usr/local/bin:/usr/sbin:/usr/bin:/sbin:/bin
USERNAME=root
SHELL=/bin/bash
DISPLAY=:0.0

Signal Handlers:
SIGSEGV: [libjvm.so+0x506638], sa_mask[0]=11111111011111111101111111111110, sa_flags=SA_RESTART|SA_SIGINFO
SIGBUS: [libjvm.so+0x506638], sa_mask[0]=11111111011111111101111111111110, sa_flags=SA_RESTART|SA_SIGINFO
SIGFPE: [libjvm.so+0x3fd4ec], sa_mask[0]=11111111011111111101111111111110, sa_flags=SA_RESTART|SA_SIGINFO
SIGPIPE: [libjvm.so+0x3fd4ec], sa_mask[0]=11111111011111111101111111111110, sa_flags=SA_RESTART|SA_SIGINFO
SIGXFSZ: [libjvm.so+0x3fd4ec], sa_mask[0]=11111111011111111101111111111110, sa_flags=SA_RESTART|SA_SIGINFO
SIGILL: [libjvm.so+0x3fd4ec], sa_mask[0]=11111111011111111101111111111110, sa_flags=SA_RESTART|SA_SIGINFO
SIGUSR1: SIG_DFL, sa_mask[0]=00000000000000000000000000000000, sa_flags=none
SIGUSR2: [libjvm.so+0x3fd650], sa_mask[0]=00000000000000000000000000000000, sa_flags=SA_RESTART|SA_SIGINFO
SIGHUP: [libjvm.so+0x3fda84], sa_mask[0]=11111111011111111101111111111110, sa_flags=SA_RESTART|SA_SIGINFO
SIGINT: [libjvm.so+0x3fda84], sa_mask[0]=11111111011111111101111111111110, sa_flags=SA_RESTART|SA_SIGINFO
SIGTERM: [libjvm.so+0x3fda84], sa_mask[0]=11111111011111111101111111111110, sa_flags=SA_RESTART|SA_SIGINFO
SIGQUIT: [libjvm.so+0x3fda84], sa_mask[0]=11111111011111111101111111111110, sa_flags=SA_RESTART|SA_SIGINFO


---------------  S Y S T E M  ---------------

OS:PRETTY_NAME="Raspbian GNU/Linux 8 (jessie)"
NAME="Raspbian GNU/Linux"
VERSION_ID="8"
VERSION="8 (jessie)"
ID=raspbian
ID_LIKE=debian
HOME_URL="http://www.raspbian.org/"
SUPPORT_URL="http://www.raspbian.org/RaspbianForums"
BUG_REPORT_URL="http://www.raspbian.org/RaspbianBugs"

uname:Linux 4.4.34-v7+ #930 SMP Wed Nov 23 15:20:41 GMT 2016 armv7l
libc:glibc 2.19 NPTL 2.19 
rlimit: STACK 8192k, CORE 0k, NPROC 7336, NOFILE 65536, AS infinity
load average:0.59 0.35 0.15

/proc/meminfo:
MemTotal:         947732 kB
MemFree:          666652 kB
MemAvailable:     799244 kB
Buffers:           15228 kB
Cached:           166264 kB
SwapCached:            0 kB
Active:           132724 kB
Inactive:         114480 kB
Active(anon):      66192 kB
Inactive(anon):    11460 kB
Active(file):      66532 kB
Inactive(file):   103020 kB
Unevictable:           0 kB
Mlocked:               0 kB
SwapTotal:        102396 kB
SwapFree:         102396 kB
Dirty:                52 kB
Writeback:             0 kB
AnonPages:         65712 kB
Mapped:            75424 kB
Shmem:             11944 kB
Slab:              17140 kB
SReclaimable:       8000 kB
SUnreclaim:         9140 kB
KernelStack:        1736 kB
PageTables:         2508 kB
NFS_Unstable:          0 kB
Bounce:                0 kB
WritebackTmp:          0 kB
CommitLimit:      576260 kB
Committed_AS:     823960 kB
VmallocTotal:    1114112 kB
VmallocUsed:           0 kB
VmallocChunk:          0 kB
CmaTotal:           8192 kB
CmaFree:            3400 kB


CPU:total 4 (ARMv7), vfp

/proc/cpuinfo:
processor	: 0
model name	: ARMv7 Processor rev 4 (v7l)
BogoMIPS	: 76.80
Features	: half thumb fastmult vfp edsp neon vfpv3 tls vfpv4 idiva idivt vfpd32 lpae evtstrm crc32 
CPU implementer	: 0x41
CPU architecture: 7
CPU variant	: 0x0
CPU part	: 0xd03
CPU revision	: 4

processor	: 1
model name	: ARMv7 Processor rev 4 (v7l)
BogoMIPS	: 76.80
Features	: half thumb fastmult vfp edsp neon vfpv3 tls vfpv4 idiva idivt vfpd32 lpae evtstrm crc32 
CPU implementer	: 0x41
CPU architecture: 7
CPU variant	: 0x0
CPU part	: 0xd03
CPU revision	: 4

processor	: 2
model name	: ARMv7 Processor rev 4 (v7l)
BogoMIPS	: 76.80
Features	: half thumb fastmult vfp edsp neon vfpv3 tls vfpv4 idiva idivt vfpd32 lpae evtstrm crc32 
CPU implementer	: 0x41
CPU architecture: 7
CPU variant	: 0x0
CPU part	: 0xd03
CPU revision	: 4

processor	: 3
model name	: ARMv7 Processor rev 4 (v7l)
BogoMIPS	: 76.80
Features	: half thumb fastmult vfp edsp neon vfpv3 tls vfpv4 idiva idivt vfpd32 lpae evtstrm crc32 
CPU implementer	: 0x41
CPU architecture: 7
CPU variant	: 0x0
CPU part	: 0xd03
CPU revision	: 4

Hardware	: BCM2709
Revision	: a02082
Serial		: 00000000a10a37a6


Memory: 4k page, physical 947732k(666652k free), swap 102396k(102396k free)

vm_info: Java HotSpot(TM) Client VM (25.65-b01) for linux-arm-vfp-hflt JRE (1.8.0_65-b17), built on Oct  6 2015 16:19:04 by "java_re" with gcc 4.7.2 20120910 (prerelease)

time: Tue Feb 21 13:03:36 2017
elapsed time: 180 seconds (0d 0h 3m 0s)

